   0  $accept : Program $end

   1  Program : ClassList

   2  ClassList : ClassList ClassDef
   3            | ClassDef

   4  VariableDef : Variable ';'

   5  Variable : Type IDENTIFIER

   6  Type : INT
   7       | VOID
   8       | BOOL
   9       | STRING
  10       | CLASS IDENTIFIER
  11       | Type '[' ']'

  12  ClassDef : SEALED CLASS IDENTIFIER ExtendsClause '{' FieldList '}'
  13           | CLASS IDENTIFIER ExtendsClause '{' FieldList '}'

  14  ExtendsClause : EXTENDS IDENTIFIER
  15                |

  16  FieldList : FieldList VariableDef
  17            | FieldList FunctionDef
  18            |

  19  Formals : VariableList
  20          |

  21  VariableList : VariableList ',' Variable
  22               | Variable

  23  FunctionDef : STATIC Type IDENTIFIER '(' Formals ')' StmtBlock
  24              | Type IDENTIFIER '(' Formals ')' StmtBlock

  25  StmtBlock : '{' StmtList '}'

  26  StmtList : StmtList Stmt
  27           |

  28  Stmt : ForeachStmt
  29       | OCStmt ';'
  30       | GuardedStmt
  31       | VariableDef
  32       | SimpleStmt ';'
  33       | IfStmt
  34       | WhileStmt
  35       | ForStmt
  36       | ReturnStmt ';'
  37       | PrintStmt ';'
  38       | BreakStmt ';'
  39       | StmtBlock

  40  ForeachStmt : FOREACH '(' BoundVariable IN Expr ')' Stmt
  41              | FOREACH '(' BoundVariable IN Expr WHILE Expr ')' Stmt

  42  BoundVariable : Type IDENTIFIER

  43  GuardedStmt : IF '{' IfBranchG IfStmtG '}'
  44              | IF '{' '}'

  45  IfBranchG : IfBranchG IfStmtG DIVIDER
  46            |

  47  IfStmtG : Expr ':' Stmt

  48  OCStmt : SCOPY '(' IDENTIFIER ',' Expr ')'

  49  SimpleStmt : LValue '=' Expr
  50             | Call
  51             |

  52  Receiver : Expr '.'
  53           |

  54  LValue : VAR IDENTIFIER
  55         | Receiver IDENTIFIER
  56         | Expr '[' Expr ']'

  57  Call : Receiver IDENTIFIER '(' Actuals ')'

  58  BoolExpr : Expr

  59  Expr : '[' Expr FOR IDENTIFIER IN Expr ']'
  60       | '[' Expr FOR IDENTIFIER IN Expr IF BoolExpr ']'
  61       | Expr '[' Expr ':' Expr ']'
  62       | Expr '[' Expr ']' DEFAULT Expr
  63       | LValue
  64       | Call
  65       | Constant
  66       | Expr '+' Expr
  67       | Expr '-' Expr
  68       | Expr '*' Expr
  69       | Expr '/' Expr
  70       | Expr '%' Expr
  71       | Expr EQUAL Expr
  72       | Expr NOT_EQUAL Expr
  73       | Expr ARRAY_REPEAT Expr
  74       | Expr ARRAY_CONCAT Expr
  75       | Expr '<' Expr
  76       | Expr '>' Expr
  77       | Expr LESS_EQUAL Expr
  78       | Expr GREATER_EQUAL Expr
  79       | Expr AND Expr
  80       | Expr OR Expr
  81       | '(' Expr ')'
  82       | '-' Expr
  83       | '!' Expr
  84       | READ_INTEGER '(' ')'
  85       | READ_LINE '(' ')'
  86       | THIS
  87       | NEW IDENTIFIER '(' ')'
  88       | NEW Type '[' Expr ']'
  89       | INSTANCEOF '(' Expr ',' IDENTIFIER ')'
  90       | '(' CLASS IDENTIFIER ')' Expr

  91  Constant : ArrayConstant
  92           | LITERAL
  93           | NULL

  94  ArrayConstant : '[' ']'
  95                | '[' ArrayInsider ']'

  96  ArrayInsider : ArrayInsider ',' Constant
  97               | Constant

  98  Actuals : ExprList
  99          |

 100  ExprList : ExprList ',' Expr
 101           | Expr

 102  WhileStmt : WHILE '(' Expr ')' Stmt

 103  ForStmt : FOR '(' SimpleStmt ';' Expr ';' SimpleStmt ')' Stmt

 104  BreakStmt : BREAK

 105  IfStmt : IF '(' Expr ')' Stmt ElseClause

 106  ElseClause : ELSE Stmt
 107             |

 108  ReturnStmt : RETURN Expr
 109             | RETURN

 110  PrintStmt : PRINT '(' ExprList ')'

state 0
	$accept : . Program $end  (0)

	CLASS  shift 1
	SEALED  shift 2
	.  error

	Program  goto 3
	ClassList  goto 4
	ClassDef  goto 5


state 1
	ClassDef : CLASS . IDENTIFIER ExtendsClause '{' FieldList '}'  (13)

	IDENTIFIER  shift 6
	.  error


state 2
	ClassDef : SEALED . CLASS IDENTIFIER ExtendsClause '{' FieldList '}'  (12)

	CLASS  shift 7
	.  error


state 3
	$accept : Program . $end  (0)

	$end  accept


state 4
	Program : ClassList .  (1)
	ClassList : ClassList . ClassDef  (2)

	CLASS  shift 1
	SEALED  shift 2
	$end  reduce 1

	ClassDef  goto 8


state 5
	ClassList : ClassDef .  (3)

	.  reduce 3


state 6
	ClassDef : CLASS IDENTIFIER . ExtendsClause '{' FieldList '}'  (13)
	ExtendsClause : .  (15)

	EXTENDS  shift 9
	'{'  reduce 15

	ExtendsClause  goto 10


state 7
	ClassDef : SEALED CLASS . IDENTIFIER ExtendsClause '{' FieldList '}'  (12)

	IDENTIFIER  shift 11
	.  error


state 8
	ClassList : ClassList ClassDef .  (2)

	.  reduce 2


state 9
	ExtendsClause : EXTENDS . IDENTIFIER  (14)

	IDENTIFIER  shift 12
	.  error


state 10
	ClassDef : CLASS IDENTIFIER ExtendsClause . '{' FieldList '}'  (13)

	'{'  shift 13
	.  error


state 11
	ClassDef : SEALED CLASS IDENTIFIER . ExtendsClause '{' FieldList '}'  (12)
	ExtendsClause : .  (15)

	EXTENDS  shift 9
	'{'  reduce 15

	ExtendsClause  goto 14


state 12
	ExtendsClause : EXTENDS IDENTIFIER .  (14)

	.  reduce 14


state 13
	ClassDef : CLASS IDENTIFIER ExtendsClause '{' . FieldList '}'  (13)
	FieldList : .  (18)

	.  reduce 18

	FieldList  goto 15


state 14
	ClassDef : SEALED CLASS IDENTIFIER ExtendsClause . '{' FieldList '}'  (12)

	'{'  shift 16
	.  error


state 15
	ClassDef : CLASS IDENTIFIER ExtendsClause '{' FieldList . '}'  (13)
	FieldList : FieldList . VariableDef  (16)
	FieldList : FieldList . FunctionDef  (17)

	VOID  shift 17
	BOOL  shift 18
	INT  shift 19
	STRING  shift 20
	CLASS  shift 21
	STATIC  shift 22
	'}'  shift 23
	.  error

	VariableDef  goto 24
	Variable  goto 25
	Type  goto 26
	FunctionDef  goto 27


state 16
	ClassDef : SEALED CLASS IDENTIFIER ExtendsClause '{' . FieldList '}'  (12)
	FieldList : .  (18)

	.  reduce 18

	FieldList  goto 28


state 17
	Type : VOID .  (7)

	.  reduce 7


state 18
	Type : BOOL .  (8)

	.  reduce 8


state 19
	Type : INT .  (6)

	.  reduce 6


state 20
	Type : STRING .  (9)

	.  reduce 9


state 21
	Type : CLASS . IDENTIFIER  (10)

	IDENTIFIER  shift 29
	.  error


state 22
	FunctionDef : STATIC . Type IDENTIFIER '(' Formals ')' StmtBlock  (23)

	VOID  shift 17
	BOOL  shift 18
	INT  shift 19
	STRING  shift 20
	CLASS  shift 21
	.  error

	Type  goto 30


state 23
	ClassDef : CLASS IDENTIFIER ExtendsClause '{' FieldList '}' .  (13)

	.  reduce 13


state 24
	FieldList : FieldList VariableDef .  (16)

	.  reduce 16


state 25
	VariableDef : Variable . ';'  (4)

	';'  shift 31
	.  error


state 26
	Variable : Type . IDENTIFIER  (5)
	Type : Type . '[' ']'  (11)
	FunctionDef : Type . IDENTIFIER '(' Formals ')' StmtBlock  (24)

	IDENTIFIER  shift 32
	'['  shift 33
	.  error


state 27
	FieldList : FieldList FunctionDef .  (17)

	.  reduce 17


state 28
	ClassDef : SEALED CLASS IDENTIFIER ExtendsClause '{' FieldList . '}'  (12)
	FieldList : FieldList . VariableDef  (16)
	FieldList : FieldList . FunctionDef  (17)

	VOID  shift 17
	BOOL  shift 18
	INT  shift 19
	STRING  shift 20
	CLASS  shift 21
	STATIC  shift 22
	'}'  shift 34
	.  error

	VariableDef  goto 24
	Variable  goto 25
	Type  goto 26
	FunctionDef  goto 27


state 29
	Type : CLASS IDENTIFIER .  (10)

	.  reduce 10


state 30
	Type : Type . '[' ']'  (11)
	FunctionDef : STATIC Type . IDENTIFIER '(' Formals ')' StmtBlock  (23)

	IDENTIFIER  shift 35
	'['  shift 33
	.  error


state 31
	VariableDef : Variable ';' .  (4)

	.  reduce 4


state 32
	Variable : Type IDENTIFIER .  (5)
	FunctionDef : Type IDENTIFIER . '(' Formals ')' StmtBlock  (24)

	'('  shift 36
	';'  reduce 5


state 33
	Type : Type '[' . ']'  (11)

	']'  shift 37
	.  error


state 34
	ClassDef : SEALED CLASS IDENTIFIER ExtendsClause '{' FieldList '}' .  (12)

	.  reduce 12


state 35
	FunctionDef : STATIC Type IDENTIFIER . '(' Formals ')' StmtBlock  (23)

	'('  shift 38
	.  error


state 36
	FunctionDef : Type IDENTIFIER '(' . Formals ')' StmtBlock  (24)
	Formals : .  (20)

	VOID  shift 17
	BOOL  shift 18
	INT  shift 19
	STRING  shift 20
	CLASS  shift 21
	')'  reduce 20

	Variable  goto 39
	Type  goto 40
	Formals  goto 41
	VariableList  goto 42


state 37
	Type : Type '[' ']' .  (11)

	.  reduce 11


state 38
	FunctionDef : STATIC Type IDENTIFIER '(' . Formals ')' StmtBlock  (23)
	Formals : .  (20)

	VOID  shift 17
	BOOL  shift 18
	INT  shift 19
	STRING  shift 20
	CLASS  shift 21
	')'  reduce 20

	Variable  goto 39
	Type  goto 40
	Formals  goto 43
	VariableList  goto 42


state 39
	VariableList : Variable .  (22)

	.  reduce 22


state 40
	Variable : Type . IDENTIFIER  (5)
	Type : Type . '[' ']'  (11)

	IDENTIFIER  shift 44
	'['  shift 33
	.  error


state 41
	FunctionDef : Type IDENTIFIER '(' Formals . ')' StmtBlock  (24)

	')'  shift 45
	.  error


state 42
	Formals : VariableList .  (19)
	VariableList : VariableList . ',' Variable  (21)

	','  shift 46
	')'  reduce 19


state 43
	FunctionDef : STATIC Type IDENTIFIER '(' Formals . ')' StmtBlock  (23)

	')'  shift 47
	.  error


state 44
	Variable : Type IDENTIFIER .  (5)

	.  reduce 5


state 45
	FunctionDef : Type IDENTIFIER '(' Formals ')' . StmtBlock  (24)

	'{'  shift 48
	.  error

	StmtBlock  goto 49


state 46
	VariableList : VariableList ',' . Variable  (21)

	VOID  shift 17
	BOOL  shift 18
	INT  shift 19
	STRING  shift 20
	CLASS  shift 21
	.  error

	Variable  goto 50
	Type  goto 40


state 47
	FunctionDef : STATIC Type IDENTIFIER '(' Formals ')' . StmtBlock  (23)

	'{'  shift 48
	.  error

	StmtBlock  goto 51


state 48
	StmtBlock : '{' . StmtList '}'  (25)
	StmtList : .  (27)

	.  reduce 27

	StmtList  goto 52


state 49
	FunctionDef : Type IDENTIFIER '(' Formals ')' StmtBlock .  (24)

	.  reduce 24


state 50
	VariableList : VariableList ',' Variable .  (21)

	.  reduce 21


state 51
	FunctionDef : STATIC Type IDENTIFIER '(' Formals ')' StmtBlock .  (23)

	.  reduce 23


state 52
	StmtBlock : '{' StmtList . '}'  (25)
	StmtList : StmtList . Stmt  (26)
	SimpleStmt : .  (51)
	Receiver : .  (53)

	VOID  shift 17
	BOOL  shift 18
	INT  shift 19
	STRING  shift 20
	CLASS  shift 21
	NULL  shift 53
	THIS  shift 54
	WHILE  shift 55
	FOR  shift 56
	IF  shift 57
	RETURN  shift 58
	BREAK  shift 59
	NEW  shift 60
	PRINT  shift 61
	READ_INTEGER  shift 62
	READ_LINE  shift 63
	LITERAL  shift 64
	INSTANCEOF  shift 65
	'-'  shift 66
	'!'  shift 67
	'('  shift 68
	'['  shift 69
	'{'  shift 48
	'}'  shift 70
	SCOPY  shift 71
	VAR  shift 72
	FOREACH  shift 73
	IDENTIFIER  reduce 53
	';'  reduce 51

	VariableDef  goto 74
	Variable  goto 25
	Type  goto 40
	StmtBlock  goto 75
	Stmt  goto 76
	ForeachStmt  goto 77
	OCStmt  goto 78
	GuardedStmt  goto 79
	SimpleStmt  goto 80
	IfStmt  goto 81
	WhileStmt  goto 82
	ForStmt  goto 83
	ReturnStmt  goto 84
	PrintStmt  goto 85
	BreakStmt  goto 86
	Expr  goto 87
	LValue  goto 88
	Call  goto 89
	Receiver  goto 90
	Constant  goto 91
	ArrayConstant  goto 92


state 53
	Constant : NULL .  (93)

	.  reduce 93


state 54
	Expr : THIS .  (86)

	.  reduce 86


state 55
	WhileStmt : WHILE . '(' Expr ')' Stmt  (102)

	'('  shift 93
	.  error


state 56
	ForStmt : FOR . '(' SimpleStmt ';' Expr ';' SimpleStmt ')' Stmt  (103)

	'('  shift 94
	.  error


state 57
	GuardedStmt : IF . '{' IfBranchG IfStmtG '}'  (43)
	GuardedStmt : IF . '{' '}'  (44)
	IfStmt : IF . '(' Expr ')' Stmt ElseClause  (105)

	'('  shift 95
	'{'  shift 96
	.  error


state 58
	ReturnStmt : RETURN . Expr  (108)
	ReturnStmt : RETURN .  (109)
	Receiver : .  (53)

	NULL  shift 53
	THIS  shift 54
	NEW  shift 60
	READ_INTEGER  shift 62
	READ_LINE  shift 63
	LITERAL  shift 64
	INSTANCEOF  shift 65
	'-'  shift 66
	'!'  shift 67
	'('  shift 68
	'['  shift 69
	VAR  shift 72
	IDENTIFIER  reduce 53
	';'  reduce 109

	Expr  goto 97
	LValue  goto 98
	Call  goto 99
	Receiver  goto 90
	Constant  goto 91
	ArrayConstant  goto 92


state 59
	BreakStmt : BREAK .  (104)

	.  reduce 104


state 60
	Expr : NEW . IDENTIFIER '(' ')'  (87)
	Expr : NEW . Type '[' Expr ']'  (88)

	VOID  shift 17
	BOOL  shift 18
	INT  shift 19
	STRING  shift 20
	CLASS  shift 21
	IDENTIFIER  shift 100
	.  error

	Type  goto 101


state 61
	PrintStmt : PRINT . '(' ExprList ')'  (110)

	'('  shift 102
	.  error


state 62
	Expr : READ_INTEGER . '(' ')'  (84)

	'('  shift 103
	.  error


state 63
	Expr : READ_LINE . '(' ')'  (85)

	'('  shift 104
	.  error


state 64
	Constant : LITERAL .  (92)

	.  reduce 92


state 65
	Expr : INSTANCEOF . '(' Expr ',' IDENTIFIER ')'  (89)

	'('  shift 105
	.  error


state 66
	Expr : '-' . Expr  (82)
	Receiver : .  (53)

	NULL  shift 53
	THIS  shift 54
	NEW  shift 60
	READ_INTEGER  shift 62
	READ_LINE  shift 63
	LITERAL  shift 64
	INSTANCEOF  shift 65
	'-'  shift 66
	'!'  shift 67
	'('  shift 68
	'['  shift 69
	VAR  shift 72
	IDENTIFIER  reduce 53

	Expr  goto 106
	LValue  goto 98
	Call  goto 99
	Receiver  goto 90
	Constant  goto 91
	ArrayConstant  goto 92


state 67
	Expr : '!' . Expr  (83)
	Receiver : .  (53)

	NULL  shift 53
	THIS  shift 54
	NEW  shift 60
	READ_INTEGER  shift 62
	READ_LINE  shift 63
	LITERAL  shift 64
	INSTANCEOF  shift 65
	'-'  shift 66
	'!'  shift 67
	'('  shift 68
	'['  shift 69
	VAR  shift 72
	IDENTIFIER  reduce 53

	Expr  goto 107
	LValue  goto 98
	Call  goto 99
	Receiver  goto 90
	Constant  goto 91
	ArrayConstant  goto 92


state 68
	Expr : '(' . Expr ')'  (81)
	Expr : '(' . CLASS IDENTIFIER ')' Expr  (90)
	Receiver : .  (53)

	CLASS  shift 108
	NULL  shift 53
	THIS  shift 54
	NEW  shift 60
	READ_INTEGER  shift 62
	READ_LINE  shift 63
	LITERAL  shift 64
	INSTANCEOF  shift 65
	'-'  shift 66
	'!'  shift 67
	'('  shift 68
	'['  shift 69
	VAR  shift 72
	IDENTIFIER  reduce 53

	Expr  goto 109
	LValue  goto 98
	Call  goto 99
	Receiver  goto 90
	Constant  goto 91
	ArrayConstant  goto 92


state 69
	Expr : '[' . Expr FOR IDENTIFIER IN Expr ']'  (59)
	Expr : '[' . Expr FOR IDENTIFIER IN Expr IF BoolExpr ']'  (60)
	ArrayConstant : '[' . ']'  (94)
	ArrayConstant : '[' . ArrayInsider ']'  (95)
	Receiver : .  (53)

	NULL  shift 53
	THIS  shift 54
	NEW  shift 60
	READ_INTEGER  shift 62
	READ_LINE  shift 63
	LITERAL  shift 64
	INSTANCEOF  shift 65
	'-'  shift 66
	'!'  shift 67
	'('  shift 68
	'['  shift 69
	']'  shift 110
	VAR  shift 72
	IDENTIFIER  reduce 53

	Expr  goto 111
	LValue  goto 98
	Call  goto 99
	Receiver  goto 90
	Constant  goto 112
	ArrayConstant  goto 92
	ArrayInsider  goto 113


state 70
	StmtBlock : '{' StmtList '}' .  (25)

	.  reduce 25


state 71
	OCStmt : SCOPY . '(' IDENTIFIER ',' Expr ')'  (48)

	'('  shift 114
	.  error


state 72
	LValue : VAR . IDENTIFIER  (54)

	IDENTIFIER  shift 115
	.  error


state 73
	ForeachStmt : FOREACH . '(' BoundVariable IN Expr ')' Stmt  (40)
	ForeachStmt : FOREACH . '(' BoundVariable IN Expr WHILE Expr ')' Stmt  (41)

	'('  shift 116
	.  error


state 74
	Stmt : VariableDef .  (31)

	.  reduce 31


state 75
	Stmt : StmtBlock .  (39)

	.  reduce 39


state 76
	StmtList : StmtList Stmt .  (26)

	.  reduce 26


state 77
	Stmt : ForeachStmt .  (28)

	.  reduce 28


state 78
	Stmt : OCStmt . ';'  (29)

	';'  shift 117
	.  error


state 79
	Stmt : GuardedStmt .  (30)

	.  reduce 30


state 80
	Stmt : SimpleStmt . ';'  (32)

	';'  shift 118
	.  error


state 81
	Stmt : IfStmt .  (33)

	.  reduce 33


state 82
	Stmt : WhileStmt .  (34)

	.  reduce 34


state 83
	Stmt : ForStmt .  (35)

	.  reduce 35


state 84
	Stmt : ReturnStmt . ';'  (36)

	';'  shift 119
	.  error


state 85
	Stmt : PrintStmt . ';'  (37)

	';'  shift 120
	.  error


state 86
	Stmt : BreakStmt . ';'  (38)

	';'  shift 121
	.  error


state 87
	Receiver : Expr . '.'  (52)
	LValue : Expr . '[' Expr ']'  (56)
	Expr : Expr . '[' Expr ':' Expr ']'  (61)
	Expr : Expr . '[' Expr ']' DEFAULT Expr  (62)
	Expr : Expr . '+' Expr  (66)
	Expr : Expr . '-' Expr  (67)
	Expr : Expr . '*' Expr  (68)
	Expr : Expr . '/' Expr  (69)
	Expr : Expr . '%' Expr  (70)
	Expr : Expr . EQUAL Expr  (71)
	Expr : Expr . NOT_EQUAL Expr  (72)
	Expr : Expr . ARRAY_REPEAT Expr  (73)
	Expr : Expr . ARRAY_CONCAT Expr  (74)
	Expr : Expr . '<' Expr  (75)
	Expr : Expr . '>' Expr  (76)
	Expr : Expr . LESS_EQUAL Expr  (77)
	Expr : Expr . GREATER_EQUAL Expr  (78)
	Expr : Expr . AND Expr  (79)
	Expr : Expr . OR Expr  (80)

	AND  shift 122
	OR  shift 123
	LESS_EQUAL  shift 124
	GREATER_EQUAL  shift 125
	EQUAL  shift 126
	NOT_EQUAL  shift 127
	'+'  shift 128
	'-'  shift 129
	'*'  shift 130
	'/'  shift 131
	'%'  shift 132
	'>'  shift 133
	'<'  shift 134
	'.'  shift 135
	'['  shift 136
	ARRAY_REPEAT  shift 137
	ARRAY_CONCAT  shift 138
	.  error


state 88
	SimpleStmt : LValue . '=' Expr  (49)
	Expr : LValue .  (63)

	'='  shift 139
	AND  reduce 63
	OR  reduce 63
	LESS_EQUAL  reduce 63
	GREATER_EQUAL  reduce 63
	EQUAL  reduce 63
	NOT_EQUAL  reduce 63
	'+'  reduce 63
	'-'  reduce 63
	'*'  reduce 63
	'/'  reduce 63
	'%'  reduce 63
	'>'  reduce 63
	'<'  reduce 63
	'.'  reduce 63
	'['  reduce 63
	ARRAY_REPEAT  reduce 63
	ARRAY_CONCAT  reduce 63


state 89
	SimpleStmt : Call .  (50)
	Expr : Call .  (64)

	AND  reduce 64
	OR  reduce 64
	LESS_EQUAL  reduce 64
	GREATER_EQUAL  reduce 64
	EQUAL  reduce 64
	NOT_EQUAL  reduce 64
	'+'  reduce 64
	'-'  reduce 64
	'*'  reduce 64
	'/'  reduce 64
	'%'  reduce 64
	'>'  reduce 64
	'<'  reduce 64
	'.'  reduce 64
	';'  reduce 50
	')'  reduce 50
	'['  reduce 64
	ARRAY_REPEAT  reduce 64
	ARRAY_CONCAT  reduce 64


state 90
	LValue : Receiver . IDENTIFIER  (55)
	Call : Receiver . IDENTIFIER '(' Actuals ')'  (57)

	IDENTIFIER  shift 140
	.  error


state 91
	Expr : Constant .  (65)

	.  reduce 65


state 92
	Constant : ArrayConstant .  (91)

	.  reduce 91


state 93
	WhileStmt : WHILE '(' . Expr ')' Stmt  (102)
	Receiver : .  (53)

	NULL  shift 53
	THIS  shift 54
	NEW  shift 60
	READ_INTEGER  shift 62
	READ_LINE  shift 63
	LITERAL  shift 64
	INSTANCEOF  shift 65
	'-'  shift 66
	'!'  shift 67
	'('  shift 68
	'['  shift 69
	VAR  shift 72
	IDENTIFIER  reduce 53

	Expr  goto 141
	LValue  goto 98
	Call  goto 99
	Receiver  goto 90
	Constant  goto 91
	ArrayConstant  goto 92


state 94
	ForStmt : FOR '(' . SimpleStmt ';' Expr ';' SimpleStmt ')' Stmt  (103)
	SimpleStmt : .  (51)
	Receiver : .  (53)

	NULL  shift 53
	THIS  shift 54
	NEW  shift 60
	READ_INTEGER  shift 62
	READ_LINE  shift 63
	LITERAL  shift 64
	INSTANCEOF  shift 65
	'-'  shift 66
	'!'  shift 67
	'('  shift 68
	'['  shift 69
	VAR  shift 72
	IDENTIFIER  reduce 53
	';'  reduce 51

	SimpleStmt  goto 142
	Expr  goto 87
	LValue  goto 88
	Call  goto 89
	Receiver  goto 90
	Constant  goto 91
	ArrayConstant  goto 92


state 95
	IfStmt : IF '(' . Expr ')' Stmt ElseClause  (105)
	Receiver : .  (53)

	NULL  shift 53
	THIS  shift 54
	NEW  shift 60
	READ_INTEGER  shift 62
	READ_LINE  shift 63
	LITERAL  shift 64
	INSTANCEOF  shift 65
	'-'  shift 66
	'!'  shift 67
	'('  shift 68
	'['  shift 69
	VAR  shift 72
	IDENTIFIER  reduce 53

	Expr  goto 143
	LValue  goto 98
	Call  goto 99
	Receiver  goto 90
	Constant  goto 91
	ArrayConstant  goto 92


state 96
	GuardedStmt : IF '{' . IfBranchG IfStmtG '}'  (43)
	GuardedStmt : IF '{' . '}'  (44)
	IfBranchG : .  (46)

	'}'  shift 144
	NULL  reduce 46
	THIS  reduce 46
	NEW  reduce 46
	READ_INTEGER  reduce 46
	READ_LINE  reduce 46
	LITERAL  reduce 46
	IDENTIFIER  reduce 46
	INSTANCEOF  reduce 46
	'-'  reduce 46
	'!'  reduce 46
	'('  reduce 46
	'['  reduce 46
	VAR  reduce 46

	IfBranchG  goto 145


state 97
	Receiver : Expr . '.'  (52)
	LValue : Expr . '[' Expr ']'  (56)
	Expr : Expr . '[' Expr ':' Expr ']'  (61)
	Expr : Expr . '[' Expr ']' DEFAULT Expr  (62)
	Expr : Expr . '+' Expr  (66)
	Expr : Expr . '-' Expr  (67)
	Expr : Expr . '*' Expr  (68)
	Expr : Expr . '/' Expr  (69)
	Expr : Expr . '%' Expr  (70)
	Expr : Expr . EQUAL Expr  (71)
	Expr : Expr . NOT_EQUAL Expr  (72)
	Expr : Expr . ARRAY_REPEAT Expr  (73)
	Expr : Expr . ARRAY_CONCAT Expr  (74)
	Expr : Expr . '<' Expr  (75)
	Expr : Expr . '>' Expr  (76)
	Expr : Expr . LESS_EQUAL Expr  (77)
	Expr : Expr . GREATER_EQUAL Expr  (78)
	Expr : Expr . AND Expr  (79)
	Expr : Expr . OR Expr  (80)
	ReturnStmt : RETURN Expr .  (108)

	AND  shift 122
	OR  shift 123
	LESS_EQUAL  shift 124
	GREATER_EQUAL  shift 125
	EQUAL  shift 126
	NOT_EQUAL  shift 127
	'+'  shift 128
	'-'  shift 129
	'*'  shift 130
	'/'  shift 131
	'%'  shift 132
	'>'  shift 133
	'<'  shift 134
	'.'  shift 135
	'['  shift 136
	ARRAY_REPEAT  shift 137
	ARRAY_CONCAT  shift 138
	';'  reduce 108


state 98
	Expr : LValue .  (63)

	.  reduce 63


state 99
	Expr : Call .  (64)

	.  reduce 64


state 100
	Expr : NEW IDENTIFIER . '(' ')'  (87)

	'('  shift 146
	.  error


state 101
	Type : Type . '[' ']'  (11)
	Expr : NEW Type . '[' Expr ']'  (88)

	'['  shift 147
	.  error


state 102
	PrintStmt : PRINT '(' . ExprList ')'  (110)
	Receiver : .  (53)

	NULL  shift 53
	THIS  shift 54
	NEW  shift 60
	READ_INTEGER  shift 62
	READ_LINE  shift 63
	LITERAL  shift 64
	INSTANCEOF  shift 65
	'-'  shift 66
	'!'  shift 67
	'('  shift 68
	'['  shift 69
	VAR  shift 72
	IDENTIFIER  reduce 53

	Expr  goto 148
	LValue  goto 98
	Call  goto 99
	Receiver  goto 90
	Constant  goto 91
	ArrayConstant  goto 92
	ExprList  goto 149


state 103
	Expr : READ_INTEGER '(' . ')'  (84)

	')'  shift 150
	.  error


state 104
	Expr : READ_LINE '(' . ')'  (85)

	')'  shift 151
	.  error


state 105
	Expr : INSTANCEOF '(' . Expr ',' IDENTIFIER ')'  (89)
	Receiver : .  (53)

	NULL  shift 53
	THIS  shift 54
	NEW  shift 60
	READ_INTEGER  shift 62
	READ_LINE  shift 63
	LITERAL  shift 64
	INSTANCEOF  shift 65
	'-'  shift 66
	'!'  shift 67
	'('  shift 68
	'['  shift 69
	VAR  shift 72
	IDENTIFIER  reduce 53

	Expr  goto 152
	LValue  goto 98
	Call  goto 99
	Receiver  goto 90
	Constant  goto 91
	ArrayConstant  goto 92


state 106
	Receiver : Expr . '.'  (52)
	LValue : Expr . '[' Expr ']'  (56)
	Expr : Expr . '[' Expr ':' Expr ']'  (61)
	Expr : Expr . '[' Expr ']' DEFAULT Expr  (62)
	Expr : Expr . '+' Expr  (66)
	Expr : Expr . '-' Expr  (67)
	Expr : Expr . '*' Expr  (68)
	Expr : Expr . '/' Expr  (69)
	Expr : Expr . '%' Expr  (70)
	Expr : Expr . EQUAL Expr  (71)
	Expr : Expr . NOT_EQUAL Expr  (72)
	Expr : Expr . ARRAY_REPEAT Expr  (73)
	Expr : Expr . ARRAY_CONCAT Expr  (74)
	Expr : Expr . '<' Expr  (75)
	Expr : Expr . '>' Expr  (76)
	Expr : Expr . LESS_EQUAL Expr  (77)
	Expr : Expr . GREATER_EQUAL Expr  (78)
	Expr : Expr . AND Expr  (79)
	Expr : Expr . OR Expr  (80)
	Expr : '-' Expr .  (82)

	'.'  shift 135
	'['  shift 136
	WHILE  reduce 82
	FOR  reduce 82
	IF  reduce 82
	AND  reduce 82
	OR  reduce 82
	LESS_EQUAL  reduce 82
	GREATER_EQUAL  reduce 82
	EQUAL  reduce 82
	NOT_EQUAL  reduce 82
	'+'  reduce 82
	'-'  reduce 82
	'*'  reduce 82
	'/'  reduce 82
	'%'  reduce 82
	'>'  reduce 82
	'<'  reduce 82
	','  reduce 82
	';'  reduce 82
	')'  reduce 82
	']'  reduce 82
	':'  reduce 82
	ARRAY_REPEAT  reduce 82
	ARRAY_CONCAT  reduce 82


state 107
	Receiver : Expr . '.'  (52)
	LValue : Expr . '[' Expr ']'  (56)
	Expr : Expr . '[' Expr ':' Expr ']'  (61)
	Expr : Expr . '[' Expr ']' DEFAULT Expr  (62)
	Expr : Expr . '+' Expr  (66)
	Expr : Expr . '-' Expr  (67)
	Expr : Expr . '*' Expr  (68)
	Expr : Expr . '/' Expr  (69)
	Expr : Expr . '%' Expr  (70)
	Expr : Expr . EQUAL Expr  (71)
	Expr : Expr . NOT_EQUAL Expr  (72)
	Expr : Expr . ARRAY_REPEAT Expr  (73)
	Expr : Expr . ARRAY_CONCAT Expr  (74)
	Expr : Expr . '<' Expr  (75)
	Expr : Expr . '>' Expr  (76)
	Expr : Expr . LESS_EQUAL Expr  (77)
	Expr : Expr . GREATER_EQUAL Expr  (78)
	Expr : Expr . AND Expr  (79)
	Expr : Expr . OR Expr  (80)
	Expr : '!' Expr .  (83)

	'.'  shift 135
	'['  shift 136
	WHILE  reduce 83
	FOR  reduce 83
	IF  reduce 83
	AND  reduce 83
	OR  reduce 83
	LESS_EQUAL  reduce 83
	GREATER_EQUAL  reduce 83
	EQUAL  reduce 83
	NOT_EQUAL  reduce 83
	'+'  reduce 83
	'-'  reduce 83
	'*'  reduce 83
	'/'  reduce 83
	'%'  reduce 83
	'>'  reduce 83
	'<'  reduce 83
	','  reduce 83
	';'  reduce 83
	')'  reduce 83
	']'  reduce 83
	':'  reduce 83
	ARRAY_REPEAT  reduce 83
	ARRAY_CONCAT  reduce 83


state 108
	Expr : '(' CLASS . IDENTIFIER ')' Expr  (90)

	IDENTIFIER  shift 153
	.  error


state 109
	Receiver : Expr . '.'  (52)
	LValue : Expr . '[' Expr ']'  (56)
	Expr : Expr . '[' Expr ':' Expr ']'  (61)
	Expr : Expr . '[' Expr ']' DEFAULT Expr  (62)
	Expr : Expr . '+' Expr  (66)
	Expr : Expr . '-' Expr  (67)
	Expr : Expr . '*' Expr  (68)
	Expr : Expr . '/' Expr  (69)
	Expr : Expr . '%' Expr  (70)
	Expr : Expr . EQUAL Expr  (71)
	Expr : Expr . NOT_EQUAL Expr  (72)
	Expr : Expr . ARRAY_REPEAT Expr  (73)
	Expr : Expr . ARRAY_CONCAT Expr  (74)
	Expr : Expr . '<' Expr  (75)
	Expr : Expr . '>' Expr  (76)
	Expr : Expr . LESS_EQUAL Expr  (77)
	Expr : Expr . GREATER_EQUAL Expr  (78)
	Expr : Expr . AND Expr  (79)
	Expr : Expr . OR Expr  (80)
	Expr : '(' Expr . ')'  (81)

	AND  shift 122
	OR  shift 123
	LESS_EQUAL  shift 124
	GREATER_EQUAL  shift 125
	EQUAL  shift 126
	NOT_EQUAL  shift 127
	'+'  shift 128
	'-'  shift 129
	'*'  shift 130
	'/'  shift 131
	'%'  shift 132
	'>'  shift 133
	'<'  shift 134
	'.'  shift 135
	')'  shift 154
	'['  shift 136
	ARRAY_REPEAT  shift 137
	ARRAY_CONCAT  shift 138
	.  error


state 110
	ArrayConstant : '[' ']' .  (94)

	.  reduce 94


state 111
	Receiver : Expr . '.'  (52)
	LValue : Expr . '[' Expr ']'  (56)
	Expr : '[' Expr . FOR IDENTIFIER IN Expr ']'  (59)
	Expr : '[' Expr . FOR IDENTIFIER IN Expr IF BoolExpr ']'  (60)
	Expr : Expr . '[' Expr ':' Expr ']'  (61)
	Expr : Expr . '[' Expr ']' DEFAULT Expr  (62)
	Expr : Expr . '+' Expr  (66)
	Expr : Expr . '-' Expr  (67)
	Expr : Expr . '*' Expr  (68)
	Expr : Expr . '/' Expr  (69)
	Expr : Expr . '%' Expr  (70)
	Expr : Expr . EQUAL Expr  (71)
	Expr : Expr . NOT_EQUAL Expr  (72)
	Expr : Expr . ARRAY_REPEAT Expr  (73)
	Expr : Expr . ARRAY_CONCAT Expr  (74)
	Expr : Expr . '<' Expr  (75)
	Expr : Expr . '>' Expr  (76)
	Expr : Expr . LESS_EQUAL Expr  (77)
	Expr : Expr . GREATER_EQUAL Expr  (78)
	Expr : Expr . AND Expr  (79)
	Expr : Expr . OR Expr  (80)

	FOR  shift 155
	AND  shift 122
	OR  shift 123
	LESS_EQUAL  shift 124
	GREATER_EQUAL  shift 125
	EQUAL  shift 126
	NOT_EQUAL  shift 127
	'+'  shift 128
	'-'  shift 129
	'*'  shift 130
	'/'  shift 131
	'%'  shift 132
	'>'  shift 133
	'<'  shift 134
	'.'  shift 135
	'['  shift 136
	ARRAY_REPEAT  shift 137
	ARRAY_CONCAT  shift 138
	.  error


state 112
	Expr : Constant .  (65)
	ArrayInsider : Constant .  (97)

	FOR  reduce 65
	AND  reduce 65
	OR  reduce 65
	LESS_EQUAL  reduce 65
	GREATER_EQUAL  reduce 65
	EQUAL  reduce 65
	NOT_EQUAL  reduce 65
	'+'  reduce 65
	'-'  reduce 65
	'*'  reduce 65
	'/'  reduce 65
	'%'  reduce 65
	'>'  reduce 65
	'<'  reduce 65
	'.'  reduce 65
	','  reduce 97
	'['  reduce 65
	']'  reduce 97
	ARRAY_REPEAT  reduce 65
	ARRAY_CONCAT  reduce 65


state 113
	ArrayConstant : '[' ArrayInsider . ']'  (95)
	ArrayInsider : ArrayInsider . ',' Constant  (96)

	','  shift 156
	']'  shift 157
	.  error


state 114
	OCStmt : SCOPY '(' . IDENTIFIER ',' Expr ')'  (48)

	IDENTIFIER  shift 158
	.  error


state 115
	LValue : VAR IDENTIFIER .  (54)

	.  reduce 54


state 116
	ForeachStmt : FOREACH '(' . BoundVariable IN Expr ')' Stmt  (40)
	ForeachStmt : FOREACH '(' . BoundVariable IN Expr WHILE Expr ')' Stmt  (41)

	VOID  shift 17
	BOOL  shift 18
	INT  shift 19
	STRING  shift 20
	CLASS  shift 21
	.  error

	Type  goto 159
	BoundVariable  goto 160


state 117
	Stmt : OCStmt ';' .  (29)

	.  reduce 29


state 118
	Stmt : SimpleStmt ';' .  (32)

	.  reduce 32


state 119
	Stmt : ReturnStmt ';' .  (36)

	.  reduce 36


state 120
	Stmt : PrintStmt ';' .  (37)

	.  reduce 37


state 121
	Stmt : BreakStmt ';' .  (38)

	.  reduce 38


state 122
	Expr : Expr AND . Expr  (79)
	Receiver : .  (53)

	NULL  shift 53
	THIS  shift 54
	NEW  shift 60
	READ_INTEGER  shift 62
	READ_LINE  shift 63
	LITERAL  shift 64
	INSTANCEOF  shift 65
	'-'  shift 66
	'!'  shift 67
	'('  shift 68
	'['  shift 69
	VAR  shift 72
	IDENTIFIER  reduce 53

	Expr  goto 161
	LValue  goto 98
	Call  goto 99
	Receiver  goto 90
	Constant  goto 91
	ArrayConstant  goto 92


state 123
	Expr : Expr OR . Expr  (80)
	Receiver : .  (53)

	NULL  shift 53
	THIS  shift 54
	NEW  shift 60
	READ_INTEGER  shift 62
	READ_LINE  shift 63
	LITERAL  shift 64
	INSTANCEOF  shift 65
	'-'  shift 66
	'!'  shift 67
	'('  shift 68
	'['  shift 69
	VAR  shift 72
	IDENTIFIER  reduce 53

	Expr  goto 162
	LValue  goto 98
	Call  goto 99
	Receiver  goto 90
	Constant  goto 91
	ArrayConstant  goto 92


state 124
	Expr : Expr LESS_EQUAL . Expr  (77)
	Receiver : .  (53)

	NULL  shift 53
	THIS  shift 54
	NEW  shift 60
	READ_INTEGER  shift 62
	READ_LINE  shift 63
	LITERAL  shift 64
	INSTANCEOF  shift 65
	'-'  shift 66
	'!'  shift 67
	'('  shift 68
	'['  shift 69
	VAR  shift 72
	IDENTIFIER  reduce 53

	Expr  goto 163
	LValue  goto 98
	Call  goto 99
	Receiver  goto 90
	Constant  goto 91
	ArrayConstant  goto 92


state 125
	Expr : Expr GREATER_EQUAL . Expr  (78)
	Receiver : .  (53)

	NULL  shift 53
	THIS  shift 54
	NEW  shift 60
	READ_INTEGER  shift 62
	READ_LINE  shift 63
	LITERAL  shift 64
	INSTANCEOF  shift 65
	'-'  shift 66
	'!'  shift 67
	'('  shift 68
	'['  shift 69
	VAR  shift 72
	IDENTIFIER  reduce 53

	Expr  goto 164
	LValue  goto 98
	Call  goto 99
	Receiver  goto 90
	Constant  goto 91
	ArrayConstant  goto 92


state 126
	Expr : Expr EQUAL . Expr  (71)
	Receiver : .  (53)

	NULL  shift 53
	THIS  shift 54
	NEW  shift 60
	READ_INTEGER  shift 62
	READ_LINE  shift 63
	LITERAL  shift 64
	INSTANCEOF  shift 65
	'-'  shift 66
	'!'  shift 67
	'('  shift 68
	'['  shift 69
	VAR  shift 72
	IDENTIFIER  reduce 53

	Expr  goto 165
	LValue  goto 98
	Call  goto 99
	Receiver  goto 90
	Constant  goto 91
	ArrayConstant  goto 92


state 127
	Expr : Expr NOT_EQUAL . Expr  (72)
	Receiver : .  (53)

	NULL  shift 53
	THIS  shift 54
	NEW  shift 60
	READ_INTEGER  shift 62
	READ_LINE  shift 63
	LITERAL  shift 64
	INSTANCEOF  shift 65
	'-'  shift 66
	'!'  shift 67
	'('  shift 68
	'['  shift 69
	VAR  shift 72
	IDENTIFIER  reduce 53

	Expr  goto 166
	LValue  goto 98
	Call  goto 99
	Receiver  goto 90
	Constant  goto 91
	ArrayConstant  goto 92


state 128
	Expr : Expr '+' . Expr  (66)
	Receiver : .  (53)

	NULL  shift 53
	THIS  shift 54
	NEW  shift 60
	READ_INTEGER  shift 62
	READ_LINE  shift 63
	LITERAL  shift 64
	INSTANCEOF  shift 65
	'-'  shift 66
	'!'  shift 67
	'('  shift 68
	'['  shift 69
	VAR  shift 72
	IDENTIFIER  reduce 53

	Expr  goto 167
	LValue  goto 98
	Call  goto 99
	Receiver  goto 90
	Constant  goto 91
	ArrayConstant  goto 92


state 129
	Expr : Expr '-' . Expr  (67)
	Receiver : .  (53)

	NULL  shift 53
	THIS  shift 54
	NEW  shift 60
	READ_INTEGER  shift 62
	READ_LINE  shift 63
	LITERAL  shift 64
	INSTANCEOF  shift 65
	'-'  shift 66
	'!'  shift 67
	'('  shift 68
	'['  shift 69
	VAR  shift 72
	IDENTIFIER  reduce 53

	Expr  goto 168
	LValue  goto 98
	Call  goto 99
	Receiver  goto 90
	Constant  goto 91
	ArrayConstant  goto 92


state 130
	Expr : Expr '*' . Expr  (68)
	Receiver : .  (53)

	NULL  shift 53
	THIS  shift 54
	NEW  shift 60
	READ_INTEGER  shift 62
	READ_LINE  shift 63
	LITERAL  shift 64
	INSTANCEOF  shift 65
	'-'  shift 66
	'!'  shift 67
	'('  shift 68
	'['  shift 69
	VAR  shift 72
	IDENTIFIER  reduce 53

	Expr  goto 169
	LValue  goto 98
	Call  goto 99
	Receiver  goto 90
	Constant  goto 91
	ArrayConstant  goto 92


state 131
	Expr : Expr '/' . Expr  (69)
	Receiver : .  (53)

	NULL  shift 53
	THIS  shift 54
	NEW  shift 60
	READ_INTEGER  shift 62
	READ_LINE  shift 63
	LITERAL  shift 64
	INSTANCEOF  shift 65
	'-'  shift 66
	'!'  shift 67
	'('  shift 68
	'['  shift 69
	VAR  shift 72
	IDENTIFIER  reduce 53

	Expr  goto 170
	LValue  goto 98
	Call  goto 99
	Receiver  goto 90
	Constant  goto 91
	ArrayConstant  goto 92


state 132
	Expr : Expr '%' . Expr  (70)
	Receiver : .  (53)

	NULL  shift 53
	THIS  shift 54
	NEW  shift 60
	READ_INTEGER  shift 62
	READ_LINE  shift 63
	LITERAL  shift 64
	INSTANCEOF  shift 65
	'-'  shift 66
	'!'  shift 67
	'('  shift 68
	'['  shift 69
	VAR  shift 72
	IDENTIFIER  reduce 53

	Expr  goto 171
	LValue  goto 98
	Call  goto 99
	Receiver  goto 90
	Constant  goto 91
	ArrayConstant  goto 92


state 133
	Expr : Expr '>' . Expr  (76)
	Receiver : .  (53)

	NULL  shift 53
	THIS  shift 54
	NEW  shift 60
	READ_INTEGER  shift 62
	READ_LINE  shift 63
	LITERAL  shift 64
	INSTANCEOF  shift 65
	'-'  shift 66
	'!'  shift 67
	'('  shift 68
	'['  shift 69
	VAR  shift 72
	IDENTIFIER  reduce 53

	Expr  goto 172
	LValue  goto 98
	Call  goto 99
	Receiver  goto 90
	Constant  goto 91
	ArrayConstant  goto 92


state 134
	Expr : Expr '<' . Expr  (75)
	Receiver : .  (53)

	NULL  shift 53
	THIS  shift 54
	NEW  shift 60
	READ_INTEGER  shift 62
	READ_LINE  shift 63
	LITERAL  shift 64
	INSTANCEOF  shift 65
	'-'  shift 66
	'!'  shift 67
	'('  shift 68
	'['  shift 69
	VAR  shift 72
	IDENTIFIER  reduce 53

	Expr  goto 173
	LValue  goto 98
	Call  goto 99
	Receiver  goto 90
	Constant  goto 91
	ArrayConstant  goto 92


state 135
	Receiver : Expr '.' .  (52)

	.  reduce 52


state 136
	LValue : Expr '[' . Expr ']'  (56)
	Expr : Expr '[' . Expr ':' Expr ']'  (61)
	Expr : Expr '[' . Expr ']' DEFAULT Expr  (62)
	Receiver : .  (53)

	NULL  shift 53
	THIS  shift 54
	NEW  shift 60
	READ_INTEGER  shift 62
	READ_LINE  shift 63
	LITERAL  shift 64
	INSTANCEOF  shift 65
	'-'  shift 66
	'!'  shift 67
	'('  shift 68
	'['  shift 69
	VAR  shift 72
	IDENTIFIER  reduce 53

	Expr  goto 174
	LValue  goto 98
	Call  goto 99
	Receiver  goto 90
	Constant  goto 91
	ArrayConstant  goto 92


state 137
	Expr : Expr ARRAY_REPEAT . Expr  (73)
	Receiver : .  (53)

	NULL  shift 53
	THIS  shift 54
	NEW  shift 60
	READ_INTEGER  shift 62
	READ_LINE  shift 63
	LITERAL  shift 64
	INSTANCEOF  shift 65
	'-'  shift 66
	'!'  shift 67
	'('  shift 68
	'['  shift 69
	VAR  shift 72
	IDENTIFIER  reduce 53

	Expr  goto 175
	LValue  goto 98
	Call  goto 99
	Receiver  goto 90
	Constant  goto 91
	ArrayConstant  goto 92


state 138
	Expr : Expr ARRAY_CONCAT . Expr  (74)
	Receiver : .  (53)

	NULL  shift 53
	THIS  shift 54
	NEW  shift 60
	READ_INTEGER  shift 62
	READ_LINE  shift 63
	LITERAL  shift 64
	INSTANCEOF  shift 65
	'-'  shift 66
	'!'  shift 67
	'('  shift 68
	'['  shift 69
	VAR  shift 72
	IDENTIFIER  reduce 53

	Expr  goto 176
	LValue  goto 98
	Call  goto 99
	Receiver  goto 90
	Constant  goto 91
	ArrayConstant  goto 92


state 139
	SimpleStmt : LValue '=' . Expr  (49)
	Receiver : .  (53)

	NULL  shift 53
	THIS  shift 54
	NEW  shift 60
	READ_INTEGER  shift 62
	READ_LINE  shift 63
	LITERAL  shift 64
	INSTANCEOF  shift 65
	'-'  shift 66
	'!'  shift 67
	'('  shift 68
	'['  shift 69
	VAR  shift 72
	IDENTIFIER  reduce 53

	Expr  goto 177
	LValue  goto 98
	Call  goto 99
	Receiver  goto 90
	Constant  goto 91
	ArrayConstant  goto 92


state 140
	LValue : Receiver IDENTIFIER .  (55)
	Call : Receiver IDENTIFIER . '(' Actuals ')'  (57)

	'('  shift 178
	WHILE  reduce 55
	FOR  reduce 55
	IF  reduce 55
	AND  reduce 55
	OR  reduce 55
	LESS_EQUAL  reduce 55
	GREATER_EQUAL  reduce 55
	EQUAL  reduce 55
	NOT_EQUAL  reduce 55
	'+'  reduce 55
	'-'  reduce 55
	'*'  reduce 55
	'/'  reduce 55
	'%'  reduce 55
	'='  reduce 55
	'>'  reduce 55
	'<'  reduce 55
	'.'  reduce 55
	','  reduce 55
	';'  reduce 55
	')'  reduce 55
	'['  reduce 55
	']'  reduce 55
	':'  reduce 55
	ARRAY_REPEAT  reduce 55
	ARRAY_CONCAT  reduce 55


state 141
	Receiver : Expr . '.'  (52)
	LValue : Expr . '[' Expr ']'  (56)
	Expr : Expr . '[' Expr ':' Expr ']'  (61)
	Expr : Expr . '[' Expr ']' DEFAULT Expr  (62)
	Expr : Expr . '+' Expr  (66)
	Expr : Expr . '-' Expr  (67)
	Expr : Expr . '*' Expr  (68)
	Expr : Expr . '/' Expr  (69)
	Expr : Expr . '%' Expr  (70)
	Expr : Expr . EQUAL Expr  (71)
	Expr : Expr . NOT_EQUAL Expr  (72)
	Expr : Expr . ARRAY_REPEAT Expr  (73)
	Expr : Expr . ARRAY_CONCAT Expr  (74)
	Expr : Expr . '<' Expr  (75)
	Expr : Expr . '>' Expr  (76)
	Expr : Expr . LESS_EQUAL Expr  (77)
	Expr : Expr . GREATER_EQUAL Expr  (78)
	Expr : Expr . AND Expr  (79)
	Expr : Expr . OR Expr  (80)
	WhileStmt : WHILE '(' Expr . ')' Stmt  (102)

	AND  shift 122
	OR  shift 123
	LESS_EQUAL  shift 124
	GREATER_EQUAL  shift 125
	EQUAL  shift 126
	NOT_EQUAL  shift 127
	'+'  shift 128
	'-'  shift 129
	'*'  shift 130
	'/'  shift 131
	'%'  shift 132
	'>'  shift 133
	'<'  shift 134
	'.'  shift 135
	')'  shift 179
	'['  shift 136
	ARRAY_REPEAT  shift 137
	ARRAY_CONCAT  shift 138
	.  error


state 142
	ForStmt : FOR '(' SimpleStmt . ';' Expr ';' SimpleStmt ')' Stmt  (103)

	';'  shift 180
	.  error


state 143
	Receiver : Expr . '.'  (52)
	LValue : Expr . '[' Expr ']'  (56)
	Expr : Expr . '[' Expr ':' Expr ']'  (61)
	Expr : Expr . '[' Expr ']' DEFAULT Expr  (62)
	Expr : Expr . '+' Expr  (66)
	Expr : Expr . '-' Expr  (67)
	Expr : Expr . '*' Expr  (68)
	Expr : Expr . '/' Expr  (69)
	Expr : Expr . '%' Expr  (70)
	Expr : Expr . EQUAL Expr  (71)
	Expr : Expr . NOT_EQUAL Expr  (72)
	Expr : Expr . ARRAY_REPEAT Expr  (73)
	Expr : Expr . ARRAY_CONCAT Expr  (74)
	Expr : Expr . '<' Expr  (75)
	Expr : Expr . '>' Expr  (76)
	Expr : Expr . LESS_EQUAL Expr  (77)
	Expr : Expr . GREATER_EQUAL Expr  (78)
	Expr : Expr . AND Expr  (79)
	Expr : Expr . OR Expr  (80)
	IfStmt : IF '(' Expr . ')' Stmt ElseClause  (105)

	AND  shift 122
	OR  shift 123
	LESS_EQUAL  shift 124
	GREATER_EQUAL  shift 125
	EQUAL  shift 126
	NOT_EQUAL  shift 127
	'+'  shift 128
	'-'  shift 129
	'*'  shift 130
	'/'  shift 131
	'%'  shift 132
	'>'  shift 133
	'<'  shift 134
	'.'  shift 135
	')'  shift 181
	'['  shift 136
	ARRAY_REPEAT  shift 137
	ARRAY_CONCAT  shift 138
	.  error


state 144
	GuardedStmt : IF '{' '}' .  (44)

	.  reduce 44


state 145
	GuardedStmt : IF '{' IfBranchG . IfStmtG '}'  (43)
	IfBranchG : IfBranchG . IfStmtG DIVIDER  (45)
	Receiver : .  (53)

	NULL  shift 53
	THIS  shift 54
	NEW  shift 60
	READ_INTEGER  shift 62
	READ_LINE  shift 63
	LITERAL  shift 64
	INSTANCEOF  shift 65
	'-'  shift 66
	'!'  shift 67
	'('  shift 68
	'['  shift 69
	VAR  shift 72
	IDENTIFIER  reduce 53

	Expr  goto 182
	IfStmtG  goto 183
	LValue  goto 98
	Call  goto 99
	Receiver  goto 90
	Constant  goto 91
	ArrayConstant  goto 92


state 146
	Expr : NEW IDENTIFIER '(' . ')'  (87)

	')'  shift 184
	.  error


state 147
	Type : Type '[' . ']'  (11)
	Expr : NEW Type '[' . Expr ']'  (88)
	Receiver : .  (53)

	NULL  shift 53
	THIS  shift 54
	NEW  shift 60
	READ_INTEGER  shift 62
	READ_LINE  shift 63
	LITERAL  shift 64
	INSTANCEOF  shift 65
	'-'  shift 66
	'!'  shift 67
	'('  shift 68
	'['  shift 69
	']'  shift 37
	VAR  shift 72
	IDENTIFIER  reduce 53

	Expr  goto 185
	LValue  goto 98
	Call  goto 99
	Receiver  goto 90
	Constant  goto 91
	ArrayConstant  goto 92


state 148
	Receiver : Expr . '.'  (52)
	LValue : Expr . '[' Expr ']'  (56)
	Expr : Expr . '[' Expr ':' Expr ']'  (61)
	Expr : Expr . '[' Expr ']' DEFAULT Expr  (62)
	Expr : Expr . '+' Expr  (66)
	Expr : Expr . '-' Expr  (67)
	Expr : Expr . '*' Expr  (68)
	Expr : Expr . '/' Expr  (69)
	Expr : Expr . '%' Expr  (70)
	Expr : Expr . EQUAL Expr  (71)
	Expr : Expr . NOT_EQUAL Expr  (72)
	Expr : Expr . ARRAY_REPEAT Expr  (73)
	Expr : Expr . ARRAY_CONCAT Expr  (74)
	Expr : Expr . '<' Expr  (75)
	Expr : Expr . '>' Expr  (76)
	Expr : Expr . LESS_EQUAL Expr  (77)
	Expr : Expr . GREATER_EQUAL Expr  (78)
	Expr : Expr . AND Expr  (79)
	Expr : Expr . OR Expr  (80)
	ExprList : Expr .  (101)

	AND  shift 122
	OR  shift 123
	LESS_EQUAL  shift 124
	GREATER_EQUAL  shift 125
	EQUAL  shift 126
	NOT_EQUAL  shift 127
	'+'  shift 128
	'-'  shift 129
	'*'  shift 130
	'/'  shift 131
	'%'  shift 132
	'>'  shift 133
	'<'  shift 134
	'.'  shift 135
	'['  shift 136
	ARRAY_REPEAT  shift 137
	ARRAY_CONCAT  shift 138
	','  reduce 101
	')'  reduce 101


state 149
	ExprList : ExprList . ',' Expr  (100)
	PrintStmt : PRINT '(' ExprList . ')'  (110)

	','  shift 186
	')'  shift 187
	.  error


state 150
	Expr : READ_INTEGER '(' ')' .  (84)

	.  reduce 84


state 151
	Expr : READ_LINE '(' ')' .  (85)

	.  reduce 85


state 152
	Receiver : Expr . '.'  (52)
	LValue : Expr . '[' Expr ']'  (56)
	Expr : Expr . '[' Expr ':' Expr ']'  (61)
	Expr : Expr . '[' Expr ']' DEFAULT Expr  (62)
	Expr : Expr . '+' Expr  (66)
	Expr : Expr . '-' Expr  (67)
	Expr : Expr . '*' Expr  (68)
	Expr : Expr . '/' Expr  (69)
	Expr : Expr . '%' Expr  (70)
	Expr : Expr . EQUAL Expr  (71)
	Expr : Expr . NOT_EQUAL Expr  (72)
	Expr : Expr . ARRAY_REPEAT Expr  (73)
	Expr : Expr . ARRAY_CONCAT Expr  (74)
	Expr : Expr . '<' Expr  (75)
	Expr : Expr . '>' Expr  (76)
	Expr : Expr . LESS_EQUAL Expr  (77)
	Expr : Expr . GREATER_EQUAL Expr  (78)
	Expr : Expr . AND Expr  (79)
	Expr : Expr . OR Expr  (80)
	Expr : INSTANCEOF '(' Expr . ',' IDENTIFIER ')'  (89)

	AND  shift 122
	OR  shift 123
	LESS_EQUAL  shift 124
	GREATER_EQUAL  shift 125
	EQUAL  shift 126
	NOT_EQUAL  shift 127
	'+'  shift 128
	'-'  shift 129
	'*'  shift 130
	'/'  shift 131
	'%'  shift 132
	'>'  shift 133
	'<'  shift 134
	'.'  shift 135
	','  shift 188
	'['  shift 136
	ARRAY_REPEAT  shift 137
	ARRAY_CONCAT  shift 138
	.  error


state 153
	Expr : '(' CLASS IDENTIFIER . ')' Expr  (90)

	')'  shift 189
	.  error


state 154
	Expr : '(' Expr ')' .  (81)

	.  reduce 81


state 155
	Expr : '[' Expr FOR . IDENTIFIER IN Expr ']'  (59)
	Expr : '[' Expr FOR . IDENTIFIER IN Expr IF BoolExpr ']'  (60)

	IDENTIFIER  shift 190
	.  error


state 156
	ArrayInsider : ArrayInsider ',' . Constant  (96)

	NULL  shift 53
	LITERAL  shift 64
	'['  shift 191
	.  error

	Constant  goto 192
	ArrayConstant  goto 92


state 157
	ArrayConstant : '[' ArrayInsider ']' .  (95)

	.  reduce 95


state 158
	OCStmt : SCOPY '(' IDENTIFIER . ',' Expr ')'  (48)

	','  shift 193
	.  error


state 159
	Type : Type . '[' ']'  (11)
	BoundVariable : Type . IDENTIFIER  (42)

	IDENTIFIER  shift 194
	'['  shift 33
	.  error


state 160
	ForeachStmt : FOREACH '(' BoundVariable . IN Expr ')' Stmt  (40)
	ForeachStmt : FOREACH '(' BoundVariable . IN Expr WHILE Expr ')' Stmt  (41)

	IN  shift 195
	.  error


state 161
	Receiver : Expr . '.'  (52)
	LValue : Expr . '[' Expr ']'  (56)
	Expr : Expr . '[' Expr ':' Expr ']'  (61)
	Expr : Expr . '[' Expr ']' DEFAULT Expr  (62)
	Expr : Expr . '+' Expr  (66)
	Expr : Expr . '-' Expr  (67)
	Expr : Expr . '*' Expr  (68)
	Expr : Expr . '/' Expr  (69)
	Expr : Expr . '%' Expr  (70)
	Expr : Expr . EQUAL Expr  (71)
	Expr : Expr . NOT_EQUAL Expr  (72)
	Expr : Expr . ARRAY_REPEAT Expr  (73)
	Expr : Expr . ARRAY_CONCAT Expr  (74)
	Expr : Expr . '<' Expr  (75)
	Expr : Expr . '>' Expr  (76)
	Expr : Expr . LESS_EQUAL Expr  (77)
	Expr : Expr . GREATER_EQUAL Expr  (78)
	Expr : Expr . AND Expr  (79)
	Expr : Expr AND Expr .  (79)
	Expr : Expr . OR Expr  (80)

	LESS_EQUAL  shift 124
	GREATER_EQUAL  shift 125
	EQUAL  shift 126
	NOT_EQUAL  shift 127
	'+'  shift 128
	'-'  shift 129
	'*'  shift 130
	'/'  shift 131
	'%'  shift 132
	'>'  shift 133
	'<'  shift 134
	'.'  shift 135
	'['  shift 136
	ARRAY_REPEAT  shift 137
	ARRAY_CONCAT  shift 138
	WHILE  reduce 79
	FOR  reduce 79
	IF  reduce 79
	AND  reduce 79
	OR  reduce 79
	','  reduce 79
	';'  reduce 79
	')'  reduce 79
	']'  reduce 79
	':'  reduce 79


state 162
	Receiver : Expr . '.'  (52)
	LValue : Expr . '[' Expr ']'  (56)
	Expr : Expr . '[' Expr ':' Expr ']'  (61)
	Expr : Expr . '[' Expr ']' DEFAULT Expr  (62)
	Expr : Expr . '+' Expr  (66)
	Expr : Expr . '-' Expr  (67)
	Expr : Expr . '*' Expr  (68)
	Expr : Expr . '/' Expr  (69)
	Expr : Expr . '%' Expr  (70)
	Expr : Expr . EQUAL Expr  (71)
	Expr : Expr . NOT_EQUAL Expr  (72)
	Expr : Expr . ARRAY_REPEAT Expr  (73)
	Expr : Expr . ARRAY_CONCAT Expr  (74)
	Expr : Expr . '<' Expr  (75)
	Expr : Expr . '>' Expr  (76)
	Expr : Expr . LESS_EQUAL Expr  (77)
	Expr : Expr . GREATER_EQUAL Expr  (78)
	Expr : Expr . AND Expr  (79)
	Expr : Expr . OR Expr  (80)
	Expr : Expr OR Expr .  (80)

	AND  shift 122
	LESS_EQUAL  shift 124
	GREATER_EQUAL  shift 125
	EQUAL  shift 126
	NOT_EQUAL  shift 127
	'+'  shift 128
	'-'  shift 129
	'*'  shift 130
	'/'  shift 131
	'%'  shift 132
	'>'  shift 133
	'<'  shift 134
	'.'  shift 135
	'['  shift 136
	ARRAY_REPEAT  shift 137
	ARRAY_CONCAT  shift 138
	WHILE  reduce 80
	FOR  reduce 80
	IF  reduce 80
	OR  reduce 80
	','  reduce 80
	';'  reduce 80
	')'  reduce 80
	']'  reduce 80
	':'  reduce 80


state 163
	Receiver : Expr . '.'  (52)
	LValue : Expr . '[' Expr ']'  (56)
	Expr : Expr . '[' Expr ':' Expr ']'  (61)
	Expr : Expr . '[' Expr ']' DEFAULT Expr  (62)
	Expr : Expr . '+' Expr  (66)
	Expr : Expr . '-' Expr  (67)
	Expr : Expr . '*' Expr  (68)
	Expr : Expr . '/' Expr  (69)
	Expr : Expr . '%' Expr  (70)
	Expr : Expr . EQUAL Expr  (71)
	Expr : Expr . NOT_EQUAL Expr  (72)
	Expr : Expr . ARRAY_REPEAT Expr  (73)
	Expr : Expr . ARRAY_CONCAT Expr  (74)
	Expr : Expr . '<' Expr  (75)
	Expr : Expr . '>' Expr  (76)
	Expr : Expr . LESS_EQUAL Expr  (77)
	Expr : Expr LESS_EQUAL Expr .  (77)
	Expr : Expr . GREATER_EQUAL Expr  (78)
	Expr : Expr . AND Expr  (79)
	Expr : Expr . OR Expr  (80)

	'+'  shift 128
	'-'  shift 129
	'*'  shift 130
	'/'  shift 131
	'%'  shift 132
	'.'  shift 135
	'['  shift 136
	WHILE  reduce 77
	FOR  reduce 77
	IF  reduce 77
	AND  reduce 77
	OR  reduce 77
	EQUAL  reduce 77
	NOT_EQUAL  reduce 77
	','  reduce 77
	';'  reduce 77
	')'  reduce 77
	']'  reduce 77
	':'  reduce 77
	ARRAY_REPEAT  reduce 77
	ARRAY_CONCAT  reduce 77


state 164
	Receiver : Expr . '.'  (52)
	LValue : Expr . '[' Expr ']'  (56)
	Expr : Expr . '[' Expr ':' Expr ']'  (61)
	Expr : Expr . '[' Expr ']' DEFAULT Expr  (62)
	Expr : Expr . '+' Expr  (66)
	Expr : Expr . '-' Expr  (67)
	Expr : Expr . '*' Expr  (68)
	Expr : Expr . '/' Expr  (69)
	Expr : Expr . '%' Expr  (70)
	Expr : Expr . EQUAL Expr  (71)
	Expr : Expr . NOT_EQUAL Expr  (72)
	Expr : Expr . ARRAY_REPEAT Expr  (73)
	Expr : Expr . ARRAY_CONCAT Expr  (74)
	Expr : Expr . '<' Expr  (75)
	Expr : Expr . '>' Expr  (76)
	Expr : Expr . LESS_EQUAL Expr  (77)
	Expr : Expr . GREATER_EQUAL Expr  (78)
	Expr : Expr GREATER_EQUAL Expr .  (78)
	Expr : Expr . AND Expr  (79)
	Expr : Expr . OR Expr  (80)

	'+'  shift 128
	'-'  shift 129
	'*'  shift 130
	'/'  shift 131
	'%'  shift 132
	'.'  shift 135
	'['  shift 136
	WHILE  reduce 78
	FOR  reduce 78
	IF  reduce 78
	AND  reduce 78
	OR  reduce 78
	EQUAL  reduce 78
	NOT_EQUAL  reduce 78
	','  reduce 78
	';'  reduce 78
	')'  reduce 78
	']'  reduce 78
	':'  reduce 78
	ARRAY_REPEAT  reduce 78
	ARRAY_CONCAT  reduce 78


state 165
	Receiver : Expr . '.'  (52)
	LValue : Expr . '[' Expr ']'  (56)
	Expr : Expr . '[' Expr ':' Expr ']'  (61)
	Expr : Expr . '[' Expr ']' DEFAULT Expr  (62)
	Expr : Expr . '+' Expr  (66)
	Expr : Expr . '-' Expr  (67)
	Expr : Expr . '*' Expr  (68)
	Expr : Expr . '/' Expr  (69)
	Expr : Expr . '%' Expr  (70)
	Expr : Expr . EQUAL Expr  (71)
	Expr : Expr EQUAL Expr .  (71)
	Expr : Expr . NOT_EQUAL Expr  (72)
	Expr : Expr . ARRAY_REPEAT Expr  (73)
	Expr : Expr . ARRAY_CONCAT Expr  (74)
	Expr : Expr . '<' Expr  (75)
	Expr : Expr . '>' Expr  (76)
	Expr : Expr . LESS_EQUAL Expr  (77)
	Expr : Expr . GREATER_EQUAL Expr  (78)
	Expr : Expr . AND Expr  (79)
	Expr : Expr . OR Expr  (80)

	LESS_EQUAL  shift 124
	GREATER_EQUAL  shift 125
	'+'  shift 128
	'-'  shift 129
	'*'  shift 130
	'/'  shift 131
	'%'  shift 132
	'>'  shift 133
	'<'  shift 134
	'.'  shift 135
	'['  shift 136
	ARRAY_REPEAT  shift 137
	ARRAY_CONCAT  shift 138
	WHILE  reduce 71
	FOR  reduce 71
	IF  reduce 71
	AND  reduce 71
	OR  reduce 71
	','  reduce 71
	';'  reduce 71
	')'  reduce 71
	']'  reduce 71
	':'  reduce 71


state 166
	Receiver : Expr . '.'  (52)
	LValue : Expr . '[' Expr ']'  (56)
	Expr : Expr . '[' Expr ':' Expr ']'  (61)
	Expr : Expr . '[' Expr ']' DEFAULT Expr  (62)
	Expr : Expr . '+' Expr  (66)
	Expr : Expr . '-' Expr  (67)
	Expr : Expr . '*' Expr  (68)
	Expr : Expr . '/' Expr  (69)
	Expr : Expr . '%' Expr  (70)
	Expr : Expr . EQUAL Expr  (71)
	Expr : Expr . NOT_EQUAL Expr  (72)
	Expr : Expr NOT_EQUAL Expr .  (72)
	Expr : Expr . ARRAY_REPEAT Expr  (73)
	Expr : Expr . ARRAY_CONCAT Expr  (74)
	Expr : Expr . '<' Expr  (75)
	Expr : Expr . '>' Expr  (76)
	Expr : Expr . LESS_EQUAL Expr  (77)
	Expr : Expr . GREATER_EQUAL Expr  (78)
	Expr : Expr . AND Expr  (79)
	Expr : Expr . OR Expr  (80)

	LESS_EQUAL  shift 124
	GREATER_EQUAL  shift 125
	'+'  shift 128
	'-'  shift 129
	'*'  shift 130
	'/'  shift 131
	'%'  shift 132
	'>'  shift 133
	'<'  shift 134
	'.'  shift 135
	'['  shift 136
	ARRAY_REPEAT  shift 137
	ARRAY_CONCAT  shift 138
	WHILE  reduce 72
	FOR  reduce 72
	IF  reduce 72
	AND  reduce 72
	OR  reduce 72
	','  reduce 72
	';'  reduce 72
	')'  reduce 72
	']'  reduce 72
	':'  reduce 72


state 167
	Receiver : Expr . '.'  (52)
	LValue : Expr . '[' Expr ']'  (56)
	Expr : Expr . '[' Expr ':' Expr ']'  (61)
	Expr : Expr . '[' Expr ']' DEFAULT Expr  (62)
	Expr : Expr . '+' Expr  (66)
	Expr : Expr '+' Expr .  (66)
	Expr : Expr . '-' Expr  (67)
	Expr : Expr . '*' Expr  (68)
	Expr : Expr . '/' Expr  (69)
	Expr : Expr . '%' Expr  (70)
	Expr : Expr . EQUAL Expr  (71)
	Expr : Expr . NOT_EQUAL Expr  (72)
	Expr : Expr . ARRAY_REPEAT Expr  (73)
	Expr : Expr . ARRAY_CONCAT Expr  (74)
	Expr : Expr . '<' Expr  (75)
	Expr : Expr . '>' Expr  (76)
	Expr : Expr . LESS_EQUAL Expr  (77)
	Expr : Expr . GREATER_EQUAL Expr  (78)
	Expr : Expr . AND Expr  (79)
	Expr : Expr . OR Expr  (80)

	'*'  shift 130
	'/'  shift 131
	'%'  shift 132
	'.'  shift 135
	'['  shift 136
	WHILE  reduce 66
	FOR  reduce 66
	IF  reduce 66
	AND  reduce 66
	OR  reduce 66
	LESS_EQUAL  reduce 66
	GREATER_EQUAL  reduce 66
	EQUAL  reduce 66
	NOT_EQUAL  reduce 66
	'+'  reduce 66
	'-'  reduce 66
	'>'  reduce 66
	'<'  reduce 66
	','  reduce 66
	';'  reduce 66
	')'  reduce 66
	']'  reduce 66
	':'  reduce 66
	ARRAY_REPEAT  reduce 66
	ARRAY_CONCAT  reduce 66


state 168
	Receiver : Expr . '.'  (52)
	LValue : Expr . '[' Expr ']'  (56)
	Expr : Expr . '[' Expr ':' Expr ']'  (61)
	Expr : Expr . '[' Expr ']' DEFAULT Expr  (62)
	Expr : Expr . '+' Expr  (66)
	Expr : Expr . '-' Expr  (67)
	Expr : Expr '-' Expr .  (67)
	Expr : Expr . '*' Expr  (68)
	Expr : Expr . '/' Expr  (69)
	Expr : Expr . '%' Expr  (70)
	Expr : Expr . EQUAL Expr  (71)
	Expr : Expr . NOT_EQUAL Expr  (72)
	Expr : Expr . ARRAY_REPEAT Expr  (73)
	Expr : Expr . ARRAY_CONCAT Expr  (74)
	Expr : Expr . '<' Expr  (75)
	Expr : Expr . '>' Expr  (76)
	Expr : Expr . LESS_EQUAL Expr  (77)
	Expr : Expr . GREATER_EQUAL Expr  (78)
	Expr : Expr . AND Expr  (79)
	Expr : Expr . OR Expr  (80)

	'*'  shift 130
	'/'  shift 131
	'%'  shift 132
	'.'  shift 135
	'['  shift 136
	WHILE  reduce 67
	FOR  reduce 67
	IF  reduce 67
	AND  reduce 67
	OR  reduce 67
	LESS_EQUAL  reduce 67
	GREATER_EQUAL  reduce 67
	EQUAL  reduce 67
	NOT_EQUAL  reduce 67
	'+'  reduce 67
	'-'  reduce 67
	'>'  reduce 67
	'<'  reduce 67
	','  reduce 67
	';'  reduce 67
	')'  reduce 67
	']'  reduce 67
	':'  reduce 67
	ARRAY_REPEAT  reduce 67
	ARRAY_CONCAT  reduce 67


state 169
	Receiver : Expr . '.'  (52)
	LValue : Expr . '[' Expr ']'  (56)
	Expr : Expr . '[' Expr ':' Expr ']'  (61)
	Expr : Expr . '[' Expr ']' DEFAULT Expr  (62)
	Expr : Expr . '+' Expr  (66)
	Expr : Expr . '-' Expr  (67)
	Expr : Expr . '*' Expr  (68)
	Expr : Expr '*' Expr .  (68)
	Expr : Expr . '/' Expr  (69)
	Expr : Expr . '%' Expr  (70)
	Expr : Expr . EQUAL Expr  (71)
	Expr : Expr . NOT_EQUAL Expr  (72)
	Expr : Expr . ARRAY_REPEAT Expr  (73)
	Expr : Expr . ARRAY_CONCAT Expr  (74)
	Expr : Expr . '<' Expr  (75)
	Expr : Expr . '>' Expr  (76)
	Expr : Expr . LESS_EQUAL Expr  (77)
	Expr : Expr . GREATER_EQUAL Expr  (78)
	Expr : Expr . AND Expr  (79)
	Expr : Expr . OR Expr  (80)

	'.'  shift 135
	'['  shift 136
	WHILE  reduce 68
	FOR  reduce 68
	IF  reduce 68
	AND  reduce 68
	OR  reduce 68
	LESS_EQUAL  reduce 68
	GREATER_EQUAL  reduce 68
	EQUAL  reduce 68
	NOT_EQUAL  reduce 68
	'+'  reduce 68
	'-'  reduce 68
	'*'  reduce 68
	'/'  reduce 68
	'%'  reduce 68
	'>'  reduce 68
	'<'  reduce 68
	','  reduce 68
	';'  reduce 68
	')'  reduce 68
	']'  reduce 68
	':'  reduce 68
	ARRAY_REPEAT  reduce 68
	ARRAY_CONCAT  reduce 68


state 170
	Receiver : Expr . '.'  (52)
	LValue : Expr . '[' Expr ']'  (56)
	Expr : Expr . '[' Expr ':' Expr ']'  (61)
	Expr : Expr . '[' Expr ']' DEFAULT Expr  (62)
	Expr : Expr . '+' Expr  (66)
	Expr : Expr . '-' Expr  (67)
	Expr : Expr . '*' Expr  (68)
	Expr : Expr . '/' Expr  (69)
	Expr : Expr '/' Expr .  (69)
	Expr : Expr . '%' Expr  (70)
	Expr : Expr . EQUAL Expr  (71)
	Expr : Expr . NOT_EQUAL Expr  (72)
	Expr : Expr . ARRAY_REPEAT Expr  (73)
	Expr : Expr . ARRAY_CONCAT Expr  (74)
	Expr : Expr . '<' Expr  (75)
	Expr : Expr . '>' Expr  (76)
	Expr : Expr . LESS_EQUAL Expr  (77)
	Expr : Expr . GREATER_EQUAL Expr  (78)
	Expr : Expr . AND Expr  (79)
	Expr : Expr . OR Expr  (80)

	'.'  shift 135
	'['  shift 136
	WHILE  reduce 69
	FOR  reduce 69
	IF  reduce 69
	AND  reduce 69
	OR  reduce 69
	LESS_EQUAL  reduce 69
	GREATER_EQUAL  reduce 69
	EQUAL  reduce 69
	NOT_EQUAL  reduce 69
	'+'  reduce 69
	'-'  reduce 69
	'*'  reduce 69
	'/'  reduce 69
	'%'  reduce 69
	'>'  reduce 69
	'<'  reduce 69
	','  reduce 69
	';'  reduce 69
	')'  reduce 69
	']'  reduce 69
	':'  reduce 69
	ARRAY_REPEAT  reduce 69
	ARRAY_CONCAT  reduce 69


state 171
	Receiver : Expr . '.'  (52)
	LValue : Expr . '[' Expr ']'  (56)
	Expr : Expr . '[' Expr ':' Expr ']'  (61)
	Expr : Expr . '[' Expr ']' DEFAULT Expr  (62)
	Expr : Expr . '+' Expr  (66)
	Expr : Expr . '-' Expr  (67)
	Expr : Expr . '*' Expr  (68)
	Expr : Expr . '/' Expr  (69)
	Expr : Expr . '%' Expr  (70)
	Expr : Expr '%' Expr .  (70)
	Expr : Expr . EQUAL Expr  (71)
	Expr : Expr . NOT_EQUAL Expr  (72)
	Expr : Expr . ARRAY_REPEAT Expr  (73)
	Expr : Expr . ARRAY_CONCAT Expr  (74)
	Expr : Expr . '<' Expr  (75)
	Expr : Expr . '>' Expr  (76)
	Expr : Expr . LESS_EQUAL Expr  (77)
	Expr : Expr . GREATER_EQUAL Expr  (78)
	Expr : Expr . AND Expr  (79)
	Expr : Expr . OR Expr  (80)

	'.'  shift 135
	'['  shift 136
	WHILE  reduce 70
	FOR  reduce 70
	IF  reduce 70
	AND  reduce 70
	OR  reduce 70
	LESS_EQUAL  reduce 70
	GREATER_EQUAL  reduce 70
	EQUAL  reduce 70
	NOT_EQUAL  reduce 70
	'+'  reduce 70
	'-'  reduce 70
	'*'  reduce 70
	'/'  reduce 70
	'%'  reduce 70
	'>'  reduce 70
	'<'  reduce 70
	','  reduce 70
	';'  reduce 70
	')'  reduce 70
	']'  reduce 70
	':'  reduce 70
	ARRAY_REPEAT  reduce 70
	ARRAY_CONCAT  reduce 70


state 172
	Receiver : Expr . '.'  (52)
	LValue : Expr . '[' Expr ']'  (56)
	Expr : Expr . '[' Expr ':' Expr ']'  (61)
	Expr : Expr . '[' Expr ']' DEFAULT Expr  (62)
	Expr : Expr . '+' Expr  (66)
	Expr : Expr . '-' Expr  (67)
	Expr : Expr . '*' Expr  (68)
	Expr : Expr . '/' Expr  (69)
	Expr : Expr . '%' Expr  (70)
	Expr : Expr . EQUAL Expr  (71)
	Expr : Expr . NOT_EQUAL Expr  (72)
	Expr : Expr . ARRAY_REPEAT Expr  (73)
	Expr : Expr . ARRAY_CONCAT Expr  (74)
	Expr : Expr . '<' Expr  (75)
	Expr : Expr . '>' Expr  (76)
	Expr : Expr '>' Expr .  (76)
	Expr : Expr . LESS_EQUAL Expr  (77)
	Expr : Expr . GREATER_EQUAL Expr  (78)
	Expr : Expr . AND Expr  (79)
	Expr : Expr . OR Expr  (80)

	'+'  shift 128
	'-'  shift 129
	'*'  shift 130
	'/'  shift 131
	'%'  shift 132
	'.'  shift 135
	'['  shift 136
	WHILE  reduce 76
	FOR  reduce 76
	IF  reduce 76
	AND  reduce 76
	OR  reduce 76
	EQUAL  reduce 76
	NOT_EQUAL  reduce 76
	','  reduce 76
	';'  reduce 76
	')'  reduce 76
	']'  reduce 76
	':'  reduce 76
	ARRAY_REPEAT  reduce 76
	ARRAY_CONCAT  reduce 76


state 173
	Receiver : Expr . '.'  (52)
	LValue : Expr . '[' Expr ']'  (56)
	Expr : Expr . '[' Expr ':' Expr ']'  (61)
	Expr : Expr . '[' Expr ']' DEFAULT Expr  (62)
	Expr : Expr . '+' Expr  (66)
	Expr : Expr . '-' Expr  (67)
	Expr : Expr . '*' Expr  (68)
	Expr : Expr . '/' Expr  (69)
	Expr : Expr . '%' Expr  (70)
	Expr : Expr . EQUAL Expr  (71)
	Expr : Expr . NOT_EQUAL Expr  (72)
	Expr : Expr . ARRAY_REPEAT Expr  (73)
	Expr : Expr . ARRAY_CONCAT Expr  (74)
	Expr : Expr . '<' Expr  (75)
	Expr : Expr '<' Expr .  (75)
	Expr : Expr . '>' Expr  (76)
	Expr : Expr . LESS_EQUAL Expr  (77)
	Expr : Expr . GREATER_EQUAL Expr  (78)
	Expr : Expr . AND Expr  (79)
	Expr : Expr . OR Expr  (80)

	'+'  shift 128
	'-'  shift 129
	'*'  shift 130
	'/'  shift 131
	'%'  shift 132
	'.'  shift 135
	'['  shift 136
	WHILE  reduce 75
	FOR  reduce 75
	IF  reduce 75
	AND  reduce 75
	OR  reduce 75
	EQUAL  reduce 75
	NOT_EQUAL  reduce 75
	','  reduce 75
	';'  reduce 75
	')'  reduce 75
	']'  reduce 75
	':'  reduce 75
	ARRAY_REPEAT  reduce 75
	ARRAY_CONCAT  reduce 75


state 174
	Receiver : Expr . '.'  (52)
	LValue : Expr . '[' Expr ']'  (56)
	LValue : Expr '[' Expr . ']'  (56)
	Expr : Expr . '[' Expr ':' Expr ']'  (61)
	Expr : Expr '[' Expr . ':' Expr ']'  (61)
	Expr : Expr . '[' Expr ']' DEFAULT Expr  (62)
	Expr : Expr '[' Expr . ']' DEFAULT Expr  (62)
	Expr : Expr . '+' Expr  (66)
	Expr : Expr . '-' Expr  (67)
	Expr : Expr . '*' Expr  (68)
	Expr : Expr . '/' Expr  (69)
	Expr : Expr . '%' Expr  (70)
	Expr : Expr . EQUAL Expr  (71)
	Expr : Expr . NOT_EQUAL Expr  (72)
	Expr : Expr . ARRAY_REPEAT Expr  (73)
	Expr : Expr . ARRAY_CONCAT Expr  (74)
	Expr : Expr . '<' Expr  (75)
	Expr : Expr . '>' Expr  (76)
	Expr : Expr . LESS_EQUAL Expr  (77)
	Expr : Expr . GREATER_EQUAL Expr  (78)
	Expr : Expr . AND Expr  (79)
	Expr : Expr . OR Expr  (80)

	AND  shift 122
	OR  shift 123
	LESS_EQUAL  shift 124
	GREATER_EQUAL  shift 125
	EQUAL  shift 126
	NOT_EQUAL  shift 127
	'+'  shift 128
	'-'  shift 129
	'*'  shift 130
	'/'  shift 131
	'%'  shift 132
	'>'  shift 133
	'<'  shift 134
	'.'  shift 135
	'['  shift 136
	']'  shift 196
	':'  shift 197
	ARRAY_REPEAT  shift 137
	ARRAY_CONCAT  shift 138
	.  error


state 175
	Receiver : Expr . '.'  (52)
	LValue : Expr . '[' Expr ']'  (56)
	Expr : Expr . '[' Expr ':' Expr ']'  (61)
	Expr : Expr . '[' Expr ']' DEFAULT Expr  (62)
	Expr : Expr . '+' Expr  (66)
	Expr : Expr . '-' Expr  (67)
	Expr : Expr . '*' Expr  (68)
	Expr : Expr . '/' Expr  (69)
	Expr : Expr . '%' Expr  (70)
	Expr : Expr . EQUAL Expr  (71)
	Expr : Expr . NOT_EQUAL Expr  (72)
	Expr : Expr . ARRAY_REPEAT Expr  (73)
	Expr : Expr ARRAY_REPEAT Expr .  (73)
	Expr : Expr . ARRAY_CONCAT Expr  (74)
	Expr : Expr . '<' Expr  (75)
	Expr : Expr . '>' Expr  (76)
	Expr : Expr . LESS_EQUAL Expr  (77)
	Expr : Expr . GREATER_EQUAL Expr  (78)
	Expr : Expr . AND Expr  (79)
	Expr : Expr . OR Expr  (80)

	LESS_EQUAL  shift 124
	GREATER_EQUAL  shift 125
	'+'  shift 128
	'-'  shift 129
	'*'  shift 130
	'/'  shift 131
	'%'  shift 132
	'>'  shift 133
	'<'  shift 134
	'.'  shift 135
	'['  shift 136
	WHILE  reduce 73
	FOR  reduce 73
	IF  reduce 73
	AND  reduce 73
	OR  reduce 73
	EQUAL  reduce 73
	NOT_EQUAL  reduce 73
	','  reduce 73
	';'  reduce 73
	')'  reduce 73
	']'  reduce 73
	':'  reduce 73
	ARRAY_REPEAT  reduce 73
	ARRAY_CONCAT  reduce 73


state 176
	Receiver : Expr . '.'  (52)
	LValue : Expr . '[' Expr ']'  (56)
	Expr : Expr . '[' Expr ':' Expr ']'  (61)
	Expr : Expr . '[' Expr ']' DEFAULT Expr  (62)
	Expr : Expr . '+' Expr  (66)
	Expr : Expr . '-' Expr  (67)
	Expr : Expr . '*' Expr  (68)
	Expr : Expr . '/' Expr  (69)
	Expr : Expr . '%' Expr  (70)
	Expr : Expr . EQUAL Expr  (71)
	Expr : Expr . NOT_EQUAL Expr  (72)
	Expr : Expr . ARRAY_REPEAT Expr  (73)
	Expr : Expr . ARRAY_CONCAT Expr  (74)
	Expr : Expr ARRAY_CONCAT Expr .  (74)
	Expr : Expr . '<' Expr  (75)
	Expr : Expr . '>' Expr  (76)
	Expr : Expr . LESS_EQUAL Expr  (77)
	Expr : Expr . GREATER_EQUAL Expr  (78)
	Expr : Expr . AND Expr  (79)
	Expr : Expr . OR Expr  (80)

	LESS_EQUAL  shift 124
	GREATER_EQUAL  shift 125
	'+'  shift 128
	'-'  shift 129
	'*'  shift 130
	'/'  shift 131
	'%'  shift 132
	'>'  shift 133
	'<'  shift 134
	'.'  shift 135
	'['  shift 136
	ARRAY_REPEAT  shift 137
	ARRAY_CONCAT  shift 138
	WHILE  reduce 74
	FOR  reduce 74
	IF  reduce 74
	AND  reduce 74
	OR  reduce 74
	EQUAL  reduce 74
	NOT_EQUAL  reduce 74
	','  reduce 74
	';'  reduce 74
	')'  reduce 74
	']'  reduce 74
	':'  reduce 74


state 177
	SimpleStmt : LValue '=' Expr .  (49)
	Receiver : Expr . '.'  (52)
	LValue : Expr . '[' Expr ']'  (56)
	Expr : Expr . '[' Expr ':' Expr ']'  (61)
	Expr : Expr . '[' Expr ']' DEFAULT Expr  (62)
	Expr : Expr . '+' Expr  (66)
	Expr : Expr . '-' Expr  (67)
	Expr : Expr . '*' Expr  (68)
	Expr : Expr . '/' Expr  (69)
	Expr : Expr . '%' Expr  (70)
	Expr : Expr . EQUAL Expr  (71)
	Expr : Expr . NOT_EQUAL Expr  (72)
	Expr : Expr . ARRAY_REPEAT Expr  (73)
	Expr : Expr . ARRAY_CONCAT Expr  (74)
	Expr : Expr . '<' Expr  (75)
	Expr : Expr . '>' Expr  (76)
	Expr : Expr . LESS_EQUAL Expr  (77)
	Expr : Expr . GREATER_EQUAL Expr  (78)
	Expr : Expr . AND Expr  (79)
	Expr : Expr . OR Expr  (80)

	AND  shift 122
	OR  shift 123
	LESS_EQUAL  shift 124
	GREATER_EQUAL  shift 125
	EQUAL  shift 126
	NOT_EQUAL  shift 127
	'+'  shift 128
	'-'  shift 129
	'*'  shift 130
	'/'  shift 131
	'%'  shift 132
	'>'  shift 133
	'<'  shift 134
	'.'  shift 135
	'['  shift 136
	ARRAY_REPEAT  shift 137
	ARRAY_CONCAT  shift 138
	';'  reduce 49
	')'  reduce 49


state 178
	Call : Receiver IDENTIFIER '(' . Actuals ')'  (57)
	Receiver : .  (53)
	Actuals : .  (99)

	NULL  shift 53
	THIS  shift 54
	NEW  shift 60
	READ_INTEGER  shift 62
	READ_LINE  shift 63
	LITERAL  shift 64
	INSTANCEOF  shift 65
	'-'  shift 66
	'!'  shift 67
	'('  shift 68
	'['  shift 69
	VAR  shift 72
	IDENTIFIER  reduce 53
	')'  reduce 99

	Expr  goto 148
	LValue  goto 98
	Call  goto 99
	Receiver  goto 90
	Actuals  goto 198
	Constant  goto 91
	ArrayConstant  goto 92
	ExprList  goto 199


state 179
	WhileStmt : WHILE '(' Expr ')' . Stmt  (102)
	SimpleStmt : .  (51)
	Receiver : .  (53)

	VOID  shift 17
	BOOL  shift 18
	INT  shift 19
	STRING  shift 20
	CLASS  shift 21
	NULL  shift 53
	THIS  shift 54
	WHILE  shift 55
	FOR  shift 56
	IF  shift 57
	RETURN  shift 58
	BREAK  shift 59
	NEW  shift 60
	PRINT  shift 61
	READ_INTEGER  shift 62
	READ_LINE  shift 63
	LITERAL  shift 64
	INSTANCEOF  shift 65
	'-'  shift 66
	'!'  shift 67
	'('  shift 68
	'['  shift 69
	'{'  shift 48
	SCOPY  shift 71
	VAR  shift 72
	FOREACH  shift 73
	IDENTIFIER  reduce 53
	';'  reduce 51

	VariableDef  goto 74
	Variable  goto 25
	Type  goto 40
	StmtBlock  goto 75
	Stmt  goto 200
	ForeachStmt  goto 77
	OCStmt  goto 78
	GuardedStmt  goto 79
	SimpleStmt  goto 80
	IfStmt  goto 81
	WhileStmt  goto 82
	ForStmt  goto 83
	ReturnStmt  goto 84
	PrintStmt  goto 85
	BreakStmt  goto 86
	Expr  goto 87
	LValue  goto 88
	Call  goto 89
	Receiver  goto 90
	Constant  goto 91
	ArrayConstant  goto 92


state 180
	ForStmt : FOR '(' SimpleStmt ';' . Expr ';' SimpleStmt ')' Stmt  (103)
	Receiver : .  (53)

	NULL  shift 53
	THIS  shift 54
	NEW  shift 60
	READ_INTEGER  shift 62
	READ_LINE  shift 63
	LITERAL  shift 64
	INSTANCEOF  shift 65
	'-'  shift 66
	'!'  shift 67
	'('  shift 68
	'['  shift 69
	VAR  shift 72
	IDENTIFIER  reduce 53

	Expr  goto 201
	LValue  goto 98
	Call  goto 99
	Receiver  goto 90
	Constant  goto 91
	ArrayConstant  goto 92


state 181
	IfStmt : IF '(' Expr ')' . Stmt ElseClause  (105)
	SimpleStmt : .  (51)
	Receiver : .  (53)

	VOID  shift 17
	BOOL  shift 18
	INT  shift 19
	STRING  shift 20
	CLASS  shift 21
	NULL  shift 53
	THIS  shift 54
	WHILE  shift 55
	FOR  shift 56
	IF  shift 57
	RETURN  shift 58
	BREAK  shift 59
	NEW  shift 60
	PRINT  shift 61
	READ_INTEGER  shift 62
	READ_LINE  shift 63
	LITERAL  shift 64
	INSTANCEOF  shift 65
	'-'  shift 66
	'!'  shift 67
	'('  shift 68
	'['  shift 69
	'{'  shift 48
	SCOPY  shift 71
	VAR  shift 72
	FOREACH  shift 73
	IDENTIFIER  reduce 53
	';'  reduce 51

	VariableDef  goto 74
	Variable  goto 25
	Type  goto 40
	StmtBlock  goto 75
	Stmt  goto 202
	ForeachStmt  goto 77
	OCStmt  goto 78
	GuardedStmt  goto 79
	SimpleStmt  goto 80
	IfStmt  goto 81
	WhileStmt  goto 82
	ForStmt  goto 83
	ReturnStmt  goto 84
	PrintStmt  goto 85
	BreakStmt  goto 86
	Expr  goto 87
	LValue  goto 88
	Call  goto 89
	Receiver  goto 90
	Constant  goto 91
	ArrayConstant  goto 92


state 182
	IfStmtG : Expr . ':' Stmt  (47)
	Receiver : Expr . '.'  (52)
	LValue : Expr . '[' Expr ']'  (56)
	Expr : Expr . '[' Expr ':' Expr ']'  (61)
	Expr : Expr . '[' Expr ']' DEFAULT Expr  (62)
	Expr : Expr . '+' Expr  (66)
	Expr : Expr . '-' Expr  (67)
	Expr : Expr . '*' Expr  (68)
	Expr : Expr . '/' Expr  (69)
	Expr : Expr . '%' Expr  (70)
	Expr : Expr . EQUAL Expr  (71)
	Expr : Expr . NOT_EQUAL Expr  (72)
	Expr : Expr . ARRAY_REPEAT Expr  (73)
	Expr : Expr . ARRAY_CONCAT Expr  (74)
	Expr : Expr . '<' Expr  (75)
	Expr : Expr . '>' Expr  (76)
	Expr : Expr . LESS_EQUAL Expr  (77)
	Expr : Expr . GREATER_EQUAL Expr  (78)
	Expr : Expr . AND Expr  (79)
	Expr : Expr . OR Expr  (80)

	AND  shift 122
	OR  shift 123
	LESS_EQUAL  shift 124
	GREATER_EQUAL  shift 125
	EQUAL  shift 126
	NOT_EQUAL  shift 127
	'+'  shift 128
	'-'  shift 129
	'*'  shift 130
	'/'  shift 131
	'%'  shift 132
	'>'  shift 133
	'<'  shift 134
	'.'  shift 135
	'['  shift 136
	':'  shift 203
	ARRAY_REPEAT  shift 137
	ARRAY_CONCAT  shift 138
	.  error


state 183
	GuardedStmt : IF '{' IfBranchG IfStmtG . '}'  (43)
	IfBranchG : IfBranchG IfStmtG . DIVIDER  (45)

	'}'  shift 204
	DIVIDER  shift 205
	.  error


state 184
	Expr : NEW IDENTIFIER '(' ')' .  (87)

	.  reduce 87


state 185
	Receiver : Expr . '.'  (52)
	LValue : Expr . '[' Expr ']'  (56)
	Expr : Expr . '[' Expr ':' Expr ']'  (61)
	Expr : Expr . '[' Expr ']' DEFAULT Expr  (62)
	Expr : Expr . '+' Expr  (66)
	Expr : Expr . '-' Expr  (67)
	Expr : Expr . '*' Expr  (68)
	Expr : Expr . '/' Expr  (69)
	Expr : Expr . '%' Expr  (70)
	Expr : Expr . EQUAL Expr  (71)
	Expr : Expr . NOT_EQUAL Expr  (72)
	Expr : Expr . ARRAY_REPEAT Expr  (73)
	Expr : Expr . ARRAY_CONCAT Expr  (74)
	Expr : Expr . '<' Expr  (75)
	Expr : Expr . '>' Expr  (76)
	Expr : Expr . LESS_EQUAL Expr  (77)
	Expr : Expr . GREATER_EQUAL Expr  (78)
	Expr : Expr . AND Expr  (79)
	Expr : Expr . OR Expr  (80)
	Expr : NEW Type '[' Expr . ']'  (88)

	AND  shift 122
	OR  shift 123
	LESS_EQUAL  shift 124
	GREATER_EQUAL  shift 125
	EQUAL  shift 126
	NOT_EQUAL  shift 127
	'+'  shift 128
	'-'  shift 129
	'*'  shift 130
	'/'  shift 131
	'%'  shift 132
	'>'  shift 133
	'<'  shift 134
	'.'  shift 135
	'['  shift 136
	']'  shift 206
	ARRAY_REPEAT  shift 137
	ARRAY_CONCAT  shift 138
	.  error


state 186
	ExprList : ExprList ',' . Expr  (100)
	Receiver : .  (53)

	NULL  shift 53
	THIS  shift 54
	NEW  shift 60
	READ_INTEGER  shift 62
	READ_LINE  shift 63
	LITERAL  shift 64
	INSTANCEOF  shift 65
	'-'  shift 66
	'!'  shift 67
	'('  shift 68
	'['  shift 69
	VAR  shift 72
	IDENTIFIER  reduce 53

	Expr  goto 207
	LValue  goto 98
	Call  goto 99
	Receiver  goto 90
	Constant  goto 91
	ArrayConstant  goto 92


state 187
	PrintStmt : PRINT '(' ExprList ')' .  (110)

	.  reduce 110


state 188
	Expr : INSTANCEOF '(' Expr ',' . IDENTIFIER ')'  (89)

	IDENTIFIER  shift 208
	.  error


state 189
	Expr : '(' CLASS IDENTIFIER ')' . Expr  (90)
	Receiver : .  (53)

	NULL  shift 53
	THIS  shift 54
	NEW  shift 60
	READ_INTEGER  shift 62
	READ_LINE  shift 63
	LITERAL  shift 64
	INSTANCEOF  shift 65
	'-'  shift 66
	'!'  shift 67
	'('  shift 68
	'['  shift 69
	VAR  shift 72
	IDENTIFIER  reduce 53

	Expr  goto 209
	LValue  goto 98
	Call  goto 99
	Receiver  goto 90
	Constant  goto 91
	ArrayConstant  goto 92


state 190
	Expr : '[' Expr FOR IDENTIFIER . IN Expr ']'  (59)
	Expr : '[' Expr FOR IDENTIFIER . IN Expr IF BoolExpr ']'  (60)

	IN  shift 210
	.  error


state 191
	ArrayConstant : '[' . ']'  (94)
	ArrayConstant : '[' . ArrayInsider ']'  (95)

	NULL  shift 53
	LITERAL  shift 64
	'['  shift 191
	']'  shift 110
	.  error

	Constant  goto 211
	ArrayConstant  goto 92
	ArrayInsider  goto 113


state 192
	ArrayInsider : ArrayInsider ',' Constant .  (96)

	.  reduce 96


state 193
	OCStmt : SCOPY '(' IDENTIFIER ',' . Expr ')'  (48)
	Receiver : .  (53)

	NULL  shift 53
	THIS  shift 54
	NEW  shift 60
	READ_INTEGER  shift 62
	READ_LINE  shift 63
	LITERAL  shift 64
	INSTANCEOF  shift 65
	'-'  shift 66
	'!'  shift 67
	'('  shift 68
	'['  shift 69
	VAR  shift 72
	IDENTIFIER  reduce 53

	Expr  goto 212
	LValue  goto 98
	Call  goto 99
	Receiver  goto 90
	Constant  goto 91
	ArrayConstant  goto 92


state 194
	BoundVariable : Type IDENTIFIER .  (42)

	.  reduce 42


state 195
	ForeachStmt : FOREACH '(' BoundVariable IN . Expr ')' Stmt  (40)
	ForeachStmt : FOREACH '(' BoundVariable IN . Expr WHILE Expr ')' Stmt  (41)
	Receiver : .  (53)

	NULL  shift 53
	THIS  shift 54
	NEW  shift 60
	READ_INTEGER  shift 62
	READ_LINE  shift 63
	LITERAL  shift 64
	INSTANCEOF  shift 65
	'-'  shift 66
	'!'  shift 67
	'('  shift 68
	'['  shift 69
	VAR  shift 72
	IDENTIFIER  reduce 53

	Expr  goto 213
	LValue  goto 98
	Call  goto 99
	Receiver  goto 90
	Constant  goto 91
	ArrayConstant  goto 92


state 196
	LValue : Expr '[' Expr ']' .  (56)
	Expr : Expr '[' Expr ']' . DEFAULT Expr  (62)

	DEFAULT  shift 214
	WHILE  reduce 56
	FOR  reduce 56
	IF  reduce 56
	AND  reduce 56
	OR  reduce 56
	LESS_EQUAL  reduce 56
	GREATER_EQUAL  reduce 56
	EQUAL  reduce 56
	NOT_EQUAL  reduce 56
	'+'  reduce 56
	'-'  reduce 56
	'*'  reduce 56
	'/'  reduce 56
	'%'  reduce 56
	'='  reduce 56
	'>'  reduce 56
	'<'  reduce 56
	'.'  reduce 56
	','  reduce 56
	';'  reduce 56
	')'  reduce 56
	'['  reduce 56
	']'  reduce 56
	':'  reduce 56
	ARRAY_REPEAT  reduce 56
	ARRAY_CONCAT  reduce 56


state 197
	Expr : Expr '[' Expr ':' . Expr ']'  (61)
	Receiver : .  (53)

	NULL  shift 53
	THIS  shift 54
	NEW  shift 60
	READ_INTEGER  shift 62
	READ_LINE  shift 63
	LITERAL  shift 64
	INSTANCEOF  shift 65
	'-'  shift 66
	'!'  shift 67
	'('  shift 68
	'['  shift 69
	VAR  shift 72
	IDENTIFIER  reduce 53

	Expr  goto 215
	LValue  goto 98
	Call  goto 99
	Receiver  goto 90
	Constant  goto 91
	ArrayConstant  goto 92


state 198
	Call : Receiver IDENTIFIER '(' Actuals . ')'  (57)

	')'  shift 216
	.  error


state 199
	Actuals : ExprList .  (98)
	ExprList : ExprList . ',' Expr  (100)

	','  shift 186
	')'  reduce 98


state 200
	WhileStmt : WHILE '(' Expr ')' Stmt .  (102)

	.  reduce 102


state 201
	Receiver : Expr . '.'  (52)
	LValue : Expr . '[' Expr ']'  (56)
	Expr : Expr . '[' Expr ':' Expr ']'  (61)
	Expr : Expr . '[' Expr ']' DEFAULT Expr  (62)
	Expr : Expr . '+' Expr  (66)
	Expr : Expr . '-' Expr  (67)
	Expr : Expr . '*' Expr  (68)
	Expr : Expr . '/' Expr  (69)
	Expr : Expr . '%' Expr  (70)
	Expr : Expr . EQUAL Expr  (71)
	Expr : Expr . NOT_EQUAL Expr  (72)
	Expr : Expr . ARRAY_REPEAT Expr  (73)
	Expr : Expr . ARRAY_CONCAT Expr  (74)
	Expr : Expr . '<' Expr  (75)
	Expr : Expr . '>' Expr  (76)
	Expr : Expr . LESS_EQUAL Expr  (77)
	Expr : Expr . GREATER_EQUAL Expr  (78)
	Expr : Expr . AND Expr  (79)
	Expr : Expr . OR Expr  (80)
	ForStmt : FOR '(' SimpleStmt ';' Expr . ';' SimpleStmt ')' Stmt  (103)

	AND  shift 122
	OR  shift 123
	LESS_EQUAL  shift 124
	GREATER_EQUAL  shift 125
	EQUAL  shift 126
	NOT_EQUAL  shift 127
	'+'  shift 128
	'-'  shift 129
	'*'  shift 130
	'/'  shift 131
	'%'  shift 132
	'>'  shift 133
	'<'  shift 134
	'.'  shift 135
	';'  shift 217
	'['  shift 136
	ARRAY_REPEAT  shift 137
	ARRAY_CONCAT  shift 138
	.  error


state 202
	IfStmt : IF '(' Expr ')' Stmt . ElseClause  (105)
	ElseClause : .  (107)

	ELSE  shift 218
	VOID  reduce 107
	BOOL  reduce 107
	INT  reduce 107
	STRING  reduce 107
	CLASS  reduce 107
	NULL  reduce 107
	THIS  reduce 107
	WHILE  reduce 107
	FOR  reduce 107
	IF  reduce 107
	RETURN  reduce 107
	BREAK  reduce 107
	NEW  reduce 107
	PRINT  reduce 107
	READ_INTEGER  reduce 107
	READ_LINE  reduce 107
	LITERAL  reduce 107
	IDENTIFIER  reduce 107
	INSTANCEOF  reduce 107
	'-'  reduce 107
	';'  reduce 107
	'!'  reduce 107
	'('  reduce 107
	'['  reduce 107
	'{'  reduce 107
	'}'  reduce 107
	SCOPY  reduce 107
	VAR  reduce 107
	DIVIDER  reduce 107
	FOREACH  reduce 107

	ElseClause  goto 219


state 203
	IfStmtG : Expr ':' . Stmt  (47)
	SimpleStmt : .  (51)
	Receiver : .  (53)

	VOID  shift 17
	BOOL  shift 18
	INT  shift 19
	STRING  shift 20
	CLASS  shift 21
	NULL  shift 53
	THIS  shift 54
	WHILE  shift 55
	FOR  shift 56
	IF  shift 57
	RETURN  shift 58
	BREAK  shift 59
	NEW  shift 60
	PRINT  shift 61
	READ_INTEGER  shift 62
	READ_LINE  shift 63
	LITERAL  shift 64
	INSTANCEOF  shift 65
	'-'  shift 66
	'!'  shift 67
	'('  shift 68
	'['  shift 69
	'{'  shift 48
	SCOPY  shift 71
	VAR  shift 72
	FOREACH  shift 73
	IDENTIFIER  reduce 53
	';'  reduce 51

	VariableDef  goto 74
	Variable  goto 25
	Type  goto 40
	StmtBlock  goto 75
	Stmt  goto 220
	ForeachStmt  goto 77
	OCStmt  goto 78
	GuardedStmt  goto 79
	SimpleStmt  goto 80
	IfStmt  goto 81
	WhileStmt  goto 82
	ForStmt  goto 83
	ReturnStmt  goto 84
	PrintStmt  goto 85
	BreakStmt  goto 86
	Expr  goto 87
	LValue  goto 88
	Call  goto 89
	Receiver  goto 90
	Constant  goto 91
	ArrayConstant  goto 92


state 204
	GuardedStmt : IF '{' IfBranchG IfStmtG '}' .  (43)

	.  reduce 43


state 205
	IfBranchG : IfBranchG IfStmtG DIVIDER .  (45)

	.  reduce 45


state 206
	Expr : NEW Type '[' Expr ']' .  (88)

	.  reduce 88


state 207
	Receiver : Expr . '.'  (52)
	LValue : Expr . '[' Expr ']'  (56)
	Expr : Expr . '[' Expr ':' Expr ']'  (61)
	Expr : Expr . '[' Expr ']' DEFAULT Expr  (62)
	Expr : Expr . '+' Expr  (66)
	Expr : Expr . '-' Expr  (67)
	Expr : Expr . '*' Expr  (68)
	Expr : Expr . '/' Expr  (69)
	Expr : Expr . '%' Expr  (70)
	Expr : Expr . EQUAL Expr  (71)
	Expr : Expr . NOT_EQUAL Expr  (72)
	Expr : Expr . ARRAY_REPEAT Expr  (73)
	Expr : Expr . ARRAY_CONCAT Expr  (74)
	Expr : Expr . '<' Expr  (75)
	Expr : Expr . '>' Expr  (76)
	Expr : Expr . LESS_EQUAL Expr  (77)
	Expr : Expr . GREATER_EQUAL Expr  (78)
	Expr : Expr . AND Expr  (79)
	Expr : Expr . OR Expr  (80)
	ExprList : ExprList ',' Expr .  (100)

	AND  shift 122
	OR  shift 123
	LESS_EQUAL  shift 124
	GREATER_EQUAL  shift 125
	EQUAL  shift 126
	NOT_EQUAL  shift 127
	'+'  shift 128
	'-'  shift 129
	'*'  shift 130
	'/'  shift 131
	'%'  shift 132
	'>'  shift 133
	'<'  shift 134
	'.'  shift 135
	'['  shift 136
	ARRAY_REPEAT  shift 137
	ARRAY_CONCAT  shift 138
	','  reduce 100
	')'  reduce 100


state 208
	Expr : INSTANCEOF '(' Expr ',' IDENTIFIER . ')'  (89)

	')'  shift 221
	.  error


state 209
	Receiver : Expr . '.'  (52)
	LValue : Expr . '[' Expr ']'  (56)
	Expr : Expr . '[' Expr ':' Expr ']'  (61)
	Expr : Expr . '[' Expr ']' DEFAULT Expr  (62)
	Expr : Expr . '+' Expr  (66)
	Expr : Expr . '-' Expr  (67)
	Expr : Expr . '*' Expr  (68)
	Expr : Expr . '/' Expr  (69)
	Expr : Expr . '%' Expr  (70)
	Expr : Expr . EQUAL Expr  (71)
	Expr : Expr . NOT_EQUAL Expr  (72)
	Expr : Expr . ARRAY_REPEAT Expr  (73)
	Expr : Expr . ARRAY_CONCAT Expr  (74)
	Expr : Expr . '<' Expr  (75)
	Expr : Expr . '>' Expr  (76)
	Expr : Expr . LESS_EQUAL Expr  (77)
	Expr : Expr . GREATER_EQUAL Expr  (78)
	Expr : Expr . AND Expr  (79)
	Expr : Expr . OR Expr  (80)
	Expr : '(' CLASS IDENTIFIER ')' Expr .  (90)

	.  reduce 90


state 210
	Expr : '[' Expr FOR IDENTIFIER IN . Expr ']'  (59)
	Expr : '[' Expr FOR IDENTIFIER IN . Expr IF BoolExpr ']'  (60)
	Receiver : .  (53)

	NULL  shift 53
	THIS  shift 54
	NEW  shift 60
	READ_INTEGER  shift 62
	READ_LINE  shift 63
	LITERAL  shift 64
	INSTANCEOF  shift 65
	'-'  shift 66
	'!'  shift 67
	'('  shift 68
	'['  shift 69
	VAR  shift 72
	IDENTIFIER  reduce 53

	Expr  goto 222
	LValue  goto 98
	Call  goto 99
	Receiver  goto 90
	Constant  goto 91
	ArrayConstant  goto 92


state 211
	ArrayInsider : Constant .  (97)

	.  reduce 97


state 212
	OCStmt : SCOPY '(' IDENTIFIER ',' Expr . ')'  (48)
	Receiver : Expr . '.'  (52)
	LValue : Expr . '[' Expr ']'  (56)
	Expr : Expr . '[' Expr ':' Expr ']'  (61)
	Expr : Expr . '[' Expr ']' DEFAULT Expr  (62)
	Expr : Expr . '+' Expr  (66)
	Expr : Expr . '-' Expr  (67)
	Expr : Expr . '*' Expr  (68)
	Expr : Expr . '/' Expr  (69)
	Expr : Expr . '%' Expr  (70)
	Expr : Expr . EQUAL Expr  (71)
	Expr : Expr . NOT_EQUAL Expr  (72)
	Expr : Expr . ARRAY_REPEAT Expr  (73)
	Expr : Expr . ARRAY_CONCAT Expr  (74)
	Expr : Expr . '<' Expr  (75)
	Expr : Expr . '>' Expr  (76)
	Expr : Expr . LESS_EQUAL Expr  (77)
	Expr : Expr . GREATER_EQUAL Expr  (78)
	Expr : Expr . AND Expr  (79)
	Expr : Expr . OR Expr  (80)

	AND  shift 122
	OR  shift 123
	LESS_EQUAL  shift 124
	GREATER_EQUAL  shift 125
	EQUAL  shift 126
	NOT_EQUAL  shift 127
	'+'  shift 128
	'-'  shift 129
	'*'  shift 130
	'/'  shift 131
	'%'  shift 132
	'>'  shift 133
	'<'  shift 134
	'.'  shift 135
	')'  shift 223
	'['  shift 136
	ARRAY_REPEAT  shift 137
	ARRAY_CONCAT  shift 138
	.  error


state 213
	ForeachStmt : FOREACH '(' BoundVariable IN Expr . ')' Stmt  (40)
	ForeachStmt : FOREACH '(' BoundVariable IN Expr . WHILE Expr ')' Stmt  (41)
	Receiver : Expr . '.'  (52)
	LValue : Expr . '[' Expr ']'  (56)
	Expr : Expr . '[' Expr ':' Expr ']'  (61)
	Expr : Expr . '[' Expr ']' DEFAULT Expr  (62)
	Expr : Expr . '+' Expr  (66)
	Expr : Expr . '-' Expr  (67)
	Expr : Expr . '*' Expr  (68)
	Expr : Expr . '/' Expr  (69)
	Expr : Expr . '%' Expr  (70)
	Expr : Expr . EQUAL Expr  (71)
	Expr : Expr . NOT_EQUAL Expr  (72)
	Expr : Expr . ARRAY_REPEAT Expr  (73)
	Expr : Expr . ARRAY_CONCAT Expr  (74)
	Expr : Expr . '<' Expr  (75)
	Expr : Expr . '>' Expr  (76)
	Expr : Expr . LESS_EQUAL Expr  (77)
	Expr : Expr . GREATER_EQUAL Expr  (78)
	Expr : Expr . AND Expr  (79)
	Expr : Expr . OR Expr  (80)

	WHILE  shift 224
	AND  shift 122
	OR  shift 123
	LESS_EQUAL  shift 124
	GREATER_EQUAL  shift 125
	EQUAL  shift 126
	NOT_EQUAL  shift 127
	'+'  shift 128
	'-'  shift 129
	'*'  shift 130
	'/'  shift 131
	'%'  shift 132
	'>'  shift 133
	'<'  shift 134
	'.'  shift 135
	')'  shift 225
	'['  shift 136
	ARRAY_REPEAT  shift 137
	ARRAY_CONCAT  shift 138
	.  error


state 214
	Expr : Expr '[' Expr ']' DEFAULT . Expr  (62)
	Receiver : .  (53)

	NULL  shift 53
	THIS  shift 54
	NEW  shift 60
	READ_INTEGER  shift 62
	READ_LINE  shift 63
	LITERAL  shift 64
	INSTANCEOF  shift 65
	'-'  shift 66
	'!'  shift 67
	'('  shift 68
	'['  shift 69
	VAR  shift 72
	IDENTIFIER  reduce 53

	Expr  goto 226
	LValue  goto 98
	Call  goto 99
	Receiver  goto 90
	Constant  goto 91
	ArrayConstant  goto 92


state 215
	Receiver : Expr . '.'  (52)
	LValue : Expr . '[' Expr ']'  (56)
	Expr : Expr . '[' Expr ':' Expr ']'  (61)
	Expr : Expr '[' Expr ':' Expr . ']'  (61)
	Expr : Expr . '[' Expr ']' DEFAULT Expr  (62)
	Expr : Expr . '+' Expr  (66)
	Expr : Expr . '-' Expr  (67)
	Expr : Expr . '*' Expr  (68)
	Expr : Expr . '/' Expr  (69)
	Expr : Expr . '%' Expr  (70)
	Expr : Expr . EQUAL Expr  (71)
	Expr : Expr . NOT_EQUAL Expr  (72)
	Expr : Expr . ARRAY_REPEAT Expr  (73)
	Expr : Expr . ARRAY_CONCAT Expr  (74)
	Expr : Expr . '<' Expr  (75)
	Expr : Expr . '>' Expr  (76)
	Expr : Expr . LESS_EQUAL Expr  (77)
	Expr : Expr . GREATER_EQUAL Expr  (78)
	Expr : Expr . AND Expr  (79)
	Expr : Expr . OR Expr  (80)

	AND  shift 122
	OR  shift 123
	LESS_EQUAL  shift 124
	GREATER_EQUAL  shift 125
	EQUAL  shift 126
	NOT_EQUAL  shift 127
	'+'  shift 128
	'-'  shift 129
	'*'  shift 130
	'/'  shift 131
	'%'  shift 132
	'>'  shift 133
	'<'  shift 134
	'.'  shift 135
	'['  shift 136
	']'  shift 227
	ARRAY_REPEAT  shift 137
	ARRAY_CONCAT  shift 138
	.  error


state 216
	Call : Receiver IDENTIFIER '(' Actuals ')' .  (57)

	.  reduce 57


state 217
	ForStmt : FOR '(' SimpleStmt ';' Expr ';' . SimpleStmt ')' Stmt  (103)
	SimpleStmt : .  (51)
	Receiver : .  (53)

	NULL  shift 53
	THIS  shift 54
	NEW  shift 60
	READ_INTEGER  shift 62
	READ_LINE  shift 63
	LITERAL  shift 64
	INSTANCEOF  shift 65
	'-'  shift 66
	'!'  shift 67
	'('  shift 68
	'['  shift 69
	VAR  shift 72
	IDENTIFIER  reduce 53
	')'  reduce 51

	SimpleStmt  goto 228
	Expr  goto 87
	LValue  goto 88
	Call  goto 89
	Receiver  goto 90
	Constant  goto 91
	ArrayConstant  goto 92


state 218
	ElseClause : ELSE . Stmt  (106)
	SimpleStmt : .  (51)
	Receiver : .  (53)

	VOID  shift 17
	BOOL  shift 18
	INT  shift 19
	STRING  shift 20
	CLASS  shift 21
	NULL  shift 53
	THIS  shift 54
	WHILE  shift 55
	FOR  shift 56
	IF  shift 57
	RETURN  shift 58
	BREAK  shift 59
	NEW  shift 60
	PRINT  shift 61
	READ_INTEGER  shift 62
	READ_LINE  shift 63
	LITERAL  shift 64
	INSTANCEOF  shift 65
	'-'  shift 66
	'!'  shift 67
	'('  shift 68
	'['  shift 69
	'{'  shift 48
	SCOPY  shift 71
	VAR  shift 72
	FOREACH  shift 73
	IDENTIFIER  reduce 53
	';'  reduce 51

	VariableDef  goto 74
	Variable  goto 25
	Type  goto 40
	StmtBlock  goto 75
	Stmt  goto 229
	ForeachStmt  goto 77
	OCStmt  goto 78
	GuardedStmt  goto 79
	SimpleStmt  goto 80
	IfStmt  goto 81
	WhileStmt  goto 82
	ForStmt  goto 83
	ReturnStmt  goto 84
	PrintStmt  goto 85
	BreakStmt  goto 86
	Expr  goto 87
	LValue  goto 88
	Call  goto 89
	Receiver  goto 90
	Constant  goto 91
	ArrayConstant  goto 92


state 219
	IfStmt : IF '(' Expr ')' Stmt ElseClause .  (105)

	.  reduce 105


state 220
	IfStmtG : Expr ':' Stmt .  (47)

	.  reduce 47


state 221
	Expr : INSTANCEOF '(' Expr ',' IDENTIFIER ')' .  (89)

	.  reduce 89


state 222
	Receiver : Expr . '.'  (52)
	LValue : Expr . '[' Expr ']'  (56)
	Expr : '[' Expr FOR IDENTIFIER IN Expr . ']'  (59)
	Expr : '[' Expr FOR IDENTIFIER IN Expr . IF BoolExpr ']'  (60)
	Expr : Expr . '[' Expr ':' Expr ']'  (61)
	Expr : Expr . '[' Expr ']' DEFAULT Expr  (62)
	Expr : Expr . '+' Expr  (66)
	Expr : Expr . '-' Expr  (67)
	Expr : Expr . '*' Expr  (68)
	Expr : Expr . '/' Expr  (69)
	Expr : Expr . '%' Expr  (70)
	Expr : Expr . EQUAL Expr  (71)
	Expr : Expr . NOT_EQUAL Expr  (72)
	Expr : Expr . ARRAY_REPEAT Expr  (73)
	Expr : Expr . ARRAY_CONCAT Expr  (74)
	Expr : Expr . '<' Expr  (75)
	Expr : Expr . '>' Expr  (76)
	Expr : Expr . LESS_EQUAL Expr  (77)
	Expr : Expr . GREATER_EQUAL Expr  (78)
	Expr : Expr . AND Expr  (79)
	Expr : Expr . OR Expr  (80)

	IF  shift 230
	AND  shift 122
	OR  shift 123
	LESS_EQUAL  shift 124
	GREATER_EQUAL  shift 125
	EQUAL  shift 126
	NOT_EQUAL  shift 127
	'+'  shift 128
	'-'  shift 129
	'*'  shift 130
	'/'  shift 131
	'%'  shift 132
	'>'  shift 133
	'<'  shift 134
	'.'  shift 135
	'['  shift 136
	']'  shift 231
	ARRAY_REPEAT  shift 137
	ARRAY_CONCAT  shift 138
	.  error


state 223
	OCStmt : SCOPY '(' IDENTIFIER ',' Expr ')' .  (48)

	.  reduce 48


state 224
	ForeachStmt : FOREACH '(' BoundVariable IN Expr WHILE . Expr ')' Stmt  (41)
	Receiver : .  (53)

	NULL  shift 53
	THIS  shift 54
	NEW  shift 60
	READ_INTEGER  shift 62
	READ_LINE  shift 63
	LITERAL  shift 64
	INSTANCEOF  shift 65
	'-'  shift 66
	'!'  shift 67
	'('  shift 68
	'['  shift 69
	VAR  shift 72
	IDENTIFIER  reduce 53

	Expr  goto 232
	LValue  goto 98
	Call  goto 99
	Receiver  goto 90
	Constant  goto 91
	ArrayConstant  goto 92


state 225
	ForeachStmt : FOREACH '(' BoundVariable IN Expr ')' . Stmt  (40)
	SimpleStmt : .  (51)
	Receiver : .  (53)

	VOID  shift 17
	BOOL  shift 18
	INT  shift 19
	STRING  shift 20
	CLASS  shift 21
	NULL  shift 53
	THIS  shift 54
	WHILE  shift 55
	FOR  shift 56
	IF  shift 57
	RETURN  shift 58
	BREAK  shift 59
	NEW  shift 60
	PRINT  shift 61
	READ_INTEGER  shift 62
	READ_LINE  shift 63
	LITERAL  shift 64
	INSTANCEOF  shift 65
	'-'  shift 66
	'!'  shift 67
	'('  shift 68
	'['  shift 69
	'{'  shift 48
	SCOPY  shift 71
	VAR  shift 72
	FOREACH  shift 73
	IDENTIFIER  reduce 53
	';'  reduce 51

	VariableDef  goto 74
	Variable  goto 25
	Type  goto 40
	StmtBlock  goto 75
	Stmt  goto 233
	ForeachStmt  goto 77
	OCStmt  goto 78
	GuardedStmt  goto 79
	SimpleStmt  goto 80
	IfStmt  goto 81
	WhileStmt  goto 82
	ForStmt  goto 83
	ReturnStmt  goto 84
	PrintStmt  goto 85
	BreakStmt  goto 86
	Expr  goto 87
	LValue  goto 88
	Call  goto 89
	Receiver  goto 90
	Constant  goto 91
	ArrayConstant  goto 92


state 226
	Receiver : Expr . '.'  (52)
	LValue : Expr . '[' Expr ']'  (56)
	Expr : Expr . '[' Expr ':' Expr ']'  (61)
	Expr : Expr . '[' Expr ']' DEFAULT Expr  (62)
	Expr : Expr '[' Expr ']' DEFAULT Expr .  (62)
	Expr : Expr . '+' Expr  (66)
	Expr : Expr . '-' Expr  (67)
	Expr : Expr . '*' Expr  (68)
	Expr : Expr . '/' Expr  (69)
	Expr : Expr . '%' Expr  (70)
	Expr : Expr . EQUAL Expr  (71)
	Expr : Expr . NOT_EQUAL Expr  (72)
	Expr : Expr . ARRAY_REPEAT Expr  (73)
	Expr : Expr . ARRAY_CONCAT Expr  (74)
	Expr : Expr . '<' Expr  (75)
	Expr : Expr . '>' Expr  (76)
	Expr : Expr . LESS_EQUAL Expr  (77)
	Expr : Expr . GREATER_EQUAL Expr  (78)
	Expr : Expr . AND Expr  (79)
	Expr : Expr . OR Expr  (80)

	.  reduce 62


state 227
	Expr : Expr '[' Expr ':' Expr ']' .  (61)

	.  reduce 61


state 228
	ForStmt : FOR '(' SimpleStmt ';' Expr ';' SimpleStmt . ')' Stmt  (103)

	')'  shift 234
	.  error


state 229
	ElseClause : ELSE Stmt .  (106)

	.  reduce 106


state 230
	Expr : '[' Expr FOR IDENTIFIER IN Expr IF . BoolExpr ']'  (60)
	Receiver : .  (53)

	NULL  shift 53
	THIS  shift 54
	NEW  shift 60
	READ_INTEGER  shift 62
	READ_LINE  shift 63
	LITERAL  shift 64
	INSTANCEOF  shift 65
	'-'  shift 66
	'!'  shift 67
	'('  shift 68
	'['  shift 69
	VAR  shift 72
	IDENTIFIER  reduce 53

	Expr  goto 235
	LValue  goto 98
	Call  goto 99
	Receiver  goto 90
	BoolExpr  goto 236
	Constant  goto 91
	ArrayConstant  goto 92


state 231
	Expr : '[' Expr FOR IDENTIFIER IN Expr ']' .  (59)

	.  reduce 59


state 232
	ForeachStmt : FOREACH '(' BoundVariable IN Expr WHILE Expr . ')' Stmt  (41)
	Receiver : Expr . '.'  (52)
	LValue : Expr . '[' Expr ']'  (56)
	Expr : Expr . '[' Expr ':' Expr ']'  (61)
	Expr : Expr . '[' Expr ']' DEFAULT Expr  (62)
	Expr : Expr . '+' Expr  (66)
	Expr : Expr . '-' Expr  (67)
	Expr : Expr . '*' Expr  (68)
	Expr : Expr . '/' Expr  (69)
	Expr : Expr . '%' Expr  (70)
	Expr : Expr . EQUAL Expr  (71)
	Expr : Expr . NOT_EQUAL Expr  (72)
	Expr : Expr . ARRAY_REPEAT Expr  (73)
	Expr : Expr . ARRAY_CONCAT Expr  (74)
	Expr : Expr . '<' Expr  (75)
	Expr : Expr . '>' Expr  (76)
	Expr : Expr . LESS_EQUAL Expr  (77)
	Expr : Expr . GREATER_EQUAL Expr  (78)
	Expr : Expr . AND Expr  (79)
	Expr : Expr . OR Expr  (80)

	AND  shift 122
	OR  shift 123
	LESS_EQUAL  shift 124
	GREATER_EQUAL  shift 125
	EQUAL  shift 126
	NOT_EQUAL  shift 127
	'+'  shift 128
	'-'  shift 129
	'*'  shift 130
	'/'  shift 131
	'%'  shift 132
	'>'  shift 133
	'<'  shift 134
	'.'  shift 135
	')'  shift 237
	'['  shift 136
	ARRAY_REPEAT  shift 137
	ARRAY_CONCAT  shift 138
	.  error


state 233
	ForeachStmt : FOREACH '(' BoundVariable IN Expr ')' Stmt .  (40)

	.  reduce 40


state 234
	ForStmt : FOR '(' SimpleStmt ';' Expr ';' SimpleStmt ')' . Stmt  (103)
	SimpleStmt : .  (51)
	Receiver : .  (53)

	VOID  shift 17
	BOOL  shift 18
	INT  shift 19
	STRING  shift 20
	CLASS  shift 21
	NULL  shift 53
	THIS  shift 54
	WHILE  shift 55
	FOR  shift 56
	IF  shift 57
	RETURN  shift 58
	BREAK  shift 59
	NEW  shift 60
	PRINT  shift 61
	READ_INTEGER  shift 62
	READ_LINE  shift 63
	LITERAL  shift 64
	INSTANCEOF  shift 65
	'-'  shift 66
	'!'  shift 67
	'('  shift 68
	'['  shift 69
	'{'  shift 48
	SCOPY  shift 71
	VAR  shift 72
	FOREACH  shift 73
	IDENTIFIER  reduce 53
	';'  reduce 51

	VariableDef  goto 74
	Variable  goto 25
	Type  goto 40
	StmtBlock  goto 75
	Stmt  goto 238
	ForeachStmt  goto 77
	OCStmt  goto 78
	GuardedStmt  goto 79
	SimpleStmt  goto 80
	IfStmt  goto 81
	WhileStmt  goto 82
	ForStmt  goto 83
	ReturnStmt  goto 84
	PrintStmt  goto 85
	BreakStmt  goto 86
	Expr  goto 87
	LValue  goto 88
	Call  goto 89
	Receiver  goto 90
	Constant  goto 91
	ArrayConstant  goto 92


state 235
	Receiver : Expr . '.'  (52)
	LValue : Expr . '[' Expr ']'  (56)
	BoolExpr : Expr .  (58)
	Expr : Expr . '[' Expr ':' Expr ']'  (61)
	Expr : Expr . '[' Expr ']' DEFAULT Expr  (62)
	Expr : Expr . '+' Expr  (66)
	Expr : Expr . '-' Expr  (67)
	Expr : Expr . '*' Expr  (68)
	Expr : Expr . '/' Expr  (69)
	Expr : Expr . '%' Expr  (70)
	Expr : Expr . EQUAL Expr  (71)
	Expr : Expr . NOT_EQUAL Expr  (72)
	Expr : Expr . ARRAY_REPEAT Expr  (73)
	Expr : Expr . ARRAY_CONCAT Expr  (74)
	Expr : Expr . '<' Expr  (75)
	Expr : Expr . '>' Expr  (76)
	Expr : Expr . LESS_EQUAL Expr  (77)
	Expr : Expr . GREATER_EQUAL Expr  (78)
	Expr : Expr . AND Expr  (79)
	Expr : Expr . OR Expr  (80)

	AND  shift 122
	OR  shift 123
	LESS_EQUAL  shift 124
	GREATER_EQUAL  shift 125
	EQUAL  shift 126
	NOT_EQUAL  shift 127
	'+'  shift 128
	'-'  shift 129
	'*'  shift 130
	'/'  shift 131
	'%'  shift 132
	'>'  shift 133
	'<'  shift 134
	'.'  shift 135
	'['  shift 136
	ARRAY_REPEAT  shift 137
	ARRAY_CONCAT  shift 138
	']'  reduce 58


state 236
	Expr : '[' Expr FOR IDENTIFIER IN Expr IF BoolExpr . ']'  (60)

	']'  shift 239
	.  error


state 237
	ForeachStmt : FOREACH '(' BoundVariable IN Expr WHILE Expr ')' . Stmt  (41)
	SimpleStmt : .  (51)
	Receiver : .  (53)

	VOID  shift 17
	BOOL  shift 18
	INT  shift 19
	STRING  shift 20
	CLASS  shift 21
	NULL  shift 53
	THIS  shift 54
	WHILE  shift 55
	FOR  shift 56
	IF  shift 57
	RETURN  shift 58
	BREAK  shift 59
	NEW  shift 60
	PRINT  shift 61
	READ_INTEGER  shift 62
	READ_LINE  shift 63
	LITERAL  shift 64
	INSTANCEOF  shift 65
	'-'  shift 66
	'!'  shift 67
	'('  shift 68
	'['  shift 69
	'{'  shift 48
	SCOPY  shift 71
	VAR  shift 72
	FOREACH  shift 73
	IDENTIFIER  reduce 53
	';'  reduce 51

	VariableDef  goto 74
	Variable  goto 25
	Type  goto 40
	StmtBlock  goto 75
	Stmt  goto 240
	ForeachStmt  goto 77
	OCStmt  goto 78
	GuardedStmt  goto 79
	SimpleStmt  goto 80
	IfStmt  goto 81
	WhileStmt  goto 82
	ForStmt  goto 83
	ReturnStmt  goto 84
	PrintStmt  goto 85
	BreakStmt  goto 86
	Expr  goto 87
	LValue  goto 88
	Call  goto 89
	Receiver  goto 90
	Constant  goto 91
	ArrayConstant  goto 92


state 238
	ForStmt : FOR '(' SimpleStmt ';' Expr ';' SimpleStmt ')' Stmt .  (103)

	.  reduce 103


state 239
	Expr : '[' Expr FOR IDENTIFIER IN Expr IF BoolExpr ']' .  (60)

	.  reduce 60


state 240
	ForeachStmt : FOREACH '(' BoundVariable IN Expr WHILE Expr ')' Stmt .  (41)

	.  reduce 41


60 terminals, 39 nonterminals
111 grammar rules, 241 states
