   0  $accept : Program $end

   1  Program : ClassList

   2  ClassList : ClassList ClassDef
   3            | ClassDef

   4  VariableDef : Variable ';'

   5  Variable : Type IDENTIFIER

   6  Type : INT
   7       | VOID
   8       | BOOL
   9       | STRING
  10       | CLASS IDENTIFIER
  11       | Type '[' ']'

  12  ClassDef : SEALED CLASS IDENTIFIER ExtendsClause '{' FieldList '}'
  13           | CLASS IDENTIFIER ExtendsClause '{' FieldList '}'

  14  ExtendsClause : EXTENDS IDENTIFIER
  15                |

  16  FieldList : FieldList VariableDef
  17            | FieldList FunctionDef
  18            |

  19  Formals : VariableList
  20          |

  21  VariableList : VariableList ',' Variable
  22               | Variable

  23  FunctionDef : STATIC Type IDENTIFIER '(' Formals ')' StmtBlock
  24              | Type IDENTIFIER '(' Formals ')' StmtBlock

  25  StmtBlock : '{' StmtList '}'

  26  StmtList : StmtList Stmt
  27           |

  28  Stmt : ForeachStmt
  29       | OCStmt ';'
  30       | GuardedStmt
  31       | VariableDef
  32       | SimpleStmt ';'
  33       | IfStmt
  34       | WhileStmt
  35       | ForStmt
  36       | ReturnStmt ';'
  37       | PrintStmt ';'
  38       | BreakStmt ';'
  39       | StmtBlock

  40  ForeachStmt : FOREACH '(' BoundVariable IN Expr ')' Stmt

  41  BoundVariable : VAR IDENTIFIER
  42                | Type IDENTIFIER

  43  GuardedStmt : IF '{' IfBranchG IfStmtG '}'
  44              | IF '{' '}'

  45  IfBranchG : IfBranchG IfStmtG DIVIDER
  46            |

  47  IfStmtG : Expr ':' Stmt

  48  OCStmt : SCOPY '(' IDENTIFIER ',' Expr ')'

  49  SimpleStmt : LValue '=' Expr
  50             | Call
  51             |

  52  Receiver : Expr '.'
  53           |

  54  LValue : VAR IDENTIFIER
  55         | Receiver IDENTIFIER
  56         | Expr '[' Expr ']'

  57  Call : Receiver IDENTIFIER '(' Actuals ')'

  58  Expr : Expr ARRAY_REPEAT Constant
  59       | Expr ARRAY_CONCAT Expr
  60       | Expr '[' Expr ':' Expr ']'
  61       | Expr '[' Expr ']' DEFAULT Expr
  62       | LValue
  63       | Call
  64       | Constant
  65       | Expr '+' Expr
  66       | Expr '-' Expr
  67       | Expr '*' Expr
  68       | Expr '/' Expr
  69       | Expr '%' Expr
  70       | Expr EQUAL Expr
  71       | Expr NOT_EQUAL Expr
  72       | Expr '<' Expr
  73       | Expr '>' Expr
  74       | Expr LESS_EQUAL Expr
  75       | Expr GREATER_EQUAL Expr
  76       | Expr AND Expr
  77       | Expr OR Expr
  78       | '(' Expr ')'
  79       | '-' Expr
  80       | '!' Expr
  81       | READ_INTEGER '(' ')'
  82       | READ_LINE '(' ')'
  83       | THIS
  84       | NEW IDENTIFIER '(' ')'
  85       | NEW Type '[' Expr ']'
  86       | INSTANCEOF '(' Expr ',' IDENTIFIER ')'
  87       | '(' CLASS IDENTIFIER ')' Expr

  88  Constant : ArrayConstant
  89           | LITERAL
  90           | NULL

  91  ArrayConstant : '[' ']'
  92                | '[' ArrayInsider ']'

  93  ArrayInsider : ArrayInsider ',' Constant
  94               | Constant

  95  Actuals : ExprList
  96          |

  97  ExprList : ExprList ',' Expr
  98           | Expr

  99  WhileStmt : WHILE '(' Expr ')' Stmt

 100  ForStmt : FOR '(' SimpleStmt ';' Expr ';' SimpleStmt ')' Stmt

 101  BreakStmt : BREAK

 102  IfStmt : IF '(' Expr ')' Stmt ElseClause

 103  ElseClause : ELSE Stmt
 104             |

 105  ReturnStmt : RETURN Expr
 106             | RETURN

 107  PrintStmt : PRINT '(' ExprList ')'

state 0
	$accept : . Program $end  (0)

	CLASS  shift 1
	SEALED  shift 2
	.  error

	Program  goto 3
	ClassList  goto 4
	ClassDef  goto 5


state 1
	ClassDef : CLASS . IDENTIFIER ExtendsClause '{' FieldList '}'  (13)

	IDENTIFIER  shift 6
	.  error


state 2
	ClassDef : SEALED . CLASS IDENTIFIER ExtendsClause '{' FieldList '}'  (12)

	CLASS  shift 7
	.  error


state 3
	$accept : Program . $end  (0)

	$end  accept


state 4
	Program : ClassList .  (1)
	ClassList : ClassList . ClassDef  (2)

	CLASS  shift 1
	SEALED  shift 2
	$end  reduce 1

	ClassDef  goto 8


state 5
	ClassList : ClassDef .  (3)

	.  reduce 3


state 6
	ClassDef : CLASS IDENTIFIER . ExtendsClause '{' FieldList '}'  (13)
	ExtendsClause : .  (15)

	EXTENDS  shift 9
	'{'  reduce 15

	ExtendsClause  goto 10


state 7
	ClassDef : SEALED CLASS . IDENTIFIER ExtendsClause '{' FieldList '}'  (12)

	IDENTIFIER  shift 11
	.  error


state 8
	ClassList : ClassList ClassDef .  (2)

	.  reduce 2


state 9
	ExtendsClause : EXTENDS . IDENTIFIER  (14)

	IDENTIFIER  shift 12
	.  error


state 10
	ClassDef : CLASS IDENTIFIER ExtendsClause . '{' FieldList '}'  (13)

	'{'  shift 13
	.  error


state 11
	ClassDef : SEALED CLASS IDENTIFIER . ExtendsClause '{' FieldList '}'  (12)
	ExtendsClause : .  (15)

	EXTENDS  shift 9
	'{'  reduce 15

	ExtendsClause  goto 14


state 12
	ExtendsClause : EXTENDS IDENTIFIER .  (14)

	.  reduce 14


state 13
	ClassDef : CLASS IDENTIFIER ExtendsClause '{' . FieldList '}'  (13)
	FieldList : .  (18)

	.  reduce 18

	FieldList  goto 15


state 14
	ClassDef : SEALED CLASS IDENTIFIER ExtendsClause . '{' FieldList '}'  (12)

	'{'  shift 16
	.  error


state 15
	ClassDef : CLASS IDENTIFIER ExtendsClause '{' FieldList . '}'  (13)
	FieldList : FieldList . VariableDef  (16)
	FieldList : FieldList . FunctionDef  (17)

	VOID  shift 17
	BOOL  shift 18
	INT  shift 19
	STRING  shift 20
	CLASS  shift 21
	STATIC  shift 22
	'}'  shift 23
	.  error

	VariableDef  goto 24
	Variable  goto 25
	Type  goto 26
	FunctionDef  goto 27


state 16
	ClassDef : SEALED CLASS IDENTIFIER ExtendsClause '{' . FieldList '}'  (12)
	FieldList : .  (18)

	.  reduce 18

	FieldList  goto 28


state 17
	Type : VOID .  (7)

	.  reduce 7


state 18
	Type : BOOL .  (8)

	.  reduce 8


state 19
	Type : INT .  (6)

	.  reduce 6


state 20
	Type : STRING .  (9)

	.  reduce 9


state 21
	Type : CLASS . IDENTIFIER  (10)

	IDENTIFIER  shift 29
	.  error


state 22
	FunctionDef : STATIC . Type IDENTIFIER '(' Formals ')' StmtBlock  (23)

	VOID  shift 17
	BOOL  shift 18
	INT  shift 19
	STRING  shift 20
	CLASS  shift 21
	.  error

	Type  goto 30


state 23
	ClassDef : CLASS IDENTIFIER ExtendsClause '{' FieldList '}' .  (13)

	.  reduce 13


state 24
	FieldList : FieldList VariableDef .  (16)

	.  reduce 16


state 25
	VariableDef : Variable . ';'  (4)

	';'  shift 31
	.  error


state 26
	Variable : Type . IDENTIFIER  (5)
	Type : Type . '[' ']'  (11)
	FunctionDef : Type . IDENTIFIER '(' Formals ')' StmtBlock  (24)

	IDENTIFIER  shift 32
	'['  shift 33
	.  error


state 27
	FieldList : FieldList FunctionDef .  (17)

	.  reduce 17


state 28
	ClassDef : SEALED CLASS IDENTIFIER ExtendsClause '{' FieldList . '}'  (12)
	FieldList : FieldList . VariableDef  (16)
	FieldList : FieldList . FunctionDef  (17)

	VOID  shift 17
	BOOL  shift 18
	INT  shift 19
	STRING  shift 20
	CLASS  shift 21
	STATIC  shift 22
	'}'  shift 34
	.  error

	VariableDef  goto 24
	Variable  goto 25
	Type  goto 26
	FunctionDef  goto 27


state 29
	Type : CLASS IDENTIFIER .  (10)

	.  reduce 10


state 30
	Type : Type . '[' ']'  (11)
	FunctionDef : STATIC Type . IDENTIFIER '(' Formals ')' StmtBlock  (23)

	IDENTIFIER  shift 35
	'['  shift 33
	.  error


state 31
	VariableDef : Variable ';' .  (4)

	.  reduce 4


state 32
	Variable : Type IDENTIFIER .  (5)
	FunctionDef : Type IDENTIFIER . '(' Formals ')' StmtBlock  (24)

	'('  shift 36
	';'  reduce 5


state 33
	Type : Type '[' . ']'  (11)

	']'  shift 37
	.  error


state 34
	ClassDef : SEALED CLASS IDENTIFIER ExtendsClause '{' FieldList '}' .  (12)

	.  reduce 12


state 35
	FunctionDef : STATIC Type IDENTIFIER . '(' Formals ')' StmtBlock  (23)

	'('  shift 38
	.  error


state 36
	FunctionDef : Type IDENTIFIER '(' . Formals ')' StmtBlock  (24)
	Formals : .  (20)

	VOID  shift 17
	BOOL  shift 18
	INT  shift 19
	STRING  shift 20
	CLASS  shift 21
	')'  reduce 20

	Variable  goto 39
	Type  goto 40
	Formals  goto 41
	VariableList  goto 42


state 37
	Type : Type '[' ']' .  (11)

	.  reduce 11


state 38
	FunctionDef : STATIC Type IDENTIFIER '(' . Formals ')' StmtBlock  (23)
	Formals : .  (20)

	VOID  shift 17
	BOOL  shift 18
	INT  shift 19
	STRING  shift 20
	CLASS  shift 21
	')'  reduce 20

	Variable  goto 39
	Type  goto 40
	Formals  goto 43
	VariableList  goto 42


state 39
	VariableList : Variable .  (22)

	.  reduce 22


state 40
	Variable : Type . IDENTIFIER  (5)
	Type : Type . '[' ']'  (11)

	IDENTIFIER  shift 44
	'['  shift 33
	.  error


state 41
	FunctionDef : Type IDENTIFIER '(' Formals . ')' StmtBlock  (24)

	')'  shift 45
	.  error


state 42
	Formals : VariableList .  (19)
	VariableList : VariableList . ',' Variable  (21)

	','  shift 46
	')'  reduce 19


state 43
	FunctionDef : STATIC Type IDENTIFIER '(' Formals . ')' StmtBlock  (23)

	')'  shift 47
	.  error


state 44
	Variable : Type IDENTIFIER .  (5)

	.  reduce 5


state 45
	FunctionDef : Type IDENTIFIER '(' Formals ')' . StmtBlock  (24)

	'{'  shift 48
	.  error

	StmtBlock  goto 49


state 46
	VariableList : VariableList ',' . Variable  (21)

	VOID  shift 17
	BOOL  shift 18
	INT  shift 19
	STRING  shift 20
	CLASS  shift 21
	.  error

	Variable  goto 50
	Type  goto 40


state 47
	FunctionDef : STATIC Type IDENTIFIER '(' Formals ')' . StmtBlock  (23)

	'{'  shift 48
	.  error

	StmtBlock  goto 51


state 48
	StmtBlock : '{' . StmtList '}'  (25)
	StmtList : .  (27)

	.  reduce 27

	StmtList  goto 52


state 49
	FunctionDef : Type IDENTIFIER '(' Formals ')' StmtBlock .  (24)

	.  reduce 24


state 50
	VariableList : VariableList ',' Variable .  (21)

	.  reduce 21


state 51
	FunctionDef : STATIC Type IDENTIFIER '(' Formals ')' StmtBlock .  (23)

	.  reduce 23


state 52
	StmtBlock : '{' StmtList . '}'  (25)
	StmtList : StmtList . Stmt  (26)
	SimpleStmt : .  (51)
	Receiver : .  (53)

	VOID  shift 17
	BOOL  shift 18
	INT  shift 19
	STRING  shift 20
	CLASS  shift 21
	NULL  shift 53
	THIS  shift 54
	WHILE  shift 55
	FOR  shift 56
	IF  shift 57
	RETURN  shift 58
	BREAK  shift 59
	NEW  shift 60
	PRINT  shift 61
	READ_INTEGER  shift 62
	READ_LINE  shift 63
	LITERAL  shift 64
	INSTANCEOF  shift 65
	SCOPY  shift 66
	FOREACH  shift 67
	VAR  shift 68
	'-'  shift 69
	'!'  shift 70
	'('  shift 71
	'['  shift 72
	'{'  shift 48
	'}'  shift 73
	IDENTIFIER  reduce 53
	';'  reduce 51

	VariableDef  goto 74
	Variable  goto 25
	Type  goto 40
	StmtBlock  goto 75
	Stmt  goto 76
	ForeachStmt  goto 77
	OCStmt  goto 78
	GuardedStmt  goto 79
	SimpleStmt  goto 80
	IfStmt  goto 81
	WhileStmt  goto 82
	ForStmt  goto 83
	ReturnStmt  goto 84
	PrintStmt  goto 85
	BreakStmt  goto 86
	Expr  goto 87
	LValue  goto 88
	Call  goto 89
	Receiver  goto 90
	Constant  goto 91
	ArrayConstant  goto 92


state 53
	Constant : NULL .  (90)

	.  reduce 90


state 54
	Expr : THIS .  (83)

	.  reduce 83


state 55
	WhileStmt : WHILE . '(' Expr ')' Stmt  (99)

	'('  shift 93
	.  error


state 56
	ForStmt : FOR . '(' SimpleStmt ';' Expr ';' SimpleStmt ')' Stmt  (100)

	'('  shift 94
	.  error


state 57
	GuardedStmt : IF . '{' IfBranchG IfStmtG '}'  (43)
	GuardedStmt : IF . '{' '}'  (44)
	IfStmt : IF . '(' Expr ')' Stmt ElseClause  (102)

	'('  shift 95
	'{'  shift 96
	.  error


state 58
	ReturnStmt : RETURN . Expr  (105)
	ReturnStmt : RETURN .  (106)
	Receiver : .  (53)

	NULL  shift 53
	THIS  shift 54
	NEW  shift 60
	READ_INTEGER  shift 62
	READ_LINE  shift 63
	LITERAL  shift 64
	INSTANCEOF  shift 65
	VAR  shift 68
	'-'  shift 69
	'!'  shift 70
	'('  shift 71
	'['  shift 72
	IDENTIFIER  reduce 53
	';'  reduce 106

	Expr  goto 97
	LValue  goto 98
	Call  goto 99
	Receiver  goto 90
	Constant  goto 91
	ArrayConstant  goto 92


state 59
	BreakStmt : BREAK .  (101)

	.  reduce 101


state 60
	Expr : NEW . IDENTIFIER '(' ')'  (84)
	Expr : NEW . Type '[' Expr ']'  (85)

	VOID  shift 17
	BOOL  shift 18
	INT  shift 19
	STRING  shift 20
	CLASS  shift 21
	IDENTIFIER  shift 100
	.  error

	Type  goto 101


state 61
	PrintStmt : PRINT . '(' ExprList ')'  (107)

	'('  shift 102
	.  error


state 62
	Expr : READ_INTEGER . '(' ')'  (81)

	'('  shift 103
	.  error


state 63
	Expr : READ_LINE . '(' ')'  (82)

	'('  shift 104
	.  error


state 64
	Constant : LITERAL .  (89)

	.  reduce 89


state 65
	Expr : INSTANCEOF . '(' Expr ',' IDENTIFIER ')'  (86)

	'('  shift 105
	.  error


state 66
	OCStmt : SCOPY . '(' IDENTIFIER ',' Expr ')'  (48)

	'('  shift 106
	.  error


state 67
	ForeachStmt : FOREACH . '(' BoundVariable IN Expr ')' Stmt  (40)

	'('  shift 107
	.  error


state 68
	LValue : VAR . IDENTIFIER  (54)

	IDENTIFIER  shift 108
	.  error


state 69
	Expr : '-' . Expr  (79)
	Receiver : .  (53)

	NULL  shift 53
	THIS  shift 54
	NEW  shift 60
	READ_INTEGER  shift 62
	READ_LINE  shift 63
	LITERAL  shift 64
	INSTANCEOF  shift 65
	VAR  shift 68
	'-'  shift 69
	'!'  shift 70
	'('  shift 71
	'['  shift 72
	IDENTIFIER  reduce 53

	Expr  goto 109
	LValue  goto 98
	Call  goto 99
	Receiver  goto 90
	Constant  goto 91
	ArrayConstant  goto 92


state 70
	Expr : '!' . Expr  (80)
	Receiver : .  (53)

	NULL  shift 53
	THIS  shift 54
	NEW  shift 60
	READ_INTEGER  shift 62
	READ_LINE  shift 63
	LITERAL  shift 64
	INSTANCEOF  shift 65
	VAR  shift 68
	'-'  shift 69
	'!'  shift 70
	'('  shift 71
	'['  shift 72
	IDENTIFIER  reduce 53

	Expr  goto 110
	LValue  goto 98
	Call  goto 99
	Receiver  goto 90
	Constant  goto 91
	ArrayConstant  goto 92


state 71
	Expr : '(' . Expr ')'  (78)
	Expr : '(' . CLASS IDENTIFIER ')' Expr  (87)
	Receiver : .  (53)

	CLASS  shift 111
	NULL  shift 53
	THIS  shift 54
	NEW  shift 60
	READ_INTEGER  shift 62
	READ_LINE  shift 63
	LITERAL  shift 64
	INSTANCEOF  shift 65
	VAR  shift 68
	'-'  shift 69
	'!'  shift 70
	'('  shift 71
	'['  shift 72
	IDENTIFIER  reduce 53

	Expr  goto 112
	LValue  goto 98
	Call  goto 99
	Receiver  goto 90
	Constant  goto 91
	ArrayConstant  goto 92


state 72
	ArrayConstant : '[' . ']'  (91)
	ArrayConstant : '[' . ArrayInsider ']'  (92)

	NULL  shift 53
	LITERAL  shift 64
	'['  shift 72
	']'  shift 113
	.  error

	Constant  goto 114
	ArrayConstant  goto 92
	ArrayInsider  goto 115


state 73
	StmtBlock : '{' StmtList '}' .  (25)

	.  reduce 25


state 74
	Stmt : VariableDef .  (31)

	.  reduce 31


state 75
	Stmt : StmtBlock .  (39)

	.  reduce 39


state 76
	StmtList : StmtList Stmt .  (26)

	.  reduce 26


state 77
	Stmt : ForeachStmt .  (28)

	.  reduce 28


state 78
	Stmt : OCStmt . ';'  (29)

	';'  shift 116
	.  error


state 79
	Stmt : GuardedStmt .  (30)

	.  reduce 30


state 80
	Stmt : SimpleStmt . ';'  (32)

	';'  shift 117
	.  error


state 81
	Stmt : IfStmt .  (33)

	.  reduce 33


state 82
	Stmt : WhileStmt .  (34)

	.  reduce 34


state 83
	Stmt : ForStmt .  (35)

	.  reduce 35


state 84
	Stmt : ReturnStmt . ';'  (36)

	';'  shift 118
	.  error


state 85
	Stmt : PrintStmt . ';'  (37)

	';'  shift 119
	.  error


state 86
	Stmt : BreakStmt . ';'  (38)

	';'  shift 120
	.  error


state 87
	Receiver : Expr . '.'  (52)
	LValue : Expr . '[' Expr ']'  (56)
	Expr : Expr . ARRAY_REPEAT Constant  (58)
	Expr : Expr . ARRAY_CONCAT Expr  (59)
	Expr : Expr . '[' Expr ':' Expr ']'  (60)
	Expr : Expr . '[' Expr ']' DEFAULT Expr  (61)
	Expr : Expr . '+' Expr  (65)
	Expr : Expr . '-' Expr  (66)
	Expr : Expr . '*' Expr  (67)
	Expr : Expr . '/' Expr  (68)
	Expr : Expr . '%' Expr  (69)
	Expr : Expr . EQUAL Expr  (70)
	Expr : Expr . NOT_EQUAL Expr  (71)
	Expr : Expr . '<' Expr  (72)
	Expr : Expr . '>' Expr  (73)
	Expr : Expr . LESS_EQUAL Expr  (74)
	Expr : Expr . GREATER_EQUAL Expr  (75)
	Expr : Expr . AND Expr  (76)
	Expr : Expr . OR Expr  (77)

	AND  shift 121
	OR  shift 122
	LESS_EQUAL  shift 123
	GREATER_EQUAL  shift 124
	EQUAL  shift 125
	NOT_EQUAL  shift 126
	ARRAY_REPEAT  shift 127
	ARRAY_CONCAT  shift 128
	'+'  shift 129
	'-'  shift 130
	'*'  shift 131
	'/'  shift 132
	'%'  shift 133
	'>'  shift 134
	'<'  shift 135
	'.'  shift 136
	'['  shift 137
	.  error


state 88
	SimpleStmt : LValue . '=' Expr  (49)
	Expr : LValue .  (62)

	'='  shift 138
	AND  reduce 62
	OR  reduce 62
	LESS_EQUAL  reduce 62
	GREATER_EQUAL  reduce 62
	EQUAL  reduce 62
	NOT_EQUAL  reduce 62
	ARRAY_REPEAT  reduce 62
	ARRAY_CONCAT  reduce 62
	'+'  reduce 62
	'-'  reduce 62
	'*'  reduce 62
	'/'  reduce 62
	'%'  reduce 62
	'>'  reduce 62
	'<'  reduce 62
	'.'  reduce 62
	'['  reduce 62


state 89
	SimpleStmt : Call .  (50)
	Expr : Call .  (63)

	AND  reduce 63
	OR  reduce 63
	LESS_EQUAL  reduce 63
	GREATER_EQUAL  reduce 63
	EQUAL  reduce 63
	NOT_EQUAL  reduce 63
	ARRAY_REPEAT  reduce 63
	ARRAY_CONCAT  reduce 63
	'+'  reduce 63
	'-'  reduce 63
	'*'  reduce 63
	'/'  reduce 63
	'%'  reduce 63
	'>'  reduce 63
	'<'  reduce 63
	'.'  reduce 63
	';'  reduce 50
	')'  reduce 50
	'['  reduce 63


state 90
	LValue : Receiver . IDENTIFIER  (55)
	Call : Receiver . IDENTIFIER '(' Actuals ')'  (57)

	IDENTIFIER  shift 139
	.  error


state 91
	Expr : Constant .  (64)

	.  reduce 64


state 92
	Constant : ArrayConstant .  (88)

	.  reduce 88


state 93
	WhileStmt : WHILE '(' . Expr ')' Stmt  (99)
	Receiver : .  (53)

	NULL  shift 53
	THIS  shift 54
	NEW  shift 60
	READ_INTEGER  shift 62
	READ_LINE  shift 63
	LITERAL  shift 64
	INSTANCEOF  shift 65
	VAR  shift 68
	'-'  shift 69
	'!'  shift 70
	'('  shift 71
	'['  shift 72
	IDENTIFIER  reduce 53

	Expr  goto 140
	LValue  goto 98
	Call  goto 99
	Receiver  goto 90
	Constant  goto 91
	ArrayConstant  goto 92


state 94
	ForStmt : FOR '(' . SimpleStmt ';' Expr ';' SimpleStmt ')' Stmt  (100)
	SimpleStmt : .  (51)
	Receiver : .  (53)

	NULL  shift 53
	THIS  shift 54
	NEW  shift 60
	READ_INTEGER  shift 62
	READ_LINE  shift 63
	LITERAL  shift 64
	INSTANCEOF  shift 65
	VAR  shift 68
	'-'  shift 69
	'!'  shift 70
	'('  shift 71
	'['  shift 72
	IDENTIFIER  reduce 53
	';'  reduce 51

	SimpleStmt  goto 141
	Expr  goto 87
	LValue  goto 88
	Call  goto 89
	Receiver  goto 90
	Constant  goto 91
	ArrayConstant  goto 92


state 95
	IfStmt : IF '(' . Expr ')' Stmt ElseClause  (102)
	Receiver : .  (53)

	NULL  shift 53
	THIS  shift 54
	NEW  shift 60
	READ_INTEGER  shift 62
	READ_LINE  shift 63
	LITERAL  shift 64
	INSTANCEOF  shift 65
	VAR  shift 68
	'-'  shift 69
	'!'  shift 70
	'('  shift 71
	'['  shift 72
	IDENTIFIER  reduce 53

	Expr  goto 142
	LValue  goto 98
	Call  goto 99
	Receiver  goto 90
	Constant  goto 91
	ArrayConstant  goto 92


state 96
	GuardedStmt : IF '{' . IfBranchG IfStmtG '}'  (43)
	GuardedStmt : IF '{' . '}'  (44)
	IfBranchG : .  (46)

	'}'  shift 143
	NULL  reduce 46
	THIS  reduce 46
	NEW  reduce 46
	READ_INTEGER  reduce 46
	READ_LINE  reduce 46
	LITERAL  reduce 46
	IDENTIFIER  reduce 46
	INSTANCEOF  reduce 46
	VAR  reduce 46
	'-'  reduce 46
	'!'  reduce 46
	'('  reduce 46
	'['  reduce 46

	IfBranchG  goto 144


state 97
	Receiver : Expr . '.'  (52)
	LValue : Expr . '[' Expr ']'  (56)
	Expr : Expr . ARRAY_REPEAT Constant  (58)
	Expr : Expr . ARRAY_CONCAT Expr  (59)
	Expr : Expr . '[' Expr ':' Expr ']'  (60)
	Expr : Expr . '[' Expr ']' DEFAULT Expr  (61)
	Expr : Expr . '+' Expr  (65)
	Expr : Expr . '-' Expr  (66)
	Expr : Expr . '*' Expr  (67)
	Expr : Expr . '/' Expr  (68)
	Expr : Expr . '%' Expr  (69)
	Expr : Expr . EQUAL Expr  (70)
	Expr : Expr . NOT_EQUAL Expr  (71)
	Expr : Expr . '<' Expr  (72)
	Expr : Expr . '>' Expr  (73)
	Expr : Expr . LESS_EQUAL Expr  (74)
	Expr : Expr . GREATER_EQUAL Expr  (75)
	Expr : Expr . AND Expr  (76)
	Expr : Expr . OR Expr  (77)
	ReturnStmt : RETURN Expr .  (105)

	AND  shift 121
	OR  shift 122
	LESS_EQUAL  shift 123
	GREATER_EQUAL  shift 124
	EQUAL  shift 125
	NOT_EQUAL  shift 126
	ARRAY_REPEAT  shift 127
	ARRAY_CONCAT  shift 128
	'+'  shift 129
	'-'  shift 130
	'*'  shift 131
	'/'  shift 132
	'%'  shift 133
	'>'  shift 134
	'<'  shift 135
	'.'  shift 136
	'['  shift 137
	';'  reduce 105


state 98
	Expr : LValue .  (62)

	.  reduce 62


state 99
	Expr : Call .  (63)

	.  reduce 63


state 100
	Expr : NEW IDENTIFIER . '(' ')'  (84)

	'('  shift 145
	.  error


state 101
	Type : Type . '[' ']'  (11)
	Expr : NEW Type . '[' Expr ']'  (85)

	'['  shift 146
	.  error


state 102
	PrintStmt : PRINT '(' . ExprList ')'  (107)
	Receiver : .  (53)

	NULL  shift 53
	THIS  shift 54
	NEW  shift 60
	READ_INTEGER  shift 62
	READ_LINE  shift 63
	LITERAL  shift 64
	INSTANCEOF  shift 65
	VAR  shift 68
	'-'  shift 69
	'!'  shift 70
	'('  shift 71
	'['  shift 72
	IDENTIFIER  reduce 53

	Expr  goto 147
	LValue  goto 98
	Call  goto 99
	Receiver  goto 90
	Constant  goto 91
	ArrayConstant  goto 92
	ExprList  goto 148


state 103
	Expr : READ_INTEGER '(' . ')'  (81)

	')'  shift 149
	.  error


state 104
	Expr : READ_LINE '(' . ')'  (82)

	')'  shift 150
	.  error


state 105
	Expr : INSTANCEOF '(' . Expr ',' IDENTIFIER ')'  (86)
	Receiver : .  (53)

	NULL  shift 53
	THIS  shift 54
	NEW  shift 60
	READ_INTEGER  shift 62
	READ_LINE  shift 63
	LITERAL  shift 64
	INSTANCEOF  shift 65
	VAR  shift 68
	'-'  shift 69
	'!'  shift 70
	'('  shift 71
	'['  shift 72
	IDENTIFIER  reduce 53

	Expr  goto 151
	LValue  goto 98
	Call  goto 99
	Receiver  goto 90
	Constant  goto 91
	ArrayConstant  goto 92


state 106
	OCStmt : SCOPY '(' . IDENTIFIER ',' Expr ')'  (48)

	IDENTIFIER  shift 152
	.  error


state 107
	ForeachStmt : FOREACH '(' . BoundVariable IN Expr ')' Stmt  (40)

	VOID  shift 17
	BOOL  shift 18
	INT  shift 19
	STRING  shift 20
	CLASS  shift 21
	VAR  shift 153
	.  error

	Type  goto 154
	BoundVariable  goto 155


state 108
	LValue : VAR IDENTIFIER .  (54)

	.  reduce 54


state 109
	Receiver : Expr . '.'  (52)
	LValue : Expr . '[' Expr ']'  (56)
	Expr : Expr . ARRAY_REPEAT Constant  (58)
	Expr : Expr . ARRAY_CONCAT Expr  (59)
	Expr : Expr . '[' Expr ':' Expr ']'  (60)
	Expr : Expr . '[' Expr ']' DEFAULT Expr  (61)
	Expr : Expr . '+' Expr  (65)
	Expr : Expr . '-' Expr  (66)
	Expr : Expr . '*' Expr  (67)
	Expr : Expr . '/' Expr  (68)
	Expr : Expr . '%' Expr  (69)
	Expr : Expr . EQUAL Expr  (70)
	Expr : Expr . NOT_EQUAL Expr  (71)
	Expr : Expr . '<' Expr  (72)
	Expr : Expr . '>' Expr  (73)
	Expr : Expr . LESS_EQUAL Expr  (74)
	Expr : Expr . GREATER_EQUAL Expr  (75)
	Expr : Expr . AND Expr  (76)
	Expr : Expr . OR Expr  (77)
	Expr : '-' Expr .  (79)

	ARRAY_REPEAT  shift 127
	ARRAY_CONCAT  shift 128
	'.'  shift 136
	'['  shift 137
	AND  reduce 79
	OR  reduce 79
	LESS_EQUAL  reduce 79
	GREATER_EQUAL  reduce 79
	EQUAL  reduce 79
	NOT_EQUAL  reduce 79
	':'  reduce 79
	'+'  reduce 79
	'-'  reduce 79
	'*'  reduce 79
	'/'  reduce 79
	'%'  reduce 79
	'>'  reduce 79
	'<'  reduce 79
	','  reduce 79
	';'  reduce 79
	')'  reduce 79
	']'  reduce 79


state 110
	Receiver : Expr . '.'  (52)
	LValue : Expr . '[' Expr ']'  (56)
	Expr : Expr . ARRAY_REPEAT Constant  (58)
	Expr : Expr . ARRAY_CONCAT Expr  (59)
	Expr : Expr . '[' Expr ':' Expr ']'  (60)
	Expr : Expr . '[' Expr ']' DEFAULT Expr  (61)
	Expr : Expr . '+' Expr  (65)
	Expr : Expr . '-' Expr  (66)
	Expr : Expr . '*' Expr  (67)
	Expr : Expr . '/' Expr  (68)
	Expr : Expr . '%' Expr  (69)
	Expr : Expr . EQUAL Expr  (70)
	Expr : Expr . NOT_EQUAL Expr  (71)
	Expr : Expr . '<' Expr  (72)
	Expr : Expr . '>' Expr  (73)
	Expr : Expr . LESS_EQUAL Expr  (74)
	Expr : Expr . GREATER_EQUAL Expr  (75)
	Expr : Expr . AND Expr  (76)
	Expr : Expr . OR Expr  (77)
	Expr : '!' Expr .  (80)

	ARRAY_REPEAT  shift 127
	ARRAY_CONCAT  shift 128
	'.'  shift 136
	'['  shift 137
	AND  reduce 80
	OR  reduce 80
	LESS_EQUAL  reduce 80
	GREATER_EQUAL  reduce 80
	EQUAL  reduce 80
	NOT_EQUAL  reduce 80
	':'  reduce 80
	'+'  reduce 80
	'-'  reduce 80
	'*'  reduce 80
	'/'  reduce 80
	'%'  reduce 80
	'>'  reduce 80
	'<'  reduce 80
	','  reduce 80
	';'  reduce 80
	')'  reduce 80
	']'  reduce 80


state 111
	Expr : '(' CLASS . IDENTIFIER ')' Expr  (87)

	IDENTIFIER  shift 156
	.  error


state 112
	Receiver : Expr . '.'  (52)
	LValue : Expr . '[' Expr ']'  (56)
	Expr : Expr . ARRAY_REPEAT Constant  (58)
	Expr : Expr . ARRAY_CONCAT Expr  (59)
	Expr : Expr . '[' Expr ':' Expr ']'  (60)
	Expr : Expr . '[' Expr ']' DEFAULT Expr  (61)
	Expr : Expr . '+' Expr  (65)
	Expr : Expr . '-' Expr  (66)
	Expr : Expr . '*' Expr  (67)
	Expr : Expr . '/' Expr  (68)
	Expr : Expr . '%' Expr  (69)
	Expr : Expr . EQUAL Expr  (70)
	Expr : Expr . NOT_EQUAL Expr  (71)
	Expr : Expr . '<' Expr  (72)
	Expr : Expr . '>' Expr  (73)
	Expr : Expr . LESS_EQUAL Expr  (74)
	Expr : Expr . GREATER_EQUAL Expr  (75)
	Expr : Expr . AND Expr  (76)
	Expr : Expr . OR Expr  (77)
	Expr : '(' Expr . ')'  (78)

	AND  shift 121
	OR  shift 122
	LESS_EQUAL  shift 123
	GREATER_EQUAL  shift 124
	EQUAL  shift 125
	NOT_EQUAL  shift 126
	ARRAY_REPEAT  shift 127
	ARRAY_CONCAT  shift 128
	'+'  shift 129
	'-'  shift 130
	'*'  shift 131
	'/'  shift 132
	'%'  shift 133
	'>'  shift 134
	'<'  shift 135
	'.'  shift 136
	')'  shift 157
	'['  shift 137
	.  error


state 113
	ArrayConstant : '[' ']' .  (91)

	.  reduce 91


state 114
	ArrayInsider : Constant .  (94)

	.  reduce 94


state 115
	ArrayConstant : '[' ArrayInsider . ']'  (92)
	ArrayInsider : ArrayInsider . ',' Constant  (93)

	','  shift 158
	']'  shift 159
	.  error


state 116
	Stmt : OCStmt ';' .  (29)

	.  reduce 29


state 117
	Stmt : SimpleStmt ';' .  (32)

	.  reduce 32


state 118
	Stmt : ReturnStmt ';' .  (36)

	.  reduce 36


state 119
	Stmt : PrintStmt ';' .  (37)

	.  reduce 37


state 120
	Stmt : BreakStmt ';' .  (38)

	.  reduce 38


state 121
	Expr : Expr AND . Expr  (76)
	Receiver : .  (53)

	NULL  shift 53
	THIS  shift 54
	NEW  shift 60
	READ_INTEGER  shift 62
	READ_LINE  shift 63
	LITERAL  shift 64
	INSTANCEOF  shift 65
	VAR  shift 68
	'-'  shift 69
	'!'  shift 70
	'('  shift 71
	'['  shift 72
	IDENTIFIER  reduce 53

	Expr  goto 160
	LValue  goto 98
	Call  goto 99
	Receiver  goto 90
	Constant  goto 91
	ArrayConstant  goto 92


state 122
	Expr : Expr OR . Expr  (77)
	Receiver : .  (53)

	NULL  shift 53
	THIS  shift 54
	NEW  shift 60
	READ_INTEGER  shift 62
	READ_LINE  shift 63
	LITERAL  shift 64
	INSTANCEOF  shift 65
	VAR  shift 68
	'-'  shift 69
	'!'  shift 70
	'('  shift 71
	'['  shift 72
	IDENTIFIER  reduce 53

	Expr  goto 161
	LValue  goto 98
	Call  goto 99
	Receiver  goto 90
	Constant  goto 91
	ArrayConstant  goto 92


state 123
	Expr : Expr LESS_EQUAL . Expr  (74)
	Receiver : .  (53)

	NULL  shift 53
	THIS  shift 54
	NEW  shift 60
	READ_INTEGER  shift 62
	READ_LINE  shift 63
	LITERAL  shift 64
	INSTANCEOF  shift 65
	VAR  shift 68
	'-'  shift 69
	'!'  shift 70
	'('  shift 71
	'['  shift 72
	IDENTIFIER  reduce 53

	Expr  goto 162
	LValue  goto 98
	Call  goto 99
	Receiver  goto 90
	Constant  goto 91
	ArrayConstant  goto 92


state 124
	Expr : Expr GREATER_EQUAL . Expr  (75)
	Receiver : .  (53)

	NULL  shift 53
	THIS  shift 54
	NEW  shift 60
	READ_INTEGER  shift 62
	READ_LINE  shift 63
	LITERAL  shift 64
	INSTANCEOF  shift 65
	VAR  shift 68
	'-'  shift 69
	'!'  shift 70
	'('  shift 71
	'['  shift 72
	IDENTIFIER  reduce 53

	Expr  goto 163
	LValue  goto 98
	Call  goto 99
	Receiver  goto 90
	Constant  goto 91
	ArrayConstant  goto 92


state 125
	Expr : Expr EQUAL . Expr  (70)
	Receiver : .  (53)

	NULL  shift 53
	THIS  shift 54
	NEW  shift 60
	READ_INTEGER  shift 62
	READ_LINE  shift 63
	LITERAL  shift 64
	INSTANCEOF  shift 65
	VAR  shift 68
	'-'  shift 69
	'!'  shift 70
	'('  shift 71
	'['  shift 72
	IDENTIFIER  reduce 53

	Expr  goto 164
	LValue  goto 98
	Call  goto 99
	Receiver  goto 90
	Constant  goto 91
	ArrayConstant  goto 92


state 126
	Expr : Expr NOT_EQUAL . Expr  (71)
	Receiver : .  (53)

	NULL  shift 53
	THIS  shift 54
	NEW  shift 60
	READ_INTEGER  shift 62
	READ_LINE  shift 63
	LITERAL  shift 64
	INSTANCEOF  shift 65
	VAR  shift 68
	'-'  shift 69
	'!'  shift 70
	'('  shift 71
	'['  shift 72
	IDENTIFIER  reduce 53

	Expr  goto 165
	LValue  goto 98
	Call  goto 99
	Receiver  goto 90
	Constant  goto 91
	ArrayConstant  goto 92


state 127
	Expr : Expr ARRAY_REPEAT . Constant  (58)

	NULL  shift 53
	LITERAL  shift 64
	'['  shift 72
	.  error

	Constant  goto 166
	ArrayConstant  goto 92


state 128
	Expr : Expr ARRAY_CONCAT . Expr  (59)
	Receiver : .  (53)

	NULL  shift 53
	THIS  shift 54
	NEW  shift 60
	READ_INTEGER  shift 62
	READ_LINE  shift 63
	LITERAL  shift 64
	INSTANCEOF  shift 65
	VAR  shift 68
	'-'  shift 69
	'!'  shift 70
	'('  shift 71
	'['  shift 72
	IDENTIFIER  reduce 53

	Expr  goto 167
	LValue  goto 98
	Call  goto 99
	Receiver  goto 90
	Constant  goto 91
	ArrayConstant  goto 92


state 129
	Expr : Expr '+' . Expr  (65)
	Receiver : .  (53)

	NULL  shift 53
	THIS  shift 54
	NEW  shift 60
	READ_INTEGER  shift 62
	READ_LINE  shift 63
	LITERAL  shift 64
	INSTANCEOF  shift 65
	VAR  shift 68
	'-'  shift 69
	'!'  shift 70
	'('  shift 71
	'['  shift 72
	IDENTIFIER  reduce 53

	Expr  goto 168
	LValue  goto 98
	Call  goto 99
	Receiver  goto 90
	Constant  goto 91
	ArrayConstant  goto 92


state 130
	Expr : Expr '-' . Expr  (66)
	Receiver : .  (53)

	NULL  shift 53
	THIS  shift 54
	NEW  shift 60
	READ_INTEGER  shift 62
	READ_LINE  shift 63
	LITERAL  shift 64
	INSTANCEOF  shift 65
	VAR  shift 68
	'-'  shift 69
	'!'  shift 70
	'('  shift 71
	'['  shift 72
	IDENTIFIER  reduce 53

	Expr  goto 169
	LValue  goto 98
	Call  goto 99
	Receiver  goto 90
	Constant  goto 91
	ArrayConstant  goto 92


state 131
	Expr : Expr '*' . Expr  (67)
	Receiver : .  (53)

	NULL  shift 53
	THIS  shift 54
	NEW  shift 60
	READ_INTEGER  shift 62
	READ_LINE  shift 63
	LITERAL  shift 64
	INSTANCEOF  shift 65
	VAR  shift 68
	'-'  shift 69
	'!'  shift 70
	'('  shift 71
	'['  shift 72
	IDENTIFIER  reduce 53

	Expr  goto 170
	LValue  goto 98
	Call  goto 99
	Receiver  goto 90
	Constant  goto 91
	ArrayConstant  goto 92


state 132
	Expr : Expr '/' . Expr  (68)
	Receiver : .  (53)

	NULL  shift 53
	THIS  shift 54
	NEW  shift 60
	READ_INTEGER  shift 62
	READ_LINE  shift 63
	LITERAL  shift 64
	INSTANCEOF  shift 65
	VAR  shift 68
	'-'  shift 69
	'!'  shift 70
	'('  shift 71
	'['  shift 72
	IDENTIFIER  reduce 53

	Expr  goto 171
	LValue  goto 98
	Call  goto 99
	Receiver  goto 90
	Constant  goto 91
	ArrayConstant  goto 92


state 133
	Expr : Expr '%' . Expr  (69)
	Receiver : .  (53)

	NULL  shift 53
	THIS  shift 54
	NEW  shift 60
	READ_INTEGER  shift 62
	READ_LINE  shift 63
	LITERAL  shift 64
	INSTANCEOF  shift 65
	VAR  shift 68
	'-'  shift 69
	'!'  shift 70
	'('  shift 71
	'['  shift 72
	IDENTIFIER  reduce 53

	Expr  goto 172
	LValue  goto 98
	Call  goto 99
	Receiver  goto 90
	Constant  goto 91
	ArrayConstant  goto 92


state 134
	Expr : Expr '>' . Expr  (73)
	Receiver : .  (53)

	NULL  shift 53
	THIS  shift 54
	NEW  shift 60
	READ_INTEGER  shift 62
	READ_LINE  shift 63
	LITERAL  shift 64
	INSTANCEOF  shift 65
	VAR  shift 68
	'-'  shift 69
	'!'  shift 70
	'('  shift 71
	'['  shift 72
	IDENTIFIER  reduce 53

	Expr  goto 173
	LValue  goto 98
	Call  goto 99
	Receiver  goto 90
	Constant  goto 91
	ArrayConstant  goto 92


state 135
	Expr : Expr '<' . Expr  (72)
	Receiver : .  (53)

	NULL  shift 53
	THIS  shift 54
	NEW  shift 60
	READ_INTEGER  shift 62
	READ_LINE  shift 63
	LITERAL  shift 64
	INSTANCEOF  shift 65
	VAR  shift 68
	'-'  shift 69
	'!'  shift 70
	'('  shift 71
	'['  shift 72
	IDENTIFIER  reduce 53

	Expr  goto 174
	LValue  goto 98
	Call  goto 99
	Receiver  goto 90
	Constant  goto 91
	ArrayConstant  goto 92


state 136
	Receiver : Expr '.' .  (52)

	.  reduce 52


state 137
	LValue : Expr '[' . Expr ']'  (56)
	Expr : Expr '[' . Expr ':' Expr ']'  (60)
	Expr : Expr '[' . Expr ']' DEFAULT Expr  (61)
	Receiver : .  (53)

	NULL  shift 53
	THIS  shift 54
	NEW  shift 60
	READ_INTEGER  shift 62
	READ_LINE  shift 63
	LITERAL  shift 64
	INSTANCEOF  shift 65
	VAR  shift 68
	'-'  shift 69
	'!'  shift 70
	'('  shift 71
	'['  shift 72
	IDENTIFIER  reduce 53

	Expr  goto 175
	LValue  goto 98
	Call  goto 99
	Receiver  goto 90
	Constant  goto 91
	ArrayConstant  goto 92


state 138
	SimpleStmt : LValue '=' . Expr  (49)
	Receiver : .  (53)

	NULL  shift 53
	THIS  shift 54
	NEW  shift 60
	READ_INTEGER  shift 62
	READ_LINE  shift 63
	LITERAL  shift 64
	INSTANCEOF  shift 65
	VAR  shift 68
	'-'  shift 69
	'!'  shift 70
	'('  shift 71
	'['  shift 72
	IDENTIFIER  reduce 53

	Expr  goto 176
	LValue  goto 98
	Call  goto 99
	Receiver  goto 90
	Constant  goto 91
	ArrayConstant  goto 92


state 139
	LValue : Receiver IDENTIFIER .  (55)
	Call : Receiver IDENTIFIER . '(' Actuals ')'  (57)

	'('  shift 177
	AND  reduce 55
	OR  reduce 55
	LESS_EQUAL  reduce 55
	GREATER_EQUAL  reduce 55
	EQUAL  reduce 55
	NOT_EQUAL  reduce 55
	ARRAY_REPEAT  reduce 55
	ARRAY_CONCAT  reduce 55
	':'  reduce 55
	'+'  reduce 55
	'-'  reduce 55
	'*'  reduce 55
	'/'  reduce 55
	'%'  reduce 55
	'='  reduce 55
	'>'  reduce 55
	'<'  reduce 55
	'.'  reduce 55
	','  reduce 55
	';'  reduce 55
	')'  reduce 55
	'['  reduce 55
	']'  reduce 55


state 140
	Receiver : Expr . '.'  (52)
	LValue : Expr . '[' Expr ']'  (56)
	Expr : Expr . ARRAY_REPEAT Constant  (58)
	Expr : Expr . ARRAY_CONCAT Expr  (59)
	Expr : Expr . '[' Expr ':' Expr ']'  (60)
	Expr : Expr . '[' Expr ']' DEFAULT Expr  (61)
	Expr : Expr . '+' Expr  (65)
	Expr : Expr . '-' Expr  (66)
	Expr : Expr . '*' Expr  (67)
	Expr : Expr . '/' Expr  (68)
	Expr : Expr . '%' Expr  (69)
	Expr : Expr . EQUAL Expr  (70)
	Expr : Expr . NOT_EQUAL Expr  (71)
	Expr : Expr . '<' Expr  (72)
	Expr : Expr . '>' Expr  (73)
	Expr : Expr . LESS_EQUAL Expr  (74)
	Expr : Expr . GREATER_EQUAL Expr  (75)
	Expr : Expr . AND Expr  (76)
	Expr : Expr . OR Expr  (77)
	WhileStmt : WHILE '(' Expr . ')' Stmt  (99)

	AND  shift 121
	OR  shift 122
	LESS_EQUAL  shift 123
	GREATER_EQUAL  shift 124
	EQUAL  shift 125
	NOT_EQUAL  shift 126
	ARRAY_REPEAT  shift 127
	ARRAY_CONCAT  shift 128
	'+'  shift 129
	'-'  shift 130
	'*'  shift 131
	'/'  shift 132
	'%'  shift 133
	'>'  shift 134
	'<'  shift 135
	'.'  shift 136
	')'  shift 178
	'['  shift 137
	.  error


state 141
	ForStmt : FOR '(' SimpleStmt . ';' Expr ';' SimpleStmt ')' Stmt  (100)

	';'  shift 179
	.  error


state 142
	Receiver : Expr . '.'  (52)
	LValue : Expr . '[' Expr ']'  (56)
	Expr : Expr . ARRAY_REPEAT Constant  (58)
	Expr : Expr . ARRAY_CONCAT Expr  (59)
	Expr : Expr . '[' Expr ':' Expr ']'  (60)
	Expr : Expr . '[' Expr ']' DEFAULT Expr  (61)
	Expr : Expr . '+' Expr  (65)
	Expr : Expr . '-' Expr  (66)
	Expr : Expr . '*' Expr  (67)
	Expr : Expr . '/' Expr  (68)
	Expr : Expr . '%' Expr  (69)
	Expr : Expr . EQUAL Expr  (70)
	Expr : Expr . NOT_EQUAL Expr  (71)
	Expr : Expr . '<' Expr  (72)
	Expr : Expr . '>' Expr  (73)
	Expr : Expr . LESS_EQUAL Expr  (74)
	Expr : Expr . GREATER_EQUAL Expr  (75)
	Expr : Expr . AND Expr  (76)
	Expr : Expr . OR Expr  (77)
	IfStmt : IF '(' Expr . ')' Stmt ElseClause  (102)

	AND  shift 121
	OR  shift 122
	LESS_EQUAL  shift 123
	GREATER_EQUAL  shift 124
	EQUAL  shift 125
	NOT_EQUAL  shift 126
	ARRAY_REPEAT  shift 127
	ARRAY_CONCAT  shift 128
	'+'  shift 129
	'-'  shift 130
	'*'  shift 131
	'/'  shift 132
	'%'  shift 133
	'>'  shift 134
	'<'  shift 135
	'.'  shift 136
	')'  shift 180
	'['  shift 137
	.  error


state 143
	GuardedStmt : IF '{' '}' .  (44)

	.  reduce 44


state 144
	GuardedStmt : IF '{' IfBranchG . IfStmtG '}'  (43)
	IfBranchG : IfBranchG . IfStmtG DIVIDER  (45)
	Receiver : .  (53)

	NULL  shift 53
	THIS  shift 54
	NEW  shift 60
	READ_INTEGER  shift 62
	READ_LINE  shift 63
	LITERAL  shift 64
	INSTANCEOF  shift 65
	VAR  shift 68
	'-'  shift 69
	'!'  shift 70
	'('  shift 71
	'['  shift 72
	IDENTIFIER  reduce 53

	Expr  goto 181
	IfStmtG  goto 182
	LValue  goto 98
	Call  goto 99
	Receiver  goto 90
	Constant  goto 91
	ArrayConstant  goto 92


state 145
	Expr : NEW IDENTIFIER '(' . ')'  (84)

	')'  shift 183
	.  error


state 146
	Type : Type '[' . ']'  (11)
	Expr : NEW Type '[' . Expr ']'  (85)
	Receiver : .  (53)

	NULL  shift 53
	THIS  shift 54
	NEW  shift 60
	READ_INTEGER  shift 62
	READ_LINE  shift 63
	LITERAL  shift 64
	INSTANCEOF  shift 65
	VAR  shift 68
	'-'  shift 69
	'!'  shift 70
	'('  shift 71
	'['  shift 72
	']'  shift 37
	IDENTIFIER  reduce 53

	Expr  goto 184
	LValue  goto 98
	Call  goto 99
	Receiver  goto 90
	Constant  goto 91
	ArrayConstant  goto 92


state 147
	Receiver : Expr . '.'  (52)
	LValue : Expr . '[' Expr ']'  (56)
	Expr : Expr . ARRAY_REPEAT Constant  (58)
	Expr : Expr . ARRAY_CONCAT Expr  (59)
	Expr : Expr . '[' Expr ':' Expr ']'  (60)
	Expr : Expr . '[' Expr ']' DEFAULT Expr  (61)
	Expr : Expr . '+' Expr  (65)
	Expr : Expr . '-' Expr  (66)
	Expr : Expr . '*' Expr  (67)
	Expr : Expr . '/' Expr  (68)
	Expr : Expr . '%' Expr  (69)
	Expr : Expr . EQUAL Expr  (70)
	Expr : Expr . NOT_EQUAL Expr  (71)
	Expr : Expr . '<' Expr  (72)
	Expr : Expr . '>' Expr  (73)
	Expr : Expr . LESS_EQUAL Expr  (74)
	Expr : Expr . GREATER_EQUAL Expr  (75)
	Expr : Expr . AND Expr  (76)
	Expr : Expr . OR Expr  (77)
	ExprList : Expr .  (98)

	AND  shift 121
	OR  shift 122
	LESS_EQUAL  shift 123
	GREATER_EQUAL  shift 124
	EQUAL  shift 125
	NOT_EQUAL  shift 126
	ARRAY_REPEAT  shift 127
	ARRAY_CONCAT  shift 128
	'+'  shift 129
	'-'  shift 130
	'*'  shift 131
	'/'  shift 132
	'%'  shift 133
	'>'  shift 134
	'<'  shift 135
	'.'  shift 136
	'['  shift 137
	','  reduce 98
	')'  reduce 98


state 148
	ExprList : ExprList . ',' Expr  (97)
	PrintStmt : PRINT '(' ExprList . ')'  (107)

	','  shift 185
	')'  shift 186
	.  error


state 149
	Expr : READ_INTEGER '(' ')' .  (81)

	.  reduce 81


state 150
	Expr : READ_LINE '(' ')' .  (82)

	.  reduce 82


state 151
	Receiver : Expr . '.'  (52)
	LValue : Expr . '[' Expr ']'  (56)
	Expr : Expr . ARRAY_REPEAT Constant  (58)
	Expr : Expr . ARRAY_CONCAT Expr  (59)
	Expr : Expr . '[' Expr ':' Expr ']'  (60)
	Expr : Expr . '[' Expr ']' DEFAULT Expr  (61)
	Expr : Expr . '+' Expr  (65)
	Expr : Expr . '-' Expr  (66)
	Expr : Expr . '*' Expr  (67)
	Expr : Expr . '/' Expr  (68)
	Expr : Expr . '%' Expr  (69)
	Expr : Expr . EQUAL Expr  (70)
	Expr : Expr . NOT_EQUAL Expr  (71)
	Expr : Expr . '<' Expr  (72)
	Expr : Expr . '>' Expr  (73)
	Expr : Expr . LESS_EQUAL Expr  (74)
	Expr : Expr . GREATER_EQUAL Expr  (75)
	Expr : Expr . AND Expr  (76)
	Expr : Expr . OR Expr  (77)
	Expr : INSTANCEOF '(' Expr . ',' IDENTIFIER ')'  (86)

	AND  shift 121
	OR  shift 122
	LESS_EQUAL  shift 123
	GREATER_EQUAL  shift 124
	EQUAL  shift 125
	NOT_EQUAL  shift 126
	ARRAY_REPEAT  shift 127
	ARRAY_CONCAT  shift 128
	'+'  shift 129
	'-'  shift 130
	'*'  shift 131
	'/'  shift 132
	'%'  shift 133
	'>'  shift 134
	'<'  shift 135
	'.'  shift 136
	','  shift 187
	'['  shift 137
	.  error


state 152
	OCStmt : SCOPY '(' IDENTIFIER . ',' Expr ')'  (48)

	','  shift 188
	.  error


state 153
	BoundVariable : VAR . IDENTIFIER  (41)

	IDENTIFIER  shift 189
	.  error


state 154
	Type : Type . '[' ']'  (11)
	BoundVariable : Type . IDENTIFIER  (42)

	IDENTIFIER  shift 190
	'['  shift 33
	.  error


state 155
	ForeachStmt : FOREACH '(' BoundVariable . IN Expr ')' Stmt  (40)

	IN  shift 191
	.  error


state 156
	Expr : '(' CLASS IDENTIFIER . ')' Expr  (87)

	')'  shift 192
	.  error


state 157
	Expr : '(' Expr ')' .  (78)

	.  reduce 78


state 158
	ArrayInsider : ArrayInsider ',' . Constant  (93)

	NULL  shift 53
	LITERAL  shift 64
	'['  shift 72
	.  error

	Constant  goto 193
	ArrayConstant  goto 92


state 159
	ArrayConstant : '[' ArrayInsider ']' .  (92)

	.  reduce 92


state 160
	Receiver : Expr . '.'  (52)
	LValue : Expr . '[' Expr ']'  (56)
	Expr : Expr . ARRAY_REPEAT Constant  (58)
	Expr : Expr . ARRAY_CONCAT Expr  (59)
	Expr : Expr . '[' Expr ':' Expr ']'  (60)
	Expr : Expr . '[' Expr ']' DEFAULT Expr  (61)
	Expr : Expr . '+' Expr  (65)
	Expr : Expr . '-' Expr  (66)
	Expr : Expr . '*' Expr  (67)
	Expr : Expr . '/' Expr  (68)
	Expr : Expr . '%' Expr  (69)
	Expr : Expr . EQUAL Expr  (70)
	Expr : Expr . NOT_EQUAL Expr  (71)
	Expr : Expr . '<' Expr  (72)
	Expr : Expr . '>' Expr  (73)
	Expr : Expr . LESS_EQUAL Expr  (74)
	Expr : Expr . GREATER_EQUAL Expr  (75)
	Expr : Expr . AND Expr  (76)
	Expr : Expr AND Expr .  (76)
	Expr : Expr . OR Expr  (77)

	LESS_EQUAL  shift 123
	GREATER_EQUAL  shift 124
	EQUAL  shift 125
	NOT_EQUAL  shift 126
	ARRAY_REPEAT  shift 127
	ARRAY_CONCAT  shift 128
	'+'  shift 129
	'-'  shift 130
	'*'  shift 131
	'/'  shift 132
	'%'  shift 133
	'>'  shift 134
	'<'  shift 135
	'.'  shift 136
	'['  shift 137
	AND  reduce 76
	OR  reduce 76
	':'  reduce 76
	','  reduce 76
	';'  reduce 76
	')'  reduce 76
	']'  reduce 76


state 161
	Receiver : Expr . '.'  (52)
	LValue : Expr . '[' Expr ']'  (56)
	Expr : Expr . ARRAY_REPEAT Constant  (58)
	Expr : Expr . ARRAY_CONCAT Expr  (59)
	Expr : Expr . '[' Expr ':' Expr ']'  (60)
	Expr : Expr . '[' Expr ']' DEFAULT Expr  (61)
	Expr : Expr . '+' Expr  (65)
	Expr : Expr . '-' Expr  (66)
	Expr : Expr . '*' Expr  (67)
	Expr : Expr . '/' Expr  (68)
	Expr : Expr . '%' Expr  (69)
	Expr : Expr . EQUAL Expr  (70)
	Expr : Expr . NOT_EQUAL Expr  (71)
	Expr : Expr . '<' Expr  (72)
	Expr : Expr . '>' Expr  (73)
	Expr : Expr . LESS_EQUAL Expr  (74)
	Expr : Expr . GREATER_EQUAL Expr  (75)
	Expr : Expr . AND Expr  (76)
	Expr : Expr . OR Expr  (77)
	Expr : Expr OR Expr .  (77)

	AND  shift 121
	LESS_EQUAL  shift 123
	GREATER_EQUAL  shift 124
	EQUAL  shift 125
	NOT_EQUAL  shift 126
	ARRAY_REPEAT  shift 127
	ARRAY_CONCAT  shift 128
	'+'  shift 129
	'-'  shift 130
	'*'  shift 131
	'/'  shift 132
	'%'  shift 133
	'>'  shift 134
	'<'  shift 135
	'.'  shift 136
	'['  shift 137
	OR  reduce 77
	':'  reduce 77
	','  reduce 77
	';'  reduce 77
	')'  reduce 77
	']'  reduce 77


state 162
	Receiver : Expr . '.'  (52)
	LValue : Expr . '[' Expr ']'  (56)
	Expr : Expr . ARRAY_REPEAT Constant  (58)
	Expr : Expr . ARRAY_CONCAT Expr  (59)
	Expr : Expr . '[' Expr ':' Expr ']'  (60)
	Expr : Expr . '[' Expr ']' DEFAULT Expr  (61)
	Expr : Expr . '+' Expr  (65)
	Expr : Expr . '-' Expr  (66)
	Expr : Expr . '*' Expr  (67)
	Expr : Expr . '/' Expr  (68)
	Expr : Expr . '%' Expr  (69)
	Expr : Expr . EQUAL Expr  (70)
	Expr : Expr . NOT_EQUAL Expr  (71)
	Expr : Expr . '<' Expr  (72)
	Expr : Expr . '>' Expr  (73)
	Expr : Expr . LESS_EQUAL Expr  (74)
	Expr : Expr LESS_EQUAL Expr .  (74)
	Expr : Expr . GREATER_EQUAL Expr  (75)
	Expr : Expr . AND Expr  (76)
	Expr : Expr . OR Expr  (77)

	ARRAY_REPEAT  shift 127
	ARRAY_CONCAT  shift 128
	'+'  shift 129
	'-'  shift 130
	'*'  shift 131
	'/'  shift 132
	'%'  shift 133
	'.'  shift 136
	'['  shift 137
	AND  reduce 74
	OR  reduce 74
	EQUAL  reduce 74
	NOT_EQUAL  reduce 74
	':'  reduce 74
	','  reduce 74
	';'  reduce 74
	')'  reduce 74
	']'  reduce 74


state 163
	Receiver : Expr . '.'  (52)
	LValue : Expr . '[' Expr ']'  (56)
	Expr : Expr . ARRAY_REPEAT Constant  (58)
	Expr : Expr . ARRAY_CONCAT Expr  (59)
	Expr : Expr . '[' Expr ':' Expr ']'  (60)
	Expr : Expr . '[' Expr ']' DEFAULT Expr  (61)
	Expr : Expr . '+' Expr  (65)
	Expr : Expr . '-' Expr  (66)
	Expr : Expr . '*' Expr  (67)
	Expr : Expr . '/' Expr  (68)
	Expr : Expr . '%' Expr  (69)
	Expr : Expr . EQUAL Expr  (70)
	Expr : Expr . NOT_EQUAL Expr  (71)
	Expr : Expr . '<' Expr  (72)
	Expr : Expr . '>' Expr  (73)
	Expr : Expr . LESS_EQUAL Expr  (74)
	Expr : Expr . GREATER_EQUAL Expr  (75)
	Expr : Expr GREATER_EQUAL Expr .  (75)
	Expr : Expr . AND Expr  (76)
	Expr : Expr . OR Expr  (77)

	ARRAY_REPEAT  shift 127
	ARRAY_CONCAT  shift 128
	'+'  shift 129
	'-'  shift 130
	'*'  shift 131
	'/'  shift 132
	'%'  shift 133
	'.'  shift 136
	'['  shift 137
	AND  reduce 75
	OR  reduce 75
	EQUAL  reduce 75
	NOT_EQUAL  reduce 75
	':'  reduce 75
	','  reduce 75
	';'  reduce 75
	')'  reduce 75
	']'  reduce 75


state 164
	Receiver : Expr . '.'  (52)
	LValue : Expr . '[' Expr ']'  (56)
	Expr : Expr . ARRAY_REPEAT Constant  (58)
	Expr : Expr . ARRAY_CONCAT Expr  (59)
	Expr : Expr . '[' Expr ':' Expr ']'  (60)
	Expr : Expr . '[' Expr ']' DEFAULT Expr  (61)
	Expr : Expr . '+' Expr  (65)
	Expr : Expr . '-' Expr  (66)
	Expr : Expr . '*' Expr  (67)
	Expr : Expr . '/' Expr  (68)
	Expr : Expr . '%' Expr  (69)
	Expr : Expr . EQUAL Expr  (70)
	Expr : Expr EQUAL Expr .  (70)
	Expr : Expr . NOT_EQUAL Expr  (71)
	Expr : Expr . '<' Expr  (72)
	Expr : Expr . '>' Expr  (73)
	Expr : Expr . LESS_EQUAL Expr  (74)
	Expr : Expr . GREATER_EQUAL Expr  (75)
	Expr : Expr . AND Expr  (76)
	Expr : Expr . OR Expr  (77)

	LESS_EQUAL  shift 123
	GREATER_EQUAL  shift 124
	ARRAY_REPEAT  shift 127
	ARRAY_CONCAT  shift 128
	'+'  shift 129
	'-'  shift 130
	'*'  shift 131
	'/'  shift 132
	'%'  shift 133
	'>'  shift 134
	'<'  shift 135
	'.'  shift 136
	'['  shift 137
	AND  reduce 70
	OR  reduce 70
	':'  reduce 70
	','  reduce 70
	';'  reduce 70
	')'  reduce 70
	']'  reduce 70


state 165
	Receiver : Expr . '.'  (52)
	LValue : Expr . '[' Expr ']'  (56)
	Expr : Expr . ARRAY_REPEAT Constant  (58)
	Expr : Expr . ARRAY_CONCAT Expr  (59)
	Expr : Expr . '[' Expr ':' Expr ']'  (60)
	Expr : Expr . '[' Expr ']' DEFAULT Expr  (61)
	Expr : Expr . '+' Expr  (65)
	Expr : Expr . '-' Expr  (66)
	Expr : Expr . '*' Expr  (67)
	Expr : Expr . '/' Expr  (68)
	Expr : Expr . '%' Expr  (69)
	Expr : Expr . EQUAL Expr  (70)
	Expr : Expr . NOT_EQUAL Expr  (71)
	Expr : Expr NOT_EQUAL Expr .  (71)
	Expr : Expr . '<' Expr  (72)
	Expr : Expr . '>' Expr  (73)
	Expr : Expr . LESS_EQUAL Expr  (74)
	Expr : Expr . GREATER_EQUAL Expr  (75)
	Expr : Expr . AND Expr  (76)
	Expr : Expr . OR Expr  (77)

	LESS_EQUAL  shift 123
	GREATER_EQUAL  shift 124
	ARRAY_REPEAT  shift 127
	ARRAY_CONCAT  shift 128
	'+'  shift 129
	'-'  shift 130
	'*'  shift 131
	'/'  shift 132
	'%'  shift 133
	'>'  shift 134
	'<'  shift 135
	'.'  shift 136
	'['  shift 137
	AND  reduce 71
	OR  reduce 71
	':'  reduce 71
	','  reduce 71
	';'  reduce 71
	')'  reduce 71
	']'  reduce 71


state 166
	Expr : Expr ARRAY_REPEAT Constant .  (58)

	.  reduce 58


state 167
	Receiver : Expr . '.'  (52)
	LValue : Expr . '[' Expr ']'  (56)
	Expr : Expr . ARRAY_REPEAT Constant  (58)
	Expr : Expr . ARRAY_CONCAT Expr  (59)
	Expr : Expr ARRAY_CONCAT Expr .  (59)
	Expr : Expr . '[' Expr ':' Expr ']'  (60)
	Expr : Expr . '[' Expr ']' DEFAULT Expr  (61)
	Expr : Expr . '+' Expr  (65)
	Expr : Expr . '-' Expr  (66)
	Expr : Expr . '*' Expr  (67)
	Expr : Expr . '/' Expr  (68)
	Expr : Expr . '%' Expr  (69)
	Expr : Expr . EQUAL Expr  (70)
	Expr : Expr . NOT_EQUAL Expr  (71)
	Expr : Expr . '<' Expr  (72)
	Expr : Expr . '>' Expr  (73)
	Expr : Expr . LESS_EQUAL Expr  (74)
	Expr : Expr . GREATER_EQUAL Expr  (75)
	Expr : Expr . AND Expr  (76)
	Expr : Expr . OR Expr  (77)

	ARRAY_CONCAT  shift 128
	AND  reduce 59
	OR  reduce 59
	LESS_EQUAL  reduce 59
	GREATER_EQUAL  reduce 59
	EQUAL  reduce 59
	NOT_EQUAL  reduce 59
	ARRAY_REPEAT  reduce 59
	':'  reduce 59
	'+'  reduce 59
	'-'  reduce 59
	'*'  reduce 59
	'/'  reduce 59
	'%'  reduce 59
	'>'  reduce 59
	'<'  reduce 59
	'.'  reduce 59
	','  reduce 59
	';'  reduce 59
	')'  reduce 59
	'['  reduce 59
	']'  reduce 59


state 168
	Receiver : Expr . '.'  (52)
	LValue : Expr . '[' Expr ']'  (56)
	Expr : Expr . ARRAY_REPEAT Constant  (58)
	Expr : Expr . ARRAY_CONCAT Expr  (59)
	Expr : Expr . '[' Expr ':' Expr ']'  (60)
	Expr : Expr . '[' Expr ']' DEFAULT Expr  (61)
	Expr : Expr . '+' Expr  (65)
	Expr : Expr '+' Expr .  (65)
	Expr : Expr . '-' Expr  (66)
	Expr : Expr . '*' Expr  (67)
	Expr : Expr . '/' Expr  (68)
	Expr : Expr . '%' Expr  (69)
	Expr : Expr . EQUAL Expr  (70)
	Expr : Expr . NOT_EQUAL Expr  (71)
	Expr : Expr . '<' Expr  (72)
	Expr : Expr . '>' Expr  (73)
	Expr : Expr . LESS_EQUAL Expr  (74)
	Expr : Expr . GREATER_EQUAL Expr  (75)
	Expr : Expr . AND Expr  (76)
	Expr : Expr . OR Expr  (77)

	ARRAY_REPEAT  shift 127
	ARRAY_CONCAT  shift 128
	'*'  shift 131
	'/'  shift 132
	'%'  shift 133
	'.'  shift 136
	'['  shift 137
	AND  reduce 65
	OR  reduce 65
	LESS_EQUAL  reduce 65
	GREATER_EQUAL  reduce 65
	EQUAL  reduce 65
	NOT_EQUAL  reduce 65
	':'  reduce 65
	'+'  reduce 65
	'-'  reduce 65
	'>'  reduce 65
	'<'  reduce 65
	','  reduce 65
	';'  reduce 65
	')'  reduce 65
	']'  reduce 65


state 169
	Receiver : Expr . '.'  (52)
	LValue : Expr . '[' Expr ']'  (56)
	Expr : Expr . ARRAY_REPEAT Constant  (58)
	Expr : Expr . ARRAY_CONCAT Expr  (59)
	Expr : Expr . '[' Expr ':' Expr ']'  (60)
	Expr : Expr . '[' Expr ']' DEFAULT Expr  (61)
	Expr : Expr . '+' Expr  (65)
	Expr : Expr . '-' Expr  (66)
	Expr : Expr '-' Expr .  (66)
	Expr : Expr . '*' Expr  (67)
	Expr : Expr . '/' Expr  (68)
	Expr : Expr . '%' Expr  (69)
	Expr : Expr . EQUAL Expr  (70)
	Expr : Expr . NOT_EQUAL Expr  (71)
	Expr : Expr . '<' Expr  (72)
	Expr : Expr . '>' Expr  (73)
	Expr : Expr . LESS_EQUAL Expr  (74)
	Expr : Expr . GREATER_EQUAL Expr  (75)
	Expr : Expr . AND Expr  (76)
	Expr : Expr . OR Expr  (77)

	ARRAY_REPEAT  shift 127
	ARRAY_CONCAT  shift 128
	'*'  shift 131
	'/'  shift 132
	'%'  shift 133
	'.'  shift 136
	'['  shift 137
	AND  reduce 66
	OR  reduce 66
	LESS_EQUAL  reduce 66
	GREATER_EQUAL  reduce 66
	EQUAL  reduce 66
	NOT_EQUAL  reduce 66
	':'  reduce 66
	'+'  reduce 66
	'-'  reduce 66
	'>'  reduce 66
	'<'  reduce 66
	','  reduce 66
	';'  reduce 66
	')'  reduce 66
	']'  reduce 66


state 170
	Receiver : Expr . '.'  (52)
	LValue : Expr . '[' Expr ']'  (56)
	Expr : Expr . ARRAY_REPEAT Constant  (58)
	Expr : Expr . ARRAY_CONCAT Expr  (59)
	Expr : Expr . '[' Expr ':' Expr ']'  (60)
	Expr : Expr . '[' Expr ']' DEFAULT Expr  (61)
	Expr : Expr . '+' Expr  (65)
	Expr : Expr . '-' Expr  (66)
	Expr : Expr . '*' Expr  (67)
	Expr : Expr '*' Expr .  (67)
	Expr : Expr . '/' Expr  (68)
	Expr : Expr . '%' Expr  (69)
	Expr : Expr . EQUAL Expr  (70)
	Expr : Expr . NOT_EQUAL Expr  (71)
	Expr : Expr . '<' Expr  (72)
	Expr : Expr . '>' Expr  (73)
	Expr : Expr . LESS_EQUAL Expr  (74)
	Expr : Expr . GREATER_EQUAL Expr  (75)
	Expr : Expr . AND Expr  (76)
	Expr : Expr . OR Expr  (77)

	ARRAY_REPEAT  shift 127
	ARRAY_CONCAT  shift 128
	'.'  shift 136
	'['  shift 137
	AND  reduce 67
	OR  reduce 67
	LESS_EQUAL  reduce 67
	GREATER_EQUAL  reduce 67
	EQUAL  reduce 67
	NOT_EQUAL  reduce 67
	':'  reduce 67
	'+'  reduce 67
	'-'  reduce 67
	'*'  reduce 67
	'/'  reduce 67
	'%'  reduce 67
	'>'  reduce 67
	'<'  reduce 67
	','  reduce 67
	';'  reduce 67
	')'  reduce 67
	']'  reduce 67


state 171
	Receiver : Expr . '.'  (52)
	LValue : Expr . '[' Expr ']'  (56)
	Expr : Expr . ARRAY_REPEAT Constant  (58)
	Expr : Expr . ARRAY_CONCAT Expr  (59)
	Expr : Expr . '[' Expr ':' Expr ']'  (60)
	Expr : Expr . '[' Expr ']' DEFAULT Expr  (61)
	Expr : Expr . '+' Expr  (65)
	Expr : Expr . '-' Expr  (66)
	Expr : Expr . '*' Expr  (67)
	Expr : Expr . '/' Expr  (68)
	Expr : Expr '/' Expr .  (68)
	Expr : Expr . '%' Expr  (69)
	Expr : Expr . EQUAL Expr  (70)
	Expr : Expr . NOT_EQUAL Expr  (71)
	Expr : Expr . '<' Expr  (72)
	Expr : Expr . '>' Expr  (73)
	Expr : Expr . LESS_EQUAL Expr  (74)
	Expr : Expr . GREATER_EQUAL Expr  (75)
	Expr : Expr . AND Expr  (76)
	Expr : Expr . OR Expr  (77)

	ARRAY_REPEAT  shift 127
	ARRAY_CONCAT  shift 128
	'.'  shift 136
	'['  shift 137
	AND  reduce 68
	OR  reduce 68
	LESS_EQUAL  reduce 68
	GREATER_EQUAL  reduce 68
	EQUAL  reduce 68
	NOT_EQUAL  reduce 68
	':'  reduce 68
	'+'  reduce 68
	'-'  reduce 68
	'*'  reduce 68
	'/'  reduce 68
	'%'  reduce 68
	'>'  reduce 68
	'<'  reduce 68
	','  reduce 68
	';'  reduce 68
	')'  reduce 68
	']'  reduce 68


state 172
	Receiver : Expr . '.'  (52)
	LValue : Expr . '[' Expr ']'  (56)
	Expr : Expr . ARRAY_REPEAT Constant  (58)
	Expr : Expr . ARRAY_CONCAT Expr  (59)
	Expr : Expr . '[' Expr ':' Expr ']'  (60)
	Expr : Expr . '[' Expr ']' DEFAULT Expr  (61)
	Expr : Expr . '+' Expr  (65)
	Expr : Expr . '-' Expr  (66)
	Expr : Expr . '*' Expr  (67)
	Expr : Expr . '/' Expr  (68)
	Expr : Expr . '%' Expr  (69)
	Expr : Expr '%' Expr .  (69)
	Expr : Expr . EQUAL Expr  (70)
	Expr : Expr . NOT_EQUAL Expr  (71)
	Expr : Expr . '<' Expr  (72)
	Expr : Expr . '>' Expr  (73)
	Expr : Expr . LESS_EQUAL Expr  (74)
	Expr : Expr . GREATER_EQUAL Expr  (75)
	Expr : Expr . AND Expr  (76)
	Expr : Expr . OR Expr  (77)

	ARRAY_REPEAT  shift 127
	ARRAY_CONCAT  shift 128
	'.'  shift 136
	'['  shift 137
	AND  reduce 69
	OR  reduce 69
	LESS_EQUAL  reduce 69
	GREATER_EQUAL  reduce 69
	EQUAL  reduce 69
	NOT_EQUAL  reduce 69
	':'  reduce 69
	'+'  reduce 69
	'-'  reduce 69
	'*'  reduce 69
	'/'  reduce 69
	'%'  reduce 69
	'>'  reduce 69
	'<'  reduce 69
	','  reduce 69
	';'  reduce 69
	')'  reduce 69
	']'  reduce 69


state 173
	Receiver : Expr . '.'  (52)
	LValue : Expr . '[' Expr ']'  (56)
	Expr : Expr . ARRAY_REPEAT Constant  (58)
	Expr : Expr . ARRAY_CONCAT Expr  (59)
	Expr : Expr . '[' Expr ':' Expr ']'  (60)
	Expr : Expr . '[' Expr ']' DEFAULT Expr  (61)
	Expr : Expr . '+' Expr  (65)
	Expr : Expr . '-' Expr  (66)
	Expr : Expr . '*' Expr  (67)
	Expr : Expr . '/' Expr  (68)
	Expr : Expr . '%' Expr  (69)
	Expr : Expr . EQUAL Expr  (70)
	Expr : Expr . NOT_EQUAL Expr  (71)
	Expr : Expr . '<' Expr  (72)
	Expr : Expr . '>' Expr  (73)
	Expr : Expr '>' Expr .  (73)
	Expr : Expr . LESS_EQUAL Expr  (74)
	Expr : Expr . GREATER_EQUAL Expr  (75)
	Expr : Expr . AND Expr  (76)
	Expr : Expr . OR Expr  (77)

	ARRAY_REPEAT  shift 127
	ARRAY_CONCAT  shift 128
	'+'  shift 129
	'-'  shift 130
	'*'  shift 131
	'/'  shift 132
	'%'  shift 133
	'.'  shift 136
	'['  shift 137
	AND  reduce 73
	OR  reduce 73
	EQUAL  reduce 73
	NOT_EQUAL  reduce 73
	':'  reduce 73
	','  reduce 73
	';'  reduce 73
	')'  reduce 73
	']'  reduce 73


state 174
	Receiver : Expr . '.'  (52)
	LValue : Expr . '[' Expr ']'  (56)
	Expr : Expr . ARRAY_REPEAT Constant  (58)
	Expr : Expr . ARRAY_CONCAT Expr  (59)
	Expr : Expr . '[' Expr ':' Expr ']'  (60)
	Expr : Expr . '[' Expr ']' DEFAULT Expr  (61)
	Expr : Expr . '+' Expr  (65)
	Expr : Expr . '-' Expr  (66)
	Expr : Expr . '*' Expr  (67)
	Expr : Expr . '/' Expr  (68)
	Expr : Expr . '%' Expr  (69)
	Expr : Expr . EQUAL Expr  (70)
	Expr : Expr . NOT_EQUAL Expr  (71)
	Expr : Expr . '<' Expr  (72)
	Expr : Expr '<' Expr .  (72)
	Expr : Expr . '>' Expr  (73)
	Expr : Expr . LESS_EQUAL Expr  (74)
	Expr : Expr . GREATER_EQUAL Expr  (75)
	Expr : Expr . AND Expr  (76)
	Expr : Expr . OR Expr  (77)

	ARRAY_REPEAT  shift 127
	ARRAY_CONCAT  shift 128
	'+'  shift 129
	'-'  shift 130
	'*'  shift 131
	'/'  shift 132
	'%'  shift 133
	'.'  shift 136
	'['  shift 137
	AND  reduce 72
	OR  reduce 72
	EQUAL  reduce 72
	NOT_EQUAL  reduce 72
	':'  reduce 72
	','  reduce 72
	';'  reduce 72
	')'  reduce 72
	']'  reduce 72


state 175
	Receiver : Expr . '.'  (52)
	LValue : Expr . '[' Expr ']'  (56)
	LValue : Expr '[' Expr . ']'  (56)
	Expr : Expr . ARRAY_REPEAT Constant  (58)
	Expr : Expr . ARRAY_CONCAT Expr  (59)
	Expr : Expr . '[' Expr ':' Expr ']'  (60)
	Expr : Expr '[' Expr . ':' Expr ']'  (60)
	Expr : Expr . '[' Expr ']' DEFAULT Expr  (61)
	Expr : Expr '[' Expr . ']' DEFAULT Expr  (61)
	Expr : Expr . '+' Expr  (65)
	Expr : Expr . '-' Expr  (66)
	Expr : Expr . '*' Expr  (67)
	Expr : Expr . '/' Expr  (68)
	Expr : Expr . '%' Expr  (69)
	Expr : Expr . EQUAL Expr  (70)
	Expr : Expr . NOT_EQUAL Expr  (71)
	Expr : Expr . '<' Expr  (72)
	Expr : Expr . '>' Expr  (73)
	Expr : Expr . LESS_EQUAL Expr  (74)
	Expr : Expr . GREATER_EQUAL Expr  (75)
	Expr : Expr . AND Expr  (76)
	Expr : Expr . OR Expr  (77)

	AND  shift 121
	OR  shift 122
	LESS_EQUAL  shift 123
	GREATER_EQUAL  shift 124
	EQUAL  shift 125
	NOT_EQUAL  shift 126
	ARRAY_REPEAT  shift 127
	ARRAY_CONCAT  shift 128
	':'  shift 194
	'+'  shift 129
	'-'  shift 130
	'*'  shift 131
	'/'  shift 132
	'%'  shift 133
	'>'  shift 134
	'<'  shift 135
	'.'  shift 136
	'['  shift 137
	']'  shift 195
	.  error


state 176
	SimpleStmt : LValue '=' Expr .  (49)
	Receiver : Expr . '.'  (52)
	LValue : Expr . '[' Expr ']'  (56)
	Expr : Expr . ARRAY_REPEAT Constant  (58)
	Expr : Expr . ARRAY_CONCAT Expr  (59)
	Expr : Expr . '[' Expr ':' Expr ']'  (60)
	Expr : Expr . '[' Expr ']' DEFAULT Expr  (61)
	Expr : Expr . '+' Expr  (65)
	Expr : Expr . '-' Expr  (66)
	Expr : Expr . '*' Expr  (67)
	Expr : Expr . '/' Expr  (68)
	Expr : Expr . '%' Expr  (69)
	Expr : Expr . EQUAL Expr  (70)
	Expr : Expr . NOT_EQUAL Expr  (71)
	Expr : Expr . '<' Expr  (72)
	Expr : Expr . '>' Expr  (73)
	Expr : Expr . LESS_EQUAL Expr  (74)
	Expr : Expr . GREATER_EQUAL Expr  (75)
	Expr : Expr . AND Expr  (76)
	Expr : Expr . OR Expr  (77)

	AND  shift 121
	OR  shift 122
	LESS_EQUAL  shift 123
	GREATER_EQUAL  shift 124
	EQUAL  shift 125
	NOT_EQUAL  shift 126
	ARRAY_REPEAT  shift 127
	ARRAY_CONCAT  shift 128
	'+'  shift 129
	'-'  shift 130
	'*'  shift 131
	'/'  shift 132
	'%'  shift 133
	'>'  shift 134
	'<'  shift 135
	'.'  shift 136
	'['  shift 137
	';'  reduce 49
	')'  reduce 49


state 177
	Call : Receiver IDENTIFIER '(' . Actuals ')'  (57)
	Receiver : .  (53)
	Actuals : .  (96)

	NULL  shift 53
	THIS  shift 54
	NEW  shift 60
	READ_INTEGER  shift 62
	READ_LINE  shift 63
	LITERAL  shift 64
	INSTANCEOF  shift 65
	VAR  shift 68
	'-'  shift 69
	'!'  shift 70
	'('  shift 71
	'['  shift 72
	IDENTIFIER  reduce 53
	')'  reduce 96

	Expr  goto 147
	LValue  goto 98
	Call  goto 99
	Receiver  goto 90
	Actuals  goto 196
	Constant  goto 91
	ArrayConstant  goto 92
	ExprList  goto 197


state 178
	WhileStmt : WHILE '(' Expr ')' . Stmt  (99)
	SimpleStmt : .  (51)
	Receiver : .  (53)

	VOID  shift 17
	BOOL  shift 18
	INT  shift 19
	STRING  shift 20
	CLASS  shift 21
	NULL  shift 53
	THIS  shift 54
	WHILE  shift 55
	FOR  shift 56
	IF  shift 57
	RETURN  shift 58
	BREAK  shift 59
	NEW  shift 60
	PRINT  shift 61
	READ_INTEGER  shift 62
	READ_LINE  shift 63
	LITERAL  shift 64
	INSTANCEOF  shift 65
	SCOPY  shift 66
	FOREACH  shift 67
	VAR  shift 68
	'-'  shift 69
	'!'  shift 70
	'('  shift 71
	'['  shift 72
	'{'  shift 48
	IDENTIFIER  reduce 53
	';'  reduce 51

	VariableDef  goto 74
	Variable  goto 25
	Type  goto 40
	StmtBlock  goto 75
	Stmt  goto 198
	ForeachStmt  goto 77
	OCStmt  goto 78
	GuardedStmt  goto 79
	SimpleStmt  goto 80
	IfStmt  goto 81
	WhileStmt  goto 82
	ForStmt  goto 83
	ReturnStmt  goto 84
	PrintStmt  goto 85
	BreakStmt  goto 86
	Expr  goto 87
	LValue  goto 88
	Call  goto 89
	Receiver  goto 90
	Constant  goto 91
	ArrayConstant  goto 92


state 179
	ForStmt : FOR '(' SimpleStmt ';' . Expr ';' SimpleStmt ')' Stmt  (100)
	Receiver : .  (53)

	NULL  shift 53
	THIS  shift 54
	NEW  shift 60
	READ_INTEGER  shift 62
	READ_LINE  shift 63
	LITERAL  shift 64
	INSTANCEOF  shift 65
	VAR  shift 68
	'-'  shift 69
	'!'  shift 70
	'('  shift 71
	'['  shift 72
	IDENTIFIER  reduce 53

	Expr  goto 199
	LValue  goto 98
	Call  goto 99
	Receiver  goto 90
	Constant  goto 91
	ArrayConstant  goto 92


state 180
	IfStmt : IF '(' Expr ')' . Stmt ElseClause  (102)
	SimpleStmt : .  (51)
	Receiver : .  (53)

	VOID  shift 17
	BOOL  shift 18
	INT  shift 19
	STRING  shift 20
	CLASS  shift 21
	NULL  shift 53
	THIS  shift 54
	WHILE  shift 55
	FOR  shift 56
	IF  shift 57
	RETURN  shift 58
	BREAK  shift 59
	NEW  shift 60
	PRINT  shift 61
	READ_INTEGER  shift 62
	READ_LINE  shift 63
	LITERAL  shift 64
	INSTANCEOF  shift 65
	SCOPY  shift 66
	FOREACH  shift 67
	VAR  shift 68
	'-'  shift 69
	'!'  shift 70
	'('  shift 71
	'['  shift 72
	'{'  shift 48
	IDENTIFIER  reduce 53
	';'  reduce 51

	VariableDef  goto 74
	Variable  goto 25
	Type  goto 40
	StmtBlock  goto 75
	Stmt  goto 200
	ForeachStmt  goto 77
	OCStmt  goto 78
	GuardedStmt  goto 79
	SimpleStmt  goto 80
	IfStmt  goto 81
	WhileStmt  goto 82
	ForStmt  goto 83
	ReturnStmt  goto 84
	PrintStmt  goto 85
	BreakStmt  goto 86
	Expr  goto 87
	LValue  goto 88
	Call  goto 89
	Receiver  goto 90
	Constant  goto 91
	ArrayConstant  goto 92


state 181
	IfStmtG : Expr . ':' Stmt  (47)
	Receiver : Expr . '.'  (52)
	LValue : Expr . '[' Expr ']'  (56)
	Expr : Expr . ARRAY_REPEAT Constant  (58)
	Expr : Expr . ARRAY_CONCAT Expr  (59)
	Expr : Expr . '[' Expr ':' Expr ']'  (60)
	Expr : Expr . '[' Expr ']' DEFAULT Expr  (61)
	Expr : Expr . '+' Expr  (65)
	Expr : Expr . '-' Expr  (66)
	Expr : Expr . '*' Expr  (67)
	Expr : Expr . '/' Expr  (68)
	Expr : Expr . '%' Expr  (69)
	Expr : Expr . EQUAL Expr  (70)
	Expr : Expr . NOT_EQUAL Expr  (71)
	Expr : Expr . '<' Expr  (72)
	Expr : Expr . '>' Expr  (73)
	Expr : Expr . LESS_EQUAL Expr  (74)
	Expr : Expr . GREATER_EQUAL Expr  (75)
	Expr : Expr . AND Expr  (76)
	Expr : Expr . OR Expr  (77)

	AND  shift 121
	OR  shift 122
	LESS_EQUAL  shift 123
	GREATER_EQUAL  shift 124
	EQUAL  shift 125
	NOT_EQUAL  shift 126
	ARRAY_REPEAT  shift 127
	ARRAY_CONCAT  shift 128
	':'  shift 201
	'+'  shift 129
	'-'  shift 130
	'*'  shift 131
	'/'  shift 132
	'%'  shift 133
	'>'  shift 134
	'<'  shift 135
	'.'  shift 136
	'['  shift 137
	.  error


state 182
	GuardedStmt : IF '{' IfBranchG IfStmtG . '}'  (43)
	IfBranchG : IfBranchG IfStmtG . DIVIDER  (45)

	DIVIDER  shift 202
	'}'  shift 203
	.  error


state 183
	Expr : NEW IDENTIFIER '(' ')' .  (84)

	.  reduce 84


state 184
	Receiver : Expr . '.'  (52)
	LValue : Expr . '[' Expr ']'  (56)
	Expr : Expr . ARRAY_REPEAT Constant  (58)
	Expr : Expr . ARRAY_CONCAT Expr  (59)
	Expr : Expr . '[' Expr ':' Expr ']'  (60)
	Expr : Expr . '[' Expr ']' DEFAULT Expr  (61)
	Expr : Expr . '+' Expr  (65)
	Expr : Expr . '-' Expr  (66)
	Expr : Expr . '*' Expr  (67)
	Expr : Expr . '/' Expr  (68)
	Expr : Expr . '%' Expr  (69)
	Expr : Expr . EQUAL Expr  (70)
	Expr : Expr . NOT_EQUAL Expr  (71)
	Expr : Expr . '<' Expr  (72)
	Expr : Expr . '>' Expr  (73)
	Expr : Expr . LESS_EQUAL Expr  (74)
	Expr : Expr . GREATER_EQUAL Expr  (75)
	Expr : Expr . AND Expr  (76)
	Expr : Expr . OR Expr  (77)
	Expr : NEW Type '[' Expr . ']'  (85)

	AND  shift 121
	OR  shift 122
	LESS_EQUAL  shift 123
	GREATER_EQUAL  shift 124
	EQUAL  shift 125
	NOT_EQUAL  shift 126
	ARRAY_REPEAT  shift 127
	ARRAY_CONCAT  shift 128
	'+'  shift 129
	'-'  shift 130
	'*'  shift 131
	'/'  shift 132
	'%'  shift 133
	'>'  shift 134
	'<'  shift 135
	'.'  shift 136
	'['  shift 137
	']'  shift 204
	.  error


state 185
	ExprList : ExprList ',' . Expr  (97)
	Receiver : .  (53)

	NULL  shift 53
	THIS  shift 54
	NEW  shift 60
	READ_INTEGER  shift 62
	READ_LINE  shift 63
	LITERAL  shift 64
	INSTANCEOF  shift 65
	VAR  shift 68
	'-'  shift 69
	'!'  shift 70
	'('  shift 71
	'['  shift 72
	IDENTIFIER  reduce 53

	Expr  goto 205
	LValue  goto 98
	Call  goto 99
	Receiver  goto 90
	Constant  goto 91
	ArrayConstant  goto 92


state 186
	PrintStmt : PRINT '(' ExprList ')' .  (107)

	.  reduce 107


state 187
	Expr : INSTANCEOF '(' Expr ',' . IDENTIFIER ')'  (86)

	IDENTIFIER  shift 206
	.  error


state 188
	OCStmt : SCOPY '(' IDENTIFIER ',' . Expr ')'  (48)
	Receiver : .  (53)

	NULL  shift 53
	THIS  shift 54
	NEW  shift 60
	READ_INTEGER  shift 62
	READ_LINE  shift 63
	LITERAL  shift 64
	INSTANCEOF  shift 65
	VAR  shift 68
	'-'  shift 69
	'!'  shift 70
	'('  shift 71
	'['  shift 72
	IDENTIFIER  reduce 53

	Expr  goto 207
	LValue  goto 98
	Call  goto 99
	Receiver  goto 90
	Constant  goto 91
	ArrayConstant  goto 92


state 189
	BoundVariable : VAR IDENTIFIER .  (41)

	.  reduce 41


state 190
	BoundVariable : Type IDENTIFIER .  (42)

	.  reduce 42


state 191
	ForeachStmt : FOREACH '(' BoundVariable IN . Expr ')' Stmt  (40)
	Receiver : .  (53)

	NULL  shift 53
	THIS  shift 54
	NEW  shift 60
	READ_INTEGER  shift 62
	READ_LINE  shift 63
	LITERAL  shift 64
	INSTANCEOF  shift 65
	VAR  shift 68
	'-'  shift 69
	'!'  shift 70
	'('  shift 71
	'['  shift 72
	IDENTIFIER  reduce 53

	Expr  goto 208
	LValue  goto 98
	Call  goto 99
	Receiver  goto 90
	Constant  goto 91
	ArrayConstant  goto 92


state 192
	Expr : '(' CLASS IDENTIFIER ')' . Expr  (87)
	Receiver : .  (53)

	NULL  shift 53
	THIS  shift 54
	NEW  shift 60
	READ_INTEGER  shift 62
	READ_LINE  shift 63
	LITERAL  shift 64
	INSTANCEOF  shift 65
	VAR  shift 68
	'-'  shift 69
	'!'  shift 70
	'('  shift 71
	'['  shift 72
	IDENTIFIER  reduce 53

	Expr  goto 209
	LValue  goto 98
	Call  goto 99
	Receiver  goto 90
	Constant  goto 91
	ArrayConstant  goto 92


state 193
	ArrayInsider : ArrayInsider ',' Constant .  (93)

	.  reduce 93


state 194
	Expr : Expr '[' Expr ':' . Expr ']'  (60)
	Receiver : .  (53)

	NULL  shift 53
	THIS  shift 54
	NEW  shift 60
	READ_INTEGER  shift 62
	READ_LINE  shift 63
	LITERAL  shift 64
	INSTANCEOF  shift 65
	VAR  shift 68
	'-'  shift 69
	'!'  shift 70
	'('  shift 71
	'['  shift 72
	IDENTIFIER  reduce 53

	Expr  goto 210
	LValue  goto 98
	Call  goto 99
	Receiver  goto 90
	Constant  goto 91
	ArrayConstant  goto 92


state 195
	LValue : Expr '[' Expr ']' .  (56)
	Expr : Expr '[' Expr ']' . DEFAULT Expr  (61)

	DEFAULT  shift 211
	AND  reduce 56
	OR  reduce 56
	LESS_EQUAL  reduce 56
	GREATER_EQUAL  reduce 56
	EQUAL  reduce 56
	NOT_EQUAL  reduce 56
	ARRAY_REPEAT  reduce 56
	ARRAY_CONCAT  reduce 56
	':'  reduce 56
	'+'  reduce 56
	'-'  reduce 56
	'*'  reduce 56
	'/'  reduce 56
	'%'  reduce 56
	'='  reduce 56
	'>'  reduce 56
	'<'  reduce 56
	'.'  reduce 56
	','  reduce 56
	';'  reduce 56
	')'  reduce 56
	'['  reduce 56
	']'  reduce 56


state 196
	Call : Receiver IDENTIFIER '(' Actuals . ')'  (57)

	')'  shift 212
	.  error


state 197
	Actuals : ExprList .  (95)
	ExprList : ExprList . ',' Expr  (97)

	','  shift 185
	')'  reduce 95


state 198
	WhileStmt : WHILE '(' Expr ')' Stmt .  (99)

	.  reduce 99


state 199
	Receiver : Expr . '.'  (52)
	LValue : Expr . '[' Expr ']'  (56)
	Expr : Expr . ARRAY_REPEAT Constant  (58)
	Expr : Expr . ARRAY_CONCAT Expr  (59)
	Expr : Expr . '[' Expr ':' Expr ']'  (60)
	Expr : Expr . '[' Expr ']' DEFAULT Expr  (61)
	Expr : Expr . '+' Expr  (65)
	Expr : Expr . '-' Expr  (66)
	Expr : Expr . '*' Expr  (67)
	Expr : Expr . '/' Expr  (68)
	Expr : Expr . '%' Expr  (69)
	Expr : Expr . EQUAL Expr  (70)
	Expr : Expr . NOT_EQUAL Expr  (71)
	Expr : Expr . '<' Expr  (72)
	Expr : Expr . '>' Expr  (73)
	Expr : Expr . LESS_EQUAL Expr  (74)
	Expr : Expr . GREATER_EQUAL Expr  (75)
	Expr : Expr . AND Expr  (76)
	Expr : Expr . OR Expr  (77)
	ForStmt : FOR '(' SimpleStmt ';' Expr . ';' SimpleStmt ')' Stmt  (100)

	AND  shift 121
	OR  shift 122
	LESS_EQUAL  shift 123
	GREATER_EQUAL  shift 124
	EQUAL  shift 125
	NOT_EQUAL  shift 126
	ARRAY_REPEAT  shift 127
	ARRAY_CONCAT  shift 128
	'+'  shift 129
	'-'  shift 130
	'*'  shift 131
	'/'  shift 132
	'%'  shift 133
	'>'  shift 134
	'<'  shift 135
	'.'  shift 136
	';'  shift 213
	'['  shift 137
	.  error


state 200
	IfStmt : IF '(' Expr ')' Stmt . ElseClause  (102)
	ElseClause : .  (104)

	ELSE  shift 214
	VOID  reduce 104
	BOOL  reduce 104
	INT  reduce 104
	STRING  reduce 104
	CLASS  reduce 104
	NULL  reduce 104
	THIS  reduce 104
	WHILE  reduce 104
	FOR  reduce 104
	IF  reduce 104
	RETURN  reduce 104
	BREAK  reduce 104
	NEW  reduce 104
	PRINT  reduce 104
	READ_INTEGER  reduce 104
	READ_LINE  reduce 104
	LITERAL  reduce 104
	IDENTIFIER  reduce 104
	INSTANCEOF  reduce 104
	DIVIDER  reduce 104
	SCOPY  reduce 104
	FOREACH  reduce 104
	VAR  reduce 104
	'-'  reduce 104
	';'  reduce 104
	'!'  reduce 104
	'('  reduce 104
	'['  reduce 104
	'{'  reduce 104
	'}'  reduce 104

	ElseClause  goto 215


state 201
	IfStmtG : Expr ':' . Stmt  (47)
	SimpleStmt : .  (51)
	Receiver : .  (53)

	VOID  shift 17
	BOOL  shift 18
	INT  shift 19
	STRING  shift 20
	CLASS  shift 21
	NULL  shift 53
	THIS  shift 54
	WHILE  shift 55
	FOR  shift 56
	IF  shift 57
	RETURN  shift 58
	BREAK  shift 59
	NEW  shift 60
	PRINT  shift 61
	READ_INTEGER  shift 62
	READ_LINE  shift 63
	LITERAL  shift 64
	INSTANCEOF  shift 65
	SCOPY  shift 66
	FOREACH  shift 67
	VAR  shift 68
	'-'  shift 69
	'!'  shift 70
	'('  shift 71
	'['  shift 72
	'{'  shift 48
	IDENTIFIER  reduce 53
	';'  reduce 51

	VariableDef  goto 74
	Variable  goto 25
	Type  goto 40
	StmtBlock  goto 75
	Stmt  goto 216
	ForeachStmt  goto 77
	OCStmt  goto 78
	GuardedStmt  goto 79
	SimpleStmt  goto 80
	IfStmt  goto 81
	WhileStmt  goto 82
	ForStmt  goto 83
	ReturnStmt  goto 84
	PrintStmt  goto 85
	BreakStmt  goto 86
	Expr  goto 87
	LValue  goto 88
	Call  goto 89
	Receiver  goto 90
	Constant  goto 91
	ArrayConstant  goto 92


state 202
	IfBranchG : IfBranchG IfStmtG DIVIDER .  (45)

	.  reduce 45


state 203
	GuardedStmt : IF '{' IfBranchG IfStmtG '}' .  (43)

	.  reduce 43


state 204
	Expr : NEW Type '[' Expr ']' .  (85)

	.  reduce 85


state 205
	Receiver : Expr . '.'  (52)
	LValue : Expr . '[' Expr ']'  (56)
	Expr : Expr . ARRAY_REPEAT Constant  (58)
	Expr : Expr . ARRAY_CONCAT Expr  (59)
	Expr : Expr . '[' Expr ':' Expr ']'  (60)
	Expr : Expr . '[' Expr ']' DEFAULT Expr  (61)
	Expr : Expr . '+' Expr  (65)
	Expr : Expr . '-' Expr  (66)
	Expr : Expr . '*' Expr  (67)
	Expr : Expr . '/' Expr  (68)
	Expr : Expr . '%' Expr  (69)
	Expr : Expr . EQUAL Expr  (70)
	Expr : Expr . NOT_EQUAL Expr  (71)
	Expr : Expr . '<' Expr  (72)
	Expr : Expr . '>' Expr  (73)
	Expr : Expr . LESS_EQUAL Expr  (74)
	Expr : Expr . GREATER_EQUAL Expr  (75)
	Expr : Expr . AND Expr  (76)
	Expr : Expr . OR Expr  (77)
	ExprList : ExprList ',' Expr .  (97)

	AND  shift 121
	OR  shift 122
	LESS_EQUAL  shift 123
	GREATER_EQUAL  shift 124
	EQUAL  shift 125
	NOT_EQUAL  shift 126
	ARRAY_REPEAT  shift 127
	ARRAY_CONCAT  shift 128
	'+'  shift 129
	'-'  shift 130
	'*'  shift 131
	'/'  shift 132
	'%'  shift 133
	'>'  shift 134
	'<'  shift 135
	'.'  shift 136
	'['  shift 137
	','  reduce 97
	')'  reduce 97


state 206
	Expr : INSTANCEOF '(' Expr ',' IDENTIFIER . ')'  (86)

	')'  shift 217
	.  error


state 207
	OCStmt : SCOPY '(' IDENTIFIER ',' Expr . ')'  (48)
	Receiver : Expr . '.'  (52)
	LValue : Expr . '[' Expr ']'  (56)
	Expr : Expr . ARRAY_REPEAT Constant  (58)
	Expr : Expr . ARRAY_CONCAT Expr  (59)
	Expr : Expr . '[' Expr ':' Expr ']'  (60)
	Expr : Expr . '[' Expr ']' DEFAULT Expr  (61)
	Expr : Expr . '+' Expr  (65)
	Expr : Expr . '-' Expr  (66)
	Expr : Expr . '*' Expr  (67)
	Expr : Expr . '/' Expr  (68)
	Expr : Expr . '%' Expr  (69)
	Expr : Expr . EQUAL Expr  (70)
	Expr : Expr . NOT_EQUAL Expr  (71)
	Expr : Expr . '<' Expr  (72)
	Expr : Expr . '>' Expr  (73)
	Expr : Expr . LESS_EQUAL Expr  (74)
	Expr : Expr . GREATER_EQUAL Expr  (75)
	Expr : Expr . AND Expr  (76)
	Expr : Expr . OR Expr  (77)

	AND  shift 121
	OR  shift 122
	LESS_EQUAL  shift 123
	GREATER_EQUAL  shift 124
	EQUAL  shift 125
	NOT_EQUAL  shift 126
	ARRAY_REPEAT  shift 127
	ARRAY_CONCAT  shift 128
	'+'  shift 129
	'-'  shift 130
	'*'  shift 131
	'/'  shift 132
	'%'  shift 133
	'>'  shift 134
	'<'  shift 135
	'.'  shift 136
	')'  shift 218
	'['  shift 137
	.  error


state 208
	ForeachStmt : FOREACH '(' BoundVariable IN Expr . ')' Stmt  (40)
	Receiver : Expr . '.'  (52)
	LValue : Expr . '[' Expr ']'  (56)
	Expr : Expr . ARRAY_REPEAT Constant  (58)
	Expr : Expr . ARRAY_CONCAT Expr  (59)
	Expr : Expr . '[' Expr ':' Expr ']'  (60)
	Expr : Expr . '[' Expr ']' DEFAULT Expr  (61)
	Expr : Expr . '+' Expr  (65)
	Expr : Expr . '-' Expr  (66)
	Expr : Expr . '*' Expr  (67)
	Expr : Expr . '/' Expr  (68)
	Expr : Expr . '%' Expr  (69)
	Expr : Expr . EQUAL Expr  (70)
	Expr : Expr . NOT_EQUAL Expr  (71)
	Expr : Expr . '<' Expr  (72)
	Expr : Expr . '>' Expr  (73)
	Expr : Expr . LESS_EQUAL Expr  (74)
	Expr : Expr . GREATER_EQUAL Expr  (75)
	Expr : Expr . AND Expr  (76)
	Expr : Expr . OR Expr  (77)

	AND  shift 121
	OR  shift 122
	LESS_EQUAL  shift 123
	GREATER_EQUAL  shift 124
	EQUAL  shift 125
	NOT_EQUAL  shift 126
	ARRAY_REPEAT  shift 127
	ARRAY_CONCAT  shift 128
	'+'  shift 129
	'-'  shift 130
	'*'  shift 131
	'/'  shift 132
	'%'  shift 133
	'>'  shift 134
	'<'  shift 135
	'.'  shift 136
	')'  shift 219
	'['  shift 137
	.  error


state 209
	Receiver : Expr . '.'  (52)
	LValue : Expr . '[' Expr ']'  (56)
	Expr : Expr . ARRAY_REPEAT Constant  (58)
	Expr : Expr . ARRAY_CONCAT Expr  (59)
	Expr : Expr . '[' Expr ':' Expr ']'  (60)
	Expr : Expr . '[' Expr ']' DEFAULT Expr  (61)
	Expr : Expr . '+' Expr  (65)
	Expr : Expr . '-' Expr  (66)
	Expr : Expr . '*' Expr  (67)
	Expr : Expr . '/' Expr  (68)
	Expr : Expr . '%' Expr  (69)
	Expr : Expr . EQUAL Expr  (70)
	Expr : Expr . NOT_EQUAL Expr  (71)
	Expr : Expr . '<' Expr  (72)
	Expr : Expr . '>' Expr  (73)
	Expr : Expr . LESS_EQUAL Expr  (74)
	Expr : Expr . GREATER_EQUAL Expr  (75)
	Expr : Expr . AND Expr  (76)
	Expr : Expr . OR Expr  (77)
	Expr : '(' CLASS IDENTIFIER ')' Expr .  (87)

	ARRAY_REPEAT  shift 127
	ARRAY_CONCAT  shift 128
	AND  reduce 87
	OR  reduce 87
	LESS_EQUAL  reduce 87
	GREATER_EQUAL  reduce 87
	EQUAL  reduce 87
	NOT_EQUAL  reduce 87
	':'  reduce 87
	'+'  reduce 87
	'-'  reduce 87
	'*'  reduce 87
	'/'  reduce 87
	'%'  reduce 87
	'>'  reduce 87
	'<'  reduce 87
	'.'  reduce 87
	','  reduce 87
	';'  reduce 87
	')'  reduce 87
	'['  reduce 87
	']'  reduce 87


state 210
	Receiver : Expr . '.'  (52)
	LValue : Expr . '[' Expr ']'  (56)
	Expr : Expr . ARRAY_REPEAT Constant  (58)
	Expr : Expr . ARRAY_CONCAT Expr  (59)
	Expr : Expr . '[' Expr ':' Expr ']'  (60)
	Expr : Expr '[' Expr ':' Expr . ']'  (60)
	Expr : Expr . '[' Expr ']' DEFAULT Expr  (61)
	Expr : Expr . '+' Expr  (65)
	Expr : Expr . '-' Expr  (66)
	Expr : Expr . '*' Expr  (67)
	Expr : Expr . '/' Expr  (68)
	Expr : Expr . '%' Expr  (69)
	Expr : Expr . EQUAL Expr  (70)
	Expr : Expr . NOT_EQUAL Expr  (71)
	Expr : Expr . '<' Expr  (72)
	Expr : Expr . '>' Expr  (73)
	Expr : Expr . LESS_EQUAL Expr  (74)
	Expr : Expr . GREATER_EQUAL Expr  (75)
	Expr : Expr . AND Expr  (76)
	Expr : Expr . OR Expr  (77)

	AND  shift 121
	OR  shift 122
	LESS_EQUAL  shift 123
	GREATER_EQUAL  shift 124
	EQUAL  shift 125
	NOT_EQUAL  shift 126
	ARRAY_REPEAT  shift 127
	ARRAY_CONCAT  shift 128
	'+'  shift 129
	'-'  shift 130
	'*'  shift 131
	'/'  shift 132
	'%'  shift 133
	'>'  shift 134
	'<'  shift 135
	'.'  shift 136
	'['  shift 137
	']'  shift 220
	.  error


state 211
	Expr : Expr '[' Expr ']' DEFAULT . Expr  (61)
	Receiver : .  (53)

	NULL  shift 53
	THIS  shift 54
	NEW  shift 60
	READ_INTEGER  shift 62
	READ_LINE  shift 63
	LITERAL  shift 64
	INSTANCEOF  shift 65
	VAR  shift 68
	'-'  shift 69
	'!'  shift 70
	'('  shift 71
	'['  shift 72
	IDENTIFIER  reduce 53

	Expr  goto 221
	LValue  goto 98
	Call  goto 99
	Receiver  goto 90
	Constant  goto 91
	ArrayConstant  goto 92


state 212
	Call : Receiver IDENTIFIER '(' Actuals ')' .  (57)

	.  reduce 57


state 213
	ForStmt : FOR '(' SimpleStmt ';' Expr ';' . SimpleStmt ')' Stmt  (100)
	SimpleStmt : .  (51)
	Receiver : .  (53)

	NULL  shift 53
	THIS  shift 54
	NEW  shift 60
	READ_INTEGER  shift 62
	READ_LINE  shift 63
	LITERAL  shift 64
	INSTANCEOF  shift 65
	VAR  shift 68
	'-'  shift 69
	'!'  shift 70
	'('  shift 71
	'['  shift 72
	IDENTIFIER  reduce 53
	')'  reduce 51

	SimpleStmt  goto 222
	Expr  goto 87
	LValue  goto 88
	Call  goto 89
	Receiver  goto 90
	Constant  goto 91
	ArrayConstant  goto 92


state 214
	ElseClause : ELSE . Stmt  (103)
	SimpleStmt : .  (51)
	Receiver : .  (53)

	VOID  shift 17
	BOOL  shift 18
	INT  shift 19
	STRING  shift 20
	CLASS  shift 21
	NULL  shift 53
	THIS  shift 54
	WHILE  shift 55
	FOR  shift 56
	IF  shift 57
	RETURN  shift 58
	BREAK  shift 59
	NEW  shift 60
	PRINT  shift 61
	READ_INTEGER  shift 62
	READ_LINE  shift 63
	LITERAL  shift 64
	INSTANCEOF  shift 65
	SCOPY  shift 66
	FOREACH  shift 67
	VAR  shift 68
	'-'  shift 69
	'!'  shift 70
	'('  shift 71
	'['  shift 72
	'{'  shift 48
	IDENTIFIER  reduce 53
	';'  reduce 51

	VariableDef  goto 74
	Variable  goto 25
	Type  goto 40
	StmtBlock  goto 75
	Stmt  goto 223
	ForeachStmt  goto 77
	OCStmt  goto 78
	GuardedStmt  goto 79
	SimpleStmt  goto 80
	IfStmt  goto 81
	WhileStmt  goto 82
	ForStmt  goto 83
	ReturnStmt  goto 84
	PrintStmt  goto 85
	BreakStmt  goto 86
	Expr  goto 87
	LValue  goto 88
	Call  goto 89
	Receiver  goto 90
	Constant  goto 91
	ArrayConstant  goto 92


state 215
	IfStmt : IF '(' Expr ')' Stmt ElseClause .  (102)

	.  reduce 102


state 216
	IfStmtG : Expr ':' Stmt .  (47)

	.  reduce 47


state 217
	Expr : INSTANCEOF '(' Expr ',' IDENTIFIER ')' .  (86)

	.  reduce 86


state 218
	OCStmt : SCOPY '(' IDENTIFIER ',' Expr ')' .  (48)

	.  reduce 48


state 219
	ForeachStmt : FOREACH '(' BoundVariable IN Expr ')' . Stmt  (40)
	SimpleStmt : .  (51)
	Receiver : .  (53)

	VOID  shift 17
	BOOL  shift 18
	INT  shift 19
	STRING  shift 20
	CLASS  shift 21
	NULL  shift 53
	THIS  shift 54
	WHILE  shift 55
	FOR  shift 56
	IF  shift 57
	RETURN  shift 58
	BREAK  shift 59
	NEW  shift 60
	PRINT  shift 61
	READ_INTEGER  shift 62
	READ_LINE  shift 63
	LITERAL  shift 64
	INSTANCEOF  shift 65
	SCOPY  shift 66
	FOREACH  shift 67
	VAR  shift 68
	'-'  shift 69
	'!'  shift 70
	'('  shift 71
	'['  shift 72
	'{'  shift 48
	IDENTIFIER  reduce 53
	';'  reduce 51

	VariableDef  goto 74
	Variable  goto 25
	Type  goto 40
	StmtBlock  goto 75
	Stmt  goto 224
	ForeachStmt  goto 77
	OCStmt  goto 78
	GuardedStmt  goto 79
	SimpleStmt  goto 80
	IfStmt  goto 81
	WhileStmt  goto 82
	ForStmt  goto 83
	ReturnStmt  goto 84
	PrintStmt  goto 85
	BreakStmt  goto 86
	Expr  goto 87
	LValue  goto 88
	Call  goto 89
	Receiver  goto 90
	Constant  goto 91
	ArrayConstant  goto 92


state 220
	Expr : Expr '[' Expr ':' Expr ']' .  (60)

	.  reduce 60


221: shift/reduce conflict (shift 121, reduce 61) on AND
221: shift/reduce conflict (shift 122, reduce 61) on OR
221: shift/reduce conflict (shift 123, reduce 61) on LESS_EQUAL
221: shift/reduce conflict (shift 124, reduce 61) on GREATER_EQUAL
221: shift/reduce conflict (shift 125, reduce 61) on EQUAL
221: shift/reduce conflict (shift 126, reduce 61) on NOT_EQUAL
221: shift/reduce conflict (shift 127, reduce 61) on ARRAY_REPEAT
221: shift/reduce conflict (shift 128, reduce 61) on ARRAY_CONCAT
221: shift/reduce conflict (shift 129, reduce 61) on '+'
221: shift/reduce conflict (shift 130, reduce 61) on '-'
221: shift/reduce conflict (shift 131, reduce 61) on '*'
221: shift/reduce conflict (shift 132, reduce 61) on '/'
221: shift/reduce conflict (shift 133, reduce 61) on '%'
221: shift/reduce conflict (shift 134, reduce 61) on '>'
221: shift/reduce conflict (shift 135, reduce 61) on '<'
221: shift/reduce conflict (shift 136, reduce 61) on '.'
221: shift/reduce conflict (shift 137, reduce 61) on '['
state 221
	Receiver : Expr . '.'  (52)
	LValue : Expr . '[' Expr ']'  (56)
	Expr : Expr . ARRAY_REPEAT Constant  (58)
	Expr : Expr . ARRAY_CONCAT Expr  (59)
	Expr : Expr . '[' Expr ':' Expr ']'  (60)
	Expr : Expr . '[' Expr ']' DEFAULT Expr  (61)
	Expr : Expr '[' Expr ']' DEFAULT Expr .  (61)
	Expr : Expr . '+' Expr  (65)
	Expr : Expr . '-' Expr  (66)
	Expr : Expr . '*' Expr  (67)
	Expr : Expr . '/' Expr  (68)
	Expr : Expr . '%' Expr  (69)
	Expr : Expr . EQUAL Expr  (70)
	Expr : Expr . NOT_EQUAL Expr  (71)
	Expr : Expr . '<' Expr  (72)
	Expr : Expr . '>' Expr  (73)
	Expr : Expr . LESS_EQUAL Expr  (74)
	Expr : Expr . GREATER_EQUAL Expr  (75)
	Expr : Expr . AND Expr  (76)
	Expr : Expr . OR Expr  (77)

	AND  shift 121
	OR  shift 122
	LESS_EQUAL  shift 123
	GREATER_EQUAL  shift 124
	EQUAL  shift 125
	NOT_EQUAL  shift 126
	ARRAY_REPEAT  shift 127
	ARRAY_CONCAT  shift 128
	'+'  shift 129
	'-'  shift 130
	'*'  shift 131
	'/'  shift 132
	'%'  shift 133
	'>'  shift 134
	'<'  shift 135
	'.'  shift 136
	'['  shift 137
	':'  reduce 61
	','  reduce 61
	';'  reduce 61
	')'  reduce 61
	']'  reduce 61


state 222
	ForStmt : FOR '(' SimpleStmt ';' Expr ';' SimpleStmt . ')' Stmt  (100)

	')'  shift 225
	.  error


state 223
	ElseClause : ELSE Stmt .  (103)

	.  reduce 103


state 224
	ForeachStmt : FOREACH '(' BoundVariable IN Expr ')' Stmt .  (40)

	.  reduce 40


state 225
	ForStmt : FOR '(' SimpleStmt ';' Expr ';' SimpleStmt ')' . Stmt  (100)
	SimpleStmt : .  (51)
	Receiver : .  (53)

	VOID  shift 17
	BOOL  shift 18
	INT  shift 19
	STRING  shift 20
	CLASS  shift 21
	NULL  shift 53
	THIS  shift 54
	WHILE  shift 55
	FOR  shift 56
	IF  shift 57
	RETURN  shift 58
	BREAK  shift 59
	NEW  shift 60
	PRINT  shift 61
	READ_INTEGER  shift 62
	READ_LINE  shift 63
	LITERAL  shift 64
	INSTANCEOF  shift 65
	SCOPY  shift 66
	FOREACH  shift 67
	VAR  shift 68
	'-'  shift 69
	'!'  shift 70
	'('  shift 71
	'['  shift 72
	'{'  shift 48
	IDENTIFIER  reduce 53
	';'  reduce 51

	VariableDef  goto 74
	Variable  goto 25
	Type  goto 40
	StmtBlock  goto 75
	Stmt  goto 226
	ForeachStmt  goto 77
	OCStmt  goto 78
	GuardedStmt  goto 79
	SimpleStmt  goto 80
	IfStmt  goto 81
	WhileStmt  goto 82
	ForStmt  goto 83
	ReturnStmt  goto 84
	PrintStmt  goto 85
	BreakStmt  goto 86
	Expr  goto 87
	LValue  goto 88
	Call  goto 89
	Receiver  goto 90
	Constant  goto 91
	ArrayConstant  goto 92


state 226
	ForStmt : FOR '(' SimpleStmt ';' Expr ';' SimpleStmt ')' Stmt .  (100)

	.  reduce 100


State 221 contains 17 shift/reduce conflicts.


60 terminals, 38 nonterminals
108 grammar rules, 227 states
