   0  $accept : Program $end

   1  Program : ClassList

   2  ClassList : ClassList ClassDef
   3            | ClassDef

   4  VariableDef : Variable ';'

   5  Variable : Type IDENTIFIER

   6  Type : INT
   7       | VOID
   8       | BOOL
   9       | STRING
  10       | CLASS IDENTIFIER
  11       | Type '[' ']'

  12  ClassDef : SEALED CLASS IDENTIFIER ExtendsClause '{' FieldList '}'
  13           | CLASS IDENTIFIER ExtendsClause '{' FieldList '}'

  14  ExtendsClause : EXTENDS IDENTIFIER
  15                |

  16  FieldList : FieldList VariableDef
  17            | FieldList FunctionDef
  18            |

  19  Formals : VariableList
  20          |

  21  VariableList : VariableList ',' Variable
  22               | Variable

  23  FunctionDef : STATIC Type IDENTIFIER '(' Formals ')' StmtBlock
  24              | Type IDENTIFIER '(' Formals ')' StmtBlock

  25  StmtBlock : '{' StmtList '}'

  26  StmtList : StmtList Stmt
  27           |

  28  Stmt : ForeachStmt
  29       | OCStmt ';'
  30       | GuardedStmt
  31       | VariableDef
  32       | SimpleStmt ';'
  33       | IfStmt
  34       | WhileStmt
  35       | ForStmt
  36       | ReturnStmt ';'
  37       | PrintStmt ';'
  38       | BreakStmt ';'
  39       | StmtBlock

  40  ForeachStmt : FOREACH '(' BoundVariable IN Expr ')' Stmt
  41              | FOREACH '(' BoundVariable IN Expr WHILE Expr ')' Stmt

  42  BoundVariable : VAR IDENTIFIER
  43                | Type IDENTIFIER

  44  GuardedStmt : IF '{' IfBranchG IfStmtG '}'
  45              | IF '{' '}'

  46  IfBranchG : IfBranchG IfStmtG DIVIDER
  47            |

  48  IfStmtG : Expr ':' Stmt

  49  OCStmt : SCOPY '(' IDENTIFIER ',' Expr ')'

  50  SimpleStmt : LValuel '=' Expr
  51             | VAR IDENTIFIER '=' Expr
  52             | Call
  53             |

  54  Receiver : Expr '.'
  55           |

  56  LValuel : Receiver IDENTIFIER
  57          | ArrayIndex

  58  ArrayIndex : Expr '[' Expr ']'

  59  ArraySlice : Expr '[' Expr ']'

  60  LValue : VAR IDENTIFIER
  61         | Receiver IDENTIFIER
  62         | ArrayIndex

  63  Call : Receiver IDENTIFIER '(' Actuals ')'

  64  BoolExpr : Expr

  65  Expr : LISTFORL Expr FOR IDENTIFIER IN Expr LISTFORR
  66       | LISTFORL Expr FOR IDENTIFIER IN Expr IF BoolExpr LISTFORR
  67       | Expr '[' Expr ':' Expr ']'
  68       | ArraySlice DEFAULT Expr
  69       | LValue
  70       | Call
  71       | Constant
  72       | Expr '+' Expr
  73       | Expr '-' Expr
  74       | Expr '*' Expr
  75       | Expr '/' Expr
  76       | Expr '%' Expr
  77       | Expr EQUAL Expr
  78       | Expr NOT_EQUAL Expr
  79       | Expr ARRAY_REPEAT Expr
  80       | Expr ARRAY_CONCAT Expr
  81       | Expr '<' Expr
  82       | Expr '>' Expr
  83       | Expr LESS_EQUAL Expr
  84       | Expr GREATER_EQUAL Expr
  85       | Expr AND Expr
  86       | Expr OR Expr
  87       | '(' Expr ')'
  88       | '-' Expr
  89       | '!' Expr
  90       | READ_INTEGER '(' ')'
  91       | READ_LINE '(' ')'
  92       | THIS
  93       | NEW IDENTIFIER '(' ')'
  94       | NEW Type '[' Expr ']'
  95       | INSTANCEOF '(' Expr ',' IDENTIFIER ')'
  96       | '(' CLASS IDENTIFIER ')' Expr

  97  Constant : ArrayConstant
  98           | LITERAL
  99           | NULL

 100  ArrayConstant : '[' ']'
 101                | '[' ArrayInsider ']'

 102  ArrayInsider : ArrayInsider ',' Constant
 103               | Constant

 104  Actuals : ExprList
 105          |

 106  ExprList : ExprList ',' Expr
 107           | Expr

 108  WhileStmt : WHILE '(' Expr ')' Stmt

 109  ForStmt : FOR '(' SimpleStmt ';' Expr ';' SimpleStmt ')' Stmt

 110  BreakStmt : BREAK

 111  IfStmt : IF '(' Expr ')' Stmt ElseClause

 112  ElseClause : ELSE Stmt
 113             |

 114  ReturnStmt : RETURN Expr
 115             | RETURN

 116  PrintStmt : PRINT '(' ExprList ')'

state 0
	$accept : . Program $end  (0)

	CLASS  shift 1
	SEALED  shift 2
	.  error

	Program  goto 3
	ClassList  goto 4
	ClassDef  goto 5


state 1
	ClassDef : CLASS . IDENTIFIER ExtendsClause '{' FieldList '}'  (13)

	IDENTIFIER  shift 6
	.  error


state 2
	ClassDef : SEALED . CLASS IDENTIFIER ExtendsClause '{' FieldList '}'  (12)

	CLASS  shift 7
	.  error


state 3
	$accept : Program . $end  (0)

	$end  accept


state 4
	Program : ClassList .  (1)
	ClassList : ClassList . ClassDef  (2)

	CLASS  shift 1
	SEALED  shift 2
	$end  reduce 1

	ClassDef  goto 8


state 5
	ClassList : ClassDef .  (3)

	.  reduce 3


state 6
	ClassDef : CLASS IDENTIFIER . ExtendsClause '{' FieldList '}'  (13)
	ExtendsClause : .  (15)

	EXTENDS  shift 9
	'{'  reduce 15

	ExtendsClause  goto 10


state 7
	ClassDef : SEALED CLASS . IDENTIFIER ExtendsClause '{' FieldList '}'  (12)

	IDENTIFIER  shift 11
	.  error


state 8
	ClassList : ClassList ClassDef .  (2)

	.  reduce 2


state 9
	ExtendsClause : EXTENDS . IDENTIFIER  (14)

	IDENTIFIER  shift 12
	.  error


state 10
	ClassDef : CLASS IDENTIFIER ExtendsClause . '{' FieldList '}'  (13)

	'{'  shift 13
	.  error


state 11
	ClassDef : SEALED CLASS IDENTIFIER . ExtendsClause '{' FieldList '}'  (12)
	ExtendsClause : .  (15)

	EXTENDS  shift 9
	'{'  reduce 15

	ExtendsClause  goto 14


state 12
	ExtendsClause : EXTENDS IDENTIFIER .  (14)

	.  reduce 14


state 13
	ClassDef : CLASS IDENTIFIER ExtendsClause '{' . FieldList '}'  (13)
	FieldList : .  (18)

	.  reduce 18

	FieldList  goto 15


state 14
	ClassDef : SEALED CLASS IDENTIFIER ExtendsClause . '{' FieldList '}'  (12)

	'{'  shift 16
	.  error


state 15
	ClassDef : CLASS IDENTIFIER ExtendsClause '{' FieldList . '}'  (13)
	FieldList : FieldList . VariableDef  (16)
	FieldList : FieldList . FunctionDef  (17)

	VOID  shift 17
	BOOL  shift 18
	INT  shift 19
	STRING  shift 20
	CLASS  shift 21
	STATIC  shift 22
	'}'  shift 23
	.  error

	VariableDef  goto 24
	Variable  goto 25
	Type  goto 26
	FunctionDef  goto 27


state 16
	ClassDef : SEALED CLASS IDENTIFIER ExtendsClause '{' . FieldList '}'  (12)
	FieldList : .  (18)

	.  reduce 18

	FieldList  goto 28


state 17
	Type : VOID .  (7)

	.  reduce 7


state 18
	Type : BOOL .  (8)

	.  reduce 8


state 19
	Type : INT .  (6)

	.  reduce 6


state 20
	Type : STRING .  (9)

	.  reduce 9


state 21
	Type : CLASS . IDENTIFIER  (10)

	IDENTIFIER  shift 29
	.  error


state 22
	FunctionDef : STATIC . Type IDENTIFIER '(' Formals ')' StmtBlock  (23)

	VOID  shift 17
	BOOL  shift 18
	INT  shift 19
	STRING  shift 20
	CLASS  shift 21
	.  error

	Type  goto 30


state 23
	ClassDef : CLASS IDENTIFIER ExtendsClause '{' FieldList '}' .  (13)

	.  reduce 13


state 24
	FieldList : FieldList VariableDef .  (16)

	.  reduce 16


state 25
	VariableDef : Variable . ';'  (4)

	';'  shift 31
	.  error


state 26
	Variable : Type . IDENTIFIER  (5)
	Type : Type . '[' ']'  (11)
	FunctionDef : Type . IDENTIFIER '(' Formals ')' StmtBlock  (24)

	IDENTIFIER  shift 32
	'['  shift 33
	.  error


state 27
	FieldList : FieldList FunctionDef .  (17)

	.  reduce 17


state 28
	ClassDef : SEALED CLASS IDENTIFIER ExtendsClause '{' FieldList . '}'  (12)
	FieldList : FieldList . VariableDef  (16)
	FieldList : FieldList . FunctionDef  (17)

	VOID  shift 17
	BOOL  shift 18
	INT  shift 19
	STRING  shift 20
	CLASS  shift 21
	STATIC  shift 22
	'}'  shift 34
	.  error

	VariableDef  goto 24
	Variable  goto 25
	Type  goto 26
	FunctionDef  goto 27


state 29
	Type : CLASS IDENTIFIER .  (10)

	.  reduce 10


state 30
	Type : Type . '[' ']'  (11)
	FunctionDef : STATIC Type . IDENTIFIER '(' Formals ')' StmtBlock  (23)

	IDENTIFIER  shift 35
	'['  shift 33
	.  error


state 31
	VariableDef : Variable ';' .  (4)

	.  reduce 4


state 32
	Variable : Type IDENTIFIER .  (5)
	FunctionDef : Type IDENTIFIER . '(' Formals ')' StmtBlock  (24)

	'('  shift 36
	';'  reduce 5


state 33
	Type : Type '[' . ']'  (11)

	']'  shift 37
	.  error


state 34
	ClassDef : SEALED CLASS IDENTIFIER ExtendsClause '{' FieldList '}' .  (12)

	.  reduce 12


state 35
	FunctionDef : STATIC Type IDENTIFIER . '(' Formals ')' StmtBlock  (23)

	'('  shift 38
	.  error


state 36
	FunctionDef : Type IDENTIFIER '(' . Formals ')' StmtBlock  (24)
	Formals : .  (20)

	VOID  shift 17
	BOOL  shift 18
	INT  shift 19
	STRING  shift 20
	CLASS  shift 21
	')'  reduce 20

	Variable  goto 39
	Type  goto 40
	Formals  goto 41
	VariableList  goto 42


state 37
	Type : Type '[' ']' .  (11)

	.  reduce 11


state 38
	FunctionDef : STATIC Type IDENTIFIER '(' . Formals ')' StmtBlock  (23)
	Formals : .  (20)

	VOID  shift 17
	BOOL  shift 18
	INT  shift 19
	STRING  shift 20
	CLASS  shift 21
	')'  reduce 20

	Variable  goto 39
	Type  goto 40
	Formals  goto 43
	VariableList  goto 42


state 39
	VariableList : Variable .  (22)

	.  reduce 22


state 40
	Variable : Type . IDENTIFIER  (5)
	Type : Type . '[' ']'  (11)

	IDENTIFIER  shift 44
	'['  shift 33
	.  error


state 41
	FunctionDef : Type IDENTIFIER '(' Formals . ')' StmtBlock  (24)

	')'  shift 45
	.  error


state 42
	Formals : VariableList .  (19)
	VariableList : VariableList . ',' Variable  (21)

	','  shift 46
	')'  reduce 19


state 43
	FunctionDef : STATIC Type IDENTIFIER '(' Formals . ')' StmtBlock  (23)

	')'  shift 47
	.  error


state 44
	Variable : Type IDENTIFIER .  (5)

	.  reduce 5


state 45
	FunctionDef : Type IDENTIFIER '(' Formals ')' . StmtBlock  (24)

	'{'  shift 48
	.  error

	StmtBlock  goto 49


state 46
	VariableList : VariableList ',' . Variable  (21)

	VOID  shift 17
	BOOL  shift 18
	INT  shift 19
	STRING  shift 20
	CLASS  shift 21
	.  error

	Variable  goto 50
	Type  goto 40


state 47
	FunctionDef : STATIC Type IDENTIFIER '(' Formals ')' . StmtBlock  (23)

	'{'  shift 48
	.  error

	StmtBlock  goto 51


state 48
	StmtBlock : '{' . StmtList '}'  (25)
	StmtList : .  (27)

	.  reduce 27

	StmtList  goto 52


state 49
	FunctionDef : Type IDENTIFIER '(' Formals ')' StmtBlock .  (24)

	.  reduce 24


state 50
	VariableList : VariableList ',' Variable .  (21)

	.  reduce 21


state 51
	FunctionDef : STATIC Type IDENTIFIER '(' Formals ')' StmtBlock .  (23)

	.  reduce 23


state 52
	StmtBlock : '{' StmtList . '}'  (25)
	StmtList : StmtList . Stmt  (26)
	SimpleStmt : .  (53)
	Receiver : .  (55)

	VOID  shift 17
	BOOL  shift 18
	INT  shift 19
	STRING  shift 20
	CLASS  shift 21
	NULL  shift 53
	THIS  shift 54
	WHILE  shift 55
	FOR  shift 56
	IF  shift 57
	RETURN  shift 58
	BREAK  shift 59
	NEW  shift 60
	PRINT  shift 61
	READ_INTEGER  shift 62
	READ_LINE  shift 63
	LITERAL  shift 64
	INSTANCEOF  shift 65
	'-'  shift 66
	'!'  shift 67
	'('  shift 68
	'['  shift 69
	'{'  shift 48
	'}'  shift 70
	SCOPY  shift 71
	VAR  shift 72
	FOREACH  shift 73
	LISTFORL  shift 74
	IDENTIFIER  reduce 55
	';'  reduce 53

	VariableDef  goto 75
	Variable  goto 25
	Type  goto 40
	StmtBlock  goto 76
	Stmt  goto 77
	ForeachStmt  goto 78
	OCStmt  goto 79
	GuardedStmt  goto 80
	SimpleStmt  goto 81
	IfStmt  goto 82
	WhileStmt  goto 83
	ForStmt  goto 84
	ReturnStmt  goto 85
	PrintStmt  goto 86
	BreakStmt  goto 87
	Expr  goto 88
	LValuel  goto 89
	Call  goto 90
	Receiver  goto 91
	ArrayIndex  goto 92
	ArraySlice  goto 93
	LValue  goto 94
	Constant  goto 95
	ArrayConstant  goto 96


state 53
	Constant : NULL .  (99)

	.  reduce 99


state 54
	Expr : THIS .  (92)

	.  reduce 92


state 55
	WhileStmt : WHILE . '(' Expr ')' Stmt  (108)

	'('  shift 97
	.  error


state 56
	ForStmt : FOR . '(' SimpleStmt ';' Expr ';' SimpleStmt ')' Stmt  (109)

	'('  shift 98
	.  error


state 57
	GuardedStmt : IF . '{' IfBranchG IfStmtG '}'  (44)
	GuardedStmt : IF . '{' '}'  (45)
	IfStmt : IF . '(' Expr ')' Stmt ElseClause  (111)

	'('  shift 99
	'{'  shift 100
	.  error


state 58
	ReturnStmt : RETURN . Expr  (114)
	ReturnStmt : RETURN .  (115)
	Receiver : .  (55)

	NULL  shift 53
	THIS  shift 54
	NEW  shift 60
	READ_INTEGER  shift 62
	READ_LINE  shift 63
	LITERAL  shift 64
	INSTANCEOF  shift 65
	'-'  shift 66
	'!'  shift 67
	'('  shift 68
	'['  shift 69
	VAR  shift 101
	LISTFORL  shift 74
	IDENTIFIER  reduce 55
	';'  reduce 115

	Expr  goto 102
	Call  goto 103
	Receiver  goto 104
	ArrayIndex  goto 105
	ArraySlice  goto 93
	LValue  goto 94
	Constant  goto 95
	ArrayConstant  goto 96


state 59
	BreakStmt : BREAK .  (110)

	.  reduce 110


state 60
	Expr : NEW . IDENTIFIER '(' ')'  (93)
	Expr : NEW . Type '[' Expr ']'  (94)

	VOID  shift 17
	BOOL  shift 18
	INT  shift 19
	STRING  shift 20
	CLASS  shift 21
	IDENTIFIER  shift 106
	.  error

	Type  goto 107


state 61
	PrintStmt : PRINT . '(' ExprList ')'  (116)

	'('  shift 108
	.  error


state 62
	Expr : READ_INTEGER . '(' ')'  (90)

	'('  shift 109
	.  error


state 63
	Expr : READ_LINE . '(' ')'  (91)

	'('  shift 110
	.  error


state 64
	Constant : LITERAL .  (98)

	.  reduce 98


state 65
	Expr : INSTANCEOF . '(' Expr ',' IDENTIFIER ')'  (95)

	'('  shift 111
	.  error


state 66
	Expr : '-' . Expr  (88)
	Receiver : .  (55)

	NULL  shift 53
	THIS  shift 54
	NEW  shift 60
	READ_INTEGER  shift 62
	READ_LINE  shift 63
	LITERAL  shift 64
	INSTANCEOF  shift 65
	'-'  shift 66
	'!'  shift 67
	'('  shift 68
	'['  shift 69
	VAR  shift 101
	LISTFORL  shift 74
	IDENTIFIER  reduce 55

	Expr  goto 112
	Call  goto 103
	Receiver  goto 104
	ArrayIndex  goto 105
	ArraySlice  goto 93
	LValue  goto 94
	Constant  goto 95
	ArrayConstant  goto 96


state 67
	Expr : '!' . Expr  (89)
	Receiver : .  (55)

	NULL  shift 53
	THIS  shift 54
	NEW  shift 60
	READ_INTEGER  shift 62
	READ_LINE  shift 63
	LITERAL  shift 64
	INSTANCEOF  shift 65
	'-'  shift 66
	'!'  shift 67
	'('  shift 68
	'['  shift 69
	VAR  shift 101
	LISTFORL  shift 74
	IDENTIFIER  reduce 55

	Expr  goto 113
	Call  goto 103
	Receiver  goto 104
	ArrayIndex  goto 105
	ArraySlice  goto 93
	LValue  goto 94
	Constant  goto 95
	ArrayConstant  goto 96


state 68
	Expr : '(' . Expr ')'  (87)
	Expr : '(' . CLASS IDENTIFIER ')' Expr  (96)
	Receiver : .  (55)

	CLASS  shift 114
	NULL  shift 53
	THIS  shift 54
	NEW  shift 60
	READ_INTEGER  shift 62
	READ_LINE  shift 63
	LITERAL  shift 64
	INSTANCEOF  shift 65
	'-'  shift 66
	'!'  shift 67
	'('  shift 68
	'['  shift 69
	VAR  shift 101
	LISTFORL  shift 74
	IDENTIFIER  reduce 55

	Expr  goto 115
	Call  goto 103
	Receiver  goto 104
	ArrayIndex  goto 105
	ArraySlice  goto 93
	LValue  goto 94
	Constant  goto 95
	ArrayConstant  goto 96


state 69
	ArrayConstant : '[' . ']'  (100)
	ArrayConstant : '[' . ArrayInsider ']'  (101)

	NULL  shift 53
	LITERAL  shift 64
	'['  shift 69
	']'  shift 116
	.  error

	Constant  goto 117
	ArrayConstant  goto 96
	ArrayInsider  goto 118


state 70
	StmtBlock : '{' StmtList '}' .  (25)

	.  reduce 25


state 71
	OCStmt : SCOPY . '(' IDENTIFIER ',' Expr ')'  (49)

	'('  shift 119
	.  error


state 72
	SimpleStmt : VAR . IDENTIFIER '=' Expr  (51)
	LValue : VAR . IDENTIFIER  (60)

	IDENTIFIER  shift 120
	.  error


state 73
	ForeachStmt : FOREACH . '(' BoundVariable IN Expr ')' Stmt  (40)
	ForeachStmt : FOREACH . '(' BoundVariable IN Expr WHILE Expr ')' Stmt  (41)

	'('  shift 121
	.  error


state 74
	Expr : LISTFORL . Expr FOR IDENTIFIER IN Expr LISTFORR  (65)
	Expr : LISTFORL . Expr FOR IDENTIFIER IN Expr IF BoolExpr LISTFORR  (66)
	Receiver : .  (55)

	NULL  shift 53
	THIS  shift 54
	NEW  shift 60
	READ_INTEGER  shift 62
	READ_LINE  shift 63
	LITERAL  shift 64
	INSTANCEOF  shift 65
	'-'  shift 66
	'!'  shift 67
	'('  shift 68
	'['  shift 69
	VAR  shift 101
	LISTFORL  shift 74
	IDENTIFIER  reduce 55

	Expr  goto 122
	Call  goto 103
	Receiver  goto 104
	ArrayIndex  goto 105
	ArraySlice  goto 93
	LValue  goto 94
	Constant  goto 95
	ArrayConstant  goto 96


state 75
	Stmt : VariableDef .  (31)

	.  reduce 31


state 76
	Stmt : StmtBlock .  (39)

	.  reduce 39


state 77
	StmtList : StmtList Stmt .  (26)

	.  reduce 26


state 78
	Stmt : ForeachStmt .  (28)

	.  reduce 28


state 79
	Stmt : OCStmt . ';'  (29)

	';'  shift 123
	.  error


state 80
	Stmt : GuardedStmt .  (30)

	.  reduce 30


state 81
	Stmt : SimpleStmt . ';'  (32)

	';'  shift 124
	.  error


state 82
	Stmt : IfStmt .  (33)

	.  reduce 33


state 83
	Stmt : WhileStmt .  (34)

	.  reduce 34


state 84
	Stmt : ForStmt .  (35)

	.  reduce 35


state 85
	Stmt : ReturnStmt . ';'  (36)

	';'  shift 125
	.  error


state 86
	Stmt : PrintStmt . ';'  (37)

	';'  shift 126
	.  error


state 87
	Stmt : BreakStmt . ';'  (38)

	';'  shift 127
	.  error


state 88
	Receiver : Expr . '.'  (54)
	ArrayIndex : Expr . '[' Expr ']'  (58)
	ArraySlice : Expr . '[' Expr ']'  (59)
	Expr : Expr . '[' Expr ':' Expr ']'  (67)
	Expr : Expr . '+' Expr  (72)
	Expr : Expr . '-' Expr  (73)
	Expr : Expr . '*' Expr  (74)
	Expr : Expr . '/' Expr  (75)
	Expr : Expr . '%' Expr  (76)
	Expr : Expr . EQUAL Expr  (77)
	Expr : Expr . NOT_EQUAL Expr  (78)
	Expr : Expr . ARRAY_REPEAT Expr  (79)
	Expr : Expr . ARRAY_CONCAT Expr  (80)
	Expr : Expr . '<' Expr  (81)
	Expr : Expr . '>' Expr  (82)
	Expr : Expr . LESS_EQUAL Expr  (83)
	Expr : Expr . GREATER_EQUAL Expr  (84)
	Expr : Expr . AND Expr  (85)
	Expr : Expr . OR Expr  (86)

	AND  shift 128
	OR  shift 129
	LESS_EQUAL  shift 130
	GREATER_EQUAL  shift 131
	EQUAL  shift 132
	NOT_EQUAL  shift 133
	'+'  shift 134
	'-'  shift 135
	'*'  shift 136
	'/'  shift 137
	'%'  shift 138
	'>'  shift 139
	'<'  shift 140
	'.'  shift 141
	'['  shift 142
	ARRAY_REPEAT  shift 143
	ARRAY_CONCAT  shift 144
	.  error


state 89
	SimpleStmt : LValuel . '=' Expr  (50)

	'='  shift 145
	.  error


state 90
	SimpleStmt : Call .  (52)
	Expr : Call .  (70)

	AND  reduce 70
	OR  reduce 70
	LESS_EQUAL  reduce 70
	GREATER_EQUAL  reduce 70
	EQUAL  reduce 70
	NOT_EQUAL  reduce 70
	'+'  reduce 70
	'-'  reduce 70
	'*'  reduce 70
	'/'  reduce 70
	'%'  reduce 70
	'>'  reduce 70
	'<'  reduce 70
	'.'  reduce 70
	';'  reduce 52
	')'  reduce 52
	'['  reduce 70
	ARRAY_REPEAT  reduce 70
	ARRAY_CONCAT  reduce 70


state 91
	LValuel : Receiver . IDENTIFIER  (56)
	LValue : Receiver . IDENTIFIER  (61)
	Call : Receiver . IDENTIFIER '(' Actuals ')'  (63)

	IDENTIFIER  shift 146
	.  error


state 92
	LValuel : ArrayIndex .  (57)
	LValue : ArrayIndex .  (62)

	AND  reduce 62
	OR  reduce 62
	LESS_EQUAL  reduce 62
	GREATER_EQUAL  reduce 62
	EQUAL  reduce 62
	NOT_EQUAL  reduce 62
	'+'  reduce 62
	'-'  reduce 62
	'*'  reduce 62
	'/'  reduce 62
	'%'  reduce 62
	'='  reduce 57
	'>'  reduce 62
	'<'  reduce 62
	'.'  reduce 62
	'['  reduce 62
	ARRAY_REPEAT  reduce 62
	ARRAY_CONCAT  reduce 62


state 93
	Expr : ArraySlice . DEFAULT Expr  (68)

	DEFAULT  shift 147
	.  error


state 94
	Expr : LValue .  (69)

	.  reduce 69


state 95
	Expr : Constant .  (71)

	.  reduce 71


state 96
	Constant : ArrayConstant .  (97)

	.  reduce 97


state 97
	WhileStmt : WHILE '(' . Expr ')' Stmt  (108)
	Receiver : .  (55)

	NULL  shift 53
	THIS  shift 54
	NEW  shift 60
	READ_INTEGER  shift 62
	READ_LINE  shift 63
	LITERAL  shift 64
	INSTANCEOF  shift 65
	'-'  shift 66
	'!'  shift 67
	'('  shift 68
	'['  shift 69
	VAR  shift 101
	LISTFORL  shift 74
	IDENTIFIER  reduce 55

	Expr  goto 148
	Call  goto 103
	Receiver  goto 104
	ArrayIndex  goto 105
	ArraySlice  goto 93
	LValue  goto 94
	Constant  goto 95
	ArrayConstant  goto 96


state 98
	ForStmt : FOR '(' . SimpleStmt ';' Expr ';' SimpleStmt ')' Stmt  (109)
	SimpleStmt : .  (53)
	Receiver : .  (55)

	NULL  shift 53
	THIS  shift 54
	NEW  shift 60
	READ_INTEGER  shift 62
	READ_LINE  shift 63
	LITERAL  shift 64
	INSTANCEOF  shift 65
	'-'  shift 66
	'!'  shift 67
	'('  shift 68
	'['  shift 69
	VAR  shift 72
	LISTFORL  shift 74
	IDENTIFIER  reduce 55
	';'  reduce 53

	SimpleStmt  goto 149
	Expr  goto 88
	LValuel  goto 89
	Call  goto 90
	Receiver  goto 91
	ArrayIndex  goto 92
	ArraySlice  goto 93
	LValue  goto 94
	Constant  goto 95
	ArrayConstant  goto 96


state 99
	IfStmt : IF '(' . Expr ')' Stmt ElseClause  (111)
	Receiver : .  (55)

	NULL  shift 53
	THIS  shift 54
	NEW  shift 60
	READ_INTEGER  shift 62
	READ_LINE  shift 63
	LITERAL  shift 64
	INSTANCEOF  shift 65
	'-'  shift 66
	'!'  shift 67
	'('  shift 68
	'['  shift 69
	VAR  shift 101
	LISTFORL  shift 74
	IDENTIFIER  reduce 55

	Expr  goto 150
	Call  goto 103
	Receiver  goto 104
	ArrayIndex  goto 105
	ArraySlice  goto 93
	LValue  goto 94
	Constant  goto 95
	ArrayConstant  goto 96


state 100
	GuardedStmt : IF '{' . IfBranchG IfStmtG '}'  (44)
	GuardedStmt : IF '{' . '}'  (45)
	IfBranchG : .  (47)

	'}'  shift 151
	NULL  reduce 47
	THIS  reduce 47
	NEW  reduce 47
	READ_INTEGER  reduce 47
	READ_LINE  reduce 47
	LITERAL  reduce 47
	IDENTIFIER  reduce 47
	INSTANCEOF  reduce 47
	'-'  reduce 47
	'!'  reduce 47
	'('  reduce 47
	'['  reduce 47
	VAR  reduce 47
	LISTFORL  reduce 47

	IfBranchG  goto 152


state 101
	LValue : VAR . IDENTIFIER  (60)

	IDENTIFIER  shift 153
	.  error


state 102
	Receiver : Expr . '.'  (54)
	ArrayIndex : Expr . '[' Expr ']'  (58)
	ArraySlice : Expr . '[' Expr ']'  (59)
	Expr : Expr . '[' Expr ':' Expr ']'  (67)
	Expr : Expr . '+' Expr  (72)
	Expr : Expr . '-' Expr  (73)
	Expr : Expr . '*' Expr  (74)
	Expr : Expr . '/' Expr  (75)
	Expr : Expr . '%' Expr  (76)
	Expr : Expr . EQUAL Expr  (77)
	Expr : Expr . NOT_EQUAL Expr  (78)
	Expr : Expr . ARRAY_REPEAT Expr  (79)
	Expr : Expr . ARRAY_CONCAT Expr  (80)
	Expr : Expr . '<' Expr  (81)
	Expr : Expr . '>' Expr  (82)
	Expr : Expr . LESS_EQUAL Expr  (83)
	Expr : Expr . GREATER_EQUAL Expr  (84)
	Expr : Expr . AND Expr  (85)
	Expr : Expr . OR Expr  (86)
	ReturnStmt : RETURN Expr .  (114)

	AND  shift 128
	OR  shift 129
	LESS_EQUAL  shift 130
	GREATER_EQUAL  shift 131
	EQUAL  shift 132
	NOT_EQUAL  shift 133
	'+'  shift 134
	'-'  shift 135
	'*'  shift 136
	'/'  shift 137
	'%'  shift 138
	'>'  shift 139
	'<'  shift 140
	'.'  shift 141
	'['  shift 142
	ARRAY_REPEAT  shift 143
	ARRAY_CONCAT  shift 144
	';'  reduce 114


state 103
	Expr : Call .  (70)

	.  reduce 70


state 104
	LValue : Receiver . IDENTIFIER  (61)
	Call : Receiver . IDENTIFIER '(' Actuals ')'  (63)

	IDENTIFIER  shift 154
	.  error


state 105
	LValue : ArrayIndex .  (62)

	.  reduce 62


state 106
	Expr : NEW IDENTIFIER . '(' ')'  (93)

	'('  shift 155
	.  error


state 107
	Type : Type . '[' ']'  (11)
	Expr : NEW Type . '[' Expr ']'  (94)

	'['  shift 156
	.  error


state 108
	PrintStmt : PRINT '(' . ExprList ')'  (116)
	Receiver : .  (55)

	NULL  shift 53
	THIS  shift 54
	NEW  shift 60
	READ_INTEGER  shift 62
	READ_LINE  shift 63
	LITERAL  shift 64
	INSTANCEOF  shift 65
	'-'  shift 66
	'!'  shift 67
	'('  shift 68
	'['  shift 69
	VAR  shift 101
	LISTFORL  shift 74
	IDENTIFIER  reduce 55

	Expr  goto 157
	Call  goto 103
	Receiver  goto 104
	ArrayIndex  goto 105
	ArraySlice  goto 93
	LValue  goto 94
	Constant  goto 95
	ArrayConstant  goto 96
	ExprList  goto 158


state 109
	Expr : READ_INTEGER '(' . ')'  (90)

	')'  shift 159
	.  error


state 110
	Expr : READ_LINE '(' . ')'  (91)

	')'  shift 160
	.  error


state 111
	Expr : INSTANCEOF '(' . Expr ',' IDENTIFIER ')'  (95)
	Receiver : .  (55)

	NULL  shift 53
	THIS  shift 54
	NEW  shift 60
	READ_INTEGER  shift 62
	READ_LINE  shift 63
	LITERAL  shift 64
	INSTANCEOF  shift 65
	'-'  shift 66
	'!'  shift 67
	'('  shift 68
	'['  shift 69
	VAR  shift 101
	LISTFORL  shift 74
	IDENTIFIER  reduce 55

	Expr  goto 161
	Call  goto 103
	Receiver  goto 104
	ArrayIndex  goto 105
	ArraySlice  goto 93
	LValue  goto 94
	Constant  goto 95
	ArrayConstant  goto 96


state 112
	Receiver : Expr . '.'  (54)
	ArrayIndex : Expr . '[' Expr ']'  (58)
	ArraySlice : Expr . '[' Expr ']'  (59)
	Expr : Expr . '[' Expr ':' Expr ']'  (67)
	Expr : Expr . '+' Expr  (72)
	Expr : Expr . '-' Expr  (73)
	Expr : Expr . '*' Expr  (74)
	Expr : Expr . '/' Expr  (75)
	Expr : Expr . '%' Expr  (76)
	Expr : Expr . EQUAL Expr  (77)
	Expr : Expr . NOT_EQUAL Expr  (78)
	Expr : Expr . ARRAY_REPEAT Expr  (79)
	Expr : Expr . ARRAY_CONCAT Expr  (80)
	Expr : Expr . '<' Expr  (81)
	Expr : Expr . '>' Expr  (82)
	Expr : Expr . LESS_EQUAL Expr  (83)
	Expr : Expr . GREATER_EQUAL Expr  (84)
	Expr : Expr . AND Expr  (85)
	Expr : Expr . OR Expr  (86)
	Expr : '-' Expr .  (88)

	'.'  shift 141
	'['  shift 142
	WHILE  reduce 88
	FOR  reduce 88
	IF  reduce 88
	AND  reduce 88
	OR  reduce 88
	LESS_EQUAL  reduce 88
	GREATER_EQUAL  reduce 88
	EQUAL  reduce 88
	NOT_EQUAL  reduce 88
	'+'  reduce 88
	'-'  reduce 88
	'*'  reduce 88
	'/'  reduce 88
	'%'  reduce 88
	'>'  reduce 88
	'<'  reduce 88
	','  reduce 88
	';'  reduce 88
	')'  reduce 88
	']'  reduce 88
	':'  reduce 88
	ARRAY_REPEAT  reduce 88
	ARRAY_CONCAT  reduce 88
	LISTFORR  reduce 88


state 113
	Receiver : Expr . '.'  (54)
	ArrayIndex : Expr . '[' Expr ']'  (58)
	ArraySlice : Expr . '[' Expr ']'  (59)
	Expr : Expr . '[' Expr ':' Expr ']'  (67)
	Expr : Expr . '+' Expr  (72)
	Expr : Expr . '-' Expr  (73)
	Expr : Expr . '*' Expr  (74)
	Expr : Expr . '/' Expr  (75)
	Expr : Expr . '%' Expr  (76)
	Expr : Expr . EQUAL Expr  (77)
	Expr : Expr . NOT_EQUAL Expr  (78)
	Expr : Expr . ARRAY_REPEAT Expr  (79)
	Expr : Expr . ARRAY_CONCAT Expr  (80)
	Expr : Expr . '<' Expr  (81)
	Expr : Expr . '>' Expr  (82)
	Expr : Expr . LESS_EQUAL Expr  (83)
	Expr : Expr . GREATER_EQUAL Expr  (84)
	Expr : Expr . AND Expr  (85)
	Expr : Expr . OR Expr  (86)
	Expr : '!' Expr .  (89)

	'.'  shift 141
	'['  shift 142
	WHILE  reduce 89
	FOR  reduce 89
	IF  reduce 89
	AND  reduce 89
	OR  reduce 89
	LESS_EQUAL  reduce 89
	GREATER_EQUAL  reduce 89
	EQUAL  reduce 89
	NOT_EQUAL  reduce 89
	'+'  reduce 89
	'-'  reduce 89
	'*'  reduce 89
	'/'  reduce 89
	'%'  reduce 89
	'>'  reduce 89
	'<'  reduce 89
	','  reduce 89
	';'  reduce 89
	')'  reduce 89
	']'  reduce 89
	':'  reduce 89
	ARRAY_REPEAT  reduce 89
	ARRAY_CONCAT  reduce 89
	LISTFORR  reduce 89


state 114
	Expr : '(' CLASS . IDENTIFIER ')' Expr  (96)

	IDENTIFIER  shift 162
	.  error


state 115
	Receiver : Expr . '.'  (54)
	ArrayIndex : Expr . '[' Expr ']'  (58)
	ArraySlice : Expr . '[' Expr ']'  (59)
	Expr : Expr . '[' Expr ':' Expr ']'  (67)
	Expr : Expr . '+' Expr  (72)
	Expr : Expr . '-' Expr  (73)
	Expr : Expr . '*' Expr  (74)
	Expr : Expr . '/' Expr  (75)
	Expr : Expr . '%' Expr  (76)
	Expr : Expr . EQUAL Expr  (77)
	Expr : Expr . NOT_EQUAL Expr  (78)
	Expr : Expr . ARRAY_REPEAT Expr  (79)
	Expr : Expr . ARRAY_CONCAT Expr  (80)
	Expr : Expr . '<' Expr  (81)
	Expr : Expr . '>' Expr  (82)
	Expr : Expr . LESS_EQUAL Expr  (83)
	Expr : Expr . GREATER_EQUAL Expr  (84)
	Expr : Expr . AND Expr  (85)
	Expr : Expr . OR Expr  (86)
	Expr : '(' Expr . ')'  (87)

	AND  shift 128
	OR  shift 129
	LESS_EQUAL  shift 130
	GREATER_EQUAL  shift 131
	EQUAL  shift 132
	NOT_EQUAL  shift 133
	'+'  shift 134
	'-'  shift 135
	'*'  shift 136
	'/'  shift 137
	'%'  shift 138
	'>'  shift 139
	'<'  shift 140
	'.'  shift 141
	')'  shift 163
	'['  shift 142
	ARRAY_REPEAT  shift 143
	ARRAY_CONCAT  shift 144
	.  error


state 116
	ArrayConstant : '[' ']' .  (100)

	.  reduce 100


state 117
	ArrayInsider : Constant .  (103)

	.  reduce 103


state 118
	ArrayConstant : '[' ArrayInsider . ']'  (101)
	ArrayInsider : ArrayInsider . ',' Constant  (102)

	','  shift 164
	']'  shift 165
	.  error


state 119
	OCStmt : SCOPY '(' . IDENTIFIER ',' Expr ')'  (49)

	IDENTIFIER  shift 166
	.  error


state 120
	SimpleStmt : VAR IDENTIFIER . '=' Expr  (51)
	LValue : VAR IDENTIFIER .  (60)

	'='  shift 167
	AND  reduce 60
	OR  reduce 60
	LESS_EQUAL  reduce 60
	GREATER_EQUAL  reduce 60
	EQUAL  reduce 60
	NOT_EQUAL  reduce 60
	'+'  reduce 60
	'-'  reduce 60
	'*'  reduce 60
	'/'  reduce 60
	'%'  reduce 60
	'>'  reduce 60
	'<'  reduce 60
	'.'  reduce 60
	'['  reduce 60
	ARRAY_REPEAT  reduce 60
	ARRAY_CONCAT  reduce 60


state 121
	ForeachStmt : FOREACH '(' . BoundVariable IN Expr ')' Stmt  (40)
	ForeachStmt : FOREACH '(' . BoundVariable IN Expr WHILE Expr ')' Stmt  (41)

	VOID  shift 17
	BOOL  shift 18
	INT  shift 19
	STRING  shift 20
	CLASS  shift 21
	VAR  shift 168
	.  error

	Type  goto 169
	BoundVariable  goto 170


state 122
	Receiver : Expr . '.'  (54)
	ArrayIndex : Expr . '[' Expr ']'  (58)
	ArraySlice : Expr . '[' Expr ']'  (59)
	Expr : LISTFORL Expr . FOR IDENTIFIER IN Expr LISTFORR  (65)
	Expr : LISTFORL Expr . FOR IDENTIFIER IN Expr IF BoolExpr LISTFORR  (66)
	Expr : Expr . '[' Expr ':' Expr ']'  (67)
	Expr : Expr . '+' Expr  (72)
	Expr : Expr . '-' Expr  (73)
	Expr : Expr . '*' Expr  (74)
	Expr : Expr . '/' Expr  (75)
	Expr : Expr . '%' Expr  (76)
	Expr : Expr . EQUAL Expr  (77)
	Expr : Expr . NOT_EQUAL Expr  (78)
	Expr : Expr . ARRAY_REPEAT Expr  (79)
	Expr : Expr . ARRAY_CONCAT Expr  (80)
	Expr : Expr . '<' Expr  (81)
	Expr : Expr . '>' Expr  (82)
	Expr : Expr . LESS_EQUAL Expr  (83)
	Expr : Expr . GREATER_EQUAL Expr  (84)
	Expr : Expr . AND Expr  (85)
	Expr : Expr . OR Expr  (86)

	FOR  shift 171
	AND  shift 128
	OR  shift 129
	LESS_EQUAL  shift 130
	GREATER_EQUAL  shift 131
	EQUAL  shift 132
	NOT_EQUAL  shift 133
	'+'  shift 134
	'-'  shift 135
	'*'  shift 136
	'/'  shift 137
	'%'  shift 138
	'>'  shift 139
	'<'  shift 140
	'.'  shift 141
	'['  shift 142
	ARRAY_REPEAT  shift 143
	ARRAY_CONCAT  shift 144
	.  error


state 123
	Stmt : OCStmt ';' .  (29)

	.  reduce 29


state 124
	Stmt : SimpleStmt ';' .  (32)

	.  reduce 32


state 125
	Stmt : ReturnStmt ';' .  (36)

	.  reduce 36


state 126
	Stmt : PrintStmt ';' .  (37)

	.  reduce 37


state 127
	Stmt : BreakStmt ';' .  (38)

	.  reduce 38


state 128
	Expr : Expr AND . Expr  (85)
	Receiver : .  (55)

	NULL  shift 53
	THIS  shift 54
	NEW  shift 60
	READ_INTEGER  shift 62
	READ_LINE  shift 63
	LITERAL  shift 64
	INSTANCEOF  shift 65
	'-'  shift 66
	'!'  shift 67
	'('  shift 68
	'['  shift 69
	VAR  shift 101
	LISTFORL  shift 74
	IDENTIFIER  reduce 55

	Expr  goto 172
	Call  goto 103
	Receiver  goto 104
	ArrayIndex  goto 105
	ArraySlice  goto 93
	LValue  goto 94
	Constant  goto 95
	ArrayConstant  goto 96


state 129
	Expr : Expr OR . Expr  (86)
	Receiver : .  (55)

	NULL  shift 53
	THIS  shift 54
	NEW  shift 60
	READ_INTEGER  shift 62
	READ_LINE  shift 63
	LITERAL  shift 64
	INSTANCEOF  shift 65
	'-'  shift 66
	'!'  shift 67
	'('  shift 68
	'['  shift 69
	VAR  shift 101
	LISTFORL  shift 74
	IDENTIFIER  reduce 55

	Expr  goto 173
	Call  goto 103
	Receiver  goto 104
	ArrayIndex  goto 105
	ArraySlice  goto 93
	LValue  goto 94
	Constant  goto 95
	ArrayConstant  goto 96


state 130
	Expr : Expr LESS_EQUAL . Expr  (83)
	Receiver : .  (55)

	NULL  shift 53
	THIS  shift 54
	NEW  shift 60
	READ_INTEGER  shift 62
	READ_LINE  shift 63
	LITERAL  shift 64
	INSTANCEOF  shift 65
	'-'  shift 66
	'!'  shift 67
	'('  shift 68
	'['  shift 69
	VAR  shift 101
	LISTFORL  shift 74
	IDENTIFIER  reduce 55

	Expr  goto 174
	Call  goto 103
	Receiver  goto 104
	ArrayIndex  goto 105
	ArraySlice  goto 93
	LValue  goto 94
	Constant  goto 95
	ArrayConstant  goto 96


state 131
	Expr : Expr GREATER_EQUAL . Expr  (84)
	Receiver : .  (55)

	NULL  shift 53
	THIS  shift 54
	NEW  shift 60
	READ_INTEGER  shift 62
	READ_LINE  shift 63
	LITERAL  shift 64
	INSTANCEOF  shift 65
	'-'  shift 66
	'!'  shift 67
	'('  shift 68
	'['  shift 69
	VAR  shift 101
	LISTFORL  shift 74
	IDENTIFIER  reduce 55

	Expr  goto 175
	Call  goto 103
	Receiver  goto 104
	ArrayIndex  goto 105
	ArraySlice  goto 93
	LValue  goto 94
	Constant  goto 95
	ArrayConstant  goto 96


state 132
	Expr : Expr EQUAL . Expr  (77)
	Receiver : .  (55)

	NULL  shift 53
	THIS  shift 54
	NEW  shift 60
	READ_INTEGER  shift 62
	READ_LINE  shift 63
	LITERAL  shift 64
	INSTANCEOF  shift 65
	'-'  shift 66
	'!'  shift 67
	'('  shift 68
	'['  shift 69
	VAR  shift 101
	LISTFORL  shift 74
	IDENTIFIER  reduce 55

	Expr  goto 176
	Call  goto 103
	Receiver  goto 104
	ArrayIndex  goto 105
	ArraySlice  goto 93
	LValue  goto 94
	Constant  goto 95
	ArrayConstant  goto 96


state 133
	Expr : Expr NOT_EQUAL . Expr  (78)
	Receiver : .  (55)

	NULL  shift 53
	THIS  shift 54
	NEW  shift 60
	READ_INTEGER  shift 62
	READ_LINE  shift 63
	LITERAL  shift 64
	INSTANCEOF  shift 65
	'-'  shift 66
	'!'  shift 67
	'('  shift 68
	'['  shift 69
	VAR  shift 101
	LISTFORL  shift 74
	IDENTIFIER  reduce 55

	Expr  goto 177
	Call  goto 103
	Receiver  goto 104
	ArrayIndex  goto 105
	ArraySlice  goto 93
	LValue  goto 94
	Constant  goto 95
	ArrayConstant  goto 96


state 134
	Expr : Expr '+' . Expr  (72)
	Receiver : .  (55)

	NULL  shift 53
	THIS  shift 54
	NEW  shift 60
	READ_INTEGER  shift 62
	READ_LINE  shift 63
	LITERAL  shift 64
	INSTANCEOF  shift 65
	'-'  shift 66
	'!'  shift 67
	'('  shift 68
	'['  shift 69
	VAR  shift 101
	LISTFORL  shift 74
	IDENTIFIER  reduce 55

	Expr  goto 178
	Call  goto 103
	Receiver  goto 104
	ArrayIndex  goto 105
	ArraySlice  goto 93
	LValue  goto 94
	Constant  goto 95
	ArrayConstant  goto 96


state 135
	Expr : Expr '-' . Expr  (73)
	Receiver : .  (55)

	NULL  shift 53
	THIS  shift 54
	NEW  shift 60
	READ_INTEGER  shift 62
	READ_LINE  shift 63
	LITERAL  shift 64
	INSTANCEOF  shift 65
	'-'  shift 66
	'!'  shift 67
	'('  shift 68
	'['  shift 69
	VAR  shift 101
	LISTFORL  shift 74
	IDENTIFIER  reduce 55

	Expr  goto 179
	Call  goto 103
	Receiver  goto 104
	ArrayIndex  goto 105
	ArraySlice  goto 93
	LValue  goto 94
	Constant  goto 95
	ArrayConstant  goto 96


state 136
	Expr : Expr '*' . Expr  (74)
	Receiver : .  (55)

	NULL  shift 53
	THIS  shift 54
	NEW  shift 60
	READ_INTEGER  shift 62
	READ_LINE  shift 63
	LITERAL  shift 64
	INSTANCEOF  shift 65
	'-'  shift 66
	'!'  shift 67
	'('  shift 68
	'['  shift 69
	VAR  shift 101
	LISTFORL  shift 74
	IDENTIFIER  reduce 55

	Expr  goto 180
	Call  goto 103
	Receiver  goto 104
	ArrayIndex  goto 105
	ArraySlice  goto 93
	LValue  goto 94
	Constant  goto 95
	ArrayConstant  goto 96


state 137
	Expr : Expr '/' . Expr  (75)
	Receiver : .  (55)

	NULL  shift 53
	THIS  shift 54
	NEW  shift 60
	READ_INTEGER  shift 62
	READ_LINE  shift 63
	LITERAL  shift 64
	INSTANCEOF  shift 65
	'-'  shift 66
	'!'  shift 67
	'('  shift 68
	'['  shift 69
	VAR  shift 101
	LISTFORL  shift 74
	IDENTIFIER  reduce 55

	Expr  goto 181
	Call  goto 103
	Receiver  goto 104
	ArrayIndex  goto 105
	ArraySlice  goto 93
	LValue  goto 94
	Constant  goto 95
	ArrayConstant  goto 96


state 138
	Expr : Expr '%' . Expr  (76)
	Receiver : .  (55)

	NULL  shift 53
	THIS  shift 54
	NEW  shift 60
	READ_INTEGER  shift 62
	READ_LINE  shift 63
	LITERAL  shift 64
	INSTANCEOF  shift 65
	'-'  shift 66
	'!'  shift 67
	'('  shift 68
	'['  shift 69
	VAR  shift 101
	LISTFORL  shift 74
	IDENTIFIER  reduce 55

	Expr  goto 182
	Call  goto 103
	Receiver  goto 104
	ArrayIndex  goto 105
	ArraySlice  goto 93
	LValue  goto 94
	Constant  goto 95
	ArrayConstant  goto 96


state 139
	Expr : Expr '>' . Expr  (82)
	Receiver : .  (55)

	NULL  shift 53
	THIS  shift 54
	NEW  shift 60
	READ_INTEGER  shift 62
	READ_LINE  shift 63
	LITERAL  shift 64
	INSTANCEOF  shift 65
	'-'  shift 66
	'!'  shift 67
	'('  shift 68
	'['  shift 69
	VAR  shift 101
	LISTFORL  shift 74
	IDENTIFIER  reduce 55

	Expr  goto 183
	Call  goto 103
	Receiver  goto 104
	ArrayIndex  goto 105
	ArraySlice  goto 93
	LValue  goto 94
	Constant  goto 95
	ArrayConstant  goto 96


state 140
	Expr : Expr '<' . Expr  (81)
	Receiver : .  (55)

	NULL  shift 53
	THIS  shift 54
	NEW  shift 60
	READ_INTEGER  shift 62
	READ_LINE  shift 63
	LITERAL  shift 64
	INSTANCEOF  shift 65
	'-'  shift 66
	'!'  shift 67
	'('  shift 68
	'['  shift 69
	VAR  shift 101
	LISTFORL  shift 74
	IDENTIFIER  reduce 55

	Expr  goto 184
	Call  goto 103
	Receiver  goto 104
	ArrayIndex  goto 105
	ArraySlice  goto 93
	LValue  goto 94
	Constant  goto 95
	ArrayConstant  goto 96


state 141
	Receiver : Expr '.' .  (54)

	.  reduce 54


state 142
	ArrayIndex : Expr '[' . Expr ']'  (58)
	ArraySlice : Expr '[' . Expr ']'  (59)
	Expr : Expr '[' . Expr ':' Expr ']'  (67)
	Receiver : .  (55)

	NULL  shift 53
	THIS  shift 54
	NEW  shift 60
	READ_INTEGER  shift 62
	READ_LINE  shift 63
	LITERAL  shift 64
	INSTANCEOF  shift 65
	'-'  shift 66
	'!'  shift 67
	'('  shift 68
	'['  shift 69
	VAR  shift 101
	LISTFORL  shift 74
	IDENTIFIER  reduce 55

	Expr  goto 185
	Call  goto 103
	Receiver  goto 104
	ArrayIndex  goto 105
	ArraySlice  goto 93
	LValue  goto 94
	Constant  goto 95
	ArrayConstant  goto 96


state 143
	Expr : Expr ARRAY_REPEAT . Expr  (79)
	Receiver : .  (55)

	NULL  shift 53
	THIS  shift 54
	NEW  shift 60
	READ_INTEGER  shift 62
	READ_LINE  shift 63
	LITERAL  shift 64
	INSTANCEOF  shift 65
	'-'  shift 66
	'!'  shift 67
	'('  shift 68
	'['  shift 69
	VAR  shift 101
	LISTFORL  shift 74
	IDENTIFIER  reduce 55

	Expr  goto 186
	Call  goto 103
	Receiver  goto 104
	ArrayIndex  goto 105
	ArraySlice  goto 93
	LValue  goto 94
	Constant  goto 95
	ArrayConstant  goto 96


state 144
	Expr : Expr ARRAY_CONCAT . Expr  (80)
	Receiver : .  (55)

	NULL  shift 53
	THIS  shift 54
	NEW  shift 60
	READ_INTEGER  shift 62
	READ_LINE  shift 63
	LITERAL  shift 64
	INSTANCEOF  shift 65
	'-'  shift 66
	'!'  shift 67
	'('  shift 68
	'['  shift 69
	VAR  shift 101
	LISTFORL  shift 74
	IDENTIFIER  reduce 55

	Expr  goto 187
	Call  goto 103
	Receiver  goto 104
	ArrayIndex  goto 105
	ArraySlice  goto 93
	LValue  goto 94
	Constant  goto 95
	ArrayConstant  goto 96


state 145
	SimpleStmt : LValuel '=' . Expr  (50)
	Receiver : .  (55)

	NULL  shift 53
	THIS  shift 54
	NEW  shift 60
	READ_INTEGER  shift 62
	READ_LINE  shift 63
	LITERAL  shift 64
	INSTANCEOF  shift 65
	'-'  shift 66
	'!'  shift 67
	'('  shift 68
	'['  shift 69
	VAR  shift 101
	LISTFORL  shift 74
	IDENTIFIER  reduce 55

	Expr  goto 188
	Call  goto 103
	Receiver  goto 104
	ArrayIndex  goto 105
	ArraySlice  goto 93
	LValue  goto 94
	Constant  goto 95
	ArrayConstant  goto 96


state 146
	LValuel : Receiver IDENTIFIER .  (56)
	LValue : Receiver IDENTIFIER .  (61)
	Call : Receiver IDENTIFIER . '(' Actuals ')'  (63)

	'('  shift 189
	AND  reduce 61
	OR  reduce 61
	LESS_EQUAL  reduce 61
	GREATER_EQUAL  reduce 61
	EQUAL  reduce 61
	NOT_EQUAL  reduce 61
	'+'  reduce 61
	'-'  reduce 61
	'*'  reduce 61
	'/'  reduce 61
	'%'  reduce 61
	'='  reduce 56
	'>'  reduce 61
	'<'  reduce 61
	'.'  reduce 61
	'['  reduce 61
	ARRAY_REPEAT  reduce 61
	ARRAY_CONCAT  reduce 61


state 147
	Expr : ArraySlice DEFAULT . Expr  (68)
	Receiver : .  (55)

	NULL  shift 53
	THIS  shift 54
	NEW  shift 60
	READ_INTEGER  shift 62
	READ_LINE  shift 63
	LITERAL  shift 64
	INSTANCEOF  shift 65
	'-'  shift 66
	'!'  shift 67
	'('  shift 68
	'['  shift 69
	VAR  shift 101
	LISTFORL  shift 74
	IDENTIFIER  reduce 55

	Expr  goto 190
	Call  goto 103
	Receiver  goto 104
	ArrayIndex  goto 105
	ArraySlice  goto 93
	LValue  goto 94
	Constant  goto 95
	ArrayConstant  goto 96


state 148
	Receiver : Expr . '.'  (54)
	ArrayIndex : Expr . '[' Expr ']'  (58)
	ArraySlice : Expr . '[' Expr ']'  (59)
	Expr : Expr . '[' Expr ':' Expr ']'  (67)
	Expr : Expr . '+' Expr  (72)
	Expr : Expr . '-' Expr  (73)
	Expr : Expr . '*' Expr  (74)
	Expr : Expr . '/' Expr  (75)
	Expr : Expr . '%' Expr  (76)
	Expr : Expr . EQUAL Expr  (77)
	Expr : Expr . NOT_EQUAL Expr  (78)
	Expr : Expr . ARRAY_REPEAT Expr  (79)
	Expr : Expr . ARRAY_CONCAT Expr  (80)
	Expr : Expr . '<' Expr  (81)
	Expr : Expr . '>' Expr  (82)
	Expr : Expr . LESS_EQUAL Expr  (83)
	Expr : Expr . GREATER_EQUAL Expr  (84)
	Expr : Expr . AND Expr  (85)
	Expr : Expr . OR Expr  (86)
	WhileStmt : WHILE '(' Expr . ')' Stmt  (108)

	AND  shift 128
	OR  shift 129
	LESS_EQUAL  shift 130
	GREATER_EQUAL  shift 131
	EQUAL  shift 132
	NOT_EQUAL  shift 133
	'+'  shift 134
	'-'  shift 135
	'*'  shift 136
	'/'  shift 137
	'%'  shift 138
	'>'  shift 139
	'<'  shift 140
	'.'  shift 141
	')'  shift 191
	'['  shift 142
	ARRAY_REPEAT  shift 143
	ARRAY_CONCAT  shift 144
	.  error


state 149
	ForStmt : FOR '(' SimpleStmt . ';' Expr ';' SimpleStmt ')' Stmt  (109)

	';'  shift 192
	.  error


state 150
	Receiver : Expr . '.'  (54)
	ArrayIndex : Expr . '[' Expr ']'  (58)
	ArraySlice : Expr . '[' Expr ']'  (59)
	Expr : Expr . '[' Expr ':' Expr ']'  (67)
	Expr : Expr . '+' Expr  (72)
	Expr : Expr . '-' Expr  (73)
	Expr : Expr . '*' Expr  (74)
	Expr : Expr . '/' Expr  (75)
	Expr : Expr . '%' Expr  (76)
	Expr : Expr . EQUAL Expr  (77)
	Expr : Expr . NOT_EQUAL Expr  (78)
	Expr : Expr . ARRAY_REPEAT Expr  (79)
	Expr : Expr . ARRAY_CONCAT Expr  (80)
	Expr : Expr . '<' Expr  (81)
	Expr : Expr . '>' Expr  (82)
	Expr : Expr . LESS_EQUAL Expr  (83)
	Expr : Expr . GREATER_EQUAL Expr  (84)
	Expr : Expr . AND Expr  (85)
	Expr : Expr . OR Expr  (86)
	IfStmt : IF '(' Expr . ')' Stmt ElseClause  (111)

	AND  shift 128
	OR  shift 129
	LESS_EQUAL  shift 130
	GREATER_EQUAL  shift 131
	EQUAL  shift 132
	NOT_EQUAL  shift 133
	'+'  shift 134
	'-'  shift 135
	'*'  shift 136
	'/'  shift 137
	'%'  shift 138
	'>'  shift 139
	'<'  shift 140
	'.'  shift 141
	')'  shift 193
	'['  shift 142
	ARRAY_REPEAT  shift 143
	ARRAY_CONCAT  shift 144
	.  error


state 151
	GuardedStmt : IF '{' '}' .  (45)

	.  reduce 45


state 152
	GuardedStmt : IF '{' IfBranchG . IfStmtG '}'  (44)
	IfBranchG : IfBranchG . IfStmtG DIVIDER  (46)
	Receiver : .  (55)

	NULL  shift 53
	THIS  shift 54
	NEW  shift 60
	READ_INTEGER  shift 62
	READ_LINE  shift 63
	LITERAL  shift 64
	INSTANCEOF  shift 65
	'-'  shift 66
	'!'  shift 67
	'('  shift 68
	'['  shift 69
	VAR  shift 101
	LISTFORL  shift 74
	IDENTIFIER  reduce 55

	Expr  goto 194
	IfStmtG  goto 195
	Call  goto 103
	Receiver  goto 104
	ArrayIndex  goto 105
	ArraySlice  goto 93
	LValue  goto 94
	Constant  goto 95
	ArrayConstant  goto 96


state 153
	LValue : VAR IDENTIFIER .  (60)

	.  reduce 60


state 154
	LValue : Receiver IDENTIFIER .  (61)
	Call : Receiver IDENTIFIER . '(' Actuals ')'  (63)

	'('  shift 189
	WHILE  reduce 61
	FOR  reduce 61
	IF  reduce 61
	AND  reduce 61
	OR  reduce 61
	LESS_EQUAL  reduce 61
	GREATER_EQUAL  reduce 61
	EQUAL  reduce 61
	NOT_EQUAL  reduce 61
	'+'  reduce 61
	'-'  reduce 61
	'*'  reduce 61
	'/'  reduce 61
	'%'  reduce 61
	'>'  reduce 61
	'<'  reduce 61
	'.'  reduce 61
	','  reduce 61
	';'  reduce 61
	')'  reduce 61
	'['  reduce 61
	']'  reduce 61
	':'  reduce 61
	ARRAY_REPEAT  reduce 61
	ARRAY_CONCAT  reduce 61
	LISTFORR  reduce 61


state 155
	Expr : NEW IDENTIFIER '(' . ')'  (93)

	')'  shift 196
	.  error


state 156
	Type : Type '[' . ']'  (11)
	Expr : NEW Type '[' . Expr ']'  (94)
	Receiver : .  (55)

	NULL  shift 53
	THIS  shift 54
	NEW  shift 60
	READ_INTEGER  shift 62
	READ_LINE  shift 63
	LITERAL  shift 64
	INSTANCEOF  shift 65
	'-'  shift 66
	'!'  shift 67
	'('  shift 68
	'['  shift 69
	']'  shift 37
	VAR  shift 101
	LISTFORL  shift 74
	IDENTIFIER  reduce 55

	Expr  goto 197
	Call  goto 103
	Receiver  goto 104
	ArrayIndex  goto 105
	ArraySlice  goto 93
	LValue  goto 94
	Constant  goto 95
	ArrayConstant  goto 96


state 157
	Receiver : Expr . '.'  (54)
	ArrayIndex : Expr . '[' Expr ']'  (58)
	ArraySlice : Expr . '[' Expr ']'  (59)
	Expr : Expr . '[' Expr ':' Expr ']'  (67)
	Expr : Expr . '+' Expr  (72)
	Expr : Expr . '-' Expr  (73)
	Expr : Expr . '*' Expr  (74)
	Expr : Expr . '/' Expr  (75)
	Expr : Expr . '%' Expr  (76)
	Expr : Expr . EQUAL Expr  (77)
	Expr : Expr . NOT_EQUAL Expr  (78)
	Expr : Expr . ARRAY_REPEAT Expr  (79)
	Expr : Expr . ARRAY_CONCAT Expr  (80)
	Expr : Expr . '<' Expr  (81)
	Expr : Expr . '>' Expr  (82)
	Expr : Expr . LESS_EQUAL Expr  (83)
	Expr : Expr . GREATER_EQUAL Expr  (84)
	Expr : Expr . AND Expr  (85)
	Expr : Expr . OR Expr  (86)
	ExprList : Expr .  (107)

	AND  shift 128
	OR  shift 129
	LESS_EQUAL  shift 130
	GREATER_EQUAL  shift 131
	EQUAL  shift 132
	NOT_EQUAL  shift 133
	'+'  shift 134
	'-'  shift 135
	'*'  shift 136
	'/'  shift 137
	'%'  shift 138
	'>'  shift 139
	'<'  shift 140
	'.'  shift 141
	'['  shift 142
	ARRAY_REPEAT  shift 143
	ARRAY_CONCAT  shift 144
	','  reduce 107
	')'  reduce 107


state 158
	ExprList : ExprList . ',' Expr  (106)
	PrintStmt : PRINT '(' ExprList . ')'  (116)

	','  shift 198
	')'  shift 199
	.  error


state 159
	Expr : READ_INTEGER '(' ')' .  (90)

	.  reduce 90


state 160
	Expr : READ_LINE '(' ')' .  (91)

	.  reduce 91


state 161
	Receiver : Expr . '.'  (54)
	ArrayIndex : Expr . '[' Expr ']'  (58)
	ArraySlice : Expr . '[' Expr ']'  (59)
	Expr : Expr . '[' Expr ':' Expr ']'  (67)
	Expr : Expr . '+' Expr  (72)
	Expr : Expr . '-' Expr  (73)
	Expr : Expr . '*' Expr  (74)
	Expr : Expr . '/' Expr  (75)
	Expr : Expr . '%' Expr  (76)
	Expr : Expr . EQUAL Expr  (77)
	Expr : Expr . NOT_EQUAL Expr  (78)
	Expr : Expr . ARRAY_REPEAT Expr  (79)
	Expr : Expr . ARRAY_CONCAT Expr  (80)
	Expr : Expr . '<' Expr  (81)
	Expr : Expr . '>' Expr  (82)
	Expr : Expr . LESS_EQUAL Expr  (83)
	Expr : Expr . GREATER_EQUAL Expr  (84)
	Expr : Expr . AND Expr  (85)
	Expr : Expr . OR Expr  (86)
	Expr : INSTANCEOF '(' Expr . ',' IDENTIFIER ')'  (95)

	AND  shift 128
	OR  shift 129
	LESS_EQUAL  shift 130
	GREATER_EQUAL  shift 131
	EQUAL  shift 132
	NOT_EQUAL  shift 133
	'+'  shift 134
	'-'  shift 135
	'*'  shift 136
	'/'  shift 137
	'%'  shift 138
	'>'  shift 139
	'<'  shift 140
	'.'  shift 141
	','  shift 200
	'['  shift 142
	ARRAY_REPEAT  shift 143
	ARRAY_CONCAT  shift 144
	.  error


state 162
	Expr : '(' CLASS IDENTIFIER . ')' Expr  (96)

	')'  shift 201
	.  error


state 163
	Expr : '(' Expr ')' .  (87)

	.  reduce 87


state 164
	ArrayInsider : ArrayInsider ',' . Constant  (102)

	NULL  shift 53
	LITERAL  shift 64
	'['  shift 69
	.  error

	Constant  goto 202
	ArrayConstant  goto 96


state 165
	ArrayConstant : '[' ArrayInsider ']' .  (101)

	.  reduce 101


state 166
	OCStmt : SCOPY '(' IDENTIFIER . ',' Expr ')'  (49)

	','  shift 203
	.  error


state 167
	SimpleStmt : VAR IDENTIFIER '=' . Expr  (51)
	Receiver : .  (55)

	NULL  shift 53
	THIS  shift 54
	NEW  shift 60
	READ_INTEGER  shift 62
	READ_LINE  shift 63
	LITERAL  shift 64
	INSTANCEOF  shift 65
	'-'  shift 66
	'!'  shift 67
	'('  shift 68
	'['  shift 69
	VAR  shift 101
	LISTFORL  shift 74
	IDENTIFIER  reduce 55

	Expr  goto 204
	Call  goto 103
	Receiver  goto 104
	ArrayIndex  goto 105
	ArraySlice  goto 93
	LValue  goto 94
	Constant  goto 95
	ArrayConstant  goto 96


state 168
	BoundVariable : VAR . IDENTIFIER  (42)

	IDENTIFIER  shift 205
	.  error


state 169
	Type : Type . '[' ']'  (11)
	BoundVariable : Type . IDENTIFIER  (43)

	IDENTIFIER  shift 206
	'['  shift 33
	.  error


state 170
	ForeachStmt : FOREACH '(' BoundVariable . IN Expr ')' Stmt  (40)
	ForeachStmt : FOREACH '(' BoundVariable . IN Expr WHILE Expr ')' Stmt  (41)

	IN  shift 207
	.  error


state 171
	Expr : LISTFORL Expr FOR . IDENTIFIER IN Expr LISTFORR  (65)
	Expr : LISTFORL Expr FOR . IDENTIFIER IN Expr IF BoolExpr LISTFORR  (66)

	IDENTIFIER  shift 208
	.  error


state 172
	Receiver : Expr . '.'  (54)
	ArrayIndex : Expr . '[' Expr ']'  (58)
	ArraySlice : Expr . '[' Expr ']'  (59)
	Expr : Expr . '[' Expr ':' Expr ']'  (67)
	Expr : Expr . '+' Expr  (72)
	Expr : Expr . '-' Expr  (73)
	Expr : Expr . '*' Expr  (74)
	Expr : Expr . '/' Expr  (75)
	Expr : Expr . '%' Expr  (76)
	Expr : Expr . EQUAL Expr  (77)
	Expr : Expr . NOT_EQUAL Expr  (78)
	Expr : Expr . ARRAY_REPEAT Expr  (79)
	Expr : Expr . ARRAY_CONCAT Expr  (80)
	Expr : Expr . '<' Expr  (81)
	Expr : Expr . '>' Expr  (82)
	Expr : Expr . LESS_EQUAL Expr  (83)
	Expr : Expr . GREATER_EQUAL Expr  (84)
	Expr : Expr . AND Expr  (85)
	Expr : Expr AND Expr .  (85)
	Expr : Expr . OR Expr  (86)

	LESS_EQUAL  shift 130
	GREATER_EQUAL  shift 131
	EQUAL  shift 132
	NOT_EQUAL  shift 133
	'+'  shift 134
	'-'  shift 135
	'*'  shift 136
	'/'  shift 137
	'%'  shift 138
	'>'  shift 139
	'<'  shift 140
	'.'  shift 141
	'['  shift 142
	ARRAY_REPEAT  shift 143
	ARRAY_CONCAT  shift 144
	WHILE  reduce 85
	FOR  reduce 85
	IF  reduce 85
	AND  reduce 85
	OR  reduce 85
	','  reduce 85
	';'  reduce 85
	')'  reduce 85
	']'  reduce 85
	':'  reduce 85
	LISTFORR  reduce 85


state 173
	Receiver : Expr . '.'  (54)
	ArrayIndex : Expr . '[' Expr ']'  (58)
	ArraySlice : Expr . '[' Expr ']'  (59)
	Expr : Expr . '[' Expr ':' Expr ']'  (67)
	Expr : Expr . '+' Expr  (72)
	Expr : Expr . '-' Expr  (73)
	Expr : Expr . '*' Expr  (74)
	Expr : Expr . '/' Expr  (75)
	Expr : Expr . '%' Expr  (76)
	Expr : Expr . EQUAL Expr  (77)
	Expr : Expr . NOT_EQUAL Expr  (78)
	Expr : Expr . ARRAY_REPEAT Expr  (79)
	Expr : Expr . ARRAY_CONCAT Expr  (80)
	Expr : Expr . '<' Expr  (81)
	Expr : Expr . '>' Expr  (82)
	Expr : Expr . LESS_EQUAL Expr  (83)
	Expr : Expr . GREATER_EQUAL Expr  (84)
	Expr : Expr . AND Expr  (85)
	Expr : Expr . OR Expr  (86)
	Expr : Expr OR Expr .  (86)

	AND  shift 128
	LESS_EQUAL  shift 130
	GREATER_EQUAL  shift 131
	EQUAL  shift 132
	NOT_EQUAL  shift 133
	'+'  shift 134
	'-'  shift 135
	'*'  shift 136
	'/'  shift 137
	'%'  shift 138
	'>'  shift 139
	'<'  shift 140
	'.'  shift 141
	'['  shift 142
	ARRAY_REPEAT  shift 143
	ARRAY_CONCAT  shift 144
	WHILE  reduce 86
	FOR  reduce 86
	IF  reduce 86
	OR  reduce 86
	','  reduce 86
	';'  reduce 86
	')'  reduce 86
	']'  reduce 86
	':'  reduce 86
	LISTFORR  reduce 86


state 174
	Receiver : Expr . '.'  (54)
	ArrayIndex : Expr . '[' Expr ']'  (58)
	ArraySlice : Expr . '[' Expr ']'  (59)
	Expr : Expr . '[' Expr ':' Expr ']'  (67)
	Expr : Expr . '+' Expr  (72)
	Expr : Expr . '-' Expr  (73)
	Expr : Expr . '*' Expr  (74)
	Expr : Expr . '/' Expr  (75)
	Expr : Expr . '%' Expr  (76)
	Expr : Expr . EQUAL Expr  (77)
	Expr : Expr . NOT_EQUAL Expr  (78)
	Expr : Expr . ARRAY_REPEAT Expr  (79)
	Expr : Expr . ARRAY_CONCAT Expr  (80)
	Expr : Expr . '<' Expr  (81)
	Expr : Expr . '>' Expr  (82)
	Expr : Expr . LESS_EQUAL Expr  (83)
	Expr : Expr LESS_EQUAL Expr .  (83)
	Expr : Expr . GREATER_EQUAL Expr  (84)
	Expr : Expr . AND Expr  (85)
	Expr : Expr . OR Expr  (86)

	'+'  shift 134
	'-'  shift 135
	'*'  shift 136
	'/'  shift 137
	'%'  shift 138
	'.'  shift 141
	'['  shift 142
	WHILE  reduce 83
	FOR  reduce 83
	IF  reduce 83
	AND  reduce 83
	OR  reduce 83
	EQUAL  reduce 83
	NOT_EQUAL  reduce 83
	','  reduce 83
	';'  reduce 83
	')'  reduce 83
	']'  reduce 83
	':'  reduce 83
	ARRAY_REPEAT  reduce 83
	ARRAY_CONCAT  reduce 83
	LISTFORR  reduce 83


state 175
	Receiver : Expr . '.'  (54)
	ArrayIndex : Expr . '[' Expr ']'  (58)
	ArraySlice : Expr . '[' Expr ']'  (59)
	Expr : Expr . '[' Expr ':' Expr ']'  (67)
	Expr : Expr . '+' Expr  (72)
	Expr : Expr . '-' Expr  (73)
	Expr : Expr . '*' Expr  (74)
	Expr : Expr . '/' Expr  (75)
	Expr : Expr . '%' Expr  (76)
	Expr : Expr . EQUAL Expr  (77)
	Expr : Expr . NOT_EQUAL Expr  (78)
	Expr : Expr . ARRAY_REPEAT Expr  (79)
	Expr : Expr . ARRAY_CONCAT Expr  (80)
	Expr : Expr . '<' Expr  (81)
	Expr : Expr . '>' Expr  (82)
	Expr : Expr . LESS_EQUAL Expr  (83)
	Expr : Expr . GREATER_EQUAL Expr  (84)
	Expr : Expr GREATER_EQUAL Expr .  (84)
	Expr : Expr . AND Expr  (85)
	Expr : Expr . OR Expr  (86)

	'+'  shift 134
	'-'  shift 135
	'*'  shift 136
	'/'  shift 137
	'%'  shift 138
	'.'  shift 141
	'['  shift 142
	WHILE  reduce 84
	FOR  reduce 84
	IF  reduce 84
	AND  reduce 84
	OR  reduce 84
	EQUAL  reduce 84
	NOT_EQUAL  reduce 84
	','  reduce 84
	';'  reduce 84
	')'  reduce 84
	']'  reduce 84
	':'  reduce 84
	ARRAY_REPEAT  reduce 84
	ARRAY_CONCAT  reduce 84
	LISTFORR  reduce 84


state 176
	Receiver : Expr . '.'  (54)
	ArrayIndex : Expr . '[' Expr ']'  (58)
	ArraySlice : Expr . '[' Expr ']'  (59)
	Expr : Expr . '[' Expr ':' Expr ']'  (67)
	Expr : Expr . '+' Expr  (72)
	Expr : Expr . '-' Expr  (73)
	Expr : Expr . '*' Expr  (74)
	Expr : Expr . '/' Expr  (75)
	Expr : Expr . '%' Expr  (76)
	Expr : Expr . EQUAL Expr  (77)
	Expr : Expr EQUAL Expr .  (77)
	Expr : Expr . NOT_EQUAL Expr  (78)
	Expr : Expr . ARRAY_REPEAT Expr  (79)
	Expr : Expr . ARRAY_CONCAT Expr  (80)
	Expr : Expr . '<' Expr  (81)
	Expr : Expr . '>' Expr  (82)
	Expr : Expr . LESS_EQUAL Expr  (83)
	Expr : Expr . GREATER_EQUAL Expr  (84)
	Expr : Expr . AND Expr  (85)
	Expr : Expr . OR Expr  (86)

	LESS_EQUAL  shift 130
	GREATER_EQUAL  shift 131
	'+'  shift 134
	'-'  shift 135
	'*'  shift 136
	'/'  shift 137
	'%'  shift 138
	'>'  shift 139
	'<'  shift 140
	'.'  shift 141
	'['  shift 142
	ARRAY_REPEAT  shift 143
	ARRAY_CONCAT  shift 144
	WHILE  reduce 77
	FOR  reduce 77
	IF  reduce 77
	AND  reduce 77
	OR  reduce 77
	','  reduce 77
	';'  reduce 77
	')'  reduce 77
	']'  reduce 77
	':'  reduce 77
	LISTFORR  reduce 77


state 177
	Receiver : Expr . '.'  (54)
	ArrayIndex : Expr . '[' Expr ']'  (58)
	ArraySlice : Expr . '[' Expr ']'  (59)
	Expr : Expr . '[' Expr ':' Expr ']'  (67)
	Expr : Expr . '+' Expr  (72)
	Expr : Expr . '-' Expr  (73)
	Expr : Expr . '*' Expr  (74)
	Expr : Expr . '/' Expr  (75)
	Expr : Expr . '%' Expr  (76)
	Expr : Expr . EQUAL Expr  (77)
	Expr : Expr . NOT_EQUAL Expr  (78)
	Expr : Expr NOT_EQUAL Expr .  (78)
	Expr : Expr . ARRAY_REPEAT Expr  (79)
	Expr : Expr . ARRAY_CONCAT Expr  (80)
	Expr : Expr . '<' Expr  (81)
	Expr : Expr . '>' Expr  (82)
	Expr : Expr . LESS_EQUAL Expr  (83)
	Expr : Expr . GREATER_EQUAL Expr  (84)
	Expr : Expr . AND Expr  (85)
	Expr : Expr . OR Expr  (86)

	LESS_EQUAL  shift 130
	GREATER_EQUAL  shift 131
	'+'  shift 134
	'-'  shift 135
	'*'  shift 136
	'/'  shift 137
	'%'  shift 138
	'>'  shift 139
	'<'  shift 140
	'.'  shift 141
	'['  shift 142
	ARRAY_REPEAT  shift 143
	ARRAY_CONCAT  shift 144
	WHILE  reduce 78
	FOR  reduce 78
	IF  reduce 78
	AND  reduce 78
	OR  reduce 78
	','  reduce 78
	';'  reduce 78
	')'  reduce 78
	']'  reduce 78
	':'  reduce 78
	LISTFORR  reduce 78


state 178
	Receiver : Expr . '.'  (54)
	ArrayIndex : Expr . '[' Expr ']'  (58)
	ArraySlice : Expr . '[' Expr ']'  (59)
	Expr : Expr . '[' Expr ':' Expr ']'  (67)
	Expr : Expr . '+' Expr  (72)
	Expr : Expr '+' Expr .  (72)
	Expr : Expr . '-' Expr  (73)
	Expr : Expr . '*' Expr  (74)
	Expr : Expr . '/' Expr  (75)
	Expr : Expr . '%' Expr  (76)
	Expr : Expr . EQUAL Expr  (77)
	Expr : Expr . NOT_EQUAL Expr  (78)
	Expr : Expr . ARRAY_REPEAT Expr  (79)
	Expr : Expr . ARRAY_CONCAT Expr  (80)
	Expr : Expr . '<' Expr  (81)
	Expr : Expr . '>' Expr  (82)
	Expr : Expr . LESS_EQUAL Expr  (83)
	Expr : Expr . GREATER_EQUAL Expr  (84)
	Expr : Expr . AND Expr  (85)
	Expr : Expr . OR Expr  (86)

	'*'  shift 136
	'/'  shift 137
	'%'  shift 138
	'.'  shift 141
	'['  shift 142
	WHILE  reduce 72
	FOR  reduce 72
	IF  reduce 72
	AND  reduce 72
	OR  reduce 72
	LESS_EQUAL  reduce 72
	GREATER_EQUAL  reduce 72
	EQUAL  reduce 72
	NOT_EQUAL  reduce 72
	'+'  reduce 72
	'-'  reduce 72
	'>'  reduce 72
	'<'  reduce 72
	','  reduce 72
	';'  reduce 72
	')'  reduce 72
	']'  reduce 72
	':'  reduce 72
	ARRAY_REPEAT  reduce 72
	ARRAY_CONCAT  reduce 72
	LISTFORR  reduce 72


state 179
	Receiver : Expr . '.'  (54)
	ArrayIndex : Expr . '[' Expr ']'  (58)
	ArraySlice : Expr . '[' Expr ']'  (59)
	Expr : Expr . '[' Expr ':' Expr ']'  (67)
	Expr : Expr . '+' Expr  (72)
	Expr : Expr . '-' Expr  (73)
	Expr : Expr '-' Expr .  (73)
	Expr : Expr . '*' Expr  (74)
	Expr : Expr . '/' Expr  (75)
	Expr : Expr . '%' Expr  (76)
	Expr : Expr . EQUAL Expr  (77)
	Expr : Expr . NOT_EQUAL Expr  (78)
	Expr : Expr . ARRAY_REPEAT Expr  (79)
	Expr : Expr . ARRAY_CONCAT Expr  (80)
	Expr : Expr . '<' Expr  (81)
	Expr : Expr . '>' Expr  (82)
	Expr : Expr . LESS_EQUAL Expr  (83)
	Expr : Expr . GREATER_EQUAL Expr  (84)
	Expr : Expr . AND Expr  (85)
	Expr : Expr . OR Expr  (86)

	'*'  shift 136
	'/'  shift 137
	'%'  shift 138
	'.'  shift 141
	'['  shift 142
	WHILE  reduce 73
	FOR  reduce 73
	IF  reduce 73
	AND  reduce 73
	OR  reduce 73
	LESS_EQUAL  reduce 73
	GREATER_EQUAL  reduce 73
	EQUAL  reduce 73
	NOT_EQUAL  reduce 73
	'+'  reduce 73
	'-'  reduce 73
	'>'  reduce 73
	'<'  reduce 73
	','  reduce 73
	';'  reduce 73
	')'  reduce 73
	']'  reduce 73
	':'  reduce 73
	ARRAY_REPEAT  reduce 73
	ARRAY_CONCAT  reduce 73
	LISTFORR  reduce 73


state 180
	Receiver : Expr . '.'  (54)
	ArrayIndex : Expr . '[' Expr ']'  (58)
	ArraySlice : Expr . '[' Expr ']'  (59)
	Expr : Expr . '[' Expr ':' Expr ']'  (67)
	Expr : Expr . '+' Expr  (72)
	Expr : Expr . '-' Expr  (73)
	Expr : Expr . '*' Expr  (74)
	Expr : Expr '*' Expr .  (74)
	Expr : Expr . '/' Expr  (75)
	Expr : Expr . '%' Expr  (76)
	Expr : Expr . EQUAL Expr  (77)
	Expr : Expr . NOT_EQUAL Expr  (78)
	Expr : Expr . ARRAY_REPEAT Expr  (79)
	Expr : Expr . ARRAY_CONCAT Expr  (80)
	Expr : Expr . '<' Expr  (81)
	Expr : Expr . '>' Expr  (82)
	Expr : Expr . LESS_EQUAL Expr  (83)
	Expr : Expr . GREATER_EQUAL Expr  (84)
	Expr : Expr . AND Expr  (85)
	Expr : Expr . OR Expr  (86)

	'.'  shift 141
	'['  shift 142
	WHILE  reduce 74
	FOR  reduce 74
	IF  reduce 74
	AND  reduce 74
	OR  reduce 74
	LESS_EQUAL  reduce 74
	GREATER_EQUAL  reduce 74
	EQUAL  reduce 74
	NOT_EQUAL  reduce 74
	'+'  reduce 74
	'-'  reduce 74
	'*'  reduce 74
	'/'  reduce 74
	'%'  reduce 74
	'>'  reduce 74
	'<'  reduce 74
	','  reduce 74
	';'  reduce 74
	')'  reduce 74
	']'  reduce 74
	':'  reduce 74
	ARRAY_REPEAT  reduce 74
	ARRAY_CONCAT  reduce 74
	LISTFORR  reduce 74


state 181
	Receiver : Expr . '.'  (54)
	ArrayIndex : Expr . '[' Expr ']'  (58)
	ArraySlice : Expr . '[' Expr ']'  (59)
	Expr : Expr . '[' Expr ':' Expr ']'  (67)
	Expr : Expr . '+' Expr  (72)
	Expr : Expr . '-' Expr  (73)
	Expr : Expr . '*' Expr  (74)
	Expr : Expr . '/' Expr  (75)
	Expr : Expr '/' Expr .  (75)
	Expr : Expr . '%' Expr  (76)
	Expr : Expr . EQUAL Expr  (77)
	Expr : Expr . NOT_EQUAL Expr  (78)
	Expr : Expr . ARRAY_REPEAT Expr  (79)
	Expr : Expr . ARRAY_CONCAT Expr  (80)
	Expr : Expr . '<' Expr  (81)
	Expr : Expr . '>' Expr  (82)
	Expr : Expr . LESS_EQUAL Expr  (83)
	Expr : Expr . GREATER_EQUAL Expr  (84)
	Expr : Expr . AND Expr  (85)
	Expr : Expr . OR Expr  (86)

	'.'  shift 141
	'['  shift 142
	WHILE  reduce 75
	FOR  reduce 75
	IF  reduce 75
	AND  reduce 75
	OR  reduce 75
	LESS_EQUAL  reduce 75
	GREATER_EQUAL  reduce 75
	EQUAL  reduce 75
	NOT_EQUAL  reduce 75
	'+'  reduce 75
	'-'  reduce 75
	'*'  reduce 75
	'/'  reduce 75
	'%'  reduce 75
	'>'  reduce 75
	'<'  reduce 75
	','  reduce 75
	';'  reduce 75
	')'  reduce 75
	']'  reduce 75
	':'  reduce 75
	ARRAY_REPEAT  reduce 75
	ARRAY_CONCAT  reduce 75
	LISTFORR  reduce 75


state 182
	Receiver : Expr . '.'  (54)
	ArrayIndex : Expr . '[' Expr ']'  (58)
	ArraySlice : Expr . '[' Expr ']'  (59)
	Expr : Expr . '[' Expr ':' Expr ']'  (67)
	Expr : Expr . '+' Expr  (72)
	Expr : Expr . '-' Expr  (73)
	Expr : Expr . '*' Expr  (74)
	Expr : Expr . '/' Expr  (75)
	Expr : Expr . '%' Expr  (76)
	Expr : Expr '%' Expr .  (76)
	Expr : Expr . EQUAL Expr  (77)
	Expr : Expr . NOT_EQUAL Expr  (78)
	Expr : Expr . ARRAY_REPEAT Expr  (79)
	Expr : Expr . ARRAY_CONCAT Expr  (80)
	Expr : Expr . '<' Expr  (81)
	Expr : Expr . '>' Expr  (82)
	Expr : Expr . LESS_EQUAL Expr  (83)
	Expr : Expr . GREATER_EQUAL Expr  (84)
	Expr : Expr . AND Expr  (85)
	Expr : Expr . OR Expr  (86)

	'.'  shift 141
	'['  shift 142
	WHILE  reduce 76
	FOR  reduce 76
	IF  reduce 76
	AND  reduce 76
	OR  reduce 76
	LESS_EQUAL  reduce 76
	GREATER_EQUAL  reduce 76
	EQUAL  reduce 76
	NOT_EQUAL  reduce 76
	'+'  reduce 76
	'-'  reduce 76
	'*'  reduce 76
	'/'  reduce 76
	'%'  reduce 76
	'>'  reduce 76
	'<'  reduce 76
	','  reduce 76
	';'  reduce 76
	')'  reduce 76
	']'  reduce 76
	':'  reduce 76
	ARRAY_REPEAT  reduce 76
	ARRAY_CONCAT  reduce 76
	LISTFORR  reduce 76


state 183
	Receiver : Expr . '.'  (54)
	ArrayIndex : Expr . '[' Expr ']'  (58)
	ArraySlice : Expr . '[' Expr ']'  (59)
	Expr : Expr . '[' Expr ':' Expr ']'  (67)
	Expr : Expr . '+' Expr  (72)
	Expr : Expr . '-' Expr  (73)
	Expr : Expr . '*' Expr  (74)
	Expr : Expr . '/' Expr  (75)
	Expr : Expr . '%' Expr  (76)
	Expr : Expr . EQUAL Expr  (77)
	Expr : Expr . NOT_EQUAL Expr  (78)
	Expr : Expr . ARRAY_REPEAT Expr  (79)
	Expr : Expr . ARRAY_CONCAT Expr  (80)
	Expr : Expr . '<' Expr  (81)
	Expr : Expr . '>' Expr  (82)
	Expr : Expr '>' Expr .  (82)
	Expr : Expr . LESS_EQUAL Expr  (83)
	Expr : Expr . GREATER_EQUAL Expr  (84)
	Expr : Expr . AND Expr  (85)
	Expr : Expr . OR Expr  (86)

	'+'  shift 134
	'-'  shift 135
	'*'  shift 136
	'/'  shift 137
	'%'  shift 138
	'.'  shift 141
	'['  shift 142
	WHILE  reduce 82
	FOR  reduce 82
	IF  reduce 82
	AND  reduce 82
	OR  reduce 82
	EQUAL  reduce 82
	NOT_EQUAL  reduce 82
	','  reduce 82
	';'  reduce 82
	')'  reduce 82
	']'  reduce 82
	':'  reduce 82
	ARRAY_REPEAT  reduce 82
	ARRAY_CONCAT  reduce 82
	LISTFORR  reduce 82


state 184
	Receiver : Expr . '.'  (54)
	ArrayIndex : Expr . '[' Expr ']'  (58)
	ArraySlice : Expr . '[' Expr ']'  (59)
	Expr : Expr . '[' Expr ':' Expr ']'  (67)
	Expr : Expr . '+' Expr  (72)
	Expr : Expr . '-' Expr  (73)
	Expr : Expr . '*' Expr  (74)
	Expr : Expr . '/' Expr  (75)
	Expr : Expr . '%' Expr  (76)
	Expr : Expr . EQUAL Expr  (77)
	Expr : Expr . NOT_EQUAL Expr  (78)
	Expr : Expr . ARRAY_REPEAT Expr  (79)
	Expr : Expr . ARRAY_CONCAT Expr  (80)
	Expr : Expr . '<' Expr  (81)
	Expr : Expr '<' Expr .  (81)
	Expr : Expr . '>' Expr  (82)
	Expr : Expr . LESS_EQUAL Expr  (83)
	Expr : Expr . GREATER_EQUAL Expr  (84)
	Expr : Expr . AND Expr  (85)
	Expr : Expr . OR Expr  (86)

	'+'  shift 134
	'-'  shift 135
	'*'  shift 136
	'/'  shift 137
	'%'  shift 138
	'.'  shift 141
	'['  shift 142
	WHILE  reduce 81
	FOR  reduce 81
	IF  reduce 81
	AND  reduce 81
	OR  reduce 81
	EQUAL  reduce 81
	NOT_EQUAL  reduce 81
	','  reduce 81
	';'  reduce 81
	')'  reduce 81
	']'  reduce 81
	':'  reduce 81
	ARRAY_REPEAT  reduce 81
	ARRAY_CONCAT  reduce 81
	LISTFORR  reduce 81


state 185
	Receiver : Expr . '.'  (54)
	ArrayIndex : Expr . '[' Expr ']'  (58)
	ArrayIndex : Expr '[' Expr . ']'  (58)
	ArraySlice : Expr . '[' Expr ']'  (59)
	ArraySlice : Expr '[' Expr . ']'  (59)
	Expr : Expr . '[' Expr ':' Expr ']'  (67)
	Expr : Expr '[' Expr . ':' Expr ']'  (67)
	Expr : Expr . '+' Expr  (72)
	Expr : Expr . '-' Expr  (73)
	Expr : Expr . '*' Expr  (74)
	Expr : Expr . '/' Expr  (75)
	Expr : Expr . '%' Expr  (76)
	Expr : Expr . EQUAL Expr  (77)
	Expr : Expr . NOT_EQUAL Expr  (78)
	Expr : Expr . ARRAY_REPEAT Expr  (79)
	Expr : Expr . ARRAY_CONCAT Expr  (80)
	Expr : Expr . '<' Expr  (81)
	Expr : Expr . '>' Expr  (82)
	Expr : Expr . LESS_EQUAL Expr  (83)
	Expr : Expr . GREATER_EQUAL Expr  (84)
	Expr : Expr . AND Expr  (85)
	Expr : Expr . OR Expr  (86)

	AND  shift 128
	OR  shift 129
	LESS_EQUAL  shift 130
	GREATER_EQUAL  shift 131
	EQUAL  shift 132
	NOT_EQUAL  shift 133
	'+'  shift 134
	'-'  shift 135
	'*'  shift 136
	'/'  shift 137
	'%'  shift 138
	'>'  shift 139
	'<'  shift 140
	'.'  shift 141
	'['  shift 142
	']'  shift 209
	':'  shift 210
	ARRAY_REPEAT  shift 143
	ARRAY_CONCAT  shift 144
	.  error


state 186
	Receiver : Expr . '.'  (54)
	ArrayIndex : Expr . '[' Expr ']'  (58)
	ArraySlice : Expr . '[' Expr ']'  (59)
	Expr : Expr . '[' Expr ':' Expr ']'  (67)
	Expr : Expr . '+' Expr  (72)
	Expr : Expr . '-' Expr  (73)
	Expr : Expr . '*' Expr  (74)
	Expr : Expr . '/' Expr  (75)
	Expr : Expr . '%' Expr  (76)
	Expr : Expr . EQUAL Expr  (77)
	Expr : Expr . NOT_EQUAL Expr  (78)
	Expr : Expr . ARRAY_REPEAT Expr  (79)
	Expr : Expr ARRAY_REPEAT Expr .  (79)
	Expr : Expr . ARRAY_CONCAT Expr  (80)
	Expr : Expr . '<' Expr  (81)
	Expr : Expr . '>' Expr  (82)
	Expr : Expr . LESS_EQUAL Expr  (83)
	Expr : Expr . GREATER_EQUAL Expr  (84)
	Expr : Expr . AND Expr  (85)
	Expr : Expr . OR Expr  (86)

	LESS_EQUAL  shift 130
	GREATER_EQUAL  shift 131
	'+'  shift 134
	'-'  shift 135
	'*'  shift 136
	'/'  shift 137
	'%'  shift 138
	'>'  shift 139
	'<'  shift 140
	'.'  shift 141
	'['  shift 142
	WHILE  reduce 79
	FOR  reduce 79
	IF  reduce 79
	AND  reduce 79
	OR  reduce 79
	EQUAL  reduce 79
	NOT_EQUAL  reduce 79
	','  reduce 79
	';'  reduce 79
	')'  reduce 79
	']'  reduce 79
	':'  reduce 79
	ARRAY_REPEAT  reduce 79
	ARRAY_CONCAT  reduce 79
	LISTFORR  reduce 79


state 187
	Receiver : Expr . '.'  (54)
	ArrayIndex : Expr . '[' Expr ']'  (58)
	ArraySlice : Expr . '[' Expr ']'  (59)
	Expr : Expr . '[' Expr ':' Expr ']'  (67)
	Expr : Expr . '+' Expr  (72)
	Expr : Expr . '-' Expr  (73)
	Expr : Expr . '*' Expr  (74)
	Expr : Expr . '/' Expr  (75)
	Expr : Expr . '%' Expr  (76)
	Expr : Expr . EQUAL Expr  (77)
	Expr : Expr . NOT_EQUAL Expr  (78)
	Expr : Expr . ARRAY_REPEAT Expr  (79)
	Expr : Expr . ARRAY_CONCAT Expr  (80)
	Expr : Expr ARRAY_CONCAT Expr .  (80)
	Expr : Expr . '<' Expr  (81)
	Expr : Expr . '>' Expr  (82)
	Expr : Expr . LESS_EQUAL Expr  (83)
	Expr : Expr . GREATER_EQUAL Expr  (84)
	Expr : Expr . AND Expr  (85)
	Expr : Expr . OR Expr  (86)

	LESS_EQUAL  shift 130
	GREATER_EQUAL  shift 131
	'+'  shift 134
	'-'  shift 135
	'*'  shift 136
	'/'  shift 137
	'%'  shift 138
	'>'  shift 139
	'<'  shift 140
	'.'  shift 141
	'['  shift 142
	ARRAY_REPEAT  shift 143
	ARRAY_CONCAT  shift 144
	WHILE  reduce 80
	FOR  reduce 80
	IF  reduce 80
	AND  reduce 80
	OR  reduce 80
	EQUAL  reduce 80
	NOT_EQUAL  reduce 80
	','  reduce 80
	';'  reduce 80
	')'  reduce 80
	']'  reduce 80
	':'  reduce 80
	LISTFORR  reduce 80


state 188
	SimpleStmt : LValuel '=' Expr .  (50)
	Receiver : Expr . '.'  (54)
	ArrayIndex : Expr . '[' Expr ']'  (58)
	ArraySlice : Expr . '[' Expr ']'  (59)
	Expr : Expr . '[' Expr ':' Expr ']'  (67)
	Expr : Expr . '+' Expr  (72)
	Expr : Expr . '-' Expr  (73)
	Expr : Expr . '*' Expr  (74)
	Expr : Expr . '/' Expr  (75)
	Expr : Expr . '%' Expr  (76)
	Expr : Expr . EQUAL Expr  (77)
	Expr : Expr . NOT_EQUAL Expr  (78)
	Expr : Expr . ARRAY_REPEAT Expr  (79)
	Expr : Expr . ARRAY_CONCAT Expr  (80)
	Expr : Expr . '<' Expr  (81)
	Expr : Expr . '>' Expr  (82)
	Expr : Expr . LESS_EQUAL Expr  (83)
	Expr : Expr . GREATER_EQUAL Expr  (84)
	Expr : Expr . AND Expr  (85)
	Expr : Expr . OR Expr  (86)

	AND  shift 128
	OR  shift 129
	LESS_EQUAL  shift 130
	GREATER_EQUAL  shift 131
	EQUAL  shift 132
	NOT_EQUAL  shift 133
	'+'  shift 134
	'-'  shift 135
	'*'  shift 136
	'/'  shift 137
	'%'  shift 138
	'>'  shift 139
	'<'  shift 140
	'.'  shift 141
	'['  shift 142
	ARRAY_REPEAT  shift 143
	ARRAY_CONCAT  shift 144
	';'  reduce 50
	')'  reduce 50


state 189
	Call : Receiver IDENTIFIER '(' . Actuals ')'  (63)
	Receiver : .  (55)
	Actuals : .  (105)

	NULL  shift 53
	THIS  shift 54
	NEW  shift 60
	READ_INTEGER  shift 62
	READ_LINE  shift 63
	LITERAL  shift 64
	INSTANCEOF  shift 65
	'-'  shift 66
	'!'  shift 67
	'('  shift 68
	'['  shift 69
	VAR  shift 101
	LISTFORL  shift 74
	IDENTIFIER  reduce 55
	')'  reduce 105

	Expr  goto 157
	Call  goto 103
	Receiver  goto 104
	ArrayIndex  goto 105
	ArraySlice  goto 93
	LValue  goto 94
	Actuals  goto 211
	Constant  goto 95
	ArrayConstant  goto 96
	ExprList  goto 212


state 190
	Receiver : Expr . '.'  (54)
	ArrayIndex : Expr . '[' Expr ']'  (58)
	ArraySlice : Expr . '[' Expr ']'  (59)
	Expr : Expr . '[' Expr ':' Expr ']'  (67)
	Expr : ArraySlice DEFAULT Expr .  (68)
	Expr : Expr . '+' Expr  (72)
	Expr : Expr . '-' Expr  (73)
	Expr : Expr . '*' Expr  (74)
	Expr : Expr . '/' Expr  (75)
	Expr : Expr . '%' Expr  (76)
	Expr : Expr . EQUAL Expr  (77)
	Expr : Expr . NOT_EQUAL Expr  (78)
	Expr : Expr . ARRAY_REPEAT Expr  (79)
	Expr : Expr . ARRAY_CONCAT Expr  (80)
	Expr : Expr . '<' Expr  (81)
	Expr : Expr . '>' Expr  (82)
	Expr : Expr . LESS_EQUAL Expr  (83)
	Expr : Expr . GREATER_EQUAL Expr  (84)
	Expr : Expr . AND Expr  (85)
	Expr : Expr . OR Expr  (86)

	.  reduce 68


state 191
	WhileStmt : WHILE '(' Expr ')' . Stmt  (108)
	SimpleStmt : .  (53)
	Receiver : .  (55)

	VOID  shift 17
	BOOL  shift 18
	INT  shift 19
	STRING  shift 20
	CLASS  shift 21
	NULL  shift 53
	THIS  shift 54
	WHILE  shift 55
	FOR  shift 56
	IF  shift 57
	RETURN  shift 58
	BREAK  shift 59
	NEW  shift 60
	PRINT  shift 61
	READ_INTEGER  shift 62
	READ_LINE  shift 63
	LITERAL  shift 64
	INSTANCEOF  shift 65
	'-'  shift 66
	'!'  shift 67
	'('  shift 68
	'['  shift 69
	'{'  shift 48
	SCOPY  shift 71
	VAR  shift 72
	FOREACH  shift 73
	LISTFORL  shift 74
	IDENTIFIER  reduce 55
	';'  reduce 53

	VariableDef  goto 75
	Variable  goto 25
	Type  goto 40
	StmtBlock  goto 76
	Stmt  goto 213
	ForeachStmt  goto 78
	OCStmt  goto 79
	GuardedStmt  goto 80
	SimpleStmt  goto 81
	IfStmt  goto 82
	WhileStmt  goto 83
	ForStmt  goto 84
	ReturnStmt  goto 85
	PrintStmt  goto 86
	BreakStmt  goto 87
	Expr  goto 88
	LValuel  goto 89
	Call  goto 90
	Receiver  goto 91
	ArrayIndex  goto 92
	ArraySlice  goto 93
	LValue  goto 94
	Constant  goto 95
	ArrayConstant  goto 96


state 192
	ForStmt : FOR '(' SimpleStmt ';' . Expr ';' SimpleStmt ')' Stmt  (109)
	Receiver : .  (55)

	NULL  shift 53
	THIS  shift 54
	NEW  shift 60
	READ_INTEGER  shift 62
	READ_LINE  shift 63
	LITERAL  shift 64
	INSTANCEOF  shift 65
	'-'  shift 66
	'!'  shift 67
	'('  shift 68
	'['  shift 69
	VAR  shift 101
	LISTFORL  shift 74
	IDENTIFIER  reduce 55

	Expr  goto 214
	Call  goto 103
	Receiver  goto 104
	ArrayIndex  goto 105
	ArraySlice  goto 93
	LValue  goto 94
	Constant  goto 95
	ArrayConstant  goto 96


state 193
	IfStmt : IF '(' Expr ')' . Stmt ElseClause  (111)
	SimpleStmt : .  (53)
	Receiver : .  (55)

	VOID  shift 17
	BOOL  shift 18
	INT  shift 19
	STRING  shift 20
	CLASS  shift 21
	NULL  shift 53
	THIS  shift 54
	WHILE  shift 55
	FOR  shift 56
	IF  shift 57
	RETURN  shift 58
	BREAK  shift 59
	NEW  shift 60
	PRINT  shift 61
	READ_INTEGER  shift 62
	READ_LINE  shift 63
	LITERAL  shift 64
	INSTANCEOF  shift 65
	'-'  shift 66
	'!'  shift 67
	'('  shift 68
	'['  shift 69
	'{'  shift 48
	SCOPY  shift 71
	VAR  shift 72
	FOREACH  shift 73
	LISTFORL  shift 74
	IDENTIFIER  reduce 55
	';'  reduce 53

	VariableDef  goto 75
	Variable  goto 25
	Type  goto 40
	StmtBlock  goto 76
	Stmt  goto 215
	ForeachStmt  goto 78
	OCStmt  goto 79
	GuardedStmt  goto 80
	SimpleStmt  goto 81
	IfStmt  goto 82
	WhileStmt  goto 83
	ForStmt  goto 84
	ReturnStmt  goto 85
	PrintStmt  goto 86
	BreakStmt  goto 87
	Expr  goto 88
	LValuel  goto 89
	Call  goto 90
	Receiver  goto 91
	ArrayIndex  goto 92
	ArraySlice  goto 93
	LValue  goto 94
	Constant  goto 95
	ArrayConstant  goto 96


state 194
	IfStmtG : Expr . ':' Stmt  (48)
	Receiver : Expr . '.'  (54)
	ArrayIndex : Expr . '[' Expr ']'  (58)
	ArraySlice : Expr . '[' Expr ']'  (59)
	Expr : Expr . '[' Expr ':' Expr ']'  (67)
	Expr : Expr . '+' Expr  (72)
	Expr : Expr . '-' Expr  (73)
	Expr : Expr . '*' Expr  (74)
	Expr : Expr . '/' Expr  (75)
	Expr : Expr . '%' Expr  (76)
	Expr : Expr . EQUAL Expr  (77)
	Expr : Expr . NOT_EQUAL Expr  (78)
	Expr : Expr . ARRAY_REPEAT Expr  (79)
	Expr : Expr . ARRAY_CONCAT Expr  (80)
	Expr : Expr . '<' Expr  (81)
	Expr : Expr . '>' Expr  (82)
	Expr : Expr . LESS_EQUAL Expr  (83)
	Expr : Expr . GREATER_EQUAL Expr  (84)
	Expr : Expr . AND Expr  (85)
	Expr : Expr . OR Expr  (86)

	AND  shift 128
	OR  shift 129
	LESS_EQUAL  shift 130
	GREATER_EQUAL  shift 131
	EQUAL  shift 132
	NOT_EQUAL  shift 133
	'+'  shift 134
	'-'  shift 135
	'*'  shift 136
	'/'  shift 137
	'%'  shift 138
	'>'  shift 139
	'<'  shift 140
	'.'  shift 141
	'['  shift 142
	':'  shift 216
	ARRAY_REPEAT  shift 143
	ARRAY_CONCAT  shift 144
	.  error


state 195
	GuardedStmt : IF '{' IfBranchG IfStmtG . '}'  (44)
	IfBranchG : IfBranchG IfStmtG . DIVIDER  (46)

	'}'  shift 217
	DIVIDER  shift 218
	.  error


state 196
	Expr : NEW IDENTIFIER '(' ')' .  (93)

	.  reduce 93


state 197
	Receiver : Expr . '.'  (54)
	ArrayIndex : Expr . '[' Expr ']'  (58)
	ArraySlice : Expr . '[' Expr ']'  (59)
	Expr : Expr . '[' Expr ':' Expr ']'  (67)
	Expr : Expr . '+' Expr  (72)
	Expr : Expr . '-' Expr  (73)
	Expr : Expr . '*' Expr  (74)
	Expr : Expr . '/' Expr  (75)
	Expr : Expr . '%' Expr  (76)
	Expr : Expr . EQUAL Expr  (77)
	Expr : Expr . NOT_EQUAL Expr  (78)
	Expr : Expr . ARRAY_REPEAT Expr  (79)
	Expr : Expr . ARRAY_CONCAT Expr  (80)
	Expr : Expr . '<' Expr  (81)
	Expr : Expr . '>' Expr  (82)
	Expr : Expr . LESS_EQUAL Expr  (83)
	Expr : Expr . GREATER_EQUAL Expr  (84)
	Expr : Expr . AND Expr  (85)
	Expr : Expr . OR Expr  (86)
	Expr : NEW Type '[' Expr . ']'  (94)

	AND  shift 128
	OR  shift 129
	LESS_EQUAL  shift 130
	GREATER_EQUAL  shift 131
	EQUAL  shift 132
	NOT_EQUAL  shift 133
	'+'  shift 134
	'-'  shift 135
	'*'  shift 136
	'/'  shift 137
	'%'  shift 138
	'>'  shift 139
	'<'  shift 140
	'.'  shift 141
	'['  shift 142
	']'  shift 219
	ARRAY_REPEAT  shift 143
	ARRAY_CONCAT  shift 144
	.  error


state 198
	ExprList : ExprList ',' . Expr  (106)
	Receiver : .  (55)

	NULL  shift 53
	THIS  shift 54
	NEW  shift 60
	READ_INTEGER  shift 62
	READ_LINE  shift 63
	LITERAL  shift 64
	INSTANCEOF  shift 65
	'-'  shift 66
	'!'  shift 67
	'('  shift 68
	'['  shift 69
	VAR  shift 101
	LISTFORL  shift 74
	IDENTIFIER  reduce 55

	Expr  goto 220
	Call  goto 103
	Receiver  goto 104
	ArrayIndex  goto 105
	ArraySlice  goto 93
	LValue  goto 94
	Constant  goto 95
	ArrayConstant  goto 96


state 199
	PrintStmt : PRINT '(' ExprList ')' .  (116)

	.  reduce 116


state 200
	Expr : INSTANCEOF '(' Expr ',' . IDENTIFIER ')'  (95)

	IDENTIFIER  shift 221
	.  error


state 201
	Expr : '(' CLASS IDENTIFIER ')' . Expr  (96)
	Receiver : .  (55)

	NULL  shift 53
	THIS  shift 54
	NEW  shift 60
	READ_INTEGER  shift 62
	READ_LINE  shift 63
	LITERAL  shift 64
	INSTANCEOF  shift 65
	'-'  shift 66
	'!'  shift 67
	'('  shift 68
	'['  shift 69
	VAR  shift 101
	LISTFORL  shift 74
	IDENTIFIER  reduce 55

	Expr  goto 222
	Call  goto 103
	Receiver  goto 104
	ArrayIndex  goto 105
	ArraySlice  goto 93
	LValue  goto 94
	Constant  goto 95
	ArrayConstant  goto 96


state 202
	ArrayInsider : ArrayInsider ',' Constant .  (102)

	.  reduce 102


state 203
	OCStmt : SCOPY '(' IDENTIFIER ',' . Expr ')'  (49)
	Receiver : .  (55)

	NULL  shift 53
	THIS  shift 54
	NEW  shift 60
	READ_INTEGER  shift 62
	READ_LINE  shift 63
	LITERAL  shift 64
	INSTANCEOF  shift 65
	'-'  shift 66
	'!'  shift 67
	'('  shift 68
	'['  shift 69
	VAR  shift 101
	LISTFORL  shift 74
	IDENTIFIER  reduce 55

	Expr  goto 223
	Call  goto 103
	Receiver  goto 104
	ArrayIndex  goto 105
	ArraySlice  goto 93
	LValue  goto 94
	Constant  goto 95
	ArrayConstant  goto 96


state 204
	SimpleStmt : VAR IDENTIFIER '=' Expr .  (51)
	Receiver : Expr . '.'  (54)
	ArrayIndex : Expr . '[' Expr ']'  (58)
	ArraySlice : Expr . '[' Expr ']'  (59)
	Expr : Expr . '[' Expr ':' Expr ']'  (67)
	Expr : Expr . '+' Expr  (72)
	Expr : Expr . '-' Expr  (73)
	Expr : Expr . '*' Expr  (74)
	Expr : Expr . '/' Expr  (75)
	Expr : Expr . '%' Expr  (76)
	Expr : Expr . EQUAL Expr  (77)
	Expr : Expr . NOT_EQUAL Expr  (78)
	Expr : Expr . ARRAY_REPEAT Expr  (79)
	Expr : Expr . ARRAY_CONCAT Expr  (80)
	Expr : Expr . '<' Expr  (81)
	Expr : Expr . '>' Expr  (82)
	Expr : Expr . LESS_EQUAL Expr  (83)
	Expr : Expr . GREATER_EQUAL Expr  (84)
	Expr : Expr . AND Expr  (85)
	Expr : Expr . OR Expr  (86)

	AND  shift 128
	OR  shift 129
	LESS_EQUAL  shift 130
	GREATER_EQUAL  shift 131
	EQUAL  shift 132
	NOT_EQUAL  shift 133
	'+'  shift 134
	'-'  shift 135
	'*'  shift 136
	'/'  shift 137
	'%'  shift 138
	'>'  shift 139
	'<'  shift 140
	'.'  shift 141
	'['  shift 142
	ARRAY_REPEAT  shift 143
	ARRAY_CONCAT  shift 144
	';'  reduce 51
	')'  reduce 51


state 205
	BoundVariable : VAR IDENTIFIER .  (42)

	.  reduce 42


state 206
	BoundVariable : Type IDENTIFIER .  (43)

	.  reduce 43


state 207
	ForeachStmt : FOREACH '(' BoundVariable IN . Expr ')' Stmt  (40)
	ForeachStmt : FOREACH '(' BoundVariable IN . Expr WHILE Expr ')' Stmt  (41)
	Receiver : .  (55)

	NULL  shift 53
	THIS  shift 54
	NEW  shift 60
	READ_INTEGER  shift 62
	READ_LINE  shift 63
	LITERAL  shift 64
	INSTANCEOF  shift 65
	'-'  shift 66
	'!'  shift 67
	'('  shift 68
	'['  shift 69
	VAR  shift 101
	LISTFORL  shift 74
	IDENTIFIER  reduce 55

	Expr  goto 224
	Call  goto 103
	Receiver  goto 104
	ArrayIndex  goto 105
	ArraySlice  goto 93
	LValue  goto 94
	Constant  goto 95
	ArrayConstant  goto 96


state 208
	Expr : LISTFORL Expr FOR IDENTIFIER . IN Expr LISTFORR  (65)
	Expr : LISTFORL Expr FOR IDENTIFIER . IN Expr IF BoolExpr LISTFORR  (66)

	IN  shift 225
	.  error


state 209
	ArrayIndex : Expr '[' Expr ']' .  (58)
	ArraySlice : Expr '[' Expr ']' .  (59)

	WHILE  reduce 58
	FOR  reduce 58
	IF  reduce 58
	AND  reduce 58
	OR  reduce 58
	LESS_EQUAL  reduce 58
	GREATER_EQUAL  reduce 58
	EQUAL  reduce 58
	NOT_EQUAL  reduce 58
	'+'  reduce 58
	'-'  reduce 58
	'*'  reduce 58
	'/'  reduce 58
	'%'  reduce 58
	'='  reduce 58
	'>'  reduce 58
	'<'  reduce 58
	'.'  reduce 58
	','  reduce 58
	';'  reduce 58
	')'  reduce 58
	'['  reduce 58
	']'  reduce 58
	':'  reduce 58
	ARRAY_REPEAT  reduce 58
	ARRAY_CONCAT  reduce 58
	LISTFORR  reduce 58
	DEFAULT  reduce 59


state 210
	Expr : Expr '[' Expr ':' . Expr ']'  (67)
	Receiver : .  (55)

	NULL  shift 53
	THIS  shift 54
	NEW  shift 60
	READ_INTEGER  shift 62
	READ_LINE  shift 63
	LITERAL  shift 64
	INSTANCEOF  shift 65
	'-'  shift 66
	'!'  shift 67
	'('  shift 68
	'['  shift 69
	VAR  shift 101
	LISTFORL  shift 74
	IDENTIFIER  reduce 55

	Expr  goto 226
	Call  goto 103
	Receiver  goto 104
	ArrayIndex  goto 105
	ArraySlice  goto 93
	LValue  goto 94
	Constant  goto 95
	ArrayConstant  goto 96


state 211
	Call : Receiver IDENTIFIER '(' Actuals . ')'  (63)

	')'  shift 227
	.  error


state 212
	Actuals : ExprList .  (104)
	ExprList : ExprList . ',' Expr  (106)

	','  shift 198
	')'  reduce 104


state 213
	WhileStmt : WHILE '(' Expr ')' Stmt .  (108)

	.  reduce 108


state 214
	Receiver : Expr . '.'  (54)
	ArrayIndex : Expr . '[' Expr ']'  (58)
	ArraySlice : Expr . '[' Expr ']'  (59)
	Expr : Expr . '[' Expr ':' Expr ']'  (67)
	Expr : Expr . '+' Expr  (72)
	Expr : Expr . '-' Expr  (73)
	Expr : Expr . '*' Expr  (74)
	Expr : Expr . '/' Expr  (75)
	Expr : Expr . '%' Expr  (76)
	Expr : Expr . EQUAL Expr  (77)
	Expr : Expr . NOT_EQUAL Expr  (78)
	Expr : Expr . ARRAY_REPEAT Expr  (79)
	Expr : Expr . ARRAY_CONCAT Expr  (80)
	Expr : Expr . '<' Expr  (81)
	Expr : Expr . '>' Expr  (82)
	Expr : Expr . LESS_EQUAL Expr  (83)
	Expr : Expr . GREATER_EQUAL Expr  (84)
	Expr : Expr . AND Expr  (85)
	Expr : Expr . OR Expr  (86)
	ForStmt : FOR '(' SimpleStmt ';' Expr . ';' SimpleStmt ')' Stmt  (109)

	AND  shift 128
	OR  shift 129
	LESS_EQUAL  shift 130
	GREATER_EQUAL  shift 131
	EQUAL  shift 132
	NOT_EQUAL  shift 133
	'+'  shift 134
	'-'  shift 135
	'*'  shift 136
	'/'  shift 137
	'%'  shift 138
	'>'  shift 139
	'<'  shift 140
	'.'  shift 141
	';'  shift 228
	'['  shift 142
	ARRAY_REPEAT  shift 143
	ARRAY_CONCAT  shift 144
	.  error


state 215
	IfStmt : IF '(' Expr ')' Stmt . ElseClause  (111)
	ElseClause : .  (113)

	ELSE  shift 229
	VOID  reduce 113
	BOOL  reduce 113
	INT  reduce 113
	STRING  reduce 113
	CLASS  reduce 113
	NULL  reduce 113
	THIS  reduce 113
	WHILE  reduce 113
	FOR  reduce 113
	IF  reduce 113
	RETURN  reduce 113
	BREAK  reduce 113
	NEW  reduce 113
	PRINT  reduce 113
	READ_INTEGER  reduce 113
	READ_LINE  reduce 113
	LITERAL  reduce 113
	IDENTIFIER  reduce 113
	INSTANCEOF  reduce 113
	'-'  reduce 113
	';'  reduce 113
	'!'  reduce 113
	'('  reduce 113
	'['  reduce 113
	'{'  reduce 113
	'}'  reduce 113
	SCOPY  reduce 113
	VAR  reduce 113
	DIVIDER  reduce 113
	FOREACH  reduce 113
	LISTFORL  reduce 113

	ElseClause  goto 230


state 216
	IfStmtG : Expr ':' . Stmt  (48)
	SimpleStmt : .  (53)
	Receiver : .  (55)

	VOID  shift 17
	BOOL  shift 18
	INT  shift 19
	STRING  shift 20
	CLASS  shift 21
	NULL  shift 53
	THIS  shift 54
	WHILE  shift 55
	FOR  shift 56
	IF  shift 57
	RETURN  shift 58
	BREAK  shift 59
	NEW  shift 60
	PRINT  shift 61
	READ_INTEGER  shift 62
	READ_LINE  shift 63
	LITERAL  shift 64
	INSTANCEOF  shift 65
	'-'  shift 66
	'!'  shift 67
	'('  shift 68
	'['  shift 69
	'{'  shift 48
	SCOPY  shift 71
	VAR  shift 72
	FOREACH  shift 73
	LISTFORL  shift 74
	IDENTIFIER  reduce 55
	';'  reduce 53

	VariableDef  goto 75
	Variable  goto 25
	Type  goto 40
	StmtBlock  goto 76
	Stmt  goto 231
	ForeachStmt  goto 78
	OCStmt  goto 79
	GuardedStmt  goto 80
	SimpleStmt  goto 81
	IfStmt  goto 82
	WhileStmt  goto 83
	ForStmt  goto 84
	ReturnStmt  goto 85
	PrintStmt  goto 86
	BreakStmt  goto 87
	Expr  goto 88
	LValuel  goto 89
	Call  goto 90
	Receiver  goto 91
	ArrayIndex  goto 92
	ArraySlice  goto 93
	LValue  goto 94
	Constant  goto 95
	ArrayConstant  goto 96


state 217
	GuardedStmt : IF '{' IfBranchG IfStmtG '}' .  (44)

	.  reduce 44


state 218
	IfBranchG : IfBranchG IfStmtG DIVIDER .  (46)

	.  reduce 46


state 219
	Expr : NEW Type '[' Expr ']' .  (94)

	.  reduce 94


state 220
	Receiver : Expr . '.'  (54)
	ArrayIndex : Expr . '[' Expr ']'  (58)
	ArraySlice : Expr . '[' Expr ']'  (59)
	Expr : Expr . '[' Expr ':' Expr ']'  (67)
	Expr : Expr . '+' Expr  (72)
	Expr : Expr . '-' Expr  (73)
	Expr : Expr . '*' Expr  (74)
	Expr : Expr . '/' Expr  (75)
	Expr : Expr . '%' Expr  (76)
	Expr : Expr . EQUAL Expr  (77)
	Expr : Expr . NOT_EQUAL Expr  (78)
	Expr : Expr . ARRAY_REPEAT Expr  (79)
	Expr : Expr . ARRAY_CONCAT Expr  (80)
	Expr : Expr . '<' Expr  (81)
	Expr : Expr . '>' Expr  (82)
	Expr : Expr . LESS_EQUAL Expr  (83)
	Expr : Expr . GREATER_EQUAL Expr  (84)
	Expr : Expr . AND Expr  (85)
	Expr : Expr . OR Expr  (86)
	ExprList : ExprList ',' Expr .  (106)

	AND  shift 128
	OR  shift 129
	LESS_EQUAL  shift 130
	GREATER_EQUAL  shift 131
	EQUAL  shift 132
	NOT_EQUAL  shift 133
	'+'  shift 134
	'-'  shift 135
	'*'  shift 136
	'/'  shift 137
	'%'  shift 138
	'>'  shift 139
	'<'  shift 140
	'.'  shift 141
	'['  shift 142
	ARRAY_REPEAT  shift 143
	ARRAY_CONCAT  shift 144
	','  reduce 106
	')'  reduce 106


state 221
	Expr : INSTANCEOF '(' Expr ',' IDENTIFIER . ')'  (95)

	')'  shift 232
	.  error


state 222
	Receiver : Expr . '.'  (54)
	ArrayIndex : Expr . '[' Expr ']'  (58)
	ArraySlice : Expr . '[' Expr ']'  (59)
	Expr : Expr . '[' Expr ':' Expr ']'  (67)
	Expr : Expr . '+' Expr  (72)
	Expr : Expr . '-' Expr  (73)
	Expr : Expr . '*' Expr  (74)
	Expr : Expr . '/' Expr  (75)
	Expr : Expr . '%' Expr  (76)
	Expr : Expr . EQUAL Expr  (77)
	Expr : Expr . NOT_EQUAL Expr  (78)
	Expr : Expr . ARRAY_REPEAT Expr  (79)
	Expr : Expr . ARRAY_CONCAT Expr  (80)
	Expr : Expr . '<' Expr  (81)
	Expr : Expr . '>' Expr  (82)
	Expr : Expr . LESS_EQUAL Expr  (83)
	Expr : Expr . GREATER_EQUAL Expr  (84)
	Expr : Expr . AND Expr  (85)
	Expr : Expr . OR Expr  (86)
	Expr : '(' CLASS IDENTIFIER ')' Expr .  (96)

	.  reduce 96


state 223
	OCStmt : SCOPY '(' IDENTIFIER ',' Expr . ')'  (49)
	Receiver : Expr . '.'  (54)
	ArrayIndex : Expr . '[' Expr ']'  (58)
	ArraySlice : Expr . '[' Expr ']'  (59)
	Expr : Expr . '[' Expr ':' Expr ']'  (67)
	Expr : Expr . '+' Expr  (72)
	Expr : Expr . '-' Expr  (73)
	Expr : Expr . '*' Expr  (74)
	Expr : Expr . '/' Expr  (75)
	Expr : Expr . '%' Expr  (76)
	Expr : Expr . EQUAL Expr  (77)
	Expr : Expr . NOT_EQUAL Expr  (78)
	Expr : Expr . ARRAY_REPEAT Expr  (79)
	Expr : Expr . ARRAY_CONCAT Expr  (80)
	Expr : Expr . '<' Expr  (81)
	Expr : Expr . '>' Expr  (82)
	Expr : Expr . LESS_EQUAL Expr  (83)
	Expr : Expr . GREATER_EQUAL Expr  (84)
	Expr : Expr . AND Expr  (85)
	Expr : Expr . OR Expr  (86)

	AND  shift 128
	OR  shift 129
	LESS_EQUAL  shift 130
	GREATER_EQUAL  shift 131
	EQUAL  shift 132
	NOT_EQUAL  shift 133
	'+'  shift 134
	'-'  shift 135
	'*'  shift 136
	'/'  shift 137
	'%'  shift 138
	'>'  shift 139
	'<'  shift 140
	'.'  shift 141
	')'  shift 233
	'['  shift 142
	ARRAY_REPEAT  shift 143
	ARRAY_CONCAT  shift 144
	.  error


state 224
	ForeachStmt : FOREACH '(' BoundVariable IN Expr . ')' Stmt  (40)
	ForeachStmt : FOREACH '(' BoundVariable IN Expr . WHILE Expr ')' Stmt  (41)
	Receiver : Expr . '.'  (54)
	ArrayIndex : Expr . '[' Expr ']'  (58)
	ArraySlice : Expr . '[' Expr ']'  (59)
	Expr : Expr . '[' Expr ':' Expr ']'  (67)
	Expr : Expr . '+' Expr  (72)
	Expr : Expr . '-' Expr  (73)
	Expr : Expr . '*' Expr  (74)
	Expr : Expr . '/' Expr  (75)
	Expr : Expr . '%' Expr  (76)
	Expr : Expr . EQUAL Expr  (77)
	Expr : Expr . NOT_EQUAL Expr  (78)
	Expr : Expr . ARRAY_REPEAT Expr  (79)
	Expr : Expr . ARRAY_CONCAT Expr  (80)
	Expr : Expr . '<' Expr  (81)
	Expr : Expr . '>' Expr  (82)
	Expr : Expr . LESS_EQUAL Expr  (83)
	Expr : Expr . GREATER_EQUAL Expr  (84)
	Expr : Expr . AND Expr  (85)
	Expr : Expr . OR Expr  (86)

	WHILE  shift 234
	AND  shift 128
	OR  shift 129
	LESS_EQUAL  shift 130
	GREATER_EQUAL  shift 131
	EQUAL  shift 132
	NOT_EQUAL  shift 133
	'+'  shift 134
	'-'  shift 135
	'*'  shift 136
	'/'  shift 137
	'%'  shift 138
	'>'  shift 139
	'<'  shift 140
	'.'  shift 141
	')'  shift 235
	'['  shift 142
	ARRAY_REPEAT  shift 143
	ARRAY_CONCAT  shift 144
	.  error


state 225
	Expr : LISTFORL Expr FOR IDENTIFIER IN . Expr LISTFORR  (65)
	Expr : LISTFORL Expr FOR IDENTIFIER IN . Expr IF BoolExpr LISTFORR  (66)
	Receiver : .  (55)

	NULL  shift 53
	THIS  shift 54
	NEW  shift 60
	READ_INTEGER  shift 62
	READ_LINE  shift 63
	LITERAL  shift 64
	INSTANCEOF  shift 65
	'-'  shift 66
	'!'  shift 67
	'('  shift 68
	'['  shift 69
	VAR  shift 101
	LISTFORL  shift 74
	IDENTIFIER  reduce 55

	Expr  goto 236
	Call  goto 103
	Receiver  goto 104
	ArrayIndex  goto 105
	ArraySlice  goto 93
	LValue  goto 94
	Constant  goto 95
	ArrayConstant  goto 96


state 226
	Receiver : Expr . '.'  (54)
	ArrayIndex : Expr . '[' Expr ']'  (58)
	ArraySlice : Expr . '[' Expr ']'  (59)
	Expr : Expr . '[' Expr ':' Expr ']'  (67)
	Expr : Expr '[' Expr ':' Expr . ']'  (67)
	Expr : Expr . '+' Expr  (72)
	Expr : Expr . '-' Expr  (73)
	Expr : Expr . '*' Expr  (74)
	Expr : Expr . '/' Expr  (75)
	Expr : Expr . '%' Expr  (76)
	Expr : Expr . EQUAL Expr  (77)
	Expr : Expr . NOT_EQUAL Expr  (78)
	Expr : Expr . ARRAY_REPEAT Expr  (79)
	Expr : Expr . ARRAY_CONCAT Expr  (80)
	Expr : Expr . '<' Expr  (81)
	Expr : Expr . '>' Expr  (82)
	Expr : Expr . LESS_EQUAL Expr  (83)
	Expr : Expr . GREATER_EQUAL Expr  (84)
	Expr : Expr . AND Expr  (85)
	Expr : Expr . OR Expr  (86)

	AND  shift 128
	OR  shift 129
	LESS_EQUAL  shift 130
	GREATER_EQUAL  shift 131
	EQUAL  shift 132
	NOT_EQUAL  shift 133
	'+'  shift 134
	'-'  shift 135
	'*'  shift 136
	'/'  shift 137
	'%'  shift 138
	'>'  shift 139
	'<'  shift 140
	'.'  shift 141
	'['  shift 142
	']'  shift 237
	ARRAY_REPEAT  shift 143
	ARRAY_CONCAT  shift 144
	.  error


state 227
	Call : Receiver IDENTIFIER '(' Actuals ')' .  (63)

	.  reduce 63


state 228
	ForStmt : FOR '(' SimpleStmt ';' Expr ';' . SimpleStmt ')' Stmt  (109)
	SimpleStmt : .  (53)
	Receiver : .  (55)

	NULL  shift 53
	THIS  shift 54
	NEW  shift 60
	READ_INTEGER  shift 62
	READ_LINE  shift 63
	LITERAL  shift 64
	INSTANCEOF  shift 65
	'-'  shift 66
	'!'  shift 67
	'('  shift 68
	'['  shift 69
	VAR  shift 72
	LISTFORL  shift 74
	IDENTIFIER  reduce 55
	')'  reduce 53

	SimpleStmt  goto 238
	Expr  goto 88
	LValuel  goto 89
	Call  goto 90
	Receiver  goto 91
	ArrayIndex  goto 92
	ArraySlice  goto 93
	LValue  goto 94
	Constant  goto 95
	ArrayConstant  goto 96


state 229
	ElseClause : ELSE . Stmt  (112)
	SimpleStmt : .  (53)
	Receiver : .  (55)

	VOID  shift 17
	BOOL  shift 18
	INT  shift 19
	STRING  shift 20
	CLASS  shift 21
	NULL  shift 53
	THIS  shift 54
	WHILE  shift 55
	FOR  shift 56
	IF  shift 57
	RETURN  shift 58
	BREAK  shift 59
	NEW  shift 60
	PRINT  shift 61
	READ_INTEGER  shift 62
	READ_LINE  shift 63
	LITERAL  shift 64
	INSTANCEOF  shift 65
	'-'  shift 66
	'!'  shift 67
	'('  shift 68
	'['  shift 69
	'{'  shift 48
	SCOPY  shift 71
	VAR  shift 72
	FOREACH  shift 73
	LISTFORL  shift 74
	IDENTIFIER  reduce 55
	';'  reduce 53

	VariableDef  goto 75
	Variable  goto 25
	Type  goto 40
	StmtBlock  goto 76
	Stmt  goto 239
	ForeachStmt  goto 78
	OCStmt  goto 79
	GuardedStmt  goto 80
	SimpleStmt  goto 81
	IfStmt  goto 82
	WhileStmt  goto 83
	ForStmt  goto 84
	ReturnStmt  goto 85
	PrintStmt  goto 86
	BreakStmt  goto 87
	Expr  goto 88
	LValuel  goto 89
	Call  goto 90
	Receiver  goto 91
	ArrayIndex  goto 92
	ArraySlice  goto 93
	LValue  goto 94
	Constant  goto 95
	ArrayConstant  goto 96


state 230
	IfStmt : IF '(' Expr ')' Stmt ElseClause .  (111)

	.  reduce 111


state 231
	IfStmtG : Expr ':' Stmt .  (48)

	.  reduce 48


state 232
	Expr : INSTANCEOF '(' Expr ',' IDENTIFIER ')' .  (95)

	.  reduce 95


state 233
	OCStmt : SCOPY '(' IDENTIFIER ',' Expr ')' .  (49)

	.  reduce 49


state 234
	ForeachStmt : FOREACH '(' BoundVariable IN Expr WHILE . Expr ')' Stmt  (41)
	Receiver : .  (55)

	NULL  shift 53
	THIS  shift 54
	NEW  shift 60
	READ_INTEGER  shift 62
	READ_LINE  shift 63
	LITERAL  shift 64
	INSTANCEOF  shift 65
	'-'  shift 66
	'!'  shift 67
	'('  shift 68
	'['  shift 69
	VAR  shift 101
	LISTFORL  shift 74
	IDENTIFIER  reduce 55

	Expr  goto 240
	Call  goto 103
	Receiver  goto 104
	ArrayIndex  goto 105
	ArraySlice  goto 93
	LValue  goto 94
	Constant  goto 95
	ArrayConstant  goto 96


state 235
	ForeachStmt : FOREACH '(' BoundVariable IN Expr ')' . Stmt  (40)
	SimpleStmt : .  (53)
	Receiver : .  (55)

	VOID  shift 17
	BOOL  shift 18
	INT  shift 19
	STRING  shift 20
	CLASS  shift 21
	NULL  shift 53
	THIS  shift 54
	WHILE  shift 55
	FOR  shift 56
	IF  shift 57
	RETURN  shift 58
	BREAK  shift 59
	NEW  shift 60
	PRINT  shift 61
	READ_INTEGER  shift 62
	READ_LINE  shift 63
	LITERAL  shift 64
	INSTANCEOF  shift 65
	'-'  shift 66
	'!'  shift 67
	'('  shift 68
	'['  shift 69
	'{'  shift 48
	SCOPY  shift 71
	VAR  shift 72
	FOREACH  shift 73
	LISTFORL  shift 74
	IDENTIFIER  reduce 55
	';'  reduce 53

	VariableDef  goto 75
	Variable  goto 25
	Type  goto 40
	StmtBlock  goto 76
	Stmt  goto 241
	ForeachStmt  goto 78
	OCStmt  goto 79
	GuardedStmt  goto 80
	SimpleStmt  goto 81
	IfStmt  goto 82
	WhileStmt  goto 83
	ForStmt  goto 84
	ReturnStmt  goto 85
	PrintStmt  goto 86
	BreakStmt  goto 87
	Expr  goto 88
	LValuel  goto 89
	Call  goto 90
	Receiver  goto 91
	ArrayIndex  goto 92
	ArraySlice  goto 93
	LValue  goto 94
	Constant  goto 95
	ArrayConstant  goto 96


state 236
	Receiver : Expr . '.'  (54)
	ArrayIndex : Expr . '[' Expr ']'  (58)
	ArraySlice : Expr . '[' Expr ']'  (59)
	Expr : LISTFORL Expr FOR IDENTIFIER IN Expr . LISTFORR  (65)
	Expr : LISTFORL Expr FOR IDENTIFIER IN Expr . IF BoolExpr LISTFORR  (66)
	Expr : Expr . '[' Expr ':' Expr ']'  (67)
	Expr : Expr . '+' Expr  (72)
	Expr : Expr . '-' Expr  (73)
	Expr : Expr . '*' Expr  (74)
	Expr : Expr . '/' Expr  (75)
	Expr : Expr . '%' Expr  (76)
	Expr : Expr . EQUAL Expr  (77)
	Expr : Expr . NOT_EQUAL Expr  (78)
	Expr : Expr . ARRAY_REPEAT Expr  (79)
	Expr : Expr . ARRAY_CONCAT Expr  (80)
	Expr : Expr . '<' Expr  (81)
	Expr : Expr . '>' Expr  (82)
	Expr : Expr . LESS_EQUAL Expr  (83)
	Expr : Expr . GREATER_EQUAL Expr  (84)
	Expr : Expr . AND Expr  (85)
	Expr : Expr . OR Expr  (86)

	IF  shift 242
	AND  shift 128
	OR  shift 129
	LESS_EQUAL  shift 130
	GREATER_EQUAL  shift 131
	EQUAL  shift 132
	NOT_EQUAL  shift 133
	'+'  shift 134
	'-'  shift 135
	'*'  shift 136
	'/'  shift 137
	'%'  shift 138
	'>'  shift 139
	'<'  shift 140
	'.'  shift 141
	'['  shift 142
	ARRAY_REPEAT  shift 143
	ARRAY_CONCAT  shift 144
	LISTFORR  shift 243
	.  error


state 237
	Expr : Expr '[' Expr ':' Expr ']' .  (67)

	.  reduce 67


state 238
	ForStmt : FOR '(' SimpleStmt ';' Expr ';' SimpleStmt . ')' Stmt  (109)

	')'  shift 244
	.  error


state 239
	ElseClause : ELSE Stmt .  (112)

	.  reduce 112


state 240
	ForeachStmt : FOREACH '(' BoundVariable IN Expr WHILE Expr . ')' Stmt  (41)
	Receiver : Expr . '.'  (54)
	ArrayIndex : Expr . '[' Expr ']'  (58)
	ArraySlice : Expr . '[' Expr ']'  (59)
	Expr : Expr . '[' Expr ':' Expr ']'  (67)
	Expr : Expr . '+' Expr  (72)
	Expr : Expr . '-' Expr  (73)
	Expr : Expr . '*' Expr  (74)
	Expr : Expr . '/' Expr  (75)
	Expr : Expr . '%' Expr  (76)
	Expr : Expr . EQUAL Expr  (77)
	Expr : Expr . NOT_EQUAL Expr  (78)
	Expr : Expr . ARRAY_REPEAT Expr  (79)
	Expr : Expr . ARRAY_CONCAT Expr  (80)
	Expr : Expr . '<' Expr  (81)
	Expr : Expr . '>' Expr  (82)
	Expr : Expr . LESS_EQUAL Expr  (83)
	Expr : Expr . GREATER_EQUAL Expr  (84)
	Expr : Expr . AND Expr  (85)
	Expr : Expr . OR Expr  (86)

	AND  shift 128
	OR  shift 129
	LESS_EQUAL  shift 130
	GREATER_EQUAL  shift 131
	EQUAL  shift 132
	NOT_EQUAL  shift 133
	'+'  shift 134
	'-'  shift 135
	'*'  shift 136
	'/'  shift 137
	'%'  shift 138
	'>'  shift 139
	'<'  shift 140
	'.'  shift 141
	')'  shift 245
	'['  shift 142
	ARRAY_REPEAT  shift 143
	ARRAY_CONCAT  shift 144
	.  error


state 241
	ForeachStmt : FOREACH '(' BoundVariable IN Expr ')' Stmt .  (40)

	.  reduce 40


state 242
	Expr : LISTFORL Expr FOR IDENTIFIER IN Expr IF . BoolExpr LISTFORR  (66)
	Receiver : .  (55)

	NULL  shift 53
	THIS  shift 54
	NEW  shift 60
	READ_INTEGER  shift 62
	READ_LINE  shift 63
	LITERAL  shift 64
	INSTANCEOF  shift 65
	'-'  shift 66
	'!'  shift 67
	'('  shift 68
	'['  shift 69
	VAR  shift 101
	LISTFORL  shift 74
	IDENTIFIER  reduce 55

	Expr  goto 246
	Call  goto 103
	Receiver  goto 104
	ArrayIndex  goto 105
	ArraySlice  goto 93
	LValue  goto 94
	BoolExpr  goto 247
	Constant  goto 95
	ArrayConstant  goto 96


state 243
	Expr : LISTFORL Expr FOR IDENTIFIER IN Expr LISTFORR .  (65)

	.  reduce 65


state 244
	ForStmt : FOR '(' SimpleStmt ';' Expr ';' SimpleStmt ')' . Stmt  (109)
	SimpleStmt : .  (53)
	Receiver : .  (55)

	VOID  shift 17
	BOOL  shift 18
	INT  shift 19
	STRING  shift 20
	CLASS  shift 21
	NULL  shift 53
	THIS  shift 54
	WHILE  shift 55
	FOR  shift 56
	IF  shift 57
	RETURN  shift 58
	BREAK  shift 59
	NEW  shift 60
	PRINT  shift 61
	READ_INTEGER  shift 62
	READ_LINE  shift 63
	LITERAL  shift 64
	INSTANCEOF  shift 65
	'-'  shift 66
	'!'  shift 67
	'('  shift 68
	'['  shift 69
	'{'  shift 48
	SCOPY  shift 71
	VAR  shift 72
	FOREACH  shift 73
	LISTFORL  shift 74
	IDENTIFIER  reduce 55
	';'  reduce 53

	VariableDef  goto 75
	Variable  goto 25
	Type  goto 40
	StmtBlock  goto 76
	Stmt  goto 248
	ForeachStmt  goto 78
	OCStmt  goto 79
	GuardedStmt  goto 80
	SimpleStmt  goto 81
	IfStmt  goto 82
	WhileStmt  goto 83
	ForStmt  goto 84
	ReturnStmt  goto 85
	PrintStmt  goto 86
	BreakStmt  goto 87
	Expr  goto 88
	LValuel  goto 89
	Call  goto 90
	Receiver  goto 91
	ArrayIndex  goto 92
	ArraySlice  goto 93
	LValue  goto 94
	Constant  goto 95
	ArrayConstant  goto 96


state 245
	ForeachStmt : FOREACH '(' BoundVariable IN Expr WHILE Expr ')' . Stmt  (41)
	SimpleStmt : .  (53)
	Receiver : .  (55)

	VOID  shift 17
	BOOL  shift 18
	INT  shift 19
	STRING  shift 20
	CLASS  shift 21
	NULL  shift 53
	THIS  shift 54
	WHILE  shift 55
	FOR  shift 56
	IF  shift 57
	RETURN  shift 58
	BREAK  shift 59
	NEW  shift 60
	PRINT  shift 61
	READ_INTEGER  shift 62
	READ_LINE  shift 63
	LITERAL  shift 64
	INSTANCEOF  shift 65
	'-'  shift 66
	'!'  shift 67
	'('  shift 68
	'['  shift 69
	'{'  shift 48
	SCOPY  shift 71
	VAR  shift 72
	FOREACH  shift 73
	LISTFORL  shift 74
	IDENTIFIER  reduce 55
	';'  reduce 53

	VariableDef  goto 75
	Variable  goto 25
	Type  goto 40
	StmtBlock  goto 76
	Stmt  goto 249
	ForeachStmt  goto 78
	OCStmt  goto 79
	GuardedStmt  goto 80
	SimpleStmt  goto 81
	IfStmt  goto 82
	WhileStmt  goto 83
	ForStmt  goto 84
	ReturnStmt  goto 85
	PrintStmt  goto 86
	BreakStmt  goto 87
	Expr  goto 88
	LValuel  goto 89
	Call  goto 90
	Receiver  goto 91
	ArrayIndex  goto 92
	ArraySlice  goto 93
	LValue  goto 94
	Constant  goto 95
	ArrayConstant  goto 96


state 246
	Receiver : Expr . '.'  (54)
	ArrayIndex : Expr . '[' Expr ']'  (58)
	ArraySlice : Expr . '[' Expr ']'  (59)
	BoolExpr : Expr .  (64)
	Expr : Expr . '[' Expr ':' Expr ']'  (67)
	Expr : Expr . '+' Expr  (72)
	Expr : Expr . '-' Expr  (73)
	Expr : Expr . '*' Expr  (74)
	Expr : Expr . '/' Expr  (75)
	Expr : Expr . '%' Expr  (76)
	Expr : Expr . EQUAL Expr  (77)
	Expr : Expr . NOT_EQUAL Expr  (78)
	Expr : Expr . ARRAY_REPEAT Expr  (79)
	Expr : Expr . ARRAY_CONCAT Expr  (80)
	Expr : Expr . '<' Expr  (81)
	Expr : Expr . '>' Expr  (82)
	Expr : Expr . LESS_EQUAL Expr  (83)
	Expr : Expr . GREATER_EQUAL Expr  (84)
	Expr : Expr . AND Expr  (85)
	Expr : Expr . OR Expr  (86)

	AND  shift 128
	OR  shift 129
	LESS_EQUAL  shift 130
	GREATER_EQUAL  shift 131
	EQUAL  shift 132
	NOT_EQUAL  shift 133
	'+'  shift 134
	'-'  shift 135
	'*'  shift 136
	'/'  shift 137
	'%'  shift 138
	'>'  shift 139
	'<'  shift 140
	'.'  shift 141
	'['  shift 142
	ARRAY_REPEAT  shift 143
	ARRAY_CONCAT  shift 144
	LISTFORR  reduce 64


state 247
	Expr : LISTFORL Expr FOR IDENTIFIER IN Expr IF BoolExpr . LISTFORR  (66)

	LISTFORR  shift 250
	.  error


state 248
	ForStmt : FOR '(' SimpleStmt ';' Expr ';' SimpleStmt ')' Stmt .  (109)

	.  reduce 109


state 249
	ForeachStmt : FOREACH '(' BoundVariable IN Expr WHILE Expr ')' Stmt .  (41)

	.  reduce 41


state 250
	Expr : LISTFORL Expr FOR IDENTIFIER IN Expr IF BoolExpr LISTFORR .  (66)

	.  reduce 66


62 terminals, 42 nonterminals
117 grammar rules, 251 states
