   0  $accept : Program $end

   1  Program : ClassList

   2  ClassList : ClassList ClassDef
   3            | ClassDef

   4  VariableDef : Variable ';'

   5  Variable : Type IDENTIFIER

   6  Type : INT
   7       | VOID
   8       | BOOL
   9       | STRING
  10       | CLASS IDENTIFIER
  11       | Type '[' ']'

  12  ClassDef : SEALED CLASS IDENTIFIER ExtendsClause '{' FieldList '}'
  13           | CLASS IDENTIFIER ExtendsClause '{' FieldList '}'

  14  ExtendsClause : EXTENDS IDENTIFIER
  15                |

  16  FieldList : FieldList VariableDef
  17            | FieldList FunctionDef
  18            |

  19  Formals : VariableList
  20          |

  21  VariableList : VariableList ',' Variable
  22               | Variable

  23  FunctionDef : STATIC Type IDENTIFIER '(' Formals ')' StmtBlock
  24              | Type IDENTIFIER '(' Formals ')' StmtBlock

  25  StmtBlock : '{' StmtList '}'

  26  StmtList : StmtList Stmt
  27           |

  28  Stmt : ForeachStmt
  29       | OCStmt ';'
  30       | GuardedStmt
  31       | VariableDef
  32       | SimpleStmt ';'
  33       | IfStmt
  34       | WhileStmt
  35       | ForStmt
  36       | ReturnStmt ';'
  37       | PrintStmt ';'
  38       | BreakStmt ';'
  39       | StmtBlock

  40  ForeachStmt : FOREACH '(' BoundVariable IN Expr ')' Stmt
  41              | FOREACH '(' BoundVariable IN Expr WHILE Expr ')' Stmt

  42  BoundVariable : VAR IDENTIFIER
  43                | Type IDENTIFIER

  44  GuardedStmt : IF '{' IfBranchG IfStmtG '}'
  45              | IF '{' '}'

  46  IfBranchG : IfBranchG IfStmtG DIVIDER
  47            |

  48  IfStmtG : Expr ':' Stmt

  49  OCStmt : SCOPY '(' IDENTIFIER ',' Expr ')'

  50  SimpleStmt : LValue '=' Expr
  51             | Call
  52             |

  53  Receiver : Expr '.'
  54           |

  55  LValue : VAR IDENTIFIER
  56         | Receiver IDENTIFIER
  57         | Expr '[' Expr ']'

  58  Call : Receiver IDENTIFIER '(' Actuals ')'

  59  BoolExpr : Expr

  60  Expr : '[' Expr FOR IDENTIFIER IN Expr ']'
  61       | '[' Expr FOR IDENTIFIER IN Expr IF BoolExpr ']'
  62       | Expr '[' Expr ':' Expr ']'
  63       | Expr '[' Expr ']' DEFAULT Expr
  64       | LValue
  65       | Call
  66       | Constant
  67       | Expr '+' Expr
  68       | Expr '-' Expr
  69       | Expr '*' Expr
  70       | Expr '/' Expr
  71       | Expr '%' Expr
  72       | Expr EQUAL Expr
  73       | Expr NOT_EQUAL Expr
  74       | Expr ARRAY_REPEAT Expr
  75       | Expr ARRAY_CONCAT Expr
  76       | Expr '<' Expr
  77       | Expr '>' Expr
  78       | Expr LESS_EQUAL Expr
  79       | Expr GREATER_EQUAL Expr
  80       | Expr AND Expr
  81       | Expr OR Expr
  82       | '(' Expr ')'
  83       | '-' Expr
  84       | '!' Expr
  85       | READ_INTEGER '(' ')'
  86       | READ_LINE '(' ')'
  87       | THIS
  88       | NEW IDENTIFIER '(' ')'
  89       | NEW Type '[' Expr ']'
  90       | INSTANCEOF '(' Expr ',' IDENTIFIER ')'
  91       | '(' CLASS IDENTIFIER ')' Expr

  92  Constant : ArrayConstant
  93           | LITERAL
  94           | NULL

  95  ArrayConstant : '[' ']'
  96                | '[' ArrayInsider ']'

  97  ArrayInsider : ArrayInsider ',' Constant
  98               | Constant

  99  Actuals : ExprList
 100          |

 101  ExprList : ExprList ',' Expr
 102           | Expr

 103  WhileStmt : WHILE '(' Expr ')' Stmt

 104  ForStmt : FOR '(' SimpleStmt ';' Expr ';' SimpleStmt ')' Stmt

 105  BreakStmt : BREAK

 106  IfStmt : IF '(' Expr ')' Stmt ElseClause

 107  ElseClause : ELSE Stmt
 108             |

 109  ReturnStmt : RETURN Expr
 110             | RETURN

 111  PrintStmt : PRINT '(' ExprList ')'

state 0
	$accept : . Program $end  (0)

	CLASS  shift 1
	SEALED  shift 2
	.  error

	Program  goto 3
	ClassList  goto 4
	ClassDef  goto 5


state 1
	ClassDef : CLASS . IDENTIFIER ExtendsClause '{' FieldList '}'  (13)

	IDENTIFIER  shift 6
	.  error


state 2
	ClassDef : SEALED . CLASS IDENTIFIER ExtendsClause '{' FieldList '}'  (12)

	CLASS  shift 7
	.  error


state 3
	$accept : Program . $end  (0)

	$end  accept


state 4
	Program : ClassList .  (1)
	ClassList : ClassList . ClassDef  (2)

	CLASS  shift 1
	SEALED  shift 2
	$end  reduce 1

	ClassDef  goto 8


state 5
	ClassList : ClassDef .  (3)

	.  reduce 3


state 6
	ClassDef : CLASS IDENTIFIER . ExtendsClause '{' FieldList '}'  (13)
	ExtendsClause : .  (15)

	EXTENDS  shift 9
	'{'  reduce 15

	ExtendsClause  goto 10


state 7
	ClassDef : SEALED CLASS . IDENTIFIER ExtendsClause '{' FieldList '}'  (12)

	IDENTIFIER  shift 11
	.  error


state 8
	ClassList : ClassList ClassDef .  (2)

	.  reduce 2


state 9
	ExtendsClause : EXTENDS . IDENTIFIER  (14)

	IDENTIFIER  shift 12
	.  error


state 10
	ClassDef : CLASS IDENTIFIER ExtendsClause . '{' FieldList '}'  (13)

	'{'  shift 13
	.  error


state 11
	ClassDef : SEALED CLASS IDENTIFIER . ExtendsClause '{' FieldList '}'  (12)
	ExtendsClause : .  (15)

	EXTENDS  shift 9
	'{'  reduce 15

	ExtendsClause  goto 14


state 12
	ExtendsClause : EXTENDS IDENTIFIER .  (14)

	.  reduce 14


state 13
	ClassDef : CLASS IDENTIFIER ExtendsClause '{' . FieldList '}'  (13)
	FieldList : .  (18)

	.  reduce 18

	FieldList  goto 15


state 14
	ClassDef : SEALED CLASS IDENTIFIER ExtendsClause . '{' FieldList '}'  (12)

	'{'  shift 16
	.  error


state 15
	ClassDef : CLASS IDENTIFIER ExtendsClause '{' FieldList . '}'  (13)
	FieldList : FieldList . VariableDef  (16)
	FieldList : FieldList . FunctionDef  (17)

	VOID  shift 17
	BOOL  shift 18
	INT  shift 19
	STRING  shift 20
	CLASS  shift 21
	STATIC  shift 22
	'}'  shift 23
	.  error

	VariableDef  goto 24
	Variable  goto 25
	Type  goto 26
	FunctionDef  goto 27


state 16
	ClassDef : SEALED CLASS IDENTIFIER ExtendsClause '{' . FieldList '}'  (12)
	FieldList : .  (18)

	.  reduce 18

	FieldList  goto 28


state 17
	Type : VOID .  (7)

	.  reduce 7


state 18
	Type : BOOL .  (8)

	.  reduce 8


state 19
	Type : INT .  (6)

	.  reduce 6


state 20
	Type : STRING .  (9)

	.  reduce 9


state 21
	Type : CLASS . IDENTIFIER  (10)

	IDENTIFIER  shift 29
	.  error


state 22
	FunctionDef : STATIC . Type IDENTIFIER '(' Formals ')' StmtBlock  (23)

	VOID  shift 17
	BOOL  shift 18
	INT  shift 19
	STRING  shift 20
	CLASS  shift 21
	.  error

	Type  goto 30


state 23
	ClassDef : CLASS IDENTIFIER ExtendsClause '{' FieldList '}' .  (13)

	.  reduce 13


state 24
	FieldList : FieldList VariableDef .  (16)

	.  reduce 16


state 25
	VariableDef : Variable . ';'  (4)

	';'  shift 31
	.  error


state 26
	Variable : Type . IDENTIFIER  (5)
	Type : Type . '[' ']'  (11)
	FunctionDef : Type . IDENTIFIER '(' Formals ')' StmtBlock  (24)

	IDENTIFIER  shift 32
	'['  shift 33
	.  error


state 27
	FieldList : FieldList FunctionDef .  (17)

	.  reduce 17


state 28
	ClassDef : SEALED CLASS IDENTIFIER ExtendsClause '{' FieldList . '}'  (12)
	FieldList : FieldList . VariableDef  (16)
	FieldList : FieldList . FunctionDef  (17)

	VOID  shift 17
	BOOL  shift 18
	INT  shift 19
	STRING  shift 20
	CLASS  shift 21
	STATIC  shift 22
	'}'  shift 34
	.  error

	VariableDef  goto 24
	Variable  goto 25
	Type  goto 26
	FunctionDef  goto 27


state 29
	Type : CLASS IDENTIFIER .  (10)

	.  reduce 10


state 30
	Type : Type . '[' ']'  (11)
	FunctionDef : STATIC Type . IDENTIFIER '(' Formals ')' StmtBlock  (23)

	IDENTIFIER  shift 35
	'['  shift 33
	.  error


state 31
	VariableDef : Variable ';' .  (4)

	.  reduce 4


state 32
	Variable : Type IDENTIFIER .  (5)
	FunctionDef : Type IDENTIFIER . '(' Formals ')' StmtBlock  (24)

	'('  shift 36
	';'  reduce 5


state 33
	Type : Type '[' . ']'  (11)

	']'  shift 37
	.  error


state 34
	ClassDef : SEALED CLASS IDENTIFIER ExtendsClause '{' FieldList '}' .  (12)

	.  reduce 12


state 35
	FunctionDef : STATIC Type IDENTIFIER . '(' Formals ')' StmtBlock  (23)

	'('  shift 38
	.  error


state 36
	FunctionDef : Type IDENTIFIER '(' . Formals ')' StmtBlock  (24)
	Formals : .  (20)

	VOID  shift 17
	BOOL  shift 18
	INT  shift 19
	STRING  shift 20
	CLASS  shift 21
	')'  reduce 20

	Variable  goto 39
	Type  goto 40
	Formals  goto 41
	VariableList  goto 42


state 37
	Type : Type '[' ']' .  (11)

	.  reduce 11


state 38
	FunctionDef : STATIC Type IDENTIFIER '(' . Formals ')' StmtBlock  (23)
	Formals : .  (20)

	VOID  shift 17
	BOOL  shift 18
	INT  shift 19
	STRING  shift 20
	CLASS  shift 21
	')'  reduce 20

	Variable  goto 39
	Type  goto 40
	Formals  goto 43
	VariableList  goto 42


state 39
	VariableList : Variable .  (22)

	.  reduce 22


state 40
	Variable : Type . IDENTIFIER  (5)
	Type : Type . '[' ']'  (11)

	IDENTIFIER  shift 44
	'['  shift 33
	.  error


state 41
	FunctionDef : Type IDENTIFIER '(' Formals . ')' StmtBlock  (24)

	')'  shift 45
	.  error


state 42
	Formals : VariableList .  (19)
	VariableList : VariableList . ',' Variable  (21)

	','  shift 46
	')'  reduce 19


state 43
	FunctionDef : STATIC Type IDENTIFIER '(' Formals . ')' StmtBlock  (23)

	')'  shift 47
	.  error


state 44
	Variable : Type IDENTIFIER .  (5)

	.  reduce 5


state 45
	FunctionDef : Type IDENTIFIER '(' Formals ')' . StmtBlock  (24)

	'{'  shift 48
	.  error

	StmtBlock  goto 49


state 46
	VariableList : VariableList ',' . Variable  (21)

	VOID  shift 17
	BOOL  shift 18
	INT  shift 19
	STRING  shift 20
	CLASS  shift 21
	.  error

	Variable  goto 50
	Type  goto 40


state 47
	FunctionDef : STATIC Type IDENTIFIER '(' Formals ')' . StmtBlock  (23)

	'{'  shift 48
	.  error

	StmtBlock  goto 51


state 48
	StmtBlock : '{' . StmtList '}'  (25)
	StmtList : .  (27)

	.  reduce 27

	StmtList  goto 52


state 49
	FunctionDef : Type IDENTIFIER '(' Formals ')' StmtBlock .  (24)

	.  reduce 24


state 50
	VariableList : VariableList ',' Variable .  (21)

	.  reduce 21


state 51
	FunctionDef : STATIC Type IDENTIFIER '(' Formals ')' StmtBlock .  (23)

	.  reduce 23


state 52
	StmtBlock : '{' StmtList . '}'  (25)
	StmtList : StmtList . Stmt  (26)
	SimpleStmt : .  (52)
	Receiver : .  (54)

	VOID  shift 17
	BOOL  shift 18
	INT  shift 19
	STRING  shift 20
	CLASS  shift 21
	NULL  shift 53
	THIS  shift 54
	WHILE  shift 55
	FOR  shift 56
	IF  shift 57
	RETURN  shift 58
	BREAK  shift 59
	NEW  shift 60
	PRINT  shift 61
	READ_INTEGER  shift 62
	READ_LINE  shift 63
	LITERAL  shift 64
	INSTANCEOF  shift 65
	'-'  shift 66
	'!'  shift 67
	'('  shift 68
	'['  shift 69
	'{'  shift 48
	'}'  shift 70
	SCOPY  shift 71
	VAR  shift 72
	FOREACH  shift 73
	IDENTIFIER  reduce 54
	';'  reduce 52

	VariableDef  goto 74
	Variable  goto 25
	Type  goto 40
	StmtBlock  goto 75
	Stmt  goto 76
	ForeachStmt  goto 77
	OCStmt  goto 78
	GuardedStmt  goto 79
	SimpleStmt  goto 80
	IfStmt  goto 81
	WhileStmt  goto 82
	ForStmt  goto 83
	ReturnStmt  goto 84
	PrintStmt  goto 85
	BreakStmt  goto 86
	Expr  goto 87
	LValue  goto 88
	Call  goto 89
	Receiver  goto 90
	Constant  goto 91
	ArrayConstant  goto 92


state 53
	Constant : NULL .  (94)

	.  reduce 94


state 54
	Expr : THIS .  (87)

	.  reduce 87


state 55
	WhileStmt : WHILE . '(' Expr ')' Stmt  (103)

	'('  shift 93
	.  error


state 56
	ForStmt : FOR . '(' SimpleStmt ';' Expr ';' SimpleStmt ')' Stmt  (104)

	'('  shift 94
	.  error


state 57
	GuardedStmt : IF . '{' IfBranchG IfStmtG '}'  (44)
	GuardedStmt : IF . '{' '}'  (45)
	IfStmt : IF . '(' Expr ')' Stmt ElseClause  (106)

	'('  shift 95
	'{'  shift 96
	.  error


state 58
	ReturnStmt : RETURN . Expr  (109)
	ReturnStmt : RETURN .  (110)
	Receiver : .  (54)

	NULL  shift 53
	THIS  shift 54
	NEW  shift 60
	READ_INTEGER  shift 62
	READ_LINE  shift 63
	LITERAL  shift 64
	INSTANCEOF  shift 65
	'-'  shift 66
	'!'  shift 67
	'('  shift 68
	'['  shift 69
	VAR  shift 72
	IDENTIFIER  reduce 54
	';'  reduce 110

	Expr  goto 97
	LValue  goto 98
	Call  goto 99
	Receiver  goto 90
	Constant  goto 91
	ArrayConstant  goto 92


state 59
	BreakStmt : BREAK .  (105)

	.  reduce 105


state 60
	Expr : NEW . IDENTIFIER '(' ')'  (88)
	Expr : NEW . Type '[' Expr ']'  (89)

	VOID  shift 17
	BOOL  shift 18
	INT  shift 19
	STRING  shift 20
	CLASS  shift 21
	IDENTIFIER  shift 100
	.  error

	Type  goto 101


state 61
	PrintStmt : PRINT . '(' ExprList ')'  (111)

	'('  shift 102
	.  error


state 62
	Expr : READ_INTEGER . '(' ')'  (85)

	'('  shift 103
	.  error


state 63
	Expr : READ_LINE . '(' ')'  (86)

	'('  shift 104
	.  error


state 64
	Constant : LITERAL .  (93)

	.  reduce 93


state 65
	Expr : INSTANCEOF . '(' Expr ',' IDENTIFIER ')'  (90)

	'('  shift 105
	.  error


state 66
	Expr : '-' . Expr  (83)
	Receiver : .  (54)

	NULL  shift 53
	THIS  shift 54
	NEW  shift 60
	READ_INTEGER  shift 62
	READ_LINE  shift 63
	LITERAL  shift 64
	INSTANCEOF  shift 65
	'-'  shift 66
	'!'  shift 67
	'('  shift 68
	'['  shift 69
	VAR  shift 72
	IDENTIFIER  reduce 54

	Expr  goto 106
	LValue  goto 98
	Call  goto 99
	Receiver  goto 90
	Constant  goto 91
	ArrayConstant  goto 92


state 67
	Expr : '!' . Expr  (84)
	Receiver : .  (54)

	NULL  shift 53
	THIS  shift 54
	NEW  shift 60
	READ_INTEGER  shift 62
	READ_LINE  shift 63
	LITERAL  shift 64
	INSTANCEOF  shift 65
	'-'  shift 66
	'!'  shift 67
	'('  shift 68
	'['  shift 69
	VAR  shift 72
	IDENTIFIER  reduce 54

	Expr  goto 107
	LValue  goto 98
	Call  goto 99
	Receiver  goto 90
	Constant  goto 91
	ArrayConstant  goto 92


state 68
	Expr : '(' . Expr ')'  (82)
	Expr : '(' . CLASS IDENTIFIER ')' Expr  (91)
	Receiver : .  (54)

	CLASS  shift 108
	NULL  shift 53
	THIS  shift 54
	NEW  shift 60
	READ_INTEGER  shift 62
	READ_LINE  shift 63
	LITERAL  shift 64
	INSTANCEOF  shift 65
	'-'  shift 66
	'!'  shift 67
	'('  shift 68
	'['  shift 69
	VAR  shift 72
	IDENTIFIER  reduce 54

	Expr  goto 109
	LValue  goto 98
	Call  goto 99
	Receiver  goto 90
	Constant  goto 91
	ArrayConstant  goto 92


state 69
	Expr : '[' . Expr FOR IDENTIFIER IN Expr ']'  (60)
	Expr : '[' . Expr FOR IDENTIFIER IN Expr IF BoolExpr ']'  (61)
	ArrayConstant : '[' . ']'  (95)
	ArrayConstant : '[' . ArrayInsider ']'  (96)
	Receiver : .  (54)

	NULL  shift 53
	THIS  shift 54
	NEW  shift 60
	READ_INTEGER  shift 62
	READ_LINE  shift 63
	LITERAL  shift 64
	INSTANCEOF  shift 65
	'-'  shift 66
	'!'  shift 67
	'('  shift 68
	'['  shift 69
	']'  shift 110
	VAR  shift 72
	IDENTIFIER  reduce 54

	Expr  goto 111
	LValue  goto 98
	Call  goto 99
	Receiver  goto 90
	Constant  goto 112
	ArrayConstant  goto 92
	ArrayInsider  goto 113


state 70
	StmtBlock : '{' StmtList '}' .  (25)

	.  reduce 25


state 71
	OCStmt : SCOPY . '(' IDENTIFIER ',' Expr ')'  (49)

	'('  shift 114
	.  error


state 72
	LValue : VAR . IDENTIFIER  (55)

	IDENTIFIER  shift 115
	.  error


state 73
	ForeachStmt : FOREACH . '(' BoundVariable IN Expr ')' Stmt  (40)
	ForeachStmt : FOREACH . '(' BoundVariable IN Expr WHILE Expr ')' Stmt  (41)

	'('  shift 116
	.  error


state 74
	Stmt : VariableDef .  (31)

	.  reduce 31


state 75
	Stmt : StmtBlock .  (39)

	.  reduce 39


state 76
	StmtList : StmtList Stmt .  (26)

	.  reduce 26


state 77
	Stmt : ForeachStmt .  (28)

	.  reduce 28


state 78
	Stmt : OCStmt . ';'  (29)

	';'  shift 117
	.  error


state 79
	Stmt : GuardedStmt .  (30)

	.  reduce 30


state 80
	Stmt : SimpleStmt . ';'  (32)

	';'  shift 118
	.  error


state 81
	Stmt : IfStmt .  (33)

	.  reduce 33


state 82
	Stmt : WhileStmt .  (34)

	.  reduce 34


state 83
	Stmt : ForStmt .  (35)

	.  reduce 35


state 84
	Stmt : ReturnStmt . ';'  (36)

	';'  shift 119
	.  error


state 85
	Stmt : PrintStmt . ';'  (37)

	';'  shift 120
	.  error


state 86
	Stmt : BreakStmt . ';'  (38)

	';'  shift 121
	.  error


state 87
	Receiver : Expr . '.'  (53)
	LValue : Expr . '[' Expr ']'  (57)
	Expr : Expr . '[' Expr ':' Expr ']'  (62)
	Expr : Expr . '[' Expr ']' DEFAULT Expr  (63)
	Expr : Expr . '+' Expr  (67)
	Expr : Expr . '-' Expr  (68)
	Expr : Expr . '*' Expr  (69)
	Expr : Expr . '/' Expr  (70)
	Expr : Expr . '%' Expr  (71)
	Expr : Expr . EQUAL Expr  (72)
	Expr : Expr . NOT_EQUAL Expr  (73)
	Expr : Expr . ARRAY_REPEAT Expr  (74)
	Expr : Expr . ARRAY_CONCAT Expr  (75)
	Expr : Expr . '<' Expr  (76)
	Expr : Expr . '>' Expr  (77)
	Expr : Expr . LESS_EQUAL Expr  (78)
	Expr : Expr . GREATER_EQUAL Expr  (79)
	Expr : Expr . AND Expr  (80)
	Expr : Expr . OR Expr  (81)

	AND  shift 122
	OR  shift 123
	LESS_EQUAL  shift 124
	GREATER_EQUAL  shift 125
	EQUAL  shift 126
	NOT_EQUAL  shift 127
	'+'  shift 128
	'-'  shift 129
	'*'  shift 130
	'/'  shift 131
	'%'  shift 132
	'>'  shift 133
	'<'  shift 134
	'.'  shift 135
	'['  shift 136
	ARRAY_REPEAT  shift 137
	ARRAY_CONCAT  shift 138
	.  error


state 88
	SimpleStmt : LValue . '=' Expr  (50)
	Expr : LValue .  (64)

	'='  shift 139
	AND  reduce 64
	OR  reduce 64
	LESS_EQUAL  reduce 64
	GREATER_EQUAL  reduce 64
	EQUAL  reduce 64
	NOT_EQUAL  reduce 64
	'+'  reduce 64
	'-'  reduce 64
	'*'  reduce 64
	'/'  reduce 64
	'%'  reduce 64
	'>'  reduce 64
	'<'  reduce 64
	'.'  reduce 64
	'['  reduce 64
	ARRAY_REPEAT  reduce 64
	ARRAY_CONCAT  reduce 64


state 89
	SimpleStmt : Call .  (51)
	Expr : Call .  (65)

	AND  reduce 65
	OR  reduce 65
	LESS_EQUAL  reduce 65
	GREATER_EQUAL  reduce 65
	EQUAL  reduce 65
	NOT_EQUAL  reduce 65
	'+'  reduce 65
	'-'  reduce 65
	'*'  reduce 65
	'/'  reduce 65
	'%'  reduce 65
	'>'  reduce 65
	'<'  reduce 65
	'.'  reduce 65
	';'  reduce 51
	')'  reduce 51
	'['  reduce 65
	ARRAY_REPEAT  reduce 65
	ARRAY_CONCAT  reduce 65


state 90
	LValue : Receiver . IDENTIFIER  (56)
	Call : Receiver . IDENTIFIER '(' Actuals ')'  (58)

	IDENTIFIER  shift 140
	.  error


state 91
	Expr : Constant .  (66)

	.  reduce 66


state 92
	Constant : ArrayConstant .  (92)

	.  reduce 92


state 93
	WhileStmt : WHILE '(' . Expr ')' Stmt  (103)
	Receiver : .  (54)

	NULL  shift 53
	THIS  shift 54
	NEW  shift 60
	READ_INTEGER  shift 62
	READ_LINE  shift 63
	LITERAL  shift 64
	INSTANCEOF  shift 65
	'-'  shift 66
	'!'  shift 67
	'('  shift 68
	'['  shift 69
	VAR  shift 72
	IDENTIFIER  reduce 54

	Expr  goto 141
	LValue  goto 98
	Call  goto 99
	Receiver  goto 90
	Constant  goto 91
	ArrayConstant  goto 92


state 94
	ForStmt : FOR '(' . SimpleStmt ';' Expr ';' SimpleStmt ')' Stmt  (104)
	SimpleStmt : .  (52)
	Receiver : .  (54)

	NULL  shift 53
	THIS  shift 54
	NEW  shift 60
	READ_INTEGER  shift 62
	READ_LINE  shift 63
	LITERAL  shift 64
	INSTANCEOF  shift 65
	'-'  shift 66
	'!'  shift 67
	'('  shift 68
	'['  shift 69
	VAR  shift 72
	IDENTIFIER  reduce 54
	';'  reduce 52

	SimpleStmt  goto 142
	Expr  goto 87
	LValue  goto 88
	Call  goto 89
	Receiver  goto 90
	Constant  goto 91
	ArrayConstant  goto 92


state 95
	IfStmt : IF '(' . Expr ')' Stmt ElseClause  (106)
	Receiver : .  (54)

	NULL  shift 53
	THIS  shift 54
	NEW  shift 60
	READ_INTEGER  shift 62
	READ_LINE  shift 63
	LITERAL  shift 64
	INSTANCEOF  shift 65
	'-'  shift 66
	'!'  shift 67
	'('  shift 68
	'['  shift 69
	VAR  shift 72
	IDENTIFIER  reduce 54

	Expr  goto 143
	LValue  goto 98
	Call  goto 99
	Receiver  goto 90
	Constant  goto 91
	ArrayConstant  goto 92


state 96
	GuardedStmt : IF '{' . IfBranchG IfStmtG '}'  (44)
	GuardedStmt : IF '{' . '}'  (45)
	IfBranchG : .  (47)

	'}'  shift 144
	NULL  reduce 47
	THIS  reduce 47
	NEW  reduce 47
	READ_INTEGER  reduce 47
	READ_LINE  reduce 47
	LITERAL  reduce 47
	IDENTIFIER  reduce 47
	INSTANCEOF  reduce 47
	'-'  reduce 47
	'!'  reduce 47
	'('  reduce 47
	'['  reduce 47
	VAR  reduce 47

	IfBranchG  goto 145


state 97
	Receiver : Expr . '.'  (53)
	LValue : Expr . '[' Expr ']'  (57)
	Expr : Expr . '[' Expr ':' Expr ']'  (62)
	Expr : Expr . '[' Expr ']' DEFAULT Expr  (63)
	Expr : Expr . '+' Expr  (67)
	Expr : Expr . '-' Expr  (68)
	Expr : Expr . '*' Expr  (69)
	Expr : Expr . '/' Expr  (70)
	Expr : Expr . '%' Expr  (71)
	Expr : Expr . EQUAL Expr  (72)
	Expr : Expr . NOT_EQUAL Expr  (73)
	Expr : Expr . ARRAY_REPEAT Expr  (74)
	Expr : Expr . ARRAY_CONCAT Expr  (75)
	Expr : Expr . '<' Expr  (76)
	Expr : Expr . '>' Expr  (77)
	Expr : Expr . LESS_EQUAL Expr  (78)
	Expr : Expr . GREATER_EQUAL Expr  (79)
	Expr : Expr . AND Expr  (80)
	Expr : Expr . OR Expr  (81)
	ReturnStmt : RETURN Expr .  (109)

	AND  shift 122
	OR  shift 123
	LESS_EQUAL  shift 124
	GREATER_EQUAL  shift 125
	EQUAL  shift 126
	NOT_EQUAL  shift 127
	'+'  shift 128
	'-'  shift 129
	'*'  shift 130
	'/'  shift 131
	'%'  shift 132
	'>'  shift 133
	'<'  shift 134
	'.'  shift 135
	'['  shift 136
	ARRAY_REPEAT  shift 137
	ARRAY_CONCAT  shift 138
	';'  reduce 109


state 98
	Expr : LValue .  (64)

	.  reduce 64


state 99
	Expr : Call .  (65)

	.  reduce 65


state 100
	Expr : NEW IDENTIFIER . '(' ')'  (88)

	'('  shift 146
	.  error


state 101
	Type : Type . '[' ']'  (11)
	Expr : NEW Type . '[' Expr ']'  (89)

	'['  shift 147
	.  error


state 102
	PrintStmt : PRINT '(' . ExprList ')'  (111)
	Receiver : .  (54)

	NULL  shift 53
	THIS  shift 54
	NEW  shift 60
	READ_INTEGER  shift 62
	READ_LINE  shift 63
	LITERAL  shift 64
	INSTANCEOF  shift 65
	'-'  shift 66
	'!'  shift 67
	'('  shift 68
	'['  shift 69
	VAR  shift 72
	IDENTIFIER  reduce 54

	Expr  goto 148
	LValue  goto 98
	Call  goto 99
	Receiver  goto 90
	Constant  goto 91
	ArrayConstant  goto 92
	ExprList  goto 149


state 103
	Expr : READ_INTEGER '(' . ')'  (85)

	')'  shift 150
	.  error


state 104
	Expr : READ_LINE '(' . ')'  (86)

	')'  shift 151
	.  error


state 105
	Expr : INSTANCEOF '(' . Expr ',' IDENTIFIER ')'  (90)
	Receiver : .  (54)

	NULL  shift 53
	THIS  shift 54
	NEW  shift 60
	READ_INTEGER  shift 62
	READ_LINE  shift 63
	LITERAL  shift 64
	INSTANCEOF  shift 65
	'-'  shift 66
	'!'  shift 67
	'('  shift 68
	'['  shift 69
	VAR  shift 72
	IDENTIFIER  reduce 54

	Expr  goto 152
	LValue  goto 98
	Call  goto 99
	Receiver  goto 90
	Constant  goto 91
	ArrayConstant  goto 92


state 106
	Receiver : Expr . '.'  (53)
	LValue : Expr . '[' Expr ']'  (57)
	Expr : Expr . '[' Expr ':' Expr ']'  (62)
	Expr : Expr . '[' Expr ']' DEFAULT Expr  (63)
	Expr : Expr . '+' Expr  (67)
	Expr : Expr . '-' Expr  (68)
	Expr : Expr . '*' Expr  (69)
	Expr : Expr . '/' Expr  (70)
	Expr : Expr . '%' Expr  (71)
	Expr : Expr . EQUAL Expr  (72)
	Expr : Expr . NOT_EQUAL Expr  (73)
	Expr : Expr . ARRAY_REPEAT Expr  (74)
	Expr : Expr . ARRAY_CONCAT Expr  (75)
	Expr : Expr . '<' Expr  (76)
	Expr : Expr . '>' Expr  (77)
	Expr : Expr . LESS_EQUAL Expr  (78)
	Expr : Expr . GREATER_EQUAL Expr  (79)
	Expr : Expr . AND Expr  (80)
	Expr : Expr . OR Expr  (81)
	Expr : '-' Expr .  (83)

	'.'  shift 135
	'['  shift 136
	WHILE  reduce 83
	FOR  reduce 83
	IF  reduce 83
	AND  reduce 83
	OR  reduce 83
	LESS_EQUAL  reduce 83
	GREATER_EQUAL  reduce 83
	EQUAL  reduce 83
	NOT_EQUAL  reduce 83
	'+'  reduce 83
	'-'  reduce 83
	'*'  reduce 83
	'/'  reduce 83
	'%'  reduce 83
	'>'  reduce 83
	'<'  reduce 83
	','  reduce 83
	';'  reduce 83
	')'  reduce 83
	']'  reduce 83
	':'  reduce 83
	ARRAY_REPEAT  reduce 83
	ARRAY_CONCAT  reduce 83


state 107
	Receiver : Expr . '.'  (53)
	LValue : Expr . '[' Expr ']'  (57)
	Expr : Expr . '[' Expr ':' Expr ']'  (62)
	Expr : Expr . '[' Expr ']' DEFAULT Expr  (63)
	Expr : Expr . '+' Expr  (67)
	Expr : Expr . '-' Expr  (68)
	Expr : Expr . '*' Expr  (69)
	Expr : Expr . '/' Expr  (70)
	Expr : Expr . '%' Expr  (71)
	Expr : Expr . EQUAL Expr  (72)
	Expr : Expr . NOT_EQUAL Expr  (73)
	Expr : Expr . ARRAY_REPEAT Expr  (74)
	Expr : Expr . ARRAY_CONCAT Expr  (75)
	Expr : Expr . '<' Expr  (76)
	Expr : Expr . '>' Expr  (77)
	Expr : Expr . LESS_EQUAL Expr  (78)
	Expr : Expr . GREATER_EQUAL Expr  (79)
	Expr : Expr . AND Expr  (80)
	Expr : Expr . OR Expr  (81)
	Expr : '!' Expr .  (84)

	'.'  shift 135
	'['  shift 136
	WHILE  reduce 84
	FOR  reduce 84
	IF  reduce 84
	AND  reduce 84
	OR  reduce 84
	LESS_EQUAL  reduce 84
	GREATER_EQUAL  reduce 84
	EQUAL  reduce 84
	NOT_EQUAL  reduce 84
	'+'  reduce 84
	'-'  reduce 84
	'*'  reduce 84
	'/'  reduce 84
	'%'  reduce 84
	'>'  reduce 84
	'<'  reduce 84
	','  reduce 84
	';'  reduce 84
	')'  reduce 84
	']'  reduce 84
	':'  reduce 84
	ARRAY_REPEAT  reduce 84
	ARRAY_CONCAT  reduce 84


state 108
	Expr : '(' CLASS . IDENTIFIER ')' Expr  (91)

	IDENTIFIER  shift 153
	.  error


state 109
	Receiver : Expr . '.'  (53)
	LValue : Expr . '[' Expr ']'  (57)
	Expr : Expr . '[' Expr ':' Expr ']'  (62)
	Expr : Expr . '[' Expr ']' DEFAULT Expr  (63)
	Expr : Expr . '+' Expr  (67)
	Expr : Expr . '-' Expr  (68)
	Expr : Expr . '*' Expr  (69)
	Expr : Expr . '/' Expr  (70)
	Expr : Expr . '%' Expr  (71)
	Expr : Expr . EQUAL Expr  (72)
	Expr : Expr . NOT_EQUAL Expr  (73)
	Expr : Expr . ARRAY_REPEAT Expr  (74)
	Expr : Expr . ARRAY_CONCAT Expr  (75)
	Expr : Expr . '<' Expr  (76)
	Expr : Expr . '>' Expr  (77)
	Expr : Expr . LESS_EQUAL Expr  (78)
	Expr : Expr . GREATER_EQUAL Expr  (79)
	Expr : Expr . AND Expr  (80)
	Expr : Expr . OR Expr  (81)
	Expr : '(' Expr . ')'  (82)

	AND  shift 122
	OR  shift 123
	LESS_EQUAL  shift 124
	GREATER_EQUAL  shift 125
	EQUAL  shift 126
	NOT_EQUAL  shift 127
	'+'  shift 128
	'-'  shift 129
	'*'  shift 130
	'/'  shift 131
	'%'  shift 132
	'>'  shift 133
	'<'  shift 134
	'.'  shift 135
	')'  shift 154
	'['  shift 136
	ARRAY_REPEAT  shift 137
	ARRAY_CONCAT  shift 138
	.  error


state 110
	ArrayConstant : '[' ']' .  (95)

	.  reduce 95


state 111
	Receiver : Expr . '.'  (53)
	LValue : Expr . '[' Expr ']'  (57)
	Expr : '[' Expr . FOR IDENTIFIER IN Expr ']'  (60)
	Expr : '[' Expr . FOR IDENTIFIER IN Expr IF BoolExpr ']'  (61)
	Expr : Expr . '[' Expr ':' Expr ']'  (62)
	Expr : Expr . '[' Expr ']' DEFAULT Expr  (63)
	Expr : Expr . '+' Expr  (67)
	Expr : Expr . '-' Expr  (68)
	Expr : Expr . '*' Expr  (69)
	Expr : Expr . '/' Expr  (70)
	Expr : Expr . '%' Expr  (71)
	Expr : Expr . EQUAL Expr  (72)
	Expr : Expr . NOT_EQUAL Expr  (73)
	Expr : Expr . ARRAY_REPEAT Expr  (74)
	Expr : Expr . ARRAY_CONCAT Expr  (75)
	Expr : Expr . '<' Expr  (76)
	Expr : Expr . '>' Expr  (77)
	Expr : Expr . LESS_EQUAL Expr  (78)
	Expr : Expr . GREATER_EQUAL Expr  (79)
	Expr : Expr . AND Expr  (80)
	Expr : Expr . OR Expr  (81)

	FOR  shift 155
	AND  shift 122
	OR  shift 123
	LESS_EQUAL  shift 124
	GREATER_EQUAL  shift 125
	EQUAL  shift 126
	NOT_EQUAL  shift 127
	'+'  shift 128
	'-'  shift 129
	'*'  shift 130
	'/'  shift 131
	'%'  shift 132
	'>'  shift 133
	'<'  shift 134
	'.'  shift 135
	'['  shift 136
	ARRAY_REPEAT  shift 137
	ARRAY_CONCAT  shift 138
	.  error


state 112
	Expr : Constant .  (66)
	ArrayInsider : Constant .  (98)

	FOR  reduce 66
	AND  reduce 66
	OR  reduce 66
	LESS_EQUAL  reduce 66
	GREATER_EQUAL  reduce 66
	EQUAL  reduce 66
	NOT_EQUAL  reduce 66
	'+'  reduce 66
	'-'  reduce 66
	'*'  reduce 66
	'/'  reduce 66
	'%'  reduce 66
	'>'  reduce 66
	'<'  reduce 66
	'.'  reduce 66
	','  reduce 98
	'['  reduce 66
	']'  reduce 98
	ARRAY_REPEAT  reduce 66
	ARRAY_CONCAT  reduce 66


state 113
	ArrayConstant : '[' ArrayInsider . ']'  (96)
	ArrayInsider : ArrayInsider . ',' Constant  (97)

	','  shift 156
	']'  shift 157
	.  error


state 114
	OCStmt : SCOPY '(' . IDENTIFIER ',' Expr ')'  (49)

	IDENTIFIER  shift 158
	.  error


state 115
	LValue : VAR IDENTIFIER .  (55)

	.  reduce 55


state 116
	ForeachStmt : FOREACH '(' . BoundVariable IN Expr ')' Stmt  (40)
	ForeachStmt : FOREACH '(' . BoundVariable IN Expr WHILE Expr ')' Stmt  (41)

	VOID  shift 17
	BOOL  shift 18
	INT  shift 19
	STRING  shift 20
	CLASS  shift 21
	VAR  shift 159
	.  error

	Type  goto 160
	BoundVariable  goto 161


state 117
	Stmt : OCStmt ';' .  (29)

	.  reduce 29


state 118
	Stmt : SimpleStmt ';' .  (32)

	.  reduce 32


state 119
	Stmt : ReturnStmt ';' .  (36)

	.  reduce 36


state 120
	Stmt : PrintStmt ';' .  (37)

	.  reduce 37


state 121
	Stmt : BreakStmt ';' .  (38)

	.  reduce 38


state 122
	Expr : Expr AND . Expr  (80)
	Receiver : .  (54)

	NULL  shift 53
	THIS  shift 54
	NEW  shift 60
	READ_INTEGER  shift 62
	READ_LINE  shift 63
	LITERAL  shift 64
	INSTANCEOF  shift 65
	'-'  shift 66
	'!'  shift 67
	'('  shift 68
	'['  shift 69
	VAR  shift 72
	IDENTIFIER  reduce 54

	Expr  goto 162
	LValue  goto 98
	Call  goto 99
	Receiver  goto 90
	Constant  goto 91
	ArrayConstant  goto 92


state 123
	Expr : Expr OR . Expr  (81)
	Receiver : .  (54)

	NULL  shift 53
	THIS  shift 54
	NEW  shift 60
	READ_INTEGER  shift 62
	READ_LINE  shift 63
	LITERAL  shift 64
	INSTANCEOF  shift 65
	'-'  shift 66
	'!'  shift 67
	'('  shift 68
	'['  shift 69
	VAR  shift 72
	IDENTIFIER  reduce 54

	Expr  goto 163
	LValue  goto 98
	Call  goto 99
	Receiver  goto 90
	Constant  goto 91
	ArrayConstant  goto 92


state 124
	Expr : Expr LESS_EQUAL . Expr  (78)
	Receiver : .  (54)

	NULL  shift 53
	THIS  shift 54
	NEW  shift 60
	READ_INTEGER  shift 62
	READ_LINE  shift 63
	LITERAL  shift 64
	INSTANCEOF  shift 65
	'-'  shift 66
	'!'  shift 67
	'('  shift 68
	'['  shift 69
	VAR  shift 72
	IDENTIFIER  reduce 54

	Expr  goto 164
	LValue  goto 98
	Call  goto 99
	Receiver  goto 90
	Constant  goto 91
	ArrayConstant  goto 92


state 125
	Expr : Expr GREATER_EQUAL . Expr  (79)
	Receiver : .  (54)

	NULL  shift 53
	THIS  shift 54
	NEW  shift 60
	READ_INTEGER  shift 62
	READ_LINE  shift 63
	LITERAL  shift 64
	INSTANCEOF  shift 65
	'-'  shift 66
	'!'  shift 67
	'('  shift 68
	'['  shift 69
	VAR  shift 72
	IDENTIFIER  reduce 54

	Expr  goto 165
	LValue  goto 98
	Call  goto 99
	Receiver  goto 90
	Constant  goto 91
	ArrayConstant  goto 92


state 126
	Expr : Expr EQUAL . Expr  (72)
	Receiver : .  (54)

	NULL  shift 53
	THIS  shift 54
	NEW  shift 60
	READ_INTEGER  shift 62
	READ_LINE  shift 63
	LITERAL  shift 64
	INSTANCEOF  shift 65
	'-'  shift 66
	'!'  shift 67
	'('  shift 68
	'['  shift 69
	VAR  shift 72
	IDENTIFIER  reduce 54

	Expr  goto 166
	LValue  goto 98
	Call  goto 99
	Receiver  goto 90
	Constant  goto 91
	ArrayConstant  goto 92


state 127
	Expr : Expr NOT_EQUAL . Expr  (73)
	Receiver : .  (54)

	NULL  shift 53
	THIS  shift 54
	NEW  shift 60
	READ_INTEGER  shift 62
	READ_LINE  shift 63
	LITERAL  shift 64
	INSTANCEOF  shift 65
	'-'  shift 66
	'!'  shift 67
	'('  shift 68
	'['  shift 69
	VAR  shift 72
	IDENTIFIER  reduce 54

	Expr  goto 167
	LValue  goto 98
	Call  goto 99
	Receiver  goto 90
	Constant  goto 91
	ArrayConstant  goto 92


state 128
	Expr : Expr '+' . Expr  (67)
	Receiver : .  (54)

	NULL  shift 53
	THIS  shift 54
	NEW  shift 60
	READ_INTEGER  shift 62
	READ_LINE  shift 63
	LITERAL  shift 64
	INSTANCEOF  shift 65
	'-'  shift 66
	'!'  shift 67
	'('  shift 68
	'['  shift 69
	VAR  shift 72
	IDENTIFIER  reduce 54

	Expr  goto 168
	LValue  goto 98
	Call  goto 99
	Receiver  goto 90
	Constant  goto 91
	ArrayConstant  goto 92


state 129
	Expr : Expr '-' . Expr  (68)
	Receiver : .  (54)

	NULL  shift 53
	THIS  shift 54
	NEW  shift 60
	READ_INTEGER  shift 62
	READ_LINE  shift 63
	LITERAL  shift 64
	INSTANCEOF  shift 65
	'-'  shift 66
	'!'  shift 67
	'('  shift 68
	'['  shift 69
	VAR  shift 72
	IDENTIFIER  reduce 54

	Expr  goto 169
	LValue  goto 98
	Call  goto 99
	Receiver  goto 90
	Constant  goto 91
	ArrayConstant  goto 92


state 130
	Expr : Expr '*' . Expr  (69)
	Receiver : .  (54)

	NULL  shift 53
	THIS  shift 54
	NEW  shift 60
	READ_INTEGER  shift 62
	READ_LINE  shift 63
	LITERAL  shift 64
	INSTANCEOF  shift 65
	'-'  shift 66
	'!'  shift 67
	'('  shift 68
	'['  shift 69
	VAR  shift 72
	IDENTIFIER  reduce 54

	Expr  goto 170
	LValue  goto 98
	Call  goto 99
	Receiver  goto 90
	Constant  goto 91
	ArrayConstant  goto 92


state 131
	Expr : Expr '/' . Expr  (70)
	Receiver : .  (54)

	NULL  shift 53
	THIS  shift 54
	NEW  shift 60
	READ_INTEGER  shift 62
	READ_LINE  shift 63
	LITERAL  shift 64
	INSTANCEOF  shift 65
	'-'  shift 66
	'!'  shift 67
	'('  shift 68
	'['  shift 69
	VAR  shift 72
	IDENTIFIER  reduce 54

	Expr  goto 171
	LValue  goto 98
	Call  goto 99
	Receiver  goto 90
	Constant  goto 91
	ArrayConstant  goto 92


state 132
	Expr : Expr '%' . Expr  (71)
	Receiver : .  (54)

	NULL  shift 53
	THIS  shift 54
	NEW  shift 60
	READ_INTEGER  shift 62
	READ_LINE  shift 63
	LITERAL  shift 64
	INSTANCEOF  shift 65
	'-'  shift 66
	'!'  shift 67
	'('  shift 68
	'['  shift 69
	VAR  shift 72
	IDENTIFIER  reduce 54

	Expr  goto 172
	LValue  goto 98
	Call  goto 99
	Receiver  goto 90
	Constant  goto 91
	ArrayConstant  goto 92


state 133
	Expr : Expr '>' . Expr  (77)
	Receiver : .  (54)

	NULL  shift 53
	THIS  shift 54
	NEW  shift 60
	READ_INTEGER  shift 62
	READ_LINE  shift 63
	LITERAL  shift 64
	INSTANCEOF  shift 65
	'-'  shift 66
	'!'  shift 67
	'('  shift 68
	'['  shift 69
	VAR  shift 72
	IDENTIFIER  reduce 54

	Expr  goto 173
	LValue  goto 98
	Call  goto 99
	Receiver  goto 90
	Constant  goto 91
	ArrayConstant  goto 92


state 134
	Expr : Expr '<' . Expr  (76)
	Receiver : .  (54)

	NULL  shift 53
	THIS  shift 54
	NEW  shift 60
	READ_INTEGER  shift 62
	READ_LINE  shift 63
	LITERAL  shift 64
	INSTANCEOF  shift 65
	'-'  shift 66
	'!'  shift 67
	'('  shift 68
	'['  shift 69
	VAR  shift 72
	IDENTIFIER  reduce 54

	Expr  goto 174
	LValue  goto 98
	Call  goto 99
	Receiver  goto 90
	Constant  goto 91
	ArrayConstant  goto 92


state 135
	Receiver : Expr '.' .  (53)

	.  reduce 53


state 136
	LValue : Expr '[' . Expr ']'  (57)
	Expr : Expr '[' . Expr ':' Expr ']'  (62)
	Expr : Expr '[' . Expr ']' DEFAULT Expr  (63)
	Receiver : .  (54)

	NULL  shift 53
	THIS  shift 54
	NEW  shift 60
	READ_INTEGER  shift 62
	READ_LINE  shift 63
	LITERAL  shift 64
	INSTANCEOF  shift 65
	'-'  shift 66
	'!'  shift 67
	'('  shift 68
	'['  shift 69
	VAR  shift 72
	IDENTIFIER  reduce 54

	Expr  goto 175
	LValue  goto 98
	Call  goto 99
	Receiver  goto 90
	Constant  goto 91
	ArrayConstant  goto 92


state 137
	Expr : Expr ARRAY_REPEAT . Expr  (74)
	Receiver : .  (54)

	NULL  shift 53
	THIS  shift 54
	NEW  shift 60
	READ_INTEGER  shift 62
	READ_LINE  shift 63
	LITERAL  shift 64
	INSTANCEOF  shift 65
	'-'  shift 66
	'!'  shift 67
	'('  shift 68
	'['  shift 69
	VAR  shift 72
	IDENTIFIER  reduce 54

	Expr  goto 176
	LValue  goto 98
	Call  goto 99
	Receiver  goto 90
	Constant  goto 91
	ArrayConstant  goto 92


state 138
	Expr : Expr ARRAY_CONCAT . Expr  (75)
	Receiver : .  (54)

	NULL  shift 53
	THIS  shift 54
	NEW  shift 60
	READ_INTEGER  shift 62
	READ_LINE  shift 63
	LITERAL  shift 64
	INSTANCEOF  shift 65
	'-'  shift 66
	'!'  shift 67
	'('  shift 68
	'['  shift 69
	VAR  shift 72
	IDENTIFIER  reduce 54

	Expr  goto 177
	LValue  goto 98
	Call  goto 99
	Receiver  goto 90
	Constant  goto 91
	ArrayConstant  goto 92


state 139
	SimpleStmt : LValue '=' . Expr  (50)
	Receiver : .  (54)

	NULL  shift 53
	THIS  shift 54
	NEW  shift 60
	READ_INTEGER  shift 62
	READ_LINE  shift 63
	LITERAL  shift 64
	INSTANCEOF  shift 65
	'-'  shift 66
	'!'  shift 67
	'('  shift 68
	'['  shift 69
	VAR  shift 72
	IDENTIFIER  reduce 54

	Expr  goto 178
	LValue  goto 98
	Call  goto 99
	Receiver  goto 90
	Constant  goto 91
	ArrayConstant  goto 92


state 140
	LValue : Receiver IDENTIFIER .  (56)
	Call : Receiver IDENTIFIER . '(' Actuals ')'  (58)

	'('  shift 179
	WHILE  reduce 56
	FOR  reduce 56
	IF  reduce 56
	AND  reduce 56
	OR  reduce 56
	LESS_EQUAL  reduce 56
	GREATER_EQUAL  reduce 56
	EQUAL  reduce 56
	NOT_EQUAL  reduce 56
	'+'  reduce 56
	'-'  reduce 56
	'*'  reduce 56
	'/'  reduce 56
	'%'  reduce 56
	'='  reduce 56
	'>'  reduce 56
	'<'  reduce 56
	'.'  reduce 56
	','  reduce 56
	';'  reduce 56
	')'  reduce 56
	'['  reduce 56
	']'  reduce 56
	':'  reduce 56
	ARRAY_REPEAT  reduce 56
	ARRAY_CONCAT  reduce 56


state 141
	Receiver : Expr . '.'  (53)
	LValue : Expr . '[' Expr ']'  (57)
	Expr : Expr . '[' Expr ':' Expr ']'  (62)
	Expr : Expr . '[' Expr ']' DEFAULT Expr  (63)
	Expr : Expr . '+' Expr  (67)
	Expr : Expr . '-' Expr  (68)
	Expr : Expr . '*' Expr  (69)
	Expr : Expr . '/' Expr  (70)
	Expr : Expr . '%' Expr  (71)
	Expr : Expr . EQUAL Expr  (72)
	Expr : Expr . NOT_EQUAL Expr  (73)
	Expr : Expr . ARRAY_REPEAT Expr  (74)
	Expr : Expr . ARRAY_CONCAT Expr  (75)
	Expr : Expr . '<' Expr  (76)
	Expr : Expr . '>' Expr  (77)
	Expr : Expr . LESS_EQUAL Expr  (78)
	Expr : Expr . GREATER_EQUAL Expr  (79)
	Expr : Expr . AND Expr  (80)
	Expr : Expr . OR Expr  (81)
	WhileStmt : WHILE '(' Expr . ')' Stmt  (103)

	AND  shift 122
	OR  shift 123
	LESS_EQUAL  shift 124
	GREATER_EQUAL  shift 125
	EQUAL  shift 126
	NOT_EQUAL  shift 127
	'+'  shift 128
	'-'  shift 129
	'*'  shift 130
	'/'  shift 131
	'%'  shift 132
	'>'  shift 133
	'<'  shift 134
	'.'  shift 135
	')'  shift 180
	'['  shift 136
	ARRAY_REPEAT  shift 137
	ARRAY_CONCAT  shift 138
	.  error


state 142
	ForStmt : FOR '(' SimpleStmt . ';' Expr ';' SimpleStmt ')' Stmt  (104)

	';'  shift 181
	.  error


state 143
	Receiver : Expr . '.'  (53)
	LValue : Expr . '[' Expr ']'  (57)
	Expr : Expr . '[' Expr ':' Expr ']'  (62)
	Expr : Expr . '[' Expr ']' DEFAULT Expr  (63)
	Expr : Expr . '+' Expr  (67)
	Expr : Expr . '-' Expr  (68)
	Expr : Expr . '*' Expr  (69)
	Expr : Expr . '/' Expr  (70)
	Expr : Expr . '%' Expr  (71)
	Expr : Expr . EQUAL Expr  (72)
	Expr : Expr . NOT_EQUAL Expr  (73)
	Expr : Expr . ARRAY_REPEAT Expr  (74)
	Expr : Expr . ARRAY_CONCAT Expr  (75)
	Expr : Expr . '<' Expr  (76)
	Expr : Expr . '>' Expr  (77)
	Expr : Expr . LESS_EQUAL Expr  (78)
	Expr : Expr . GREATER_EQUAL Expr  (79)
	Expr : Expr . AND Expr  (80)
	Expr : Expr . OR Expr  (81)
	IfStmt : IF '(' Expr . ')' Stmt ElseClause  (106)

	AND  shift 122
	OR  shift 123
	LESS_EQUAL  shift 124
	GREATER_EQUAL  shift 125
	EQUAL  shift 126
	NOT_EQUAL  shift 127
	'+'  shift 128
	'-'  shift 129
	'*'  shift 130
	'/'  shift 131
	'%'  shift 132
	'>'  shift 133
	'<'  shift 134
	'.'  shift 135
	')'  shift 182
	'['  shift 136
	ARRAY_REPEAT  shift 137
	ARRAY_CONCAT  shift 138
	.  error


state 144
	GuardedStmt : IF '{' '}' .  (45)

	.  reduce 45


state 145
	GuardedStmt : IF '{' IfBranchG . IfStmtG '}'  (44)
	IfBranchG : IfBranchG . IfStmtG DIVIDER  (46)
	Receiver : .  (54)

	NULL  shift 53
	THIS  shift 54
	NEW  shift 60
	READ_INTEGER  shift 62
	READ_LINE  shift 63
	LITERAL  shift 64
	INSTANCEOF  shift 65
	'-'  shift 66
	'!'  shift 67
	'('  shift 68
	'['  shift 69
	VAR  shift 72
	IDENTIFIER  reduce 54

	Expr  goto 183
	IfStmtG  goto 184
	LValue  goto 98
	Call  goto 99
	Receiver  goto 90
	Constant  goto 91
	ArrayConstant  goto 92


state 146
	Expr : NEW IDENTIFIER '(' . ')'  (88)

	')'  shift 185
	.  error


state 147
	Type : Type '[' . ']'  (11)
	Expr : NEW Type '[' . Expr ']'  (89)
	Receiver : .  (54)

	NULL  shift 53
	THIS  shift 54
	NEW  shift 60
	READ_INTEGER  shift 62
	READ_LINE  shift 63
	LITERAL  shift 64
	INSTANCEOF  shift 65
	'-'  shift 66
	'!'  shift 67
	'('  shift 68
	'['  shift 69
	']'  shift 37
	VAR  shift 72
	IDENTIFIER  reduce 54

	Expr  goto 186
	LValue  goto 98
	Call  goto 99
	Receiver  goto 90
	Constant  goto 91
	ArrayConstant  goto 92


state 148
	Receiver : Expr . '.'  (53)
	LValue : Expr . '[' Expr ']'  (57)
	Expr : Expr . '[' Expr ':' Expr ']'  (62)
	Expr : Expr . '[' Expr ']' DEFAULT Expr  (63)
	Expr : Expr . '+' Expr  (67)
	Expr : Expr . '-' Expr  (68)
	Expr : Expr . '*' Expr  (69)
	Expr : Expr . '/' Expr  (70)
	Expr : Expr . '%' Expr  (71)
	Expr : Expr . EQUAL Expr  (72)
	Expr : Expr . NOT_EQUAL Expr  (73)
	Expr : Expr . ARRAY_REPEAT Expr  (74)
	Expr : Expr . ARRAY_CONCAT Expr  (75)
	Expr : Expr . '<' Expr  (76)
	Expr : Expr . '>' Expr  (77)
	Expr : Expr . LESS_EQUAL Expr  (78)
	Expr : Expr . GREATER_EQUAL Expr  (79)
	Expr : Expr . AND Expr  (80)
	Expr : Expr . OR Expr  (81)
	ExprList : Expr .  (102)

	AND  shift 122
	OR  shift 123
	LESS_EQUAL  shift 124
	GREATER_EQUAL  shift 125
	EQUAL  shift 126
	NOT_EQUAL  shift 127
	'+'  shift 128
	'-'  shift 129
	'*'  shift 130
	'/'  shift 131
	'%'  shift 132
	'>'  shift 133
	'<'  shift 134
	'.'  shift 135
	'['  shift 136
	ARRAY_REPEAT  shift 137
	ARRAY_CONCAT  shift 138
	','  reduce 102
	')'  reduce 102


state 149
	ExprList : ExprList . ',' Expr  (101)
	PrintStmt : PRINT '(' ExprList . ')'  (111)

	','  shift 187
	')'  shift 188
	.  error


state 150
	Expr : READ_INTEGER '(' ')' .  (85)

	.  reduce 85


state 151
	Expr : READ_LINE '(' ')' .  (86)

	.  reduce 86


state 152
	Receiver : Expr . '.'  (53)
	LValue : Expr . '[' Expr ']'  (57)
	Expr : Expr . '[' Expr ':' Expr ']'  (62)
	Expr : Expr . '[' Expr ']' DEFAULT Expr  (63)
	Expr : Expr . '+' Expr  (67)
	Expr : Expr . '-' Expr  (68)
	Expr : Expr . '*' Expr  (69)
	Expr : Expr . '/' Expr  (70)
	Expr : Expr . '%' Expr  (71)
	Expr : Expr . EQUAL Expr  (72)
	Expr : Expr . NOT_EQUAL Expr  (73)
	Expr : Expr . ARRAY_REPEAT Expr  (74)
	Expr : Expr . ARRAY_CONCAT Expr  (75)
	Expr : Expr . '<' Expr  (76)
	Expr : Expr . '>' Expr  (77)
	Expr : Expr . LESS_EQUAL Expr  (78)
	Expr : Expr . GREATER_EQUAL Expr  (79)
	Expr : Expr . AND Expr  (80)
	Expr : Expr . OR Expr  (81)
	Expr : INSTANCEOF '(' Expr . ',' IDENTIFIER ')'  (90)

	AND  shift 122
	OR  shift 123
	LESS_EQUAL  shift 124
	GREATER_EQUAL  shift 125
	EQUAL  shift 126
	NOT_EQUAL  shift 127
	'+'  shift 128
	'-'  shift 129
	'*'  shift 130
	'/'  shift 131
	'%'  shift 132
	'>'  shift 133
	'<'  shift 134
	'.'  shift 135
	','  shift 189
	'['  shift 136
	ARRAY_REPEAT  shift 137
	ARRAY_CONCAT  shift 138
	.  error


state 153
	Expr : '(' CLASS IDENTIFIER . ')' Expr  (91)

	')'  shift 190
	.  error


state 154
	Expr : '(' Expr ')' .  (82)

	.  reduce 82


state 155
	Expr : '[' Expr FOR . IDENTIFIER IN Expr ']'  (60)
	Expr : '[' Expr FOR . IDENTIFIER IN Expr IF BoolExpr ']'  (61)

	IDENTIFIER  shift 191
	.  error


state 156
	ArrayInsider : ArrayInsider ',' . Constant  (97)

	NULL  shift 53
	LITERAL  shift 64
	'['  shift 192
	.  error

	Constant  goto 193
	ArrayConstant  goto 92


state 157
	ArrayConstant : '[' ArrayInsider ']' .  (96)

	.  reduce 96


state 158
	OCStmt : SCOPY '(' IDENTIFIER . ',' Expr ')'  (49)

	','  shift 194
	.  error


state 159
	BoundVariable : VAR . IDENTIFIER  (42)

	IDENTIFIER  shift 195
	.  error


state 160
	Type : Type . '[' ']'  (11)
	BoundVariable : Type . IDENTIFIER  (43)

	IDENTIFIER  shift 196
	'['  shift 33
	.  error


state 161
	ForeachStmt : FOREACH '(' BoundVariable . IN Expr ')' Stmt  (40)
	ForeachStmt : FOREACH '(' BoundVariable . IN Expr WHILE Expr ')' Stmt  (41)

	IN  shift 197
	.  error


state 162
	Receiver : Expr . '.'  (53)
	LValue : Expr . '[' Expr ']'  (57)
	Expr : Expr . '[' Expr ':' Expr ']'  (62)
	Expr : Expr . '[' Expr ']' DEFAULT Expr  (63)
	Expr : Expr . '+' Expr  (67)
	Expr : Expr . '-' Expr  (68)
	Expr : Expr . '*' Expr  (69)
	Expr : Expr . '/' Expr  (70)
	Expr : Expr . '%' Expr  (71)
	Expr : Expr . EQUAL Expr  (72)
	Expr : Expr . NOT_EQUAL Expr  (73)
	Expr : Expr . ARRAY_REPEAT Expr  (74)
	Expr : Expr . ARRAY_CONCAT Expr  (75)
	Expr : Expr . '<' Expr  (76)
	Expr : Expr . '>' Expr  (77)
	Expr : Expr . LESS_EQUAL Expr  (78)
	Expr : Expr . GREATER_EQUAL Expr  (79)
	Expr : Expr . AND Expr  (80)
	Expr : Expr AND Expr .  (80)
	Expr : Expr . OR Expr  (81)

	LESS_EQUAL  shift 124
	GREATER_EQUAL  shift 125
	EQUAL  shift 126
	NOT_EQUAL  shift 127
	'+'  shift 128
	'-'  shift 129
	'*'  shift 130
	'/'  shift 131
	'%'  shift 132
	'>'  shift 133
	'<'  shift 134
	'.'  shift 135
	'['  shift 136
	ARRAY_REPEAT  shift 137
	ARRAY_CONCAT  shift 138
	WHILE  reduce 80
	FOR  reduce 80
	IF  reduce 80
	AND  reduce 80
	OR  reduce 80
	','  reduce 80
	';'  reduce 80
	')'  reduce 80
	']'  reduce 80
	':'  reduce 80


state 163
	Receiver : Expr . '.'  (53)
	LValue : Expr . '[' Expr ']'  (57)
	Expr : Expr . '[' Expr ':' Expr ']'  (62)
	Expr : Expr . '[' Expr ']' DEFAULT Expr  (63)
	Expr : Expr . '+' Expr  (67)
	Expr : Expr . '-' Expr  (68)
	Expr : Expr . '*' Expr  (69)
	Expr : Expr . '/' Expr  (70)
	Expr : Expr . '%' Expr  (71)
	Expr : Expr . EQUAL Expr  (72)
	Expr : Expr . NOT_EQUAL Expr  (73)
	Expr : Expr . ARRAY_REPEAT Expr  (74)
	Expr : Expr . ARRAY_CONCAT Expr  (75)
	Expr : Expr . '<' Expr  (76)
	Expr : Expr . '>' Expr  (77)
	Expr : Expr . LESS_EQUAL Expr  (78)
	Expr : Expr . GREATER_EQUAL Expr  (79)
	Expr : Expr . AND Expr  (80)
	Expr : Expr . OR Expr  (81)
	Expr : Expr OR Expr .  (81)

	AND  shift 122
	LESS_EQUAL  shift 124
	GREATER_EQUAL  shift 125
	EQUAL  shift 126
	NOT_EQUAL  shift 127
	'+'  shift 128
	'-'  shift 129
	'*'  shift 130
	'/'  shift 131
	'%'  shift 132
	'>'  shift 133
	'<'  shift 134
	'.'  shift 135
	'['  shift 136
	ARRAY_REPEAT  shift 137
	ARRAY_CONCAT  shift 138
	WHILE  reduce 81
	FOR  reduce 81
	IF  reduce 81
	OR  reduce 81
	','  reduce 81
	';'  reduce 81
	')'  reduce 81
	']'  reduce 81
	':'  reduce 81


state 164
	Receiver : Expr . '.'  (53)
	LValue : Expr . '[' Expr ']'  (57)
	Expr : Expr . '[' Expr ':' Expr ']'  (62)
	Expr : Expr . '[' Expr ']' DEFAULT Expr  (63)
	Expr : Expr . '+' Expr  (67)
	Expr : Expr . '-' Expr  (68)
	Expr : Expr . '*' Expr  (69)
	Expr : Expr . '/' Expr  (70)
	Expr : Expr . '%' Expr  (71)
	Expr : Expr . EQUAL Expr  (72)
	Expr : Expr . NOT_EQUAL Expr  (73)
	Expr : Expr . ARRAY_REPEAT Expr  (74)
	Expr : Expr . ARRAY_CONCAT Expr  (75)
	Expr : Expr . '<' Expr  (76)
	Expr : Expr . '>' Expr  (77)
	Expr : Expr . LESS_EQUAL Expr  (78)
	Expr : Expr LESS_EQUAL Expr .  (78)
	Expr : Expr . GREATER_EQUAL Expr  (79)
	Expr : Expr . AND Expr  (80)
	Expr : Expr . OR Expr  (81)

	'+'  shift 128
	'-'  shift 129
	'*'  shift 130
	'/'  shift 131
	'%'  shift 132
	'.'  shift 135
	'['  shift 136
	WHILE  reduce 78
	FOR  reduce 78
	IF  reduce 78
	AND  reduce 78
	OR  reduce 78
	EQUAL  reduce 78
	NOT_EQUAL  reduce 78
	','  reduce 78
	';'  reduce 78
	')'  reduce 78
	']'  reduce 78
	':'  reduce 78
	ARRAY_REPEAT  reduce 78
	ARRAY_CONCAT  reduce 78


state 165
	Receiver : Expr . '.'  (53)
	LValue : Expr . '[' Expr ']'  (57)
	Expr : Expr . '[' Expr ':' Expr ']'  (62)
	Expr : Expr . '[' Expr ']' DEFAULT Expr  (63)
	Expr : Expr . '+' Expr  (67)
	Expr : Expr . '-' Expr  (68)
	Expr : Expr . '*' Expr  (69)
	Expr : Expr . '/' Expr  (70)
	Expr : Expr . '%' Expr  (71)
	Expr : Expr . EQUAL Expr  (72)
	Expr : Expr . NOT_EQUAL Expr  (73)
	Expr : Expr . ARRAY_REPEAT Expr  (74)
	Expr : Expr . ARRAY_CONCAT Expr  (75)
	Expr : Expr . '<' Expr  (76)
	Expr : Expr . '>' Expr  (77)
	Expr : Expr . LESS_EQUAL Expr  (78)
	Expr : Expr . GREATER_EQUAL Expr  (79)
	Expr : Expr GREATER_EQUAL Expr .  (79)
	Expr : Expr . AND Expr  (80)
	Expr : Expr . OR Expr  (81)

	'+'  shift 128
	'-'  shift 129
	'*'  shift 130
	'/'  shift 131
	'%'  shift 132
	'.'  shift 135
	'['  shift 136
	WHILE  reduce 79
	FOR  reduce 79
	IF  reduce 79
	AND  reduce 79
	OR  reduce 79
	EQUAL  reduce 79
	NOT_EQUAL  reduce 79
	','  reduce 79
	';'  reduce 79
	')'  reduce 79
	']'  reduce 79
	':'  reduce 79
	ARRAY_REPEAT  reduce 79
	ARRAY_CONCAT  reduce 79


state 166
	Receiver : Expr . '.'  (53)
	LValue : Expr . '[' Expr ']'  (57)
	Expr : Expr . '[' Expr ':' Expr ']'  (62)
	Expr : Expr . '[' Expr ']' DEFAULT Expr  (63)
	Expr : Expr . '+' Expr  (67)
	Expr : Expr . '-' Expr  (68)
	Expr : Expr . '*' Expr  (69)
	Expr : Expr . '/' Expr  (70)
	Expr : Expr . '%' Expr  (71)
	Expr : Expr . EQUAL Expr  (72)
	Expr : Expr EQUAL Expr .  (72)
	Expr : Expr . NOT_EQUAL Expr  (73)
	Expr : Expr . ARRAY_REPEAT Expr  (74)
	Expr : Expr . ARRAY_CONCAT Expr  (75)
	Expr : Expr . '<' Expr  (76)
	Expr : Expr . '>' Expr  (77)
	Expr : Expr . LESS_EQUAL Expr  (78)
	Expr : Expr . GREATER_EQUAL Expr  (79)
	Expr : Expr . AND Expr  (80)
	Expr : Expr . OR Expr  (81)

	LESS_EQUAL  shift 124
	GREATER_EQUAL  shift 125
	'+'  shift 128
	'-'  shift 129
	'*'  shift 130
	'/'  shift 131
	'%'  shift 132
	'>'  shift 133
	'<'  shift 134
	'.'  shift 135
	'['  shift 136
	ARRAY_REPEAT  shift 137
	ARRAY_CONCAT  shift 138
	WHILE  reduce 72
	FOR  reduce 72
	IF  reduce 72
	AND  reduce 72
	OR  reduce 72
	','  reduce 72
	';'  reduce 72
	')'  reduce 72
	']'  reduce 72
	':'  reduce 72


state 167
	Receiver : Expr . '.'  (53)
	LValue : Expr . '[' Expr ']'  (57)
	Expr : Expr . '[' Expr ':' Expr ']'  (62)
	Expr : Expr . '[' Expr ']' DEFAULT Expr  (63)
	Expr : Expr . '+' Expr  (67)
	Expr : Expr . '-' Expr  (68)
	Expr : Expr . '*' Expr  (69)
	Expr : Expr . '/' Expr  (70)
	Expr : Expr . '%' Expr  (71)
	Expr : Expr . EQUAL Expr  (72)
	Expr : Expr . NOT_EQUAL Expr  (73)
	Expr : Expr NOT_EQUAL Expr .  (73)
	Expr : Expr . ARRAY_REPEAT Expr  (74)
	Expr : Expr . ARRAY_CONCAT Expr  (75)
	Expr : Expr . '<' Expr  (76)
	Expr : Expr . '>' Expr  (77)
	Expr : Expr . LESS_EQUAL Expr  (78)
	Expr : Expr . GREATER_EQUAL Expr  (79)
	Expr : Expr . AND Expr  (80)
	Expr : Expr . OR Expr  (81)

	LESS_EQUAL  shift 124
	GREATER_EQUAL  shift 125
	'+'  shift 128
	'-'  shift 129
	'*'  shift 130
	'/'  shift 131
	'%'  shift 132
	'>'  shift 133
	'<'  shift 134
	'.'  shift 135
	'['  shift 136
	ARRAY_REPEAT  shift 137
	ARRAY_CONCAT  shift 138
	WHILE  reduce 73
	FOR  reduce 73
	IF  reduce 73
	AND  reduce 73
	OR  reduce 73
	','  reduce 73
	';'  reduce 73
	')'  reduce 73
	']'  reduce 73
	':'  reduce 73


state 168
	Receiver : Expr . '.'  (53)
	LValue : Expr . '[' Expr ']'  (57)
	Expr : Expr . '[' Expr ':' Expr ']'  (62)
	Expr : Expr . '[' Expr ']' DEFAULT Expr  (63)
	Expr : Expr . '+' Expr  (67)
	Expr : Expr '+' Expr .  (67)
	Expr : Expr . '-' Expr  (68)
	Expr : Expr . '*' Expr  (69)
	Expr : Expr . '/' Expr  (70)
	Expr : Expr . '%' Expr  (71)
	Expr : Expr . EQUAL Expr  (72)
	Expr : Expr . NOT_EQUAL Expr  (73)
	Expr : Expr . ARRAY_REPEAT Expr  (74)
	Expr : Expr . ARRAY_CONCAT Expr  (75)
	Expr : Expr . '<' Expr  (76)
	Expr : Expr . '>' Expr  (77)
	Expr : Expr . LESS_EQUAL Expr  (78)
	Expr : Expr . GREATER_EQUAL Expr  (79)
	Expr : Expr . AND Expr  (80)
	Expr : Expr . OR Expr  (81)

	'*'  shift 130
	'/'  shift 131
	'%'  shift 132
	'.'  shift 135
	'['  shift 136
	WHILE  reduce 67
	FOR  reduce 67
	IF  reduce 67
	AND  reduce 67
	OR  reduce 67
	LESS_EQUAL  reduce 67
	GREATER_EQUAL  reduce 67
	EQUAL  reduce 67
	NOT_EQUAL  reduce 67
	'+'  reduce 67
	'-'  reduce 67
	'>'  reduce 67
	'<'  reduce 67
	','  reduce 67
	';'  reduce 67
	')'  reduce 67
	']'  reduce 67
	':'  reduce 67
	ARRAY_REPEAT  reduce 67
	ARRAY_CONCAT  reduce 67


state 169
	Receiver : Expr . '.'  (53)
	LValue : Expr . '[' Expr ']'  (57)
	Expr : Expr . '[' Expr ':' Expr ']'  (62)
	Expr : Expr . '[' Expr ']' DEFAULT Expr  (63)
	Expr : Expr . '+' Expr  (67)
	Expr : Expr . '-' Expr  (68)
	Expr : Expr '-' Expr .  (68)
	Expr : Expr . '*' Expr  (69)
	Expr : Expr . '/' Expr  (70)
	Expr : Expr . '%' Expr  (71)
	Expr : Expr . EQUAL Expr  (72)
	Expr : Expr . NOT_EQUAL Expr  (73)
	Expr : Expr . ARRAY_REPEAT Expr  (74)
	Expr : Expr . ARRAY_CONCAT Expr  (75)
	Expr : Expr . '<' Expr  (76)
	Expr : Expr . '>' Expr  (77)
	Expr : Expr . LESS_EQUAL Expr  (78)
	Expr : Expr . GREATER_EQUAL Expr  (79)
	Expr : Expr . AND Expr  (80)
	Expr : Expr . OR Expr  (81)

	'*'  shift 130
	'/'  shift 131
	'%'  shift 132
	'.'  shift 135
	'['  shift 136
	WHILE  reduce 68
	FOR  reduce 68
	IF  reduce 68
	AND  reduce 68
	OR  reduce 68
	LESS_EQUAL  reduce 68
	GREATER_EQUAL  reduce 68
	EQUAL  reduce 68
	NOT_EQUAL  reduce 68
	'+'  reduce 68
	'-'  reduce 68
	'>'  reduce 68
	'<'  reduce 68
	','  reduce 68
	';'  reduce 68
	')'  reduce 68
	']'  reduce 68
	':'  reduce 68
	ARRAY_REPEAT  reduce 68
	ARRAY_CONCAT  reduce 68


state 170
	Receiver : Expr . '.'  (53)
	LValue : Expr . '[' Expr ']'  (57)
	Expr : Expr . '[' Expr ':' Expr ']'  (62)
	Expr : Expr . '[' Expr ']' DEFAULT Expr  (63)
	Expr : Expr . '+' Expr  (67)
	Expr : Expr . '-' Expr  (68)
	Expr : Expr . '*' Expr  (69)
	Expr : Expr '*' Expr .  (69)
	Expr : Expr . '/' Expr  (70)
	Expr : Expr . '%' Expr  (71)
	Expr : Expr . EQUAL Expr  (72)
	Expr : Expr . NOT_EQUAL Expr  (73)
	Expr : Expr . ARRAY_REPEAT Expr  (74)
	Expr : Expr . ARRAY_CONCAT Expr  (75)
	Expr : Expr . '<' Expr  (76)
	Expr : Expr . '>' Expr  (77)
	Expr : Expr . LESS_EQUAL Expr  (78)
	Expr : Expr . GREATER_EQUAL Expr  (79)
	Expr : Expr . AND Expr  (80)
	Expr : Expr . OR Expr  (81)

	'.'  shift 135
	'['  shift 136
	WHILE  reduce 69
	FOR  reduce 69
	IF  reduce 69
	AND  reduce 69
	OR  reduce 69
	LESS_EQUAL  reduce 69
	GREATER_EQUAL  reduce 69
	EQUAL  reduce 69
	NOT_EQUAL  reduce 69
	'+'  reduce 69
	'-'  reduce 69
	'*'  reduce 69
	'/'  reduce 69
	'%'  reduce 69
	'>'  reduce 69
	'<'  reduce 69
	','  reduce 69
	';'  reduce 69
	')'  reduce 69
	']'  reduce 69
	':'  reduce 69
	ARRAY_REPEAT  reduce 69
	ARRAY_CONCAT  reduce 69


state 171
	Receiver : Expr . '.'  (53)
	LValue : Expr . '[' Expr ']'  (57)
	Expr : Expr . '[' Expr ':' Expr ']'  (62)
	Expr : Expr . '[' Expr ']' DEFAULT Expr  (63)
	Expr : Expr . '+' Expr  (67)
	Expr : Expr . '-' Expr  (68)
	Expr : Expr . '*' Expr  (69)
	Expr : Expr . '/' Expr  (70)
	Expr : Expr '/' Expr .  (70)
	Expr : Expr . '%' Expr  (71)
	Expr : Expr . EQUAL Expr  (72)
	Expr : Expr . NOT_EQUAL Expr  (73)
	Expr : Expr . ARRAY_REPEAT Expr  (74)
	Expr : Expr . ARRAY_CONCAT Expr  (75)
	Expr : Expr . '<' Expr  (76)
	Expr : Expr . '>' Expr  (77)
	Expr : Expr . LESS_EQUAL Expr  (78)
	Expr : Expr . GREATER_EQUAL Expr  (79)
	Expr : Expr . AND Expr  (80)
	Expr : Expr . OR Expr  (81)

	'.'  shift 135
	'['  shift 136
	WHILE  reduce 70
	FOR  reduce 70
	IF  reduce 70
	AND  reduce 70
	OR  reduce 70
	LESS_EQUAL  reduce 70
	GREATER_EQUAL  reduce 70
	EQUAL  reduce 70
	NOT_EQUAL  reduce 70
	'+'  reduce 70
	'-'  reduce 70
	'*'  reduce 70
	'/'  reduce 70
	'%'  reduce 70
	'>'  reduce 70
	'<'  reduce 70
	','  reduce 70
	';'  reduce 70
	')'  reduce 70
	']'  reduce 70
	':'  reduce 70
	ARRAY_REPEAT  reduce 70
	ARRAY_CONCAT  reduce 70


state 172
	Receiver : Expr . '.'  (53)
	LValue : Expr . '[' Expr ']'  (57)
	Expr : Expr . '[' Expr ':' Expr ']'  (62)
	Expr : Expr . '[' Expr ']' DEFAULT Expr  (63)
	Expr : Expr . '+' Expr  (67)
	Expr : Expr . '-' Expr  (68)
	Expr : Expr . '*' Expr  (69)
	Expr : Expr . '/' Expr  (70)
	Expr : Expr . '%' Expr  (71)
	Expr : Expr '%' Expr .  (71)
	Expr : Expr . EQUAL Expr  (72)
	Expr : Expr . NOT_EQUAL Expr  (73)
	Expr : Expr . ARRAY_REPEAT Expr  (74)
	Expr : Expr . ARRAY_CONCAT Expr  (75)
	Expr : Expr . '<' Expr  (76)
	Expr : Expr . '>' Expr  (77)
	Expr : Expr . LESS_EQUAL Expr  (78)
	Expr : Expr . GREATER_EQUAL Expr  (79)
	Expr : Expr . AND Expr  (80)
	Expr : Expr . OR Expr  (81)

	'.'  shift 135
	'['  shift 136
	WHILE  reduce 71
	FOR  reduce 71
	IF  reduce 71
	AND  reduce 71
	OR  reduce 71
	LESS_EQUAL  reduce 71
	GREATER_EQUAL  reduce 71
	EQUAL  reduce 71
	NOT_EQUAL  reduce 71
	'+'  reduce 71
	'-'  reduce 71
	'*'  reduce 71
	'/'  reduce 71
	'%'  reduce 71
	'>'  reduce 71
	'<'  reduce 71
	','  reduce 71
	';'  reduce 71
	')'  reduce 71
	']'  reduce 71
	':'  reduce 71
	ARRAY_REPEAT  reduce 71
	ARRAY_CONCAT  reduce 71


state 173
	Receiver : Expr . '.'  (53)
	LValue : Expr . '[' Expr ']'  (57)
	Expr : Expr . '[' Expr ':' Expr ']'  (62)
	Expr : Expr . '[' Expr ']' DEFAULT Expr  (63)
	Expr : Expr . '+' Expr  (67)
	Expr : Expr . '-' Expr  (68)
	Expr : Expr . '*' Expr  (69)
	Expr : Expr . '/' Expr  (70)
	Expr : Expr . '%' Expr  (71)
	Expr : Expr . EQUAL Expr  (72)
	Expr : Expr . NOT_EQUAL Expr  (73)
	Expr : Expr . ARRAY_REPEAT Expr  (74)
	Expr : Expr . ARRAY_CONCAT Expr  (75)
	Expr : Expr . '<' Expr  (76)
	Expr : Expr . '>' Expr  (77)
	Expr : Expr '>' Expr .  (77)
	Expr : Expr . LESS_EQUAL Expr  (78)
	Expr : Expr . GREATER_EQUAL Expr  (79)
	Expr : Expr . AND Expr  (80)
	Expr : Expr . OR Expr  (81)

	'+'  shift 128
	'-'  shift 129
	'*'  shift 130
	'/'  shift 131
	'%'  shift 132
	'.'  shift 135
	'['  shift 136
	WHILE  reduce 77
	FOR  reduce 77
	IF  reduce 77
	AND  reduce 77
	OR  reduce 77
	EQUAL  reduce 77
	NOT_EQUAL  reduce 77
	','  reduce 77
	';'  reduce 77
	')'  reduce 77
	']'  reduce 77
	':'  reduce 77
	ARRAY_REPEAT  reduce 77
	ARRAY_CONCAT  reduce 77


state 174
	Receiver : Expr . '.'  (53)
	LValue : Expr . '[' Expr ']'  (57)
	Expr : Expr . '[' Expr ':' Expr ']'  (62)
	Expr : Expr . '[' Expr ']' DEFAULT Expr  (63)
	Expr : Expr . '+' Expr  (67)
	Expr : Expr . '-' Expr  (68)
	Expr : Expr . '*' Expr  (69)
	Expr : Expr . '/' Expr  (70)
	Expr : Expr . '%' Expr  (71)
	Expr : Expr . EQUAL Expr  (72)
	Expr : Expr . NOT_EQUAL Expr  (73)
	Expr : Expr . ARRAY_REPEAT Expr  (74)
	Expr : Expr . ARRAY_CONCAT Expr  (75)
	Expr : Expr . '<' Expr  (76)
	Expr : Expr '<' Expr .  (76)
	Expr : Expr . '>' Expr  (77)
	Expr : Expr . LESS_EQUAL Expr  (78)
	Expr : Expr . GREATER_EQUAL Expr  (79)
	Expr : Expr . AND Expr  (80)
	Expr : Expr . OR Expr  (81)

	'+'  shift 128
	'-'  shift 129
	'*'  shift 130
	'/'  shift 131
	'%'  shift 132
	'.'  shift 135
	'['  shift 136
	WHILE  reduce 76
	FOR  reduce 76
	IF  reduce 76
	AND  reduce 76
	OR  reduce 76
	EQUAL  reduce 76
	NOT_EQUAL  reduce 76
	','  reduce 76
	';'  reduce 76
	')'  reduce 76
	']'  reduce 76
	':'  reduce 76
	ARRAY_REPEAT  reduce 76
	ARRAY_CONCAT  reduce 76


state 175
	Receiver : Expr . '.'  (53)
	LValue : Expr . '[' Expr ']'  (57)
	LValue : Expr '[' Expr . ']'  (57)
	Expr : Expr . '[' Expr ':' Expr ']'  (62)
	Expr : Expr '[' Expr . ':' Expr ']'  (62)
	Expr : Expr . '[' Expr ']' DEFAULT Expr  (63)
	Expr : Expr '[' Expr . ']' DEFAULT Expr  (63)
	Expr : Expr . '+' Expr  (67)
	Expr : Expr . '-' Expr  (68)
	Expr : Expr . '*' Expr  (69)
	Expr : Expr . '/' Expr  (70)
	Expr : Expr . '%' Expr  (71)
	Expr : Expr . EQUAL Expr  (72)
	Expr : Expr . NOT_EQUAL Expr  (73)
	Expr : Expr . ARRAY_REPEAT Expr  (74)
	Expr : Expr . ARRAY_CONCAT Expr  (75)
	Expr : Expr . '<' Expr  (76)
	Expr : Expr . '>' Expr  (77)
	Expr : Expr . LESS_EQUAL Expr  (78)
	Expr : Expr . GREATER_EQUAL Expr  (79)
	Expr : Expr . AND Expr  (80)
	Expr : Expr . OR Expr  (81)

	AND  shift 122
	OR  shift 123
	LESS_EQUAL  shift 124
	GREATER_EQUAL  shift 125
	EQUAL  shift 126
	NOT_EQUAL  shift 127
	'+'  shift 128
	'-'  shift 129
	'*'  shift 130
	'/'  shift 131
	'%'  shift 132
	'>'  shift 133
	'<'  shift 134
	'.'  shift 135
	'['  shift 136
	']'  shift 198
	':'  shift 199
	ARRAY_REPEAT  shift 137
	ARRAY_CONCAT  shift 138
	.  error


state 176
	Receiver : Expr . '.'  (53)
	LValue : Expr . '[' Expr ']'  (57)
	Expr : Expr . '[' Expr ':' Expr ']'  (62)
	Expr : Expr . '[' Expr ']' DEFAULT Expr  (63)
	Expr : Expr . '+' Expr  (67)
	Expr : Expr . '-' Expr  (68)
	Expr : Expr . '*' Expr  (69)
	Expr : Expr . '/' Expr  (70)
	Expr : Expr . '%' Expr  (71)
	Expr : Expr . EQUAL Expr  (72)
	Expr : Expr . NOT_EQUAL Expr  (73)
	Expr : Expr . ARRAY_REPEAT Expr  (74)
	Expr : Expr ARRAY_REPEAT Expr .  (74)
	Expr : Expr . ARRAY_CONCAT Expr  (75)
	Expr : Expr . '<' Expr  (76)
	Expr : Expr . '>' Expr  (77)
	Expr : Expr . LESS_EQUAL Expr  (78)
	Expr : Expr . GREATER_EQUAL Expr  (79)
	Expr : Expr . AND Expr  (80)
	Expr : Expr . OR Expr  (81)

	LESS_EQUAL  shift 124
	GREATER_EQUAL  shift 125
	'+'  shift 128
	'-'  shift 129
	'*'  shift 130
	'/'  shift 131
	'%'  shift 132
	'>'  shift 133
	'<'  shift 134
	'.'  shift 135
	'['  shift 136
	WHILE  reduce 74
	FOR  reduce 74
	IF  reduce 74
	AND  reduce 74
	OR  reduce 74
	EQUAL  reduce 74
	NOT_EQUAL  reduce 74
	','  reduce 74
	';'  reduce 74
	')'  reduce 74
	']'  reduce 74
	':'  reduce 74
	ARRAY_REPEAT  reduce 74
	ARRAY_CONCAT  reduce 74


state 177
	Receiver : Expr . '.'  (53)
	LValue : Expr . '[' Expr ']'  (57)
	Expr : Expr . '[' Expr ':' Expr ']'  (62)
	Expr : Expr . '[' Expr ']' DEFAULT Expr  (63)
	Expr : Expr . '+' Expr  (67)
	Expr : Expr . '-' Expr  (68)
	Expr : Expr . '*' Expr  (69)
	Expr : Expr . '/' Expr  (70)
	Expr : Expr . '%' Expr  (71)
	Expr : Expr . EQUAL Expr  (72)
	Expr : Expr . NOT_EQUAL Expr  (73)
	Expr : Expr . ARRAY_REPEAT Expr  (74)
	Expr : Expr . ARRAY_CONCAT Expr  (75)
	Expr : Expr ARRAY_CONCAT Expr .  (75)
	Expr : Expr . '<' Expr  (76)
	Expr : Expr . '>' Expr  (77)
	Expr : Expr . LESS_EQUAL Expr  (78)
	Expr : Expr . GREATER_EQUAL Expr  (79)
	Expr : Expr . AND Expr  (80)
	Expr : Expr . OR Expr  (81)

	LESS_EQUAL  shift 124
	GREATER_EQUAL  shift 125
	'+'  shift 128
	'-'  shift 129
	'*'  shift 130
	'/'  shift 131
	'%'  shift 132
	'>'  shift 133
	'<'  shift 134
	'.'  shift 135
	'['  shift 136
	ARRAY_REPEAT  shift 137
	ARRAY_CONCAT  shift 138
	WHILE  reduce 75
	FOR  reduce 75
	IF  reduce 75
	AND  reduce 75
	OR  reduce 75
	EQUAL  reduce 75
	NOT_EQUAL  reduce 75
	','  reduce 75
	';'  reduce 75
	')'  reduce 75
	']'  reduce 75
	':'  reduce 75


state 178
	SimpleStmt : LValue '=' Expr .  (50)
	Receiver : Expr . '.'  (53)
	LValue : Expr . '[' Expr ']'  (57)
	Expr : Expr . '[' Expr ':' Expr ']'  (62)
	Expr : Expr . '[' Expr ']' DEFAULT Expr  (63)
	Expr : Expr . '+' Expr  (67)
	Expr : Expr . '-' Expr  (68)
	Expr : Expr . '*' Expr  (69)
	Expr : Expr . '/' Expr  (70)
	Expr : Expr . '%' Expr  (71)
	Expr : Expr . EQUAL Expr  (72)
	Expr : Expr . NOT_EQUAL Expr  (73)
	Expr : Expr . ARRAY_REPEAT Expr  (74)
	Expr : Expr . ARRAY_CONCAT Expr  (75)
	Expr : Expr . '<' Expr  (76)
	Expr : Expr . '>' Expr  (77)
	Expr : Expr . LESS_EQUAL Expr  (78)
	Expr : Expr . GREATER_EQUAL Expr  (79)
	Expr : Expr . AND Expr  (80)
	Expr : Expr . OR Expr  (81)

	AND  shift 122
	OR  shift 123
	LESS_EQUAL  shift 124
	GREATER_EQUAL  shift 125
	EQUAL  shift 126
	NOT_EQUAL  shift 127
	'+'  shift 128
	'-'  shift 129
	'*'  shift 130
	'/'  shift 131
	'%'  shift 132
	'>'  shift 133
	'<'  shift 134
	'.'  shift 135
	'['  shift 136
	ARRAY_REPEAT  shift 137
	ARRAY_CONCAT  shift 138
	';'  reduce 50
	')'  reduce 50


state 179
	Call : Receiver IDENTIFIER '(' . Actuals ')'  (58)
	Receiver : .  (54)
	Actuals : .  (100)

	NULL  shift 53
	THIS  shift 54
	NEW  shift 60
	READ_INTEGER  shift 62
	READ_LINE  shift 63
	LITERAL  shift 64
	INSTANCEOF  shift 65
	'-'  shift 66
	'!'  shift 67
	'('  shift 68
	'['  shift 69
	VAR  shift 72
	IDENTIFIER  reduce 54
	')'  reduce 100

	Expr  goto 148
	LValue  goto 98
	Call  goto 99
	Receiver  goto 90
	Actuals  goto 200
	Constant  goto 91
	ArrayConstant  goto 92
	ExprList  goto 201


state 180
	WhileStmt : WHILE '(' Expr ')' . Stmt  (103)
	SimpleStmt : .  (52)
	Receiver : .  (54)

	VOID  shift 17
	BOOL  shift 18
	INT  shift 19
	STRING  shift 20
	CLASS  shift 21
	NULL  shift 53
	THIS  shift 54
	WHILE  shift 55
	FOR  shift 56
	IF  shift 57
	RETURN  shift 58
	BREAK  shift 59
	NEW  shift 60
	PRINT  shift 61
	READ_INTEGER  shift 62
	READ_LINE  shift 63
	LITERAL  shift 64
	INSTANCEOF  shift 65
	'-'  shift 66
	'!'  shift 67
	'('  shift 68
	'['  shift 69
	'{'  shift 48
	SCOPY  shift 71
	VAR  shift 72
	FOREACH  shift 73
	IDENTIFIER  reduce 54
	';'  reduce 52

	VariableDef  goto 74
	Variable  goto 25
	Type  goto 40
	StmtBlock  goto 75
	Stmt  goto 202
	ForeachStmt  goto 77
	OCStmt  goto 78
	GuardedStmt  goto 79
	SimpleStmt  goto 80
	IfStmt  goto 81
	WhileStmt  goto 82
	ForStmt  goto 83
	ReturnStmt  goto 84
	PrintStmt  goto 85
	BreakStmt  goto 86
	Expr  goto 87
	LValue  goto 88
	Call  goto 89
	Receiver  goto 90
	Constant  goto 91
	ArrayConstant  goto 92


state 181
	ForStmt : FOR '(' SimpleStmt ';' . Expr ';' SimpleStmt ')' Stmt  (104)
	Receiver : .  (54)

	NULL  shift 53
	THIS  shift 54
	NEW  shift 60
	READ_INTEGER  shift 62
	READ_LINE  shift 63
	LITERAL  shift 64
	INSTANCEOF  shift 65
	'-'  shift 66
	'!'  shift 67
	'('  shift 68
	'['  shift 69
	VAR  shift 72
	IDENTIFIER  reduce 54

	Expr  goto 203
	LValue  goto 98
	Call  goto 99
	Receiver  goto 90
	Constant  goto 91
	ArrayConstant  goto 92


state 182
	IfStmt : IF '(' Expr ')' . Stmt ElseClause  (106)
	SimpleStmt : .  (52)
	Receiver : .  (54)

	VOID  shift 17
	BOOL  shift 18
	INT  shift 19
	STRING  shift 20
	CLASS  shift 21
	NULL  shift 53
	THIS  shift 54
	WHILE  shift 55
	FOR  shift 56
	IF  shift 57
	RETURN  shift 58
	BREAK  shift 59
	NEW  shift 60
	PRINT  shift 61
	READ_INTEGER  shift 62
	READ_LINE  shift 63
	LITERAL  shift 64
	INSTANCEOF  shift 65
	'-'  shift 66
	'!'  shift 67
	'('  shift 68
	'['  shift 69
	'{'  shift 48
	SCOPY  shift 71
	VAR  shift 72
	FOREACH  shift 73
	IDENTIFIER  reduce 54
	';'  reduce 52

	VariableDef  goto 74
	Variable  goto 25
	Type  goto 40
	StmtBlock  goto 75
	Stmt  goto 204
	ForeachStmt  goto 77
	OCStmt  goto 78
	GuardedStmt  goto 79
	SimpleStmt  goto 80
	IfStmt  goto 81
	WhileStmt  goto 82
	ForStmt  goto 83
	ReturnStmt  goto 84
	PrintStmt  goto 85
	BreakStmt  goto 86
	Expr  goto 87
	LValue  goto 88
	Call  goto 89
	Receiver  goto 90
	Constant  goto 91
	ArrayConstant  goto 92


state 183
	IfStmtG : Expr . ':' Stmt  (48)
	Receiver : Expr . '.'  (53)
	LValue : Expr . '[' Expr ']'  (57)
	Expr : Expr . '[' Expr ':' Expr ']'  (62)
	Expr : Expr . '[' Expr ']' DEFAULT Expr  (63)
	Expr : Expr . '+' Expr  (67)
	Expr : Expr . '-' Expr  (68)
	Expr : Expr . '*' Expr  (69)
	Expr : Expr . '/' Expr  (70)
	Expr : Expr . '%' Expr  (71)
	Expr : Expr . EQUAL Expr  (72)
	Expr : Expr . NOT_EQUAL Expr  (73)
	Expr : Expr . ARRAY_REPEAT Expr  (74)
	Expr : Expr . ARRAY_CONCAT Expr  (75)
	Expr : Expr . '<' Expr  (76)
	Expr : Expr . '>' Expr  (77)
	Expr : Expr . LESS_EQUAL Expr  (78)
	Expr : Expr . GREATER_EQUAL Expr  (79)
	Expr : Expr . AND Expr  (80)
	Expr : Expr . OR Expr  (81)

	AND  shift 122
	OR  shift 123
	LESS_EQUAL  shift 124
	GREATER_EQUAL  shift 125
	EQUAL  shift 126
	NOT_EQUAL  shift 127
	'+'  shift 128
	'-'  shift 129
	'*'  shift 130
	'/'  shift 131
	'%'  shift 132
	'>'  shift 133
	'<'  shift 134
	'.'  shift 135
	'['  shift 136
	':'  shift 205
	ARRAY_REPEAT  shift 137
	ARRAY_CONCAT  shift 138
	.  error


state 184
	GuardedStmt : IF '{' IfBranchG IfStmtG . '}'  (44)
	IfBranchG : IfBranchG IfStmtG . DIVIDER  (46)

	'}'  shift 206
	DIVIDER  shift 207
	.  error


state 185
	Expr : NEW IDENTIFIER '(' ')' .  (88)

	.  reduce 88


state 186
	Receiver : Expr . '.'  (53)
	LValue : Expr . '[' Expr ']'  (57)
	Expr : Expr . '[' Expr ':' Expr ']'  (62)
	Expr : Expr . '[' Expr ']' DEFAULT Expr  (63)
	Expr : Expr . '+' Expr  (67)
	Expr : Expr . '-' Expr  (68)
	Expr : Expr . '*' Expr  (69)
	Expr : Expr . '/' Expr  (70)
	Expr : Expr . '%' Expr  (71)
	Expr : Expr . EQUAL Expr  (72)
	Expr : Expr . NOT_EQUAL Expr  (73)
	Expr : Expr . ARRAY_REPEAT Expr  (74)
	Expr : Expr . ARRAY_CONCAT Expr  (75)
	Expr : Expr . '<' Expr  (76)
	Expr : Expr . '>' Expr  (77)
	Expr : Expr . LESS_EQUAL Expr  (78)
	Expr : Expr . GREATER_EQUAL Expr  (79)
	Expr : Expr . AND Expr  (80)
	Expr : Expr . OR Expr  (81)
	Expr : NEW Type '[' Expr . ']'  (89)

	AND  shift 122
	OR  shift 123
	LESS_EQUAL  shift 124
	GREATER_EQUAL  shift 125
	EQUAL  shift 126
	NOT_EQUAL  shift 127
	'+'  shift 128
	'-'  shift 129
	'*'  shift 130
	'/'  shift 131
	'%'  shift 132
	'>'  shift 133
	'<'  shift 134
	'.'  shift 135
	'['  shift 136
	']'  shift 208
	ARRAY_REPEAT  shift 137
	ARRAY_CONCAT  shift 138
	.  error


state 187
	ExprList : ExprList ',' . Expr  (101)
	Receiver : .  (54)

	NULL  shift 53
	THIS  shift 54
	NEW  shift 60
	READ_INTEGER  shift 62
	READ_LINE  shift 63
	LITERAL  shift 64
	INSTANCEOF  shift 65
	'-'  shift 66
	'!'  shift 67
	'('  shift 68
	'['  shift 69
	VAR  shift 72
	IDENTIFIER  reduce 54

	Expr  goto 209
	LValue  goto 98
	Call  goto 99
	Receiver  goto 90
	Constant  goto 91
	ArrayConstant  goto 92


state 188
	PrintStmt : PRINT '(' ExprList ')' .  (111)

	.  reduce 111


state 189
	Expr : INSTANCEOF '(' Expr ',' . IDENTIFIER ')'  (90)

	IDENTIFIER  shift 210
	.  error


state 190
	Expr : '(' CLASS IDENTIFIER ')' . Expr  (91)
	Receiver : .  (54)

	NULL  shift 53
	THIS  shift 54
	NEW  shift 60
	READ_INTEGER  shift 62
	READ_LINE  shift 63
	LITERAL  shift 64
	INSTANCEOF  shift 65
	'-'  shift 66
	'!'  shift 67
	'('  shift 68
	'['  shift 69
	VAR  shift 72
	IDENTIFIER  reduce 54

	Expr  goto 211
	LValue  goto 98
	Call  goto 99
	Receiver  goto 90
	Constant  goto 91
	ArrayConstant  goto 92


state 191
	Expr : '[' Expr FOR IDENTIFIER . IN Expr ']'  (60)
	Expr : '[' Expr FOR IDENTIFIER . IN Expr IF BoolExpr ']'  (61)

	IN  shift 212
	.  error


state 192
	ArrayConstant : '[' . ']'  (95)
	ArrayConstant : '[' . ArrayInsider ']'  (96)

	NULL  shift 53
	LITERAL  shift 64
	'['  shift 192
	']'  shift 110
	.  error

	Constant  goto 213
	ArrayConstant  goto 92
	ArrayInsider  goto 113


state 193
	ArrayInsider : ArrayInsider ',' Constant .  (97)

	.  reduce 97


state 194
	OCStmt : SCOPY '(' IDENTIFIER ',' . Expr ')'  (49)
	Receiver : .  (54)

	NULL  shift 53
	THIS  shift 54
	NEW  shift 60
	READ_INTEGER  shift 62
	READ_LINE  shift 63
	LITERAL  shift 64
	INSTANCEOF  shift 65
	'-'  shift 66
	'!'  shift 67
	'('  shift 68
	'['  shift 69
	VAR  shift 72
	IDENTIFIER  reduce 54

	Expr  goto 214
	LValue  goto 98
	Call  goto 99
	Receiver  goto 90
	Constant  goto 91
	ArrayConstant  goto 92


state 195
	BoundVariable : VAR IDENTIFIER .  (42)

	.  reduce 42


state 196
	BoundVariable : Type IDENTIFIER .  (43)

	.  reduce 43


state 197
	ForeachStmt : FOREACH '(' BoundVariable IN . Expr ')' Stmt  (40)
	ForeachStmt : FOREACH '(' BoundVariable IN . Expr WHILE Expr ')' Stmt  (41)
	Receiver : .  (54)

	NULL  shift 53
	THIS  shift 54
	NEW  shift 60
	READ_INTEGER  shift 62
	READ_LINE  shift 63
	LITERAL  shift 64
	INSTANCEOF  shift 65
	'-'  shift 66
	'!'  shift 67
	'('  shift 68
	'['  shift 69
	VAR  shift 72
	IDENTIFIER  reduce 54

	Expr  goto 215
	LValue  goto 98
	Call  goto 99
	Receiver  goto 90
	Constant  goto 91
	ArrayConstant  goto 92


state 198
	LValue : Expr '[' Expr ']' .  (57)
	Expr : Expr '[' Expr ']' . DEFAULT Expr  (63)

	DEFAULT  shift 216
	WHILE  reduce 57
	FOR  reduce 57
	IF  reduce 57
	AND  reduce 57
	OR  reduce 57
	LESS_EQUAL  reduce 57
	GREATER_EQUAL  reduce 57
	EQUAL  reduce 57
	NOT_EQUAL  reduce 57
	'+'  reduce 57
	'-'  reduce 57
	'*'  reduce 57
	'/'  reduce 57
	'%'  reduce 57
	'='  reduce 57
	'>'  reduce 57
	'<'  reduce 57
	'.'  reduce 57
	','  reduce 57
	';'  reduce 57
	')'  reduce 57
	'['  reduce 57
	']'  reduce 57
	':'  reduce 57
	ARRAY_REPEAT  reduce 57
	ARRAY_CONCAT  reduce 57


state 199
	Expr : Expr '[' Expr ':' . Expr ']'  (62)
	Receiver : .  (54)

	NULL  shift 53
	THIS  shift 54
	NEW  shift 60
	READ_INTEGER  shift 62
	READ_LINE  shift 63
	LITERAL  shift 64
	INSTANCEOF  shift 65
	'-'  shift 66
	'!'  shift 67
	'('  shift 68
	'['  shift 69
	VAR  shift 72
	IDENTIFIER  reduce 54

	Expr  goto 217
	LValue  goto 98
	Call  goto 99
	Receiver  goto 90
	Constant  goto 91
	ArrayConstant  goto 92


state 200
	Call : Receiver IDENTIFIER '(' Actuals . ')'  (58)

	')'  shift 218
	.  error


state 201
	Actuals : ExprList .  (99)
	ExprList : ExprList . ',' Expr  (101)

	','  shift 187
	')'  reduce 99


state 202
	WhileStmt : WHILE '(' Expr ')' Stmt .  (103)

	.  reduce 103


state 203
	Receiver : Expr . '.'  (53)
	LValue : Expr . '[' Expr ']'  (57)
	Expr : Expr . '[' Expr ':' Expr ']'  (62)
	Expr : Expr . '[' Expr ']' DEFAULT Expr  (63)
	Expr : Expr . '+' Expr  (67)
	Expr : Expr . '-' Expr  (68)
	Expr : Expr . '*' Expr  (69)
	Expr : Expr . '/' Expr  (70)
	Expr : Expr . '%' Expr  (71)
	Expr : Expr . EQUAL Expr  (72)
	Expr : Expr . NOT_EQUAL Expr  (73)
	Expr : Expr . ARRAY_REPEAT Expr  (74)
	Expr : Expr . ARRAY_CONCAT Expr  (75)
	Expr : Expr . '<' Expr  (76)
	Expr : Expr . '>' Expr  (77)
	Expr : Expr . LESS_EQUAL Expr  (78)
	Expr : Expr . GREATER_EQUAL Expr  (79)
	Expr : Expr . AND Expr  (80)
	Expr : Expr . OR Expr  (81)
	ForStmt : FOR '(' SimpleStmt ';' Expr . ';' SimpleStmt ')' Stmt  (104)

	AND  shift 122
	OR  shift 123
	LESS_EQUAL  shift 124
	GREATER_EQUAL  shift 125
	EQUAL  shift 126
	NOT_EQUAL  shift 127
	'+'  shift 128
	'-'  shift 129
	'*'  shift 130
	'/'  shift 131
	'%'  shift 132
	'>'  shift 133
	'<'  shift 134
	'.'  shift 135
	';'  shift 219
	'['  shift 136
	ARRAY_REPEAT  shift 137
	ARRAY_CONCAT  shift 138
	.  error


state 204
	IfStmt : IF '(' Expr ')' Stmt . ElseClause  (106)
	ElseClause : .  (108)

	ELSE  shift 220
	VOID  reduce 108
	BOOL  reduce 108
	INT  reduce 108
	STRING  reduce 108
	CLASS  reduce 108
	NULL  reduce 108
	THIS  reduce 108
	WHILE  reduce 108
	FOR  reduce 108
	IF  reduce 108
	RETURN  reduce 108
	BREAK  reduce 108
	NEW  reduce 108
	PRINT  reduce 108
	READ_INTEGER  reduce 108
	READ_LINE  reduce 108
	LITERAL  reduce 108
	IDENTIFIER  reduce 108
	INSTANCEOF  reduce 108
	'-'  reduce 108
	';'  reduce 108
	'!'  reduce 108
	'('  reduce 108
	'['  reduce 108
	'{'  reduce 108
	'}'  reduce 108
	SCOPY  reduce 108
	VAR  reduce 108
	DIVIDER  reduce 108
	FOREACH  reduce 108

	ElseClause  goto 221


state 205
	IfStmtG : Expr ':' . Stmt  (48)
	SimpleStmt : .  (52)
	Receiver : .  (54)

	VOID  shift 17
	BOOL  shift 18
	INT  shift 19
	STRING  shift 20
	CLASS  shift 21
	NULL  shift 53
	THIS  shift 54
	WHILE  shift 55
	FOR  shift 56
	IF  shift 57
	RETURN  shift 58
	BREAK  shift 59
	NEW  shift 60
	PRINT  shift 61
	READ_INTEGER  shift 62
	READ_LINE  shift 63
	LITERAL  shift 64
	INSTANCEOF  shift 65
	'-'  shift 66
	'!'  shift 67
	'('  shift 68
	'['  shift 69
	'{'  shift 48
	SCOPY  shift 71
	VAR  shift 72
	FOREACH  shift 73
	IDENTIFIER  reduce 54
	';'  reduce 52

	VariableDef  goto 74
	Variable  goto 25
	Type  goto 40
	StmtBlock  goto 75
	Stmt  goto 222
	ForeachStmt  goto 77
	OCStmt  goto 78
	GuardedStmt  goto 79
	SimpleStmt  goto 80
	IfStmt  goto 81
	WhileStmt  goto 82
	ForStmt  goto 83
	ReturnStmt  goto 84
	PrintStmt  goto 85
	BreakStmt  goto 86
	Expr  goto 87
	LValue  goto 88
	Call  goto 89
	Receiver  goto 90
	Constant  goto 91
	ArrayConstant  goto 92


state 206
	GuardedStmt : IF '{' IfBranchG IfStmtG '}' .  (44)

	.  reduce 44


state 207
	IfBranchG : IfBranchG IfStmtG DIVIDER .  (46)

	.  reduce 46


state 208
	Expr : NEW Type '[' Expr ']' .  (89)

	.  reduce 89


state 209
	Receiver : Expr . '.'  (53)
	LValue : Expr . '[' Expr ']'  (57)
	Expr : Expr . '[' Expr ':' Expr ']'  (62)
	Expr : Expr . '[' Expr ']' DEFAULT Expr  (63)
	Expr : Expr . '+' Expr  (67)
	Expr : Expr . '-' Expr  (68)
	Expr : Expr . '*' Expr  (69)
	Expr : Expr . '/' Expr  (70)
	Expr : Expr . '%' Expr  (71)
	Expr : Expr . EQUAL Expr  (72)
	Expr : Expr . NOT_EQUAL Expr  (73)
	Expr : Expr . ARRAY_REPEAT Expr  (74)
	Expr : Expr . ARRAY_CONCAT Expr  (75)
	Expr : Expr . '<' Expr  (76)
	Expr : Expr . '>' Expr  (77)
	Expr : Expr . LESS_EQUAL Expr  (78)
	Expr : Expr . GREATER_EQUAL Expr  (79)
	Expr : Expr . AND Expr  (80)
	Expr : Expr . OR Expr  (81)
	ExprList : ExprList ',' Expr .  (101)

	AND  shift 122
	OR  shift 123
	LESS_EQUAL  shift 124
	GREATER_EQUAL  shift 125
	EQUAL  shift 126
	NOT_EQUAL  shift 127
	'+'  shift 128
	'-'  shift 129
	'*'  shift 130
	'/'  shift 131
	'%'  shift 132
	'>'  shift 133
	'<'  shift 134
	'.'  shift 135
	'['  shift 136
	ARRAY_REPEAT  shift 137
	ARRAY_CONCAT  shift 138
	','  reduce 101
	')'  reduce 101


state 210
	Expr : INSTANCEOF '(' Expr ',' IDENTIFIER . ')'  (90)

	')'  shift 223
	.  error


state 211
	Receiver : Expr . '.'  (53)
	LValue : Expr . '[' Expr ']'  (57)
	Expr : Expr . '[' Expr ':' Expr ']'  (62)
	Expr : Expr . '[' Expr ']' DEFAULT Expr  (63)
	Expr : Expr . '+' Expr  (67)
	Expr : Expr . '-' Expr  (68)
	Expr : Expr . '*' Expr  (69)
	Expr : Expr . '/' Expr  (70)
	Expr : Expr . '%' Expr  (71)
	Expr : Expr . EQUAL Expr  (72)
	Expr : Expr . NOT_EQUAL Expr  (73)
	Expr : Expr . ARRAY_REPEAT Expr  (74)
	Expr : Expr . ARRAY_CONCAT Expr  (75)
	Expr : Expr . '<' Expr  (76)
	Expr : Expr . '>' Expr  (77)
	Expr : Expr . LESS_EQUAL Expr  (78)
	Expr : Expr . GREATER_EQUAL Expr  (79)
	Expr : Expr . AND Expr  (80)
	Expr : Expr . OR Expr  (81)
	Expr : '(' CLASS IDENTIFIER ')' Expr .  (91)

	.  reduce 91


state 212
	Expr : '[' Expr FOR IDENTIFIER IN . Expr ']'  (60)
	Expr : '[' Expr FOR IDENTIFIER IN . Expr IF BoolExpr ']'  (61)
	Receiver : .  (54)

	NULL  shift 53
	THIS  shift 54
	NEW  shift 60
	READ_INTEGER  shift 62
	READ_LINE  shift 63
	LITERAL  shift 64
	INSTANCEOF  shift 65
	'-'  shift 66
	'!'  shift 67
	'('  shift 68
	'['  shift 69
	VAR  shift 72
	IDENTIFIER  reduce 54

	Expr  goto 224
	LValue  goto 98
	Call  goto 99
	Receiver  goto 90
	Constant  goto 91
	ArrayConstant  goto 92


state 213
	ArrayInsider : Constant .  (98)

	.  reduce 98


state 214
	OCStmt : SCOPY '(' IDENTIFIER ',' Expr . ')'  (49)
	Receiver : Expr . '.'  (53)
	LValue : Expr . '[' Expr ']'  (57)
	Expr : Expr . '[' Expr ':' Expr ']'  (62)
	Expr : Expr . '[' Expr ']' DEFAULT Expr  (63)
	Expr : Expr . '+' Expr  (67)
	Expr : Expr . '-' Expr  (68)
	Expr : Expr . '*' Expr  (69)
	Expr : Expr . '/' Expr  (70)
	Expr : Expr . '%' Expr  (71)
	Expr : Expr . EQUAL Expr  (72)
	Expr : Expr . NOT_EQUAL Expr  (73)
	Expr : Expr . ARRAY_REPEAT Expr  (74)
	Expr : Expr . ARRAY_CONCAT Expr  (75)
	Expr : Expr . '<' Expr  (76)
	Expr : Expr . '>' Expr  (77)
	Expr : Expr . LESS_EQUAL Expr  (78)
	Expr : Expr . GREATER_EQUAL Expr  (79)
	Expr : Expr . AND Expr  (80)
	Expr : Expr . OR Expr  (81)

	AND  shift 122
	OR  shift 123
	LESS_EQUAL  shift 124
	GREATER_EQUAL  shift 125
	EQUAL  shift 126
	NOT_EQUAL  shift 127
	'+'  shift 128
	'-'  shift 129
	'*'  shift 130
	'/'  shift 131
	'%'  shift 132
	'>'  shift 133
	'<'  shift 134
	'.'  shift 135
	')'  shift 225
	'['  shift 136
	ARRAY_REPEAT  shift 137
	ARRAY_CONCAT  shift 138
	.  error


state 215
	ForeachStmt : FOREACH '(' BoundVariable IN Expr . ')' Stmt  (40)
	ForeachStmt : FOREACH '(' BoundVariable IN Expr . WHILE Expr ')' Stmt  (41)
	Receiver : Expr . '.'  (53)
	LValue : Expr . '[' Expr ']'  (57)
	Expr : Expr . '[' Expr ':' Expr ']'  (62)
	Expr : Expr . '[' Expr ']' DEFAULT Expr  (63)
	Expr : Expr . '+' Expr  (67)
	Expr : Expr . '-' Expr  (68)
	Expr : Expr . '*' Expr  (69)
	Expr : Expr . '/' Expr  (70)
	Expr : Expr . '%' Expr  (71)
	Expr : Expr . EQUAL Expr  (72)
	Expr : Expr . NOT_EQUAL Expr  (73)
	Expr : Expr . ARRAY_REPEAT Expr  (74)
	Expr : Expr . ARRAY_CONCAT Expr  (75)
	Expr : Expr . '<' Expr  (76)
	Expr : Expr . '>' Expr  (77)
	Expr : Expr . LESS_EQUAL Expr  (78)
	Expr : Expr . GREATER_EQUAL Expr  (79)
	Expr : Expr . AND Expr  (80)
	Expr : Expr . OR Expr  (81)

	WHILE  shift 226
	AND  shift 122
	OR  shift 123
	LESS_EQUAL  shift 124
	GREATER_EQUAL  shift 125
	EQUAL  shift 126
	NOT_EQUAL  shift 127
	'+'  shift 128
	'-'  shift 129
	'*'  shift 130
	'/'  shift 131
	'%'  shift 132
	'>'  shift 133
	'<'  shift 134
	'.'  shift 135
	')'  shift 227
	'['  shift 136
	ARRAY_REPEAT  shift 137
	ARRAY_CONCAT  shift 138
	.  error


state 216
	Expr : Expr '[' Expr ']' DEFAULT . Expr  (63)
	Receiver : .  (54)

	NULL  shift 53
	THIS  shift 54
	NEW  shift 60
	READ_INTEGER  shift 62
	READ_LINE  shift 63
	LITERAL  shift 64
	INSTANCEOF  shift 65
	'-'  shift 66
	'!'  shift 67
	'('  shift 68
	'['  shift 69
	VAR  shift 72
	IDENTIFIER  reduce 54

	Expr  goto 228
	LValue  goto 98
	Call  goto 99
	Receiver  goto 90
	Constant  goto 91
	ArrayConstant  goto 92


state 217
	Receiver : Expr . '.'  (53)
	LValue : Expr . '[' Expr ']'  (57)
	Expr : Expr . '[' Expr ':' Expr ']'  (62)
	Expr : Expr '[' Expr ':' Expr . ']'  (62)
	Expr : Expr . '[' Expr ']' DEFAULT Expr  (63)
	Expr : Expr . '+' Expr  (67)
	Expr : Expr . '-' Expr  (68)
	Expr : Expr . '*' Expr  (69)
	Expr : Expr . '/' Expr  (70)
	Expr : Expr . '%' Expr  (71)
	Expr : Expr . EQUAL Expr  (72)
	Expr : Expr . NOT_EQUAL Expr  (73)
	Expr : Expr . ARRAY_REPEAT Expr  (74)
	Expr : Expr . ARRAY_CONCAT Expr  (75)
	Expr : Expr . '<' Expr  (76)
	Expr : Expr . '>' Expr  (77)
	Expr : Expr . LESS_EQUAL Expr  (78)
	Expr : Expr . GREATER_EQUAL Expr  (79)
	Expr : Expr . AND Expr  (80)
	Expr : Expr . OR Expr  (81)

	AND  shift 122
	OR  shift 123
	LESS_EQUAL  shift 124
	GREATER_EQUAL  shift 125
	EQUAL  shift 126
	NOT_EQUAL  shift 127
	'+'  shift 128
	'-'  shift 129
	'*'  shift 130
	'/'  shift 131
	'%'  shift 132
	'>'  shift 133
	'<'  shift 134
	'.'  shift 135
	'['  shift 136
	']'  shift 229
	ARRAY_REPEAT  shift 137
	ARRAY_CONCAT  shift 138
	.  error


state 218
	Call : Receiver IDENTIFIER '(' Actuals ')' .  (58)

	.  reduce 58


state 219
	ForStmt : FOR '(' SimpleStmt ';' Expr ';' . SimpleStmt ')' Stmt  (104)
	SimpleStmt : .  (52)
	Receiver : .  (54)

	NULL  shift 53
	THIS  shift 54
	NEW  shift 60
	READ_INTEGER  shift 62
	READ_LINE  shift 63
	LITERAL  shift 64
	INSTANCEOF  shift 65
	'-'  shift 66
	'!'  shift 67
	'('  shift 68
	'['  shift 69
	VAR  shift 72
	IDENTIFIER  reduce 54
	')'  reduce 52

	SimpleStmt  goto 230
	Expr  goto 87
	LValue  goto 88
	Call  goto 89
	Receiver  goto 90
	Constant  goto 91
	ArrayConstant  goto 92


state 220
	ElseClause : ELSE . Stmt  (107)
	SimpleStmt : .  (52)
	Receiver : .  (54)

	VOID  shift 17
	BOOL  shift 18
	INT  shift 19
	STRING  shift 20
	CLASS  shift 21
	NULL  shift 53
	THIS  shift 54
	WHILE  shift 55
	FOR  shift 56
	IF  shift 57
	RETURN  shift 58
	BREAK  shift 59
	NEW  shift 60
	PRINT  shift 61
	READ_INTEGER  shift 62
	READ_LINE  shift 63
	LITERAL  shift 64
	INSTANCEOF  shift 65
	'-'  shift 66
	'!'  shift 67
	'('  shift 68
	'['  shift 69
	'{'  shift 48
	SCOPY  shift 71
	VAR  shift 72
	FOREACH  shift 73
	IDENTIFIER  reduce 54
	';'  reduce 52

	VariableDef  goto 74
	Variable  goto 25
	Type  goto 40
	StmtBlock  goto 75
	Stmt  goto 231
	ForeachStmt  goto 77
	OCStmt  goto 78
	GuardedStmt  goto 79
	SimpleStmt  goto 80
	IfStmt  goto 81
	WhileStmt  goto 82
	ForStmt  goto 83
	ReturnStmt  goto 84
	PrintStmt  goto 85
	BreakStmt  goto 86
	Expr  goto 87
	LValue  goto 88
	Call  goto 89
	Receiver  goto 90
	Constant  goto 91
	ArrayConstant  goto 92


state 221
	IfStmt : IF '(' Expr ')' Stmt ElseClause .  (106)

	.  reduce 106


state 222
	IfStmtG : Expr ':' Stmt .  (48)

	.  reduce 48


state 223
	Expr : INSTANCEOF '(' Expr ',' IDENTIFIER ')' .  (90)

	.  reduce 90


state 224
	Receiver : Expr . '.'  (53)
	LValue : Expr . '[' Expr ']'  (57)
	Expr : '[' Expr FOR IDENTIFIER IN Expr . ']'  (60)
	Expr : '[' Expr FOR IDENTIFIER IN Expr . IF BoolExpr ']'  (61)
	Expr : Expr . '[' Expr ':' Expr ']'  (62)
	Expr : Expr . '[' Expr ']' DEFAULT Expr  (63)
	Expr : Expr . '+' Expr  (67)
	Expr : Expr . '-' Expr  (68)
	Expr : Expr . '*' Expr  (69)
	Expr : Expr . '/' Expr  (70)
	Expr : Expr . '%' Expr  (71)
	Expr : Expr . EQUAL Expr  (72)
	Expr : Expr . NOT_EQUAL Expr  (73)
	Expr : Expr . ARRAY_REPEAT Expr  (74)
	Expr : Expr . ARRAY_CONCAT Expr  (75)
	Expr : Expr . '<' Expr  (76)
	Expr : Expr . '>' Expr  (77)
	Expr : Expr . LESS_EQUAL Expr  (78)
	Expr : Expr . GREATER_EQUAL Expr  (79)
	Expr : Expr . AND Expr  (80)
	Expr : Expr . OR Expr  (81)

	IF  shift 232
	AND  shift 122
	OR  shift 123
	LESS_EQUAL  shift 124
	GREATER_EQUAL  shift 125
	EQUAL  shift 126
	NOT_EQUAL  shift 127
	'+'  shift 128
	'-'  shift 129
	'*'  shift 130
	'/'  shift 131
	'%'  shift 132
	'>'  shift 133
	'<'  shift 134
	'.'  shift 135
	'['  shift 136
	']'  shift 233
	ARRAY_REPEAT  shift 137
	ARRAY_CONCAT  shift 138
	.  error


state 225
	OCStmt : SCOPY '(' IDENTIFIER ',' Expr ')' .  (49)

	.  reduce 49


state 226
	ForeachStmt : FOREACH '(' BoundVariable IN Expr WHILE . Expr ')' Stmt  (41)
	Receiver : .  (54)

	NULL  shift 53
	THIS  shift 54
	NEW  shift 60
	READ_INTEGER  shift 62
	READ_LINE  shift 63
	LITERAL  shift 64
	INSTANCEOF  shift 65
	'-'  shift 66
	'!'  shift 67
	'('  shift 68
	'['  shift 69
	VAR  shift 72
	IDENTIFIER  reduce 54

	Expr  goto 234
	LValue  goto 98
	Call  goto 99
	Receiver  goto 90
	Constant  goto 91
	ArrayConstant  goto 92


state 227
	ForeachStmt : FOREACH '(' BoundVariable IN Expr ')' . Stmt  (40)
	SimpleStmt : .  (52)
	Receiver : .  (54)

	VOID  shift 17
	BOOL  shift 18
	INT  shift 19
	STRING  shift 20
	CLASS  shift 21
	NULL  shift 53
	THIS  shift 54
	WHILE  shift 55
	FOR  shift 56
	IF  shift 57
	RETURN  shift 58
	BREAK  shift 59
	NEW  shift 60
	PRINT  shift 61
	READ_INTEGER  shift 62
	READ_LINE  shift 63
	LITERAL  shift 64
	INSTANCEOF  shift 65
	'-'  shift 66
	'!'  shift 67
	'('  shift 68
	'['  shift 69
	'{'  shift 48
	SCOPY  shift 71
	VAR  shift 72
	FOREACH  shift 73
	IDENTIFIER  reduce 54
	';'  reduce 52

	VariableDef  goto 74
	Variable  goto 25
	Type  goto 40
	StmtBlock  goto 75
	Stmt  goto 235
	ForeachStmt  goto 77
	OCStmt  goto 78
	GuardedStmt  goto 79
	SimpleStmt  goto 80
	IfStmt  goto 81
	WhileStmt  goto 82
	ForStmt  goto 83
	ReturnStmt  goto 84
	PrintStmt  goto 85
	BreakStmt  goto 86
	Expr  goto 87
	LValue  goto 88
	Call  goto 89
	Receiver  goto 90
	Constant  goto 91
	ArrayConstant  goto 92


state 228
	Receiver : Expr . '.'  (53)
	LValue : Expr . '[' Expr ']'  (57)
	Expr : Expr . '[' Expr ':' Expr ']'  (62)
	Expr : Expr . '[' Expr ']' DEFAULT Expr  (63)
	Expr : Expr '[' Expr ']' DEFAULT Expr .  (63)
	Expr : Expr . '+' Expr  (67)
	Expr : Expr . '-' Expr  (68)
	Expr : Expr . '*' Expr  (69)
	Expr : Expr . '/' Expr  (70)
	Expr : Expr . '%' Expr  (71)
	Expr : Expr . EQUAL Expr  (72)
	Expr : Expr . NOT_EQUAL Expr  (73)
	Expr : Expr . ARRAY_REPEAT Expr  (74)
	Expr : Expr . ARRAY_CONCAT Expr  (75)
	Expr : Expr . '<' Expr  (76)
	Expr : Expr . '>' Expr  (77)
	Expr : Expr . LESS_EQUAL Expr  (78)
	Expr : Expr . GREATER_EQUAL Expr  (79)
	Expr : Expr . AND Expr  (80)
	Expr : Expr . OR Expr  (81)

	.  reduce 63


state 229
	Expr : Expr '[' Expr ':' Expr ']' .  (62)

	.  reduce 62


state 230
	ForStmt : FOR '(' SimpleStmt ';' Expr ';' SimpleStmt . ')' Stmt  (104)

	')'  shift 236
	.  error


state 231
	ElseClause : ELSE Stmt .  (107)

	.  reduce 107


state 232
	Expr : '[' Expr FOR IDENTIFIER IN Expr IF . BoolExpr ']'  (61)
	Receiver : .  (54)

	NULL  shift 53
	THIS  shift 54
	NEW  shift 60
	READ_INTEGER  shift 62
	READ_LINE  shift 63
	LITERAL  shift 64
	INSTANCEOF  shift 65
	'-'  shift 66
	'!'  shift 67
	'('  shift 68
	'['  shift 69
	VAR  shift 72
	IDENTIFIER  reduce 54

	Expr  goto 237
	LValue  goto 98
	Call  goto 99
	Receiver  goto 90
	BoolExpr  goto 238
	Constant  goto 91
	ArrayConstant  goto 92


state 233
	Expr : '[' Expr FOR IDENTIFIER IN Expr ']' .  (60)

	.  reduce 60


state 234
	ForeachStmt : FOREACH '(' BoundVariable IN Expr WHILE Expr . ')' Stmt  (41)
	Receiver : Expr . '.'  (53)
	LValue : Expr . '[' Expr ']'  (57)
	Expr : Expr . '[' Expr ':' Expr ']'  (62)
	Expr : Expr . '[' Expr ']' DEFAULT Expr  (63)
	Expr : Expr . '+' Expr  (67)
	Expr : Expr . '-' Expr  (68)
	Expr : Expr . '*' Expr  (69)
	Expr : Expr . '/' Expr  (70)
	Expr : Expr . '%' Expr  (71)
	Expr : Expr . EQUAL Expr  (72)
	Expr : Expr . NOT_EQUAL Expr  (73)
	Expr : Expr . ARRAY_REPEAT Expr  (74)
	Expr : Expr . ARRAY_CONCAT Expr  (75)
	Expr : Expr . '<' Expr  (76)
	Expr : Expr . '>' Expr  (77)
	Expr : Expr . LESS_EQUAL Expr  (78)
	Expr : Expr . GREATER_EQUAL Expr  (79)
	Expr : Expr . AND Expr  (80)
	Expr : Expr . OR Expr  (81)

	AND  shift 122
	OR  shift 123
	LESS_EQUAL  shift 124
	GREATER_EQUAL  shift 125
	EQUAL  shift 126
	NOT_EQUAL  shift 127
	'+'  shift 128
	'-'  shift 129
	'*'  shift 130
	'/'  shift 131
	'%'  shift 132
	'>'  shift 133
	'<'  shift 134
	'.'  shift 135
	')'  shift 239
	'['  shift 136
	ARRAY_REPEAT  shift 137
	ARRAY_CONCAT  shift 138
	.  error


state 235
	ForeachStmt : FOREACH '(' BoundVariable IN Expr ')' Stmt .  (40)

	.  reduce 40


state 236
	ForStmt : FOR '(' SimpleStmt ';' Expr ';' SimpleStmt ')' . Stmt  (104)
	SimpleStmt : .  (52)
	Receiver : .  (54)

	VOID  shift 17
	BOOL  shift 18
	INT  shift 19
	STRING  shift 20
	CLASS  shift 21
	NULL  shift 53
	THIS  shift 54
	WHILE  shift 55
	FOR  shift 56
	IF  shift 57
	RETURN  shift 58
	BREAK  shift 59
	NEW  shift 60
	PRINT  shift 61
	READ_INTEGER  shift 62
	READ_LINE  shift 63
	LITERAL  shift 64
	INSTANCEOF  shift 65
	'-'  shift 66
	'!'  shift 67
	'('  shift 68
	'['  shift 69
	'{'  shift 48
	SCOPY  shift 71
	VAR  shift 72
	FOREACH  shift 73
	IDENTIFIER  reduce 54
	';'  reduce 52

	VariableDef  goto 74
	Variable  goto 25
	Type  goto 40
	StmtBlock  goto 75
	Stmt  goto 240
	ForeachStmt  goto 77
	OCStmt  goto 78
	GuardedStmt  goto 79
	SimpleStmt  goto 80
	IfStmt  goto 81
	WhileStmt  goto 82
	ForStmt  goto 83
	ReturnStmt  goto 84
	PrintStmt  goto 85
	BreakStmt  goto 86
	Expr  goto 87
	LValue  goto 88
	Call  goto 89
	Receiver  goto 90
	Constant  goto 91
	ArrayConstant  goto 92


state 237
	Receiver : Expr . '.'  (53)
	LValue : Expr . '[' Expr ']'  (57)
	BoolExpr : Expr .  (59)
	Expr : Expr . '[' Expr ':' Expr ']'  (62)
	Expr : Expr . '[' Expr ']' DEFAULT Expr  (63)
	Expr : Expr . '+' Expr  (67)
	Expr : Expr . '-' Expr  (68)
	Expr : Expr . '*' Expr  (69)
	Expr : Expr . '/' Expr  (70)
	Expr : Expr . '%' Expr  (71)
	Expr : Expr . EQUAL Expr  (72)
	Expr : Expr . NOT_EQUAL Expr  (73)
	Expr : Expr . ARRAY_REPEAT Expr  (74)
	Expr : Expr . ARRAY_CONCAT Expr  (75)
	Expr : Expr . '<' Expr  (76)
	Expr : Expr . '>' Expr  (77)
	Expr : Expr . LESS_EQUAL Expr  (78)
	Expr : Expr . GREATER_EQUAL Expr  (79)
	Expr : Expr . AND Expr  (80)
	Expr : Expr . OR Expr  (81)

	AND  shift 122
	OR  shift 123
	LESS_EQUAL  shift 124
	GREATER_EQUAL  shift 125
	EQUAL  shift 126
	NOT_EQUAL  shift 127
	'+'  shift 128
	'-'  shift 129
	'*'  shift 130
	'/'  shift 131
	'%'  shift 132
	'>'  shift 133
	'<'  shift 134
	'.'  shift 135
	'['  shift 136
	ARRAY_REPEAT  shift 137
	ARRAY_CONCAT  shift 138
	']'  reduce 59


state 238
	Expr : '[' Expr FOR IDENTIFIER IN Expr IF BoolExpr . ']'  (61)

	']'  shift 241
	.  error


state 239
	ForeachStmt : FOREACH '(' BoundVariable IN Expr WHILE Expr ')' . Stmt  (41)
	SimpleStmt : .  (52)
	Receiver : .  (54)

	VOID  shift 17
	BOOL  shift 18
	INT  shift 19
	STRING  shift 20
	CLASS  shift 21
	NULL  shift 53
	THIS  shift 54
	WHILE  shift 55
	FOR  shift 56
	IF  shift 57
	RETURN  shift 58
	BREAK  shift 59
	NEW  shift 60
	PRINT  shift 61
	READ_INTEGER  shift 62
	READ_LINE  shift 63
	LITERAL  shift 64
	INSTANCEOF  shift 65
	'-'  shift 66
	'!'  shift 67
	'('  shift 68
	'['  shift 69
	'{'  shift 48
	SCOPY  shift 71
	VAR  shift 72
	FOREACH  shift 73
	IDENTIFIER  reduce 54
	';'  reduce 52

	VariableDef  goto 74
	Variable  goto 25
	Type  goto 40
	StmtBlock  goto 75
	Stmt  goto 242
	ForeachStmt  goto 77
	OCStmt  goto 78
	GuardedStmt  goto 79
	SimpleStmt  goto 80
	IfStmt  goto 81
	WhileStmt  goto 82
	ForStmt  goto 83
	ReturnStmt  goto 84
	PrintStmt  goto 85
	BreakStmt  goto 86
	Expr  goto 87
	LValue  goto 88
	Call  goto 89
	Receiver  goto 90
	Constant  goto 91
	ArrayConstant  goto 92


state 240
	ForStmt : FOR '(' SimpleStmt ';' Expr ';' SimpleStmt ')' Stmt .  (104)

	.  reduce 104


state 241
	Expr : '[' Expr FOR IDENTIFIER IN Expr IF BoolExpr ']' .  (61)

	.  reduce 61


state 242
	ForeachStmt : FOREACH '(' BoundVariable IN Expr WHILE Expr ')' Stmt .  (41)

	.  reduce 41


60 terminals, 39 nonterminals
112 grammar rules, 243 states
